This file contains any messages produced by compilers while
running configure, to aid debugging if configure makes a mistake.

It was created by libARMavlink configure 3.1.0, which was
generated by GNU Autoconf 2.69.  Invocation command line was

  $ /home/cswiggz/Documents/seniordesign/parrot/out/Unix-base/build/libARMavlink/Build/configure --prefix=/home/cswiggz/Documents/seniordesign/parrot/out/Unix-base/staging/usr --sysconfdir=/home/cswiggz/Documents/seniordesign/parrot/out/Unix-base/staging/etc ac_cv_prog_YACC= --disable-maintainer-mode --disable-nls --disable-gtk-doc --disable-gtk-doc-html --disable-doxygen-docs --disable-doc --disable-docs --disable-documentation --disable-option-checking --quiet --enable-silent-rules --with-libARSALInstallDir= --with-mavlinkInstallDir=

## --------- ##
## Platform. ##
## --------- ##

hostname = bandit1
uname -m = x86_64
uname -r = 4.2.0-23-generic
uname -s = Linux
uname -v = #28-Ubuntu SMP Sun Dec 27 17:47:31 UTC 2015

/usr/bin/uname -p = unknown
/bin/uname -X     = unknown

/bin/arch              = unknown
/usr/bin/arch -k       = unknown
/usr/convex/getsysinfo = unknown
/usr/bin/hostinfo      = unknown
/bin/machine           = unknown
/usr/bin/oslevel       = unknown
/bin/universe          = unknown

PATH: /home/cswiggz/Documents/seniordesign/parrot/out/Unix-base/staging-host/bin
PATH: /home/cswiggz/Documents/seniordesign/parrot/out/Unix-base/staging-host/usr/bin
PATH: /usr/local/sbin
PATH: /usr/local/bin
PATH: /usr/sbin
PATH: /usr/bin
PATH: /sbin
PATH: /bin
PATH: /usr/games
PATH: /usr/local/games


## ----------- ##
## Core tests. ##
## ----------- ##

configure:2428: checking for a BSD-compatible install
configure:2496: result: /usr/bin/install -p
configure:2507: checking whether build environment is sane
configure:2562: result: yes
configure:2713: checking for a thread-safe mkdir -p
configure:2752: result: /bin/mkdir -p
configure:2759: checking for gawk
configure:2789: result: no
configure:2759: checking for mawk
configure:2775: found /usr/bin/mawk
configure:2786: result: mawk
configure:2797: checking whether make sets $(MAKE)
configure:2819: result: yes
configure:2848: checking whether make supports nested variables
configure:2865: result: yes
configure:3003: checking whether to build with debug information
configure:3012: result: no
configure:3038: checking whether to put version number in .so files
configure:3047: result: yes
configure:3080: checking for style of include used by make
configure:3108: result: GNU
configure:3179: checking for gcc
configure:3206: result:  gcc
configure:3435: checking for C compiler version
configure:3444:  gcc --version >&5
gcc (Ubuntu 5.2.1-22ubuntu2) 5.2.1 20151010
Copyright (C) 2015 Free Software Foundation, Inc.
This is free software; see the source for copying conditions.  There is NO
warranty; not even for MERCHANTABILITY or FITNESS FOR A PARTICULAR PURPOSE.

configure:3455: $? = 0
configure:3444:  gcc -v >&5
Using built-in specs.
COLLECT_GCC=gcc
COLLECT_LTO_WRAPPER=/usr/lib/gcc/x86_64-linux-gnu/5/lto-wrapper
Target: x86_64-linux-gnu
Configured with: ../src/configure -v --with-pkgversion='Ubuntu 5.2.1-22ubuntu2' --with-bugurl=file:///usr/share/doc/gcc-5/README.Bugs --enable-languages=c,ada,c++,java,go,d,fortran,objc,obj-c++ --prefix=/usr --program-suffix=-5 --enable-shared --enable-linker-build-id --libexecdir=/usr/lib --without-included-gettext --enable-threads=posix --libdir=/usr/lib --enable-nls --with-sysroot=/ --enable-clocale=gnu --enable-libstdcxx-debug --enable-libstdcxx-time=yes --with-default-libstdcxx-abi=new --enable-gnu-unique-object --disable-vtable-verify --enable-libmpx --enable-plugin --with-system-zlib --disable-browser-plugin --enable-java-awt=gtk --enable-gtk-cairo --with-java-home=/usr/lib/jvm/java-1.5.0-gcj-5-amd64/jre --enable-java-home --with-jvm-root-dir=/usr/lib/jvm/java-1.5.0-gcj-5-amd64 --with-jvm-jar-dir=/usr/lib/jvm-exports/java-1.5.0-gcj-5-amd64 --with-arch-directory=amd64 --with-ecj-jar=/usr/share/java/eclipse-ecj.jar --enable-objc-gc --enable-multiarch --disable-werror --with-arch-32=i686 --with-abi=m64 --with-multilib-list=m32,m64,mx32 --enable-multilib --with-tune=generic --enable-checking=release --build=x86_64-linux-gnu --host=x86_64-linux-gnu --target=x86_64-linux-gnu
Thread model: posix
gcc version 5.2.1 20151010 (Ubuntu 5.2.1-22ubuntu2) 
configure:3455: $? = 0
configure:3444:  gcc -V >&5
gcc: error: unrecognized command line option '-V'
gcc: fatal error: no input files
compilation terminated.
configure:3455: $? = 1
configure:3444:  gcc -qversion >&5
gcc: error: unrecognized command line option '-qversion'
gcc: fatal error: no input files
compilation terminated.
configure:3455: $? = 1
configure:3475: checking whether the C compiler works
configure:3497:  gcc -isystem/home/cswiggz/Documents/seniordesign/parrot/out/Unix-base/staging/usr/include -isystem/home/cswiggz/Documents/seniordesign/parrot/out/Unix-base/staging/usr/include/x86_64-linux-gnu  -pipe -g -O2 -ffunction-sections -fno-short-enums -m64 -fPIC -msse -msse2 -mssse3 -DALCHEMY_BUILD  -O3 -I/home/cswiggz/Documents/seniordesign/parrot/out/Unix-base/build/libARMavlink/Build/../Includes -I/home/cswiggz/Documents/seniordesign/parrot/out/Unix-base/build/libARMavlink/Build/../Sources -isystem/home/cswiggz/Documents/seniordesign/parrot/out/Unix-base/staging/usr/include -isystem/home/cswiggz/Documents/seniordesign/parrot/out/Unix-base/staging/usr/include/x86_64-linux-gnu -O3 -I/home/cswiggz/Documents/seniordesign/parrot/out/Unix-base/build/libARMavlink/Build/../Includes -I/home/cswiggz/Documents/seniordesign/parrot/out/Unix-base/build/libARMavlink/Build/../Sources  -m64 -L/home/cswiggz/Documents/seniordesign/parrot/out/Unix-base/staging/lib -L/home/cswiggz/Documents/seniordesign/parrot/out/Unix-base/staging/usr/lib -L/home/cswiggz/Documents/seniordesign/parrot/out/Unix-base/staging/lib/x86_64-linux-gnu -L/home/cswiggz/Documents/seniordesign/parrot/out/Unix-base/staging/usr/lib/x86_64-linux-gnu -L/home/cswiggz/Documents/seniordesign/parrot/out/Unix-base/staging/usr/lib -Wl,-rpath-link=/home/cswiggz/Documents/seniordesign/parrot/out/Unix-base/staging/lib -Wl,-rpath-link=/home/cswiggz/Documents/seniordesign/parrot/out/Unix-base/staging/usr/lib -Wl,-rpath-link=/home/cswiggz/Documents/seniordesign/parrot/out/Unix-base/staging/lib/x86_64-linux-gnu -Wl,-rpath-link=/home/cswiggz/Documents/seniordesign/parrot/out/Unix-base/staging/usr/lib/x86_64-linux-gnu -Wl,-rpath-link=/home/cswiggz/Documents/seniordesign/parrot/out/Unix-base/staging/usr/lib  -pthread -lrt  conftest.c  >&5
configure:3501: $? = 0
configure:3549: result: yes
configure:3552: checking for C compiler default output file name
configure:3554: result: a.out
configure:3560: checking for suffix of executables
configure:3567:  gcc -o conftest -isystem/home/cswiggz/Documents/seniordesign/parrot/out/Unix-base/staging/usr/include -isystem/home/cswiggz/Documents/seniordesign/parrot/out/Unix-base/staging/usr/include/x86_64-linux-gnu  -pipe -g -O2 -ffunction-sections -fno-short-enums -m64 -fPIC -msse -msse2 -mssse3 -DALCHEMY_BUILD  -O3 -I/home/cswiggz/Documents/seniordesign/parrot/out/Unix-base/build/libARMavlink/Build/../Includes -I/home/cswiggz/Documents/seniordesign/parrot/out/Unix-base/build/libARMavlink/Build/../Sources -isystem/home/cswiggz/Documents/seniordesign/parrot/out/Unix-base/staging/usr/include -isystem/home/cswiggz/Documents/seniordesign/parrot/out/Unix-base/staging/usr/include/x86_64-linux-gnu -O3 -I/home/cswiggz/Documents/seniordesign/parrot/out/Unix-base/build/libARMavlink/Build/../Includes -I/home/cswiggz/Documents/seniordesign/parrot/out/Unix-base/build/libARMavlink/Build/../Sources  -m64 -L/home/cswiggz/Documents/seniordesign/parrot/out/Unix-base/staging/lib -L/home/cswiggz/Documents/seniordesign/parrot/out/Unix-base/staging/usr/lib -L/home/cswiggz/Documents/seniordesign/parrot/out/Unix-base/staging/lib/x86_64-linux-gnu -L/home/cswiggz/Documents/seniordesign/parrot/out/Unix-base/staging/usr/lib/x86_64-linux-gnu -L/home/cswiggz/Documents/seniordesign/parrot/out/Unix-base/staging/usr/lib -Wl,-rpath-link=/home/cswiggz/Documents/seniordesign/parrot/out/Unix-base/staging/lib -Wl,-rpath-link=/home/cswiggz/Documents/seniordesign/parrot/out/Unix-base/staging/usr/lib -Wl,-rpath-link=/home/cswiggz/Documents/seniordesign/parrot/out/Unix-base/staging/lib/x86_64-linux-gnu -Wl,-rpath-link=/home/cswiggz/Documents/seniordesign/parrot/out/Unix-base/staging/usr/lib/x86_64-linux-gnu -Wl,-rpath-link=/home/cswiggz/Documents/seniordesign/parrot/out/Unix-base/staging/usr/lib  -pthread -lrt  conftest.c  >&5
configure:3571: $? = 0
configure:3593: result: 
configure:3615: checking whether we are cross compiling
configure:3623:  gcc -o conftest -isystem/home/cswiggz/Documents/seniordesign/parrot/out/Unix-base/staging/usr/include -isystem/home/cswiggz/Documents/seniordesign/parrot/out/Unix-base/staging/usr/include/x86_64-linux-gnu  -pipe -g -O2 -ffunction-sections -fno-short-enums -m64 -fPIC -msse -msse2 -mssse3 -DALCHEMY_BUILD  -O3 -I/home/cswiggz/Documents/seniordesign/parrot/out/Unix-base/build/libARMavlink/Build/../Includes -I/home/cswiggz/Documents/seniordesign/parrot/out/Unix-base/build/libARMavlink/Build/../Sources -isystem/home/cswiggz/Documents/seniordesign/parrot/out/Unix-base/staging/usr/include -isystem/home/cswiggz/Documents/seniordesign/parrot/out/Unix-base/staging/usr/include/x86_64-linux-gnu -O3 -I/home/cswiggz/Documents/seniordesign/parrot/out/Unix-base/build/libARMavlink/Build/../Includes -I/home/cswiggz/Documents/seniordesign/parrot/out/Unix-base/build/libARMavlink/Build/../Sources  -m64 -L/home/cswiggz/Documents/seniordesign/parrot/out/Unix-base/staging/lib -L/home/cswiggz/Documents/seniordesign/parrot/out/Unix-base/staging/usr/lib -L/home/cswiggz/Documents/seniordesign/parrot/out/Unix-base/staging/lib/x86_64-linux-gnu -L/home/cswiggz/Documents/seniordesign/parrot/out/Unix-base/staging/usr/lib/x86_64-linux-gnu -L/home/cswiggz/Documents/seniordesign/parrot/out/Unix-base/staging/usr/lib -Wl,-rpath-link=/home/cswiggz/Documents/seniordesign/parrot/out/Unix-base/staging/lib -Wl,-rpath-link=/home/cswiggz/Documents/seniordesign/parrot/out/Unix-base/staging/usr/lib -Wl,-rpath-link=/home/cswiggz/Documents/seniordesign/parrot/out/Unix-base/staging/lib/x86_64-linux-gnu -Wl,-rpath-link=/home/cswiggz/Documents/seniordesign/parrot/out/Unix-base/staging/usr/lib/x86_64-linux-gnu -Wl,-rpath-link=/home/cswiggz/Documents/seniordesign/parrot/out/Unix-base/staging/usr/lib  -pthread -lrt  conftest.c  >&5
configure:3627: $? = 0
configure:3634: ./conftest
configure:3638: $? = 0
configure:3653: result: no
configure:3658: checking for suffix of object files
configure:3680:  gcc -c -isystem/home/cswiggz/Documents/seniordesign/parrot/out/Unix-base/staging/usr/include -isystem/home/cswiggz/Documents/seniordesign/parrot/out/Unix-base/staging/usr/include/x86_64-linux-gnu  -pipe -g -O2 -ffunction-sections -fno-short-enums -m64 -fPIC -msse -msse2 -mssse3 -DALCHEMY_BUILD  -O3 -I/home/cswiggz/Documents/seniordesign/parrot/out/Unix-base/build/libARMavlink/Build/../Includes -I/home/cswiggz/Documents/seniordesign/parrot/out/Unix-base/build/libARMavlink/Build/../Sources -isystem/home/cswiggz/Documents/seniordesign/parrot/out/Unix-base/staging/usr/include -isystem/home/cswiggz/Documents/seniordesign/parrot/out/Unix-base/staging/usr/include/x86_64-linux-gnu -O3 -I/home/cswiggz/Documents/seniordesign/parrot/out/Unix-base/build/libARMavlink/Build/../Includes -I/home/cswiggz/Documents/seniordesign/parrot/out/Unix-base/build/libARMavlink/Build/../Sources conftest.c >&5
configure:3684: $? = 0
configure:3705: result: o
configure:3709: checking whether we are using the GNU C compiler
configure:3728:  gcc -c -isystem/home/cswiggz/Documents/seniordesign/parrot/out/Unix-base/staging/usr/include -isystem/home/cswiggz/Documents/seniordesign/parrot/out/Unix-base/staging/usr/include/x86_64-linux-gnu  -pipe -g -O2 -ffunction-sections -fno-short-enums -m64 -fPIC -msse -msse2 -mssse3 -DALCHEMY_BUILD  -O3 -I/home/cswiggz/Documents/seniordesign/parrot/out/Unix-base/build/libARMavlink/Build/../Includes -I/home/cswiggz/Documents/seniordesign/parrot/out/Unix-base/build/libARMavlink/Build/../Sources -isystem/home/cswiggz/Documents/seniordesign/parrot/out/Unix-base/staging/usr/include -isystem/home/cswiggz/Documents/seniordesign/parrot/out/Unix-base/staging/usr/include/x86_64-linux-gnu -O3 -I/home/cswiggz/Documents/seniordesign/parrot/out/Unix-base/build/libARMavlink/Build/../Includes -I/home/cswiggz/Documents/seniordesign/parrot/out/Unix-base/build/libARMavlink/Build/../Sources conftest.c >&5
configure:3728: $? = 0
configure:3737: result: yes
configure:3746: checking whether  gcc accepts -g
configure:3766:  gcc -c -g -isystem/home/cswiggz/Documents/seniordesign/parrot/out/Unix-base/staging/usr/include -isystem/home/cswiggz/Documents/seniordesign/parrot/out/Unix-base/staging/usr/include/x86_64-linux-gnu -O3 -I/home/cswiggz/Documents/seniordesign/parrot/out/Unix-base/build/libARMavlink/Build/../Includes -I/home/cswiggz/Documents/seniordesign/parrot/out/Unix-base/build/libARMavlink/Build/../Sources conftest.c >&5
configure:3766: $? = 0
configure:3807: result: yes
configure:3824: checking for  gcc option to accept ISO C89
configure:3887:  gcc  -c -isystem/home/cswiggz/Documents/seniordesign/parrot/out/Unix-base/staging/usr/include -isystem/home/cswiggz/Documents/seniordesign/parrot/out/Unix-base/staging/usr/include/x86_64-linux-gnu  -pipe -g -O2 -ffunction-sections -fno-short-enums -m64 -fPIC -msse -msse2 -mssse3 -DALCHEMY_BUILD  -O3 -I/home/cswiggz/Documents/seniordesign/parrot/out/Unix-base/build/libARMavlink/Build/../Includes -I/home/cswiggz/Documents/seniordesign/parrot/out/Unix-base/build/libARMavlink/Build/../Sources -isystem/home/cswiggz/Documents/seniordesign/parrot/out/Unix-base/staging/usr/include -isystem/home/cswiggz/Documents/seniordesign/parrot/out/Unix-base/staging/usr/include/x86_64-linux-gnu -O3 -I/home/cswiggz/Documents/seniordesign/parrot/out/Unix-base/build/libARMavlink/Build/../Includes -I/home/cswiggz/Documents/seniordesign/parrot/out/Unix-base/build/libARMavlink/Build/../Sources conftest.c >&5
configure:3887: $? = 0
configure:3900: result: none needed
configure:3925: checking whether  gcc understands -c and -o together
configure:3947:  gcc -c conftest.c -o conftest2.o
configure:3950: $? = 0
configure:3947:  gcc -c conftest.c -o conftest2.o
configure:3950: $? = 0
configure:3962: result: yes
configure:3981: checking dependency style of  gcc
configure:4092: result: gcc3
configure:4113: checking how to run the C preprocessor
configure:4183: result: cpp
configure:4203: cpp -isystem/home/cswiggz/Documents/seniordesign/parrot/out/Unix-base/staging/usr/include -isystem/home/cswiggz/Documents/seniordesign/parrot/out/Unix-base/staging/usr/include/x86_64-linux-gnu -O3 -I/home/cswiggz/Documents/seniordesign/parrot/out/Unix-base/build/libARMavlink/Build/../Includes -I/home/cswiggz/Documents/seniordesign/parrot/out/Unix-base/build/libARMavlink/Build/../Sources conftest.c
configure:4203: $? = 0
configure:4217: cpp -isystem/home/cswiggz/Documents/seniordesign/parrot/out/Unix-base/staging/usr/include -isystem/home/cswiggz/Documents/seniordesign/parrot/out/Unix-base/staging/usr/include/x86_64-linux-gnu -O3 -I/home/cswiggz/Documents/seniordesign/parrot/out/Unix-base/build/libARMavlink/Build/../Includes -I/home/cswiggz/Documents/seniordesign/parrot/out/Unix-base/build/libARMavlink/Build/../Sources conftest.c
conftest.c:12:28: fatal error: ac_nonexistent.h: No such file or directory
compilation terminated.
configure:4217: $? = 1
configure: failed program was:
| /* confdefs.h */
| #define PACKAGE_NAME "libARMavlink"
| #define PACKAGE_TARNAME "libarmavlink"
| #define PACKAGE_VERSION "3.1.0"
| #define PACKAGE_STRING "libARMavlink 3.1.0"
| #define PACKAGE_BUGREPORT "ardrone@ardrone.org"
| #define PACKAGE_URL ""
| #define PACKAGE "libarmavlink"
| #define VERSION "3.1.0"
| #define NDEBUG /**/
| /* end confdefs.h.  */
| #include <ac_nonexistent.h>
configure:4246: checking for grep that handles long lines and -e
configure:4304: result: /bin/grep
configure:4309: checking for egrep
configure:4371: result: /bin/grep -E
configure:4376: checking for ANSI C header files
configure:4396:  gcc -c -isystem/home/cswiggz/Documents/seniordesign/parrot/out/Unix-base/staging/usr/include -isystem/home/cswiggz/Documents/seniordesign/parrot/out/Unix-base/staging/usr/include/x86_64-linux-gnu  -pipe -g -O2 -ffunction-sections -fno-short-enums -m64 -fPIC -msse -msse2 -mssse3 -DALCHEMY_BUILD  -O3 -I/home/cswiggz/Documents/seniordesign/parrot/out/Unix-base/build/libARMavlink/Build/../Includes -I/home/cswiggz/Documents/seniordesign/parrot/out/Unix-base/build/libARMavlink/Build/../Sources -isystem/home/cswiggz/Documents/seniordesign/parrot/out/Unix-base/staging/usr/include -isystem/home/cswiggz/Documents/seniordesign/parrot/out/Unix-base/staging/usr/include/x86_64-linux-gnu -O3 -I/home/cswiggz/Documents/seniordesign/parrot/out/Unix-base/build/libARMavlink/Build/../Includes -I/home/cswiggz/Documents/seniordesign/parrot/out/Unix-base/build/libARMavlink/Build/../Sources conftest.c >&5
configure:4396: $? = 0
configure:4469:  gcc -o conftest -isystem/home/cswiggz/Documents/seniordesign/parrot/out/Unix-base/staging/usr/include -isystem/home/cswiggz/Documents/seniordesign/parrot/out/Unix-base/staging/usr/include/x86_64-linux-gnu  -pipe -g -O2 -ffunction-sections -fno-short-enums -m64 -fPIC -msse -msse2 -mssse3 -DALCHEMY_BUILD  -O3 -I/home/cswiggz/Documents/seniordesign/parrot/out/Unix-base/build/libARMavlink/Build/../Includes -I/home/cswiggz/Documents/seniordesign/parrot/out/Unix-base/build/libARMavlink/Build/../Sources -isystem/home/cswiggz/Documents/seniordesign/parrot/out/Unix-base/staging/usr/include -isystem/home/cswiggz/Documents/seniordesign/parrot/out/Unix-base/staging/usr/include/x86_64-linux-gnu -O3 -I/home/cswiggz/Documents/seniordesign/parrot/out/Unix-base/build/libARMavlink/Build/../Includes -I/home/cswiggz/Documents/seniordesign/parrot/out/Unix-base/build/libARMavlink/Build/../Sources  -m64 -L/home/cswiggz/Documents/seniordesign/parrot/out/Unix-base/staging/lib -L/home/cswiggz/Documents/seniordesign/parrot/out/Unix-base/staging/usr/lib -L/home/cswiggz/Documents/seniordesign/parrot/out/Unix-base/staging/lib/x86_64-linux-gnu -L/home/cswiggz/Documents/seniordesign/parrot/out/Unix-base/staging/usr/lib/x86_64-linux-gnu -L/home/cswiggz/Documents/seniordesign/parrot/out/Unix-base/staging/usr/lib -Wl,-rpath-link=/home/cswiggz/Documents/seniordesign/parrot/out/Unix-base/staging/lib -Wl,-rpath-link=/home/cswiggz/Documents/seniordesign/parrot/out/Unix-base/staging/usr/lib -Wl,-rpath-link=/home/cswiggz/Documents/seniordesign/parrot/out/Unix-base/staging/lib/x86_64-linux-gnu -Wl,-rpath-link=/home/cswiggz/Documents/seniordesign/parrot/out/Unix-base/staging/usr/lib/x86_64-linux-gnu -Wl,-rpath-link=/home/cswiggz/Documents/seniordesign/parrot/out/Unix-base/staging/usr/lib  -pthread -lrt  conftest.c  >&5
configure:4469: $? = 0
configure:4469: ./conftest
configure:4469: $? = 0
configure:4480: result: yes
configure:4493: checking for sys/types.h
configure:4493:  gcc -c -isystem/home/cswiggz/Documents/seniordesign/parrot/out/Unix-base/staging/usr/include -isystem/home/cswiggz/Documents/seniordesign/parrot/out/Unix-base/staging/usr/include/x86_64-linux-gnu  -pipe -g -O2 -ffunction-sections -fno-short-enums -m64 -fPIC -msse -msse2 -mssse3 -DALCHEMY_BUILD  -O3 -I/home/cswiggz/Documents/seniordesign/parrot/out/Unix-base/build/libARMavlink/Build/../Includes -I/home/cswiggz/Documents/seniordesign/parrot/out/Unix-base/build/libARMavlink/Build/../Sources -isystem/home/cswiggz/Documents/seniordesign/parrot/out/Unix-base/staging/usr/include -isystem/home/cswiggz/Documents/seniordesign/parrot/out/Unix-base/staging/usr/include/x86_64-linux-gnu -O3 -I/home/cswiggz/Documents/seniordesign/parrot/out/Unix-base/build/libARMavlink/Build/../Includes -I/home/cswiggz/Documents/seniordesign/parrot/out/Unix-base/build/libARMavlink/Build/../Sources conftest.c >&5
configure:4493: $? = 0
configure:4493: result: yes
configure:4493: checking for sys/stat.h
configure:4493:  gcc -c -isystem/home/cswiggz/Documents/seniordesign/parrot/out/Unix-base/staging/usr/include -isystem/home/cswiggz/Documents/seniordesign/parrot/out/Unix-base/staging/usr/include/x86_64-linux-gnu  -pipe -g -O2 -ffunction-sections -fno-short-enums -m64 -fPIC -msse -msse2 -mssse3 -DALCHEMY_BUILD  -O3 -I/home/cswiggz/Documents/seniordesign/parrot/out/Unix-base/build/libARMavlink/Build/../Includes -I/home/cswiggz/Documents/seniordesign/parrot/out/Unix-base/build/libARMavlink/Build/../Sources -isystem/home/cswiggz/Documents/seniordesign/parrot/out/Unix-base/staging/usr/include -isystem/home/cswiggz/Documents/seniordesign/parrot/out/Unix-base/staging/usr/include/x86_64-linux-gnu -O3 -I/home/cswiggz/Documents/seniordesign/parrot/out/Unix-base/build/libARMavlink/Build/../Includes -I/home/cswiggz/Documents/seniordesign/parrot/out/Unix-base/build/libARMavlink/Build/../Sources conftest.c >&5
configure:4493: $? = 0
configure:4493: result: yes
configure:4493: checking for stdlib.h
configure:4493:  gcc -c -isystem/home/cswiggz/Documents/seniordesign/parrot/out/Unix-base/staging/usr/include -isystem/home/cswiggz/Documents/seniordesign/parrot/out/Unix-base/staging/usr/include/x86_64-linux-gnu  -pipe -g -O2 -ffunction-sections -fno-short-enums -m64 -fPIC -msse -msse2 -mssse3 -DALCHEMY_BUILD  -O3 -I/home/cswiggz/Documents/seniordesign/parrot/out/Unix-base/build/libARMavlink/Build/../Includes -I/home/cswiggz/Documents/seniordesign/parrot/out/Unix-base/build/libARMavlink/Build/../Sources -isystem/home/cswiggz/Documents/seniordesign/parrot/out/Unix-base/staging/usr/include -isystem/home/cswiggz/Documents/seniordesign/parrot/out/Unix-base/staging/usr/include/x86_64-linux-gnu -O3 -I/home/cswiggz/Documents/seniordesign/parrot/out/Unix-base/build/libARMavlink/Build/../Includes -I/home/cswiggz/Documents/seniordesign/parrot/out/Unix-base/build/libARMavlink/Build/../Sources conftest.c >&5
configure:4493: $? = 0
configure:4493: result: yes
configure:4493: checking for string.h
configure:4493:  gcc -c -isystem/home/cswiggz/Documents/seniordesign/parrot/out/Unix-base/staging/usr/include -isystem/home/cswiggz/Documents/seniordesign/parrot/out/Unix-base/staging/usr/include/x86_64-linux-gnu  -pipe -g -O2 -ffunction-sections -fno-short-enums -m64 -fPIC -msse -msse2 -mssse3 -DALCHEMY_BUILD  -O3 -I/home/cswiggz/Documents/seniordesign/parrot/out/Unix-base/build/libARMavlink/Build/../Includes -I/home/cswiggz/Documents/seniordesign/parrot/out/Unix-base/build/libARMavlink/Build/../Sources -isystem/home/cswiggz/Documents/seniordesign/parrot/out/Unix-base/staging/usr/include -isystem/home/cswiggz/Documents/seniordesign/parrot/out/Unix-base/staging/usr/include/x86_64-linux-gnu -O3 -I/home/cswiggz/Documents/seniordesign/parrot/out/Unix-base/build/libARMavlink/Build/../Includes -I/home/cswiggz/Documents/seniordesign/parrot/out/Unix-base/build/libARMavlink/Build/../Sources conftest.c >&5
configure:4493: $? = 0
configure:4493: result: yes
configure:4493: checking for memory.h
configure:4493:  gcc -c -isystem/home/cswiggz/Documents/seniordesign/parrot/out/Unix-base/staging/usr/include -isystem/home/cswiggz/Documents/seniordesign/parrot/out/Unix-base/staging/usr/include/x86_64-linux-gnu  -pipe -g -O2 -ffunction-sections -fno-short-enums -m64 -fPIC -msse -msse2 -mssse3 -DALCHEMY_BUILD  -O3 -I/home/cswiggz/Documents/seniordesign/parrot/out/Unix-base/build/libARMavlink/Build/../Includes -I/home/cswiggz/Documents/seniordesign/parrot/out/Unix-base/build/libARMavlink/Build/../Sources -isystem/home/cswiggz/Documents/seniordesign/parrot/out/Unix-base/staging/usr/include -isystem/home/cswiggz/Documents/seniordesign/parrot/out/Unix-base/staging/usr/include/x86_64-linux-gnu -O3 -I/home/cswiggz/Documents/seniordesign/parrot/out/Unix-base/build/libARMavlink/Build/../Includes -I/home/cswiggz/Documents/seniordesign/parrot/out/Unix-base/build/libARMavlink/Build/../Sources conftest.c >&5
configure:4493: $? = 0
configure:4493: result: yes
configure:4493: checking for strings.h
configure:4493:  gcc -c -isystem/home/cswiggz/Documents/seniordesign/parrot/out/Unix-base/staging/usr/include -isystem/home/cswiggz/Documents/seniordesign/parrot/out/Unix-base/staging/usr/include/x86_64-linux-gnu  -pipe -g -O2 -ffunction-sections -fno-short-enums -m64 -fPIC -msse -msse2 -mssse3 -DALCHEMY_BUILD  -O3 -I/home/cswiggz/Documents/seniordesign/parrot/out/Unix-base/build/libARMavlink/Build/../Includes -I/home/cswiggz/Documents/seniordesign/parrot/out/Unix-base/build/libARMavlink/Build/../Sources -isystem/home/cswiggz/Documents/seniordesign/parrot/out/Unix-base/staging/usr/include -isystem/home/cswiggz/Documents/seniordesign/parrot/out/Unix-base/staging/usr/include/x86_64-linux-gnu -O3 -I/home/cswiggz/Documents/seniordesign/parrot/out/Unix-base/build/libARMavlink/Build/../Includes -I/home/cswiggz/Documents/seniordesign/parrot/out/Unix-base/build/libARMavlink/Build/../Sources conftest.c >&5
configure:4493: $? = 0
configure:4493: result: yes
configure:4493: checking for inttypes.h
configure:4493:  gcc -c -isystem/home/cswiggz/Documents/seniordesign/parrot/out/Unix-base/staging/usr/include -isystem/home/cswiggz/Documents/seniordesign/parrot/out/Unix-base/staging/usr/include/x86_64-linux-gnu  -pipe -g -O2 -ffunction-sections -fno-short-enums -m64 -fPIC -msse -msse2 -mssse3 -DALCHEMY_BUILD  -O3 -I/home/cswiggz/Documents/seniordesign/parrot/out/Unix-base/build/libARMavlink/Build/../Includes -I/home/cswiggz/Documents/seniordesign/parrot/out/Unix-base/build/libARMavlink/Build/../Sources -isystem/home/cswiggz/Documents/seniordesign/parrot/out/Unix-base/staging/usr/include -isystem/home/cswiggz/Documents/seniordesign/parrot/out/Unix-base/staging/usr/include/x86_64-linux-gnu -O3 -I/home/cswiggz/Documents/seniordesign/parrot/out/Unix-base/build/libARMavlink/Build/../Includes -I/home/cswiggz/Documents/seniordesign/parrot/out/Unix-base/build/libARMavlink/Build/../Sources conftest.c >&5
configure:4493: $? = 0
configure:4493: result: yes
configure:4493: checking for stdint.h
configure:4493:  gcc -c -isystem/home/cswiggz/Documents/seniordesign/parrot/out/Unix-base/staging/usr/include -isystem/home/cswiggz/Documents/seniordesign/parrot/out/Unix-base/staging/usr/include/x86_64-linux-gnu  -pipe -g -O2 -ffunction-sections -fno-short-enums -m64 -fPIC -msse -msse2 -mssse3 -DALCHEMY_BUILD  -O3 -I/home/cswiggz/Documents/seniordesign/parrot/out/Unix-base/build/libARMavlink/Build/../Includes -I/home/cswiggz/Documents/seniordesign/parrot/out/Unix-base/build/libARMavlink/Build/../Sources -isystem/home/cswiggz/Documents/seniordesign/parrot/out/Unix-base/staging/usr/include -isystem/home/cswiggz/Documents/seniordesign/parrot/out/Unix-base/staging/usr/include/x86_64-linux-gnu -O3 -I/home/cswiggz/Documents/seniordesign/parrot/out/Unix-base/build/libARMavlink/Build/../Includes -I/home/cswiggz/Documents/seniordesign/parrot/out/Unix-base/build/libARMavlink/Build/../Sources conftest.c >&5
configure:4493: $? = 0
configure:4493: result: yes
configure:4493: checking for unistd.h
configure:4493:  gcc -c -isystem/home/cswiggz/Documents/seniordesign/parrot/out/Unix-base/staging/usr/include -isystem/home/cswiggz/Documents/seniordesign/parrot/out/Unix-base/staging/usr/include/x86_64-linux-gnu  -pipe -g -O2 -ffunction-sections -fno-short-enums -m64 -fPIC -msse -msse2 -mssse3 -DALCHEMY_BUILD  -O3 -I/home/cswiggz/Documents/seniordesign/parrot/out/Unix-base/build/libARMavlink/Build/../Includes -I/home/cswiggz/Documents/seniordesign/parrot/out/Unix-base/build/libARMavlink/Build/../Sources -isystem/home/cswiggz/Documents/seniordesign/parrot/out/Unix-base/staging/usr/include -isystem/home/cswiggz/Documents/seniordesign/parrot/out/Unix-base/staging/usr/include/x86_64-linux-gnu -O3 -I/home/cswiggz/Documents/seniordesign/parrot/out/Unix-base/build/libARMavlink/Build/../Includes -I/home/cswiggz/Documents/seniordesign/parrot/out/Unix-base/build/libARMavlink/Build/../Sources conftest.c >&5
configure:4493: $? = 0
configure:4493: result: yes
configure:4575: checking libARSAL/ARSAL.h usability
configure:4575:  gcc -c -isystem/home/cswiggz/Documents/seniordesign/parrot/out/Unix-base/staging/usr/include -isystem/home/cswiggz/Documents/seniordesign/parrot/out/Unix-base/staging/usr/include/x86_64-linux-gnu  -pipe -g -O2 -ffunction-sections -fno-short-enums -m64 -fPIC -msse -msse2 -mssse3 -DALCHEMY_BUILD  -O3 -I/home/cswiggz/Documents/seniordesign/parrot/out/Unix-base/build/libARMavlink/Build/../Includes -I/home/cswiggz/Documents/seniordesign/parrot/out/Unix-base/build/libARMavlink/Build/../Sources -isystem/home/cswiggz/Documents/seniordesign/parrot/out/Unix-base/staging/usr/include -isystem/home/cswiggz/Documents/seniordesign/parrot/out/Unix-base/staging/usr/include/x86_64-linux-gnu -O3 -I/home/cswiggz/Documents/seniordesign/parrot/out/Unix-base/build/libARMavlink/Build/../Includes -I/home/cswiggz/Documents/seniordesign/parrot/out/Unix-base/build/libARMavlink/Build/../Sources conftest.c >&5
configure:4575: $? = 0
configure:4575: result: yes
configure:4575: checking libARSAL/ARSAL.h presence
configure:4575: cpp -isystem/home/cswiggz/Documents/seniordesign/parrot/out/Unix-base/staging/usr/include -isystem/home/cswiggz/Documents/seniordesign/parrot/out/Unix-base/staging/usr/include/x86_64-linux-gnu -O3 -I/home/cswiggz/Documents/seniordesign/parrot/out/Unix-base/build/libARMavlink/Build/../Includes -I/home/cswiggz/Documents/seniordesign/parrot/out/Unix-base/build/libARMavlink/Build/../Sources conftest.c
configure:4575: $? = 0
configure:4575: result: yes
configure:4575: checking for libARSAL/ARSAL.h
configure:4575: result: yes
configure:4705: checking mavlink/common/mavlink.h usability
configure:4705:  gcc -c -isystem/home/cswiggz/Documents/seniordesign/parrot/out/Unix-base/staging/usr/include -isystem/home/cswiggz/Documents/seniordesign/parrot/out/Unix-base/staging/usr/include/x86_64-linux-gnu  -pipe -g -O2 -ffunction-sections -fno-short-enums -m64 -fPIC -msse -msse2 -mssse3 -DALCHEMY_BUILD  -O3 -I/home/cswiggz/Documents/seniordesign/parrot/out/Unix-base/build/libARMavlink/Build/../Includes -I/home/cswiggz/Documents/seniordesign/parrot/out/Unix-base/build/libARMavlink/Build/../Sources -isystem/home/cswiggz/Documents/seniordesign/parrot/out/Unix-base/staging/usr/include -isystem/home/cswiggz/Documents/seniordesign/parrot/out/Unix-base/staging/usr/include/x86_64-linux-gnu -O3 -I/home/cswiggz/Documents/seniordesign/parrot/out/Unix-base/build/libARMavlink/Build/../Includes -I/home/cswiggz/Documents/seniordesign/parrot/out/Unix-base/build/libARMavlink/Build/../Sources conftest.c >&5
configure:4705: $? = 0
configure:4705: result: yes
configure:4705: checking mavlink/common/mavlink.h presence
configure:4705: cpp -isystem/home/cswiggz/Documents/seniordesign/parrot/out/Unix-base/staging/usr/include -isystem/home/cswiggz/Documents/seniordesign/parrot/out/Unix-base/staging/usr/include/x86_64-linux-gnu -O3 -I/home/cswiggz/Documents/seniordesign/parrot/out/Unix-base/build/libARMavlink/Build/../Includes -I/home/cswiggz/Documents/seniordesign/parrot/out/Unix-base/build/libARMavlink/Build/../Sources conftest.c
configure:4705: $? = 0
configure:4705: result: yes
configure:4705: checking for mavlink/common/mavlink.h
configure:4705: result: yes
configure:4820: checking for gcc
configure:4847: result:  gcc
configure:5076: checking for C compiler version
configure:5085:  gcc --version >&5
gcc (Ubuntu 5.2.1-22ubuntu2) 5.2.1 20151010
Copyright (C) 2015 Free Software Foundation, Inc.
This is free software; see the source for copying conditions.  There is NO
warranty; not even for MERCHANTABILITY or FITNESS FOR A PARTICULAR PURPOSE.

configure:5096: $? = 0
configure:5085:  gcc -v >&5
Using built-in specs.
COLLECT_GCC=gcc
COLLECT_LTO_WRAPPER=/usr/lib/gcc/x86_64-linux-gnu/5/lto-wrapper
Target: x86_64-linux-gnu
Configured with: ../src/configure -v --with-pkgversion='Ubuntu 5.2.1-22ubuntu2' --with-bugurl=file:///usr/share/doc/gcc-5/README.Bugs --enable-languages=c,ada,c++,java,go,d,fortran,objc,obj-c++ --prefix=/usr --program-suffix=-5 --enable-shared --enable-linker-build-id --libexecdir=/usr/lib --without-included-gettext --enable-threads=posix --libdir=/usr/lib --enable-nls --with-sysroot=/ --enable-clocale=gnu --enable-libstdcxx-debug --enable-libstdcxx-time=yes --with-default-libstdcxx-abi=new --enable-gnu-unique-object --disable-vtable-verify --enable-libmpx --enable-plugin --with-system-zlib --disable-browser-plugin --enable-java-awt=gtk --enable-gtk-cairo --with-java-home=/usr/lib/jvm/java-1.5.0-gcj-5-amd64/jre --enable-java-home --with-jvm-root-dir=/usr/lib/jvm/java-1.5.0-gcj-5-amd64 --with-jvm-jar-dir=/usr/lib/jvm-exports/java-1.5.0-gcj-5-amd64 --with-arch-directory=amd64 --with-ecj-jar=/usr/share/java/eclipse-ecj.jar --enable-objc-gc --enable-multiarch --disable-werror --with-arch-32=i686 --with-abi=m64 --with-multilib-list=m32,m64,mx32 --enable-multilib --with-tune=generic --enable-checking=release --build=x86_64-linux-gnu --host=x86_64-linux-gnu --target=x86_64-linux-gnu
Thread model: posix
gcc version 5.2.1 20151010 (Ubuntu 5.2.1-22ubuntu2) 
configure:5096: $? = 0
configure:5085:  gcc -V >&5
gcc: error: unrecognized command line option '-V'
gcc: fatal error: no input files
compilation terminated.
configure:5096: $? = 1
configure:5085:  gcc -qversion >&5
gcc: error: unrecognized command line option '-qversion'
gcc: fatal error: no input files
compilation terminated.
configure:5096: $? = 1
configure:5100: checking whether we are using the GNU C compiler
configure:5128: result: yes
configure:5137: checking whether  gcc accepts -g
configure:5198: result: yes
configure:5215: checking for  gcc option to accept ISO C89
configure:5291: result: none needed
configure:5316: checking whether  gcc understands -c and -o together
configure:5353: result: yes
configure:5372: checking dependency style of  gcc
configure:5483: result: gcc3
configure:5527: checking build system type
configure:5541: result: x86_64-unknown-linux-gnu
configure:5561: checking host system type
configure:5574: result: x86_64-unknown-linux-gnu
configure:5615: checking how to print strings
configure:5642: result: printf
configure:5663: checking for a sed that does not truncate output
configure:5727: result: /bin/sed
configure:5745: checking for fgrep
configure:5807: result: /bin/grep -F
configure:5842: checking for ld used by  gcc
configure:5909: result: ld
configure:5916: checking if the linker (ld) is GNU ld
configure:5931: result: yes
configure:5943: checking for BSD- or MS-compatible name lister (nm)
configure:5992: result: nm
configure:6122: checking the name lister (nm) interface
configure:6129:  gcc -c -isystem/home/cswiggz/Documents/seniordesign/parrot/out/Unix-base/staging/usr/include -isystem/home/cswiggz/Documents/seniordesign/parrot/out/Unix-base/staging/usr/include/x86_64-linux-gnu  -pipe -g -O2 -ffunction-sections -fno-short-enums -m64 -fPIC -msse -msse2 -mssse3 -DALCHEMY_BUILD  -O3 -I/home/cswiggz/Documents/seniordesign/parrot/out/Unix-base/build/libARMavlink/Build/../Includes -I/home/cswiggz/Documents/seniordesign/parrot/out/Unix-base/build/libARMavlink/Build/../Sources -isystem/home/cswiggz/Documents/seniordesign/parrot/out/Unix-base/staging/usr/include -isystem/home/cswiggz/Documents/seniordesign/parrot/out/Unix-base/staging/usr/include/x86_64-linux-gnu -O3 -I/home/cswiggz/Documents/seniordesign/parrot/out/Unix-base/build/libARMavlink/Build/../Includes -I/home/cswiggz/Documents/seniordesign/parrot/out/Unix-base/build/libARMavlink/Build/../Sources conftest.c >&5
configure:6132: nm "conftest.o"
configure:6135: output
0000000000000000 B some_variable
configure:6142: result: BSD nm
configure:6145: checking whether ln -s works
configure:6149: result: yes
configure:6157: checking the maximum length of command line arguments
configure:6288: result: 1572864
configure:6305: checking whether the shell understands some XSI constructs
configure:6315: result: yes
configure:6319: checking whether the shell understands "+="
configure:6325: result: yes
configure:6360: checking how to convert x86_64-unknown-linux-gnu file names to x86_64-unknown-linux-gnu format
configure:6400: result: func_convert_file_noop
configure:6407: checking how to convert x86_64-unknown-linux-gnu file names to toolchain format
configure:6427: result: func_convert_file_noop
configure:6434: checking for ld option to reload object files
configure:6441: result: -r
configure:6515: checking for objdump
configure:6542: result: objdump
configure:6574: checking how to recognize dependent libraries
configure:6772: result: pass_all
configure:6857: checking for dlltool
configure:6887: result: no
configure:6917: checking how to associate runtime and link libraries
configure:6944: result: printf %s\n
configure:7068: checking for archiver @FILE support
configure:7085:  gcc -c -isystem/home/cswiggz/Documents/seniordesign/parrot/out/Unix-base/staging/usr/include -isystem/home/cswiggz/Documents/seniordesign/parrot/out/Unix-base/staging/usr/include/x86_64-linux-gnu  -pipe -g -O2 -ffunction-sections -fno-short-enums -m64 -fPIC -msse -msse2 -mssse3 -DALCHEMY_BUILD  -O3 -I/home/cswiggz/Documents/seniordesign/parrot/out/Unix-base/build/libARMavlink/Build/../Includes -I/home/cswiggz/Documents/seniordesign/parrot/out/Unix-base/build/libARMavlink/Build/../Sources -isystem/home/cswiggz/Documents/seniordesign/parrot/out/Unix-base/staging/usr/include -isystem/home/cswiggz/Documents/seniordesign/parrot/out/Unix-base/staging/usr/include/x86_64-linux-gnu -O3 -I/home/cswiggz/Documents/seniordesign/parrot/out/Unix-base/build/libARMavlink/Build/../Includes -I/home/cswiggz/Documents/seniordesign/parrot/out/Unix-base/build/libARMavlink/Build/../Sources conftest.c >&5
configure:7085: $? = 0
configure:7088: ar cru libconftest.a @conftest.lst >&5
ar: `u' modifier ignored since `D' is the default (see `U')
configure:7091: $? = 0
configure:7096: ar cru libconftest.a @conftest.lst >&5
ar: `u' modifier ignored since `D' is the default (see `U')
ar: conftest.o: No such file or directory
configure:7099: $? = 1
configure:7111: result: @
configure:7169: checking for strip
configure:7196: result: strip
configure:7268: checking for ranlib
configure:7295: result: ranlib
configure:7397: checking command to parse nm output from  gcc object
configure:7517:  gcc -c -isystem/home/cswiggz/Documents/seniordesign/parrot/out/Unix-base/staging/usr/include -isystem/home/cswiggz/Documents/seniordesign/parrot/out/Unix-base/staging/usr/include/x86_64-linux-gnu  -pipe -g -O2 -ffunction-sections -fno-short-enums -m64 -fPIC -msse -msse2 -mssse3 -DALCHEMY_BUILD  -O3 -I/home/cswiggz/Documents/seniordesign/parrot/out/Unix-base/build/libARMavlink/Build/../Includes -I/home/cswiggz/Documents/seniordesign/parrot/out/Unix-base/build/libARMavlink/Build/../Sources -isystem/home/cswiggz/Documents/seniordesign/parrot/out/Unix-base/staging/usr/include -isystem/home/cswiggz/Documents/seniordesign/parrot/out/Unix-base/staging/usr/include/x86_64-linux-gnu -O3 -I/home/cswiggz/Documents/seniordesign/parrot/out/Unix-base/build/libARMavlink/Build/../Includes -I/home/cswiggz/Documents/seniordesign/parrot/out/Unix-base/build/libARMavlink/Build/../Sources conftest.c >&5
configure:7520: $? = 0
configure:7524: nm conftest.o \| sed -n -e 's/^.*[ ]\([ABCDGIRSTW][ABCDGIRSTW]*\)[ ][ ]*\([_A-Za-z][_A-Za-z0-9]*\)$/\1 \2 \2/p' | sed '/ __gnu_lto/d' \> conftest.nm
configure:7527: $? = 0
configure:7593:  gcc -o conftest -isystem/home/cswiggz/Documents/seniordesign/parrot/out/Unix-base/staging/usr/include -isystem/home/cswiggz/Documents/seniordesign/parrot/out/Unix-base/staging/usr/include/x86_64-linux-gnu  -pipe -g -O2 -ffunction-sections -fno-short-enums -m64 -fPIC -msse -msse2 -mssse3 -DALCHEMY_BUILD  -O3 -I/home/cswiggz/Documents/seniordesign/parrot/out/Unix-base/build/libARMavlink/Build/../Includes -I/home/cswiggz/Documents/seniordesign/parrot/out/Unix-base/build/libARMavlink/Build/../Sources -isystem/home/cswiggz/Documents/seniordesign/parrot/out/Unix-base/staging/usr/include -isystem/home/cswiggz/Documents/seniordesign/parrot/out/Unix-base/staging/usr/include/x86_64-linux-gnu -O3 -I/home/cswiggz/Documents/seniordesign/parrot/out/Unix-base/build/libARMavlink/Build/../Includes -I/home/cswiggz/Documents/seniordesign/parrot/out/Unix-base/build/libARMavlink/Build/../Sources  -m64 -L/home/cswiggz/Documents/seniordesign/parrot/out/Unix-base/staging/lib -L/home/cswiggz/Documents/seniordesign/parrot/out/Unix-base/staging/usr/lib -L/home/cswiggz/Documents/seniordesign/parrot/out/Unix-base/staging/lib/x86_64-linux-gnu -L/home/cswiggz/Documents/seniordesign/parrot/out/Unix-base/staging/usr/lib/x86_64-linux-gnu -L/home/cswiggz/Documents/seniordesign/parrot/out/Unix-base/staging/usr/lib -Wl,-rpath-link=/home/cswiggz/Documents/seniordesign/parrot/out/Unix-base/staging/lib -Wl,-rpath-link=/home/cswiggz/Documents/seniordesign/parrot/out/Unix-base/staging/usr/lib -Wl,-rpath-link=/home/cswiggz/Documents/seniordesign/parrot/out/Unix-base/staging/lib/x86_64-linux-gnu -Wl,-rpath-link=/home/cswiggz/Documents/seniordesign/parrot/out/Unix-base/staging/usr/lib/x86_64-linux-gnu -Wl,-rpath-link=/home/cswiggz/Documents/seniordesign/parrot/out/Unix-base/staging/usr/lib  -pthread -lrt  -larsal conftest.c conftstm.o >&5
configure:7596: $? = 0
configure:7634: result: ok
configure:7671: checking for sysroot
configure:7701: result: no
configure:7778:  gcc -c -isystem/home/cswiggz/Documents/seniordesign/parrot/out/Unix-base/staging/usr/include -isystem/home/cswiggz/Documents/seniordesign/parrot/out/Unix-base/staging/usr/include/x86_64-linux-gnu  -pipe -g -O2 -ffunction-sections -fno-short-enums -m64 -fPIC -msse -msse2 -mssse3 -DALCHEMY_BUILD  -O3 -I/home/cswiggz/Documents/seniordesign/parrot/out/Unix-base/build/libARMavlink/Build/../Includes -I/home/cswiggz/Documents/seniordesign/parrot/out/Unix-base/build/libARMavlink/Build/../Sources -isystem/home/cswiggz/Documents/seniordesign/parrot/out/Unix-base/staging/usr/include -isystem/home/cswiggz/Documents/seniordesign/parrot/out/Unix-base/staging/usr/include/x86_64-linux-gnu -O3 -I/home/cswiggz/Documents/seniordesign/parrot/out/Unix-base/build/libARMavlink/Build/../Includes -I/home/cswiggz/Documents/seniordesign/parrot/out/Unix-base/build/libARMavlink/Build/../Sources conftest.c >&5
configure:7781: $? = 0
configure:7970: checking for mt
configure:7997: result: :
configure:8020: checking if : is a manifest tool
configure:8026: : '-?'
configure:8034: result: no
configure:8673: checking for dlfcn.h
configure:8673:  gcc -c -isystem/home/cswiggz/Documents/seniordesign/parrot/out/Unix-base/staging/usr/include -isystem/home/cswiggz/Documents/seniordesign/parrot/out/Unix-base/staging/usr/include/x86_64-linux-gnu  -pipe -g -O2 -ffunction-sections -fno-short-enums -m64 -fPIC -msse -msse2 -mssse3 -DALCHEMY_BUILD  -O3 -I/home/cswiggz/Documents/seniordesign/parrot/out/Unix-base/build/libARMavlink/Build/../Includes -I/home/cswiggz/Documents/seniordesign/parrot/out/Unix-base/build/libARMavlink/Build/../Sources -isystem/home/cswiggz/Documents/seniordesign/parrot/out/Unix-base/staging/usr/include -isystem/home/cswiggz/Documents/seniordesign/parrot/out/Unix-base/staging/usr/include/x86_64-linux-gnu -O3 -I/home/cswiggz/Documents/seniordesign/parrot/out/Unix-base/build/libARMavlink/Build/../Includes -I/home/cswiggz/Documents/seniordesign/parrot/out/Unix-base/build/libARMavlink/Build/../Sources conftest.c >&5
configure:8673: $? = 0
configure:8673: result: yes
configure:8879: checking for objdir
configure:8894: result: .libs
configure:9165: checking if  gcc supports -fno-rtti -fno-exceptions
configure:9183:  gcc -c -isystem/home/cswiggz/Documents/seniordesign/parrot/out/Unix-base/staging/usr/include -isystem/home/cswiggz/Documents/seniordesign/parrot/out/Unix-base/staging/usr/include/x86_64-linux-gnu  -pipe -g -O2 -ffunction-sections -fno-short-enums -m64 -fPIC -msse -msse2 -mssse3 -DALCHEMY_BUILD  -O3 -I/home/cswiggz/Documents/seniordesign/parrot/out/Unix-base/build/libARMavlink/Build/../Includes -I/home/cswiggz/Documents/seniordesign/parrot/out/Unix-base/build/libARMavlink/Build/../Sources -isystem/home/cswiggz/Documents/seniordesign/parrot/out/Unix-base/staging/usr/include -isystem/home/cswiggz/Documents/seniordesign/parrot/out/Unix-base/staging/usr/include/x86_64-linux-gnu -O3 -I/home/cswiggz/Documents/seniordesign/parrot/out/Unix-base/build/libARMavlink/Build/../Includes -I/home/cswiggz/Documents/seniordesign/parrot/out/Unix-base/build/libARMavlink/Build/../Sources -fno-rtti -fno-exceptions conftest.c >&5
cc1: warning: command line option '-fno-rtti' is valid for C++/ObjC++ but not for C
configure:9187: $? = 0
configure:9200: result: no
configure:9527: checking for  gcc option to produce PIC
configure:9534: result: -fPIC -DPIC
configure:9542: checking if  gcc PIC flag -fPIC -DPIC works
configure:9560:  gcc -c -isystem/home/cswiggz/Documents/seniordesign/parrot/out/Unix-base/staging/usr/include -isystem/home/cswiggz/Documents/seniordesign/parrot/out/Unix-base/staging/usr/include/x86_64-linux-gnu  -pipe -g -O2 -ffunction-sections -fno-short-enums -m64 -fPIC -msse -msse2 -mssse3 -DALCHEMY_BUILD  -O3 -I/home/cswiggz/Documents/seniordesign/parrot/out/Unix-base/build/libARMavlink/Build/../Includes -I/home/cswiggz/Documents/seniordesign/parrot/out/Unix-base/build/libARMavlink/Build/../Sources -isystem/home/cswiggz/Documents/seniordesign/parrot/out/Unix-base/staging/usr/include -isystem/home/cswiggz/Documents/seniordesign/parrot/out/Unix-base/staging/usr/include/x86_64-linux-gnu -O3 -I/home/cswiggz/Documents/seniordesign/parrot/out/Unix-base/build/libARMavlink/Build/../Includes -I/home/cswiggz/Documents/seniordesign/parrot/out/Unix-base/build/libARMavlink/Build/../Sources -fPIC -DPIC -DPIC conftest.c >&5
configure:9564: $? = 0
configure:9577: result: yes
configure:9606: checking if  gcc static flag -static works
configure:9634: result: yes
configure:9649: checking if  gcc supports -c -o file.o
configure:9670:  gcc -c -isystem/home/cswiggz/Documents/seniordesign/parrot/out/Unix-base/staging/usr/include -isystem/home/cswiggz/Documents/seniordesign/parrot/out/Unix-base/staging/usr/include/x86_64-linux-gnu  -pipe -g -O2 -ffunction-sections -fno-short-enums -m64 -fPIC -msse -msse2 -mssse3 -DALCHEMY_BUILD  -O3 -I/home/cswiggz/Documents/seniordesign/parrot/out/Unix-base/build/libARMavlink/Build/../Includes -I/home/cswiggz/Documents/seniordesign/parrot/out/Unix-base/build/libARMavlink/Build/../Sources -isystem/home/cswiggz/Documents/seniordesign/parrot/out/Unix-base/staging/usr/include -isystem/home/cswiggz/Documents/seniordesign/parrot/out/Unix-base/staging/usr/include/x86_64-linux-gnu -O3 -I/home/cswiggz/Documents/seniordesign/parrot/out/Unix-base/build/libARMavlink/Build/../Includes -I/home/cswiggz/Documents/seniordesign/parrot/out/Unix-base/build/libARMavlink/Build/../Sources -o out/conftest2.o conftest.c >&5
configure:9674: $? = 0
configure:9696: result: yes
configure:9704: checking if  gcc supports -c -o file.o
configure:9751: result: yes
configure:9784: checking whether the  gcc linker (ld -m elf_x86_64) supports shared libraries
configure:10941: result: yes
configure:10978: checking whether -lc should be explicitly linked in
configure:10986:  gcc -c -isystem/home/cswiggz/Documents/seniordesign/parrot/out/Unix-base/staging/usr/include -isystem/home/cswiggz/Documents/seniordesign/parrot/out/Unix-base/staging/usr/include/x86_64-linux-gnu  -pipe -g -O2 -ffunction-sections -fno-short-enums -m64 -fPIC -msse -msse2 -mssse3 -DALCHEMY_BUILD  -O3 -I/home/cswiggz/Documents/seniordesign/parrot/out/Unix-base/build/libARMavlink/Build/../Includes -I/home/cswiggz/Documents/seniordesign/parrot/out/Unix-base/build/libARMavlink/Build/../Sources -isystem/home/cswiggz/Documents/seniordesign/parrot/out/Unix-base/staging/usr/include -isystem/home/cswiggz/Documents/seniordesign/parrot/out/Unix-base/staging/usr/include/x86_64-linux-gnu -O3 -I/home/cswiggz/Documents/seniordesign/parrot/out/Unix-base/build/libARMavlink/Build/../Includes -I/home/cswiggz/Documents/seniordesign/parrot/out/Unix-base/build/libARMavlink/Build/../Sources conftest.c >&5
configure:10989: $? = 0
configure:11004:  gcc -shared  -fPIC -DPIC conftest.o  -v -Wl,-soname -Wl,conftest -o conftest 2\>\&1 \| /bin/grep  -lc  \>/dev/null 2\>\&1
configure:11007: $? = 0
configure:11021: result: no
configure:11181: checking dynamic linker characteristics
configure:11681:  gcc -o conftest -isystem/home/cswiggz/Documents/seniordesign/parrot/out/Unix-base/staging/usr/include -isystem/home/cswiggz/Documents/seniordesign/parrot/out/Unix-base/staging/usr/include/x86_64-linux-gnu  -pipe -g -O2 -ffunction-sections -fno-short-enums -m64 -fPIC -msse -msse2 -mssse3 -DALCHEMY_BUILD  -O3 -I/home/cswiggz/Documents/seniordesign/parrot/out/Unix-base/build/libARMavlink/Build/../Includes -I/home/cswiggz/Documents/seniordesign/parrot/out/Unix-base/build/libARMavlink/Build/../Sources -isystem/home/cswiggz/Documents/seniordesign/parrot/out/Unix-base/staging/usr/include -isystem/home/cswiggz/Documents/seniordesign/parrot/out/Unix-base/staging/usr/include/x86_64-linux-gnu -O3 -I/home/cswiggz/Documents/seniordesign/parrot/out/Unix-base/build/libARMavlink/Build/../Includes -I/home/cswiggz/Documents/seniordesign/parrot/out/Unix-base/build/libARMavlink/Build/../Sources  -m64 -L/home/cswiggz/Documents/seniordesign/parrot/out/Unix-base/staging/lib -L/home/cswiggz/Documents/seniordesign/parrot/out/Unix-base/staging/usr/lib -L/home/cswiggz/Documents/seniordesign/parrot/out/Unix-base/staging/lib/x86_64-linux-gnu -L/home/cswiggz/Documents/seniordesign/parrot/out/Unix-base/staging/usr/lib/x86_64-linux-gnu -L/home/cswiggz/Documents/seniordesign/parrot/out/Unix-base/staging/usr/lib -Wl,-rpath-link=/home/cswiggz/Documents/seniordesign/parrot/out/Unix-base/staging/lib -Wl,-rpath-link=/home/cswiggz/Documents/seniordesign/parrot/out/Unix-base/staging/usr/lib -Wl,-rpath-link=/home/cswiggz/Documents/seniordesign/parrot/out/Unix-base/staging/lib/x86_64-linux-gnu -Wl,-rpath-link=/home/cswiggz/Documents/seniordesign/parrot/out/Unix-base/staging/usr/lib/x86_64-linux-gnu -Wl,-rpath-link=/home/cswiggz/Documents/seniordesign/parrot/out/Unix-base/staging/usr/lib  -pthread -lrt  -larsal -Wl,-rpath -Wl,/foo conftest.c  >&5
configure:11681: $? = 0
configure:11915: result: GNU/Linux ld.so
configure:12022: checking how to hardcode library paths into programs
configure:12047: result: immediate
configure:12587: checking whether stripping libraries is possible
configure:12592: result: yes
configure:12627: checking if libtool supports shared libraries
configure:12629: result: yes
configure:12632: checking whether to build shared libraries
configure:12653: result: yes
configure:12656: checking whether to build static libraries
configure:12660: result: yes
configure:12706: checking dependency style of  gcc
configure:12815: result: gcc3
configure:12835: checking for doxygen
configure:12865: result: no
configure:13071: checking for doxygen
configure:13104: result: no
configure:13124: WARNING: doxygen not found - will not generate any doxygen documentation
configure:13177: checking for perl
configure:13195: found /usr/bin/perl
configure:13207: result: /usr/bin/perl
configure:14899: checking for ANSI C header files
configure:15003: result: yes
configure:15013: checking for size_t
configure:15013:  gcc -c -isystem/home/cswiggz/Documents/seniordesign/parrot/out/Unix-base/staging/usr/include -isystem/home/cswiggz/Documents/seniordesign/parrot/out/Unix-base/staging/usr/include/x86_64-linux-gnu  -pipe -g -O2 -ffunction-sections -fno-short-enums -m64 -fPIC -msse -msse2 -mssse3 -DALCHEMY_BUILD  -O3 -I/home/cswiggz/Documents/seniordesign/parrot/out/Unix-base/build/libARMavlink/Build/../Includes -I/home/cswiggz/Documents/seniordesign/parrot/out/Unix-base/build/libARMavlink/Build/../Sources -isystem/home/cswiggz/Documents/seniordesign/parrot/out/Unix-base/staging/usr/include -isystem/home/cswiggz/Documents/seniordesign/parrot/out/Unix-base/staging/usr/include/x86_64-linux-gnu -O3 -I/home/cswiggz/Documents/seniordesign/parrot/out/Unix-base/build/libARMavlink/Build/../Includes -I/home/cswiggz/Documents/seniordesign/parrot/out/Unix-base/build/libARMavlink/Build/../Sources conftest.c >&5
configure:15013: $? = 0
configure:15013:  gcc -c -isystem/home/cswiggz/Documents/seniordesign/parrot/out/Unix-base/staging/usr/include -isystem/home/cswiggz/Documents/seniordesign/parrot/out/Unix-base/staging/usr/include/x86_64-linux-gnu  -pipe -g -O2 -ffunction-sections -fno-short-enums -m64 -fPIC -msse -msse2 -mssse3 -DALCHEMY_BUILD  -O3 -I/home/cswiggz/Documents/seniordesign/parrot/out/Unix-base/build/libARMavlink/Build/../Includes -I/home/cswiggz/Documents/seniordesign/parrot/out/Unix-base/build/libARMavlink/Build/../Sources -isystem/home/cswiggz/Documents/seniordesign/parrot/out/Unix-base/staging/usr/include -isystem/home/cswiggz/Documents/seniordesign/parrot/out/Unix-base/staging/usr/include/x86_64-linux-gnu -O3 -I/home/cswiggz/Documents/seniordesign/parrot/out/Unix-base/build/libARMavlink/Build/../Includes -I/home/cswiggz/Documents/seniordesign/parrot/out/Unix-base/build/libARMavlink/Build/../Sources conftest.c >&5
conftest.c: In function 'main':
conftest.c:65:21: error: expected expression before ')' token
 if (sizeof ((size_t)))
                     ^
configure:15013: $? = 1
configure: failed program was:
| /* confdefs.h */
| #define PACKAGE_NAME "libARMavlink"
| #define PACKAGE_TARNAME "libarmavlink"
| #define PACKAGE_VERSION "3.1.0"
| #define PACKAGE_STRING "libARMavlink 3.1.0"
| #define PACKAGE_BUGREPORT "ardrone@ardrone.org"
| #define PACKAGE_URL ""
| #define PACKAGE "libarmavlink"
| #define VERSION "3.1.0"
| #define NDEBUG /**/
| #define STDC_HEADERS 1
| #define HAVE_SYS_TYPES_H 1
| #define HAVE_SYS_STAT_H 1
| #define HAVE_STDLIB_H 1
| #define HAVE_STRING_H 1
| #define HAVE_MEMORY_H 1
| #define HAVE_STRINGS_H 1
| #define HAVE_INTTYPES_H 1
| #define HAVE_STDINT_H 1
| #define HAVE_UNISTD_H 1
| #define HAVE_LIBARSAL_ARSAL_H 1
| #define HAVE_LIBARSAL 1
| #define HAVE_MAVLINK_COMMON_MAVLINK_H 1
| #define HAVE_MAVLINK 1
| #define HAVE_DLFCN_H 1
| #define LT_OBJDIR ".libs/"
| #define STDC_HEADERS 1
| /* end confdefs.h.  */
| #include <stdio.h>
| #ifdef HAVE_SYS_TYPES_H
| # include <sys/types.h>
| #endif
| #ifdef HAVE_SYS_STAT_H
| # include <sys/stat.h>
| #endif
| #ifdef STDC_HEADERS
| # include <stdlib.h>
| # include <stddef.h>
| #else
| # ifdef HAVE_STDLIB_H
| #  include <stdlib.h>
| # endif
| #endif
| #ifdef HAVE_STRING_H
| # if !defined STDC_HEADERS && defined HAVE_MEMORY_H
| #  include <memory.h>
| # endif
| # include <string.h>
| #endif
| #ifdef HAVE_STRINGS_H
| # include <strings.h>
| #endif
| #ifdef HAVE_INTTYPES_H
| # include <inttypes.h>
| #endif
| #ifdef HAVE_STDINT_H
| # include <stdint.h>
| #endif
| #ifdef HAVE_UNISTD_H
| # include <unistd.h>
| #endif
| int
| main ()
| {
| if (sizeof ((size_t)))
| 	    return 0;
|   ;
|   return 0;
| }
configure:15013: result: yes
configure:15152: checking that generated files are newer than configure
configure:15158: result: done
configure:15293: creating ./config.status

## ---------------------- ##
## Running config.status. ##
## ---------------------- ##

This file was extended by libARMavlink config.status 3.1.0, which was
generated by GNU Autoconf 2.69.  Invocation command line was

  CONFIG_FILES    = 
  CONFIG_HEADERS  = 
  CONFIG_LINKS    = 
  CONFIG_COMMANDS = 
  $ ./config.status --quiet

on bandit1

config.status:1160: creating Makefile
config.status:1160: creating config.h
config.status:1374: executing depfiles commands
config.status:1374: executing libtool commands

## ---------------- ##
## Cache variables. ##
## ---------------- ##

ac_cv_build=x86_64-unknown-linux-gnu
ac_cv_c_compiler_gnu=yes
ac_cv_env_CCASFLAGS_set=
ac_cv_env_CCASFLAGS_value=
ac_cv_env_CCAS_set=
ac_cv_env_CCAS_value=
ac_cv_env_CC_set=set
ac_cv_env_CC_value=' gcc'
ac_cv_env_CFLAGS_set=set
ac_cv_env_CFLAGS_value='-isystem/home/cswiggz/Documents/seniordesign/parrot/out/Unix-base/staging/usr/include -isystem/home/cswiggz/Documents/seniordesign/parrot/out/Unix-base/staging/usr/include/x86_64-linux-gnu  -pipe -g -O2 -ffunction-sections -fno-short-enums -m64 -fPIC -msse -msse2 -mssse3 -DALCHEMY_BUILD '
ac_cv_env_CPPFLAGS_set=set
ac_cv_env_CPPFLAGS_value='-isystem/home/cswiggz/Documents/seniordesign/parrot/out/Unix-base/staging/usr/include -isystem/home/cswiggz/Documents/seniordesign/parrot/out/Unix-base/staging/usr/include/x86_64-linux-gnu'
ac_cv_env_CPP_set=set
ac_cv_env_CPP_value=cpp
ac_cv_env_DOXYGEN_PAPER_SIZE_set=
ac_cv_env_DOXYGEN_PAPER_SIZE_value=
ac_cv_env_LDFLAGS_set=set
ac_cv_env_LDFLAGS_value=' -m64 -L/home/cswiggz/Documents/seniordesign/parrot/out/Unix-base/staging/lib -L/home/cswiggz/Documents/seniordesign/parrot/out/Unix-base/staging/usr/lib -L/home/cswiggz/Documents/seniordesign/parrot/out/Unix-base/staging/lib/x86_64-linux-gnu -L/home/cswiggz/Documents/seniordesign/parrot/out/Unix-base/staging/usr/lib/x86_64-linux-gnu -L/home/cswiggz/Documents/seniordesign/parrot/out/Unix-base/staging/usr/lib -Wl,-rpath-link=/home/cswiggz/Documents/seniordesign/parrot/out/Unix-base/staging/lib -Wl,-rpath-link=/home/cswiggz/Documents/seniordesign/parrot/out/Unix-base/staging/usr/lib -Wl,-rpath-link=/home/cswiggz/Documents/seniordesign/parrot/out/Unix-base/staging/lib/x86_64-linux-gnu -Wl,-rpath-link=/home/cswiggz/Documents/seniordesign/parrot/out/Unix-base/staging/usr/lib/x86_64-linux-gnu -Wl,-rpath-link=/home/cswiggz/Documents/seniordesign/parrot/out/Unix-base/staging/usr/lib  -pthread -lrt '
ac_cv_env_LIBS_set=
ac_cv_env_LIBS_value=
ac_cv_env_build_alias_set=
ac_cv_env_build_alias_value=
ac_cv_env_host_alias_set=
ac_cv_env_host_alias_value=
ac_cv_env_target_alias_set=
ac_cv_env_target_alias_value=
ac_cv_header_dlfcn_h=yes
ac_cv_header_inttypes_h=yes
ac_cv_header_libARSAL_ARSAL_h=yes
ac_cv_header_mavlink_common_mavlink_h=yes
ac_cv_header_memory_h=yes
ac_cv_header_stdc=yes
ac_cv_header_stdint_h=yes
ac_cv_header_stdlib_h=yes
ac_cv_header_string_h=yes
ac_cv_header_strings_h=yes
ac_cv_header_sys_stat_h=yes
ac_cv_header_sys_types_h=yes
ac_cv_header_unistd_h=yes
ac_cv_host=x86_64-unknown-linux-gnu
ac_cv_objext=o
ac_cv_path_EGREP='/bin/grep -E'
ac_cv_path_FGREP='/bin/grep -F'
ac_cv_path_GREP=/bin/grep
ac_cv_path_SED=/bin/sed
ac_cv_path_ac_pt_DX_PERL=/usr/bin/perl
ac_cv_path_mkdir=/bin/mkdir
ac_cv_prog_AWK=mawk
ac_cv_prog_CPP=cpp
ac_cv_prog_YACC=
ac_cv_prog_ac_ct_CC=' gcc'
ac_cv_prog_ac_ct_MANIFEST_TOOL=:
ac_cv_prog_ac_ct_OBJDUMP=objdump
ac_cv_prog_ac_ct_RANLIB=ranlib
ac_cv_prog_ac_ct_STRIP=strip
ac_cv_prog_cc_c89=
ac_cv_prog_cc_g=yes
ac_cv_prog_make_make_set=yes
ac_cv_type_size_t=yes
am_cv_CCAS_dependencies_compiler_type=gcc3
am_cv_CC_dependencies_compiler_type=gcc3
am_cv_make_support_nested_variables=yes
am_cv_prog_cc_c_o=yes
lt_cv_ar_at_file=@
lt_cv_archive_cmds_need_lc=no
lt_cv_deplibs_check_method=pass_all
lt_cv_file_magic_cmd='$MAGIC_CMD'
lt_cv_file_magic_test_file=
lt_cv_ld_reload_flag=-r
lt_cv_nm_interface='BSD nm'
lt_cv_objdir=.libs
lt_cv_path_LD=ld
lt_cv_path_NM=nm
lt_cv_path_mainfest_tool=no
lt_cv_prog_compiler_c_o=yes
lt_cv_prog_compiler_pic='-fPIC -DPIC'
lt_cv_prog_compiler_pic_works=yes
lt_cv_prog_compiler_rtti_exceptions=no
lt_cv_prog_compiler_static_works=yes
lt_cv_prog_gnu_ld=yes
lt_cv_sharedlib_from_linklib_cmd='printf %s\n'
lt_cv_shlibpath_overrides_runpath=no
lt_cv_sys_global_symbol_pipe='sed -n -e '\''s/^.*[	 ]\([ABCDGIRSTW][ABCDGIRSTW]*\)[	 ][	 ]*\([_A-Za-z][_A-Za-z0-9]*\)$/\1 \2 \2/p'\'' | sed '\''/ __gnu_lto/d'\'''
lt_cv_sys_global_symbol_to_c_name_address='sed -n -e '\''s/^: \([^ ]*\)[ ]*$/  {\"\1\", (void *) 0},/p'\'' -e '\''s/^[ABCDGIRSTW]* \([^ ]*\) \([^ ]*\)$/  {"\2", (void *) \&\2},/p'\'''
lt_cv_sys_global_symbol_to_c_name_address_lib_prefix='sed -n -e '\''s/^: \([^ ]*\)[ ]*$/  {\"\1\", (void *) 0},/p'\'' -e '\''s/^[ABCDGIRSTW]* \([^ ]*\) \(lib[^ ]*\)$/  {"\2", (void *) \&\2},/p'\'' -e '\''s/^[ABCDGIRSTW]* \([^ ]*\) \([^ ]*\)$/  {"lib\2", (void *) \&\2},/p'\'''
lt_cv_sys_global_symbol_to_cdecl='sed -n -e '\''s/^T .* \(.*\)$/extern int \1();/p'\'' -e '\''s/^[ABCDGIRSTW]* .* \(.*\)$/extern char \1;/p'\'''
lt_cv_sys_max_cmd_len=1572864
lt_cv_to_host_file_cmd=func_convert_file_noop
lt_cv_to_tool_file_cmd=func_convert_file_noop

## ----------------- ##
## Output variables. ##
## ----------------- ##

ACLOCAL='${SHELL} /home/cswiggz/Documents/seniordesign/parrot/out/Unix-base/build/libARMavlink/Build/config/missing aclocal-1.15'
AMDEPBACKSLASH='\'
AMDEP_FALSE='#'
AMDEP_TRUE=''
AMTAR='$${TAR-tar}'
AM_BACKSLASH='\'
AM_DEFAULT_V='$(AM_DEFAULT_VERBOSITY)'
AM_DEFAULT_VERBOSITY='0'
AM_V='$(V)'
AR='ar'
AUTOCONF='${SHELL} /home/cswiggz/Documents/seniordesign/parrot/out/Unix-base/build/libARMavlink/Build/config/missing autoconf'
AUTOHEADER='${SHELL} /home/cswiggz/Documents/seniordesign/parrot/out/Unix-base/build/libARMavlink/Build/config/missing autoheader'
AUTOMAKE='${SHELL} /home/cswiggz/Documents/seniordesign/parrot/out/Unix-base/build/libARMavlink/Build/config/missing automake-1.15'
AWK='mawk'
CC=' gcc'
CCAS=' gcc'
CCASDEPMODE='depmode=gcc3'
CCASFLAGS=' -O3 -I/home/cswiggz/Documents/seniordesign/parrot/out/Unix-base/build/libARMavlink/Build/../Includes -I/home/cswiggz/Documents/seniordesign/parrot/out/Unix-base/build/libARMavlink/Build/../Sources'
CCDEPMODE='depmode=gcc3'
CFLAGS='-isystem/home/cswiggz/Documents/seniordesign/parrot/out/Unix-base/staging/usr/include -isystem/home/cswiggz/Documents/seniordesign/parrot/out/Unix-base/staging/usr/include/x86_64-linux-gnu  -pipe -g -O2 -ffunction-sections -fno-short-enums -m64 -fPIC -msse -msse2 -mssse3 -DALCHEMY_BUILD  -O3 -I/home/cswiggz/Documents/seniordesign/parrot/out/Unix-base/build/libARMavlink/Build/../Includes -I/home/cswiggz/Documents/seniordesign/parrot/out/Unix-base/build/libARMavlink/Build/../Sources'
CPP='cpp'
CPPFLAGS='-isystem/home/cswiggz/Documents/seniordesign/parrot/out/Unix-base/staging/usr/include -isystem/home/cswiggz/Documents/seniordesign/parrot/out/Unix-base/staging/usr/include/x86_64-linux-gnu -O3 -I/home/cswiggz/Documents/seniordesign/parrot/out/Unix-base/build/libARMavlink/Build/../Includes -I/home/cswiggz/Documents/seniordesign/parrot/out/Unix-base/build/libARMavlink/Build/../Sources'
CYGPATH_W='echo'
DEBUG_MODE_FALSE=''
DEBUG_MODE_TRUE='#'
DEFS='-DHAVE_CONFIG_H'
DEPDIR='.deps'
DLLTOOL='false'
DOXYGEN=''
DOXYGEN_PAPER_SIZE=''
DSYMUTIL=''
DUMPBIN=''
DX_COND_chi_FALSE=''
DX_COND_chi_TRUE='#'
DX_COND_chm_FALSE=''
DX_COND_chm_TRUE='#'
DX_COND_doc_FALSE=''
DX_COND_doc_TRUE='#'
DX_COND_dot_FALSE=''
DX_COND_dot_TRUE='#'
DX_COND_html_FALSE=''
DX_COND_html_TRUE='#'
DX_COND_latex_FALSE=''
DX_COND_latex_TRUE='#'
DX_COND_man_FALSE=''
DX_COND_man_TRUE='#'
DX_COND_pdf_FALSE=''
DX_COND_pdf_TRUE='#'
DX_COND_ps_FALSE=''
DX_COND_ps_TRUE='#'
DX_COND_rtf_FALSE=''
DX_COND_rtf_TRUE='#'
DX_COND_xml_FALSE=''
DX_COND_xml_TRUE='#'
DX_CONFIG='doxygen.cfg'
DX_DOCDIR='/home/cswiggz/Documents/seniordesign/parrot/out/Unix-base/build/libARMavlink/Build/../Doc'
DX_DOT=''
DX_DOXYGEN=''
DX_DVIPS=''
DX_EGREP=''
DX_ENV=' SRCDIR='\''/home/cswiggz/Documents/seniordesign/parrot/out/Unix-base/build/libARMavlink/Build'\'' PROJECT='\''libARMavlink'\'' DOCDIR='\''/home/cswiggz/Documents/seniordesign/parrot/out/Unix-base/build/libARMavlink/Build/../Doc'\'' VERSION='\''3.1.0'\'' HAVE_DOT='\''NO'\'' GENERATE_MAN='\''NO'\'' GENERATE_RTF='\''NO'\'' GENERATE_XML='\''NO'\'' GENERATE_HTMLHELP='\''NO'\'' GENERATE_CHI='\''NO'\'' GENERATE_HTML='\''NO'\'' GENERATE_LATEX='\''NO'\'''
DX_FLAG_chi='0'
DX_FLAG_chm='0'
DX_FLAG_doc='0'
DX_FLAG_dot='0'
DX_FLAG_html='0'
DX_FLAG_man='0'
DX_FLAG_pdf='0'
DX_FLAG_ps='0'
DX_FLAG_rtf='0'
DX_FLAG_xml='0'
DX_HHC=''
DX_LATEX=''
DX_MAKEINDEX=''
DX_PDFLATEX=''
DX_PERL='/usr/bin/perl'
DX_PROJECT='libARMavlink'
ECHO_C=''
ECHO_N='-n'
ECHO_T=''
EGREP='/bin/grep -E'
EXEEXT=''
FGREP='/bin/grep -F'
GREP='/bin/grep'
HAVE_DOXYGEN_FALSE=''
HAVE_DOXYGEN_TRUE='#'
HAVE_LIBARSAL_FALSE='#'
HAVE_LIBARSAL_TRUE=''
HAVE_MAVLINK_FALSE='#'
HAVE_MAVLINK_TRUE=''
INSTALL_DATA='${INSTALL} -m 644'
INSTALL_PROGRAM='${INSTALL}'
INSTALL_SCRIPT='${INSTALL}'
INSTALL_STRIP_PROGRAM='$(install_sh) -c -s'
LD='ld -m elf_x86_64'
LDFLAGS=' -m64 -L/home/cswiggz/Documents/seniordesign/parrot/out/Unix-base/staging/lib -L/home/cswiggz/Documents/seniordesign/parrot/out/Unix-base/staging/usr/lib -L/home/cswiggz/Documents/seniordesign/parrot/out/Unix-base/staging/lib/x86_64-linux-gnu -L/home/cswiggz/Documents/seniordesign/parrot/out/Unix-base/staging/usr/lib/x86_64-linux-gnu -L/home/cswiggz/Documents/seniordesign/parrot/out/Unix-base/staging/usr/lib -Wl,-rpath-link=/home/cswiggz/Documents/seniordesign/parrot/out/Unix-base/staging/lib -Wl,-rpath-link=/home/cswiggz/Documents/seniordesign/parrot/out/Unix-base/staging/usr/lib -Wl,-rpath-link=/home/cswiggz/Documents/seniordesign/parrot/out/Unix-base/staging/lib/x86_64-linux-gnu -Wl,-rpath-link=/home/cswiggz/Documents/seniordesign/parrot/out/Unix-base/staging/usr/lib/x86_64-linux-gnu -Wl,-rpath-link=/home/cswiggz/Documents/seniordesign/parrot/out/Unix-base/staging/usr/lib  -pthread -lrt  -larsal -release 3.1.0'
LIBOBJS=''
LIBS=''
LIBTOOL='$(SHELL) $(top_builddir)/libtool'
LIPO=''
LN_S='ln -s'
LTLIBOBJS=''
MAKEINFO='${SHELL} /home/cswiggz/Documents/seniordesign/parrot/out/Unix-base/build/libARMavlink/Build/config/missing makeinfo'
MANIFEST_TOOL=':'
MKDIR_P='/bin/mkdir -p'
NM='nm'
NMEDIT=''
OBJDUMP='objdump'
OBJEXT='o'
OTOOL64=''
OTOOL=''
PACKAGE='libarmavlink'
PACKAGE_BUGREPORT='ardrone@ardrone.org'
PACKAGE_NAME='libARMavlink'
PACKAGE_STRING='libARMavlink 3.1.0'
PACKAGE_TARNAME='libarmavlink'
PACKAGE_URL=''
PACKAGE_VERSION='3.1.0'
PATH_SEPARATOR=':'
RANLIB='ranlib'
SED='/bin/sed'
SET_MAKE=''
SHELL='/bin/bash'
STRIP='strip'
VERSION='3.1.0'
ac_ct_AR=''
ac_ct_CC=' gcc'
ac_ct_DUMPBIN=''
am__EXEEXT_FALSE=''
am__EXEEXT_TRUE='#'
am__fastdepCCAS_FALSE='#'
am__fastdepCCAS_TRUE=''
am__fastdepCC_FALSE='#'
am__fastdepCC_TRUE=''
am__include='include'
am__isrc=' -I$(srcdir)'
am__leading_dot='.'
am__nodep='_no'
am__quote=''
am__tar='$${TAR-tar} chof - "$$tardir"'
am__untar='$${TAR-tar} xf -'
bindir='${exec_prefix}/bin'
build='x86_64-unknown-linux-gnu'
build_alias=''
build_cpu='x86_64'
build_os='linux-gnu'
build_vendor='unknown'
datadir='${datarootdir}'
datarootdir='${prefix}/share'
docdir='${datarootdir}/doc/${PACKAGE_TARNAME}'
dvidir='${docdir}'
exec_prefix='${prefix}'
host='x86_64-unknown-linux-gnu'
host_alias=''
host_cpu='x86_64'
host_os='linux-gnu'
host_vendor='unknown'
htmldir='${docdir}'
includedir='${prefix}/include'
infodir='${datarootdir}/info'
install_sh='${SHELL} /home/cswiggz/Documents/seniordesign/parrot/out/Unix-base/build/libARMavlink/Build/config/install-sh'
libdir='${exec_prefix}/lib'
libexecdir='${exec_prefix}/libexec'
localedir='${datarootdir}/locale'
localstatedir='${prefix}/var'
mandir='${datarootdir}/man'
mkdir_p='$(MKDIR_P)'
oldincludedir='/usr/include'
pdfdir='${docdir}'
prefix='/home/cswiggz/Documents/seniordesign/parrot/out/Unix-base/staging/usr'
program_transform_name='s,x,x,'
psdir='${docdir}'
sbindir='${exec_prefix}/sbin'
sharedstatedir='${prefix}/com'
sysconfdir='/home/cswiggz/Documents/seniordesign/parrot/out/Unix-base/staging/etc'
target_alias=''

## ----------- ##
## confdefs.h. ##
## ----------- ##

/* confdefs.h */
#define PACKAGE_NAME "libARMavlink"
#define PACKAGE_TARNAME "libarmavlink"
#define PACKAGE_VERSION "3.1.0"
#define PACKAGE_STRING "libARMavlink 3.1.0"
#define PACKAGE_BUGREPORT "ardrone@ardrone.org"
#define PACKAGE_URL ""
#define PACKAGE "libarmavlink"
#define VERSION "3.1.0"
#define NDEBUG /**/
#define STDC_HEADERS 1
#define HAVE_SYS_TYPES_H 1
#define HAVE_SYS_STAT_H 1
#define HAVE_STDLIB_H 1
#define HAVE_STRING_H 1
#define HAVE_MEMORY_H 1
#define HAVE_STRINGS_H 1
#define HAVE_INTTYPES_H 1
#define HAVE_STDINT_H 1
#define HAVE_UNISTD_H 1
#define HAVE_LIBARSAL_ARSAL_H 1
#define HAVE_LIBARSAL 1
#define HAVE_MAVLINK_COMMON_MAVLINK_H 1
#define HAVE_MAVLINK 1
#define HAVE_DLFCN_H 1
#define LT_OBJDIR ".libs/"
#define STDC_HEADERS 1

configure: exit 0
