This file contains any messages produced by compilers while
running configure, to aid debugging if configure makes a mistake.

It was created by libARUtils configure 3.1.0, which was
generated by GNU Autoconf 2.69.  Invocation command line was

  $ /home/cswiggz/Documents/seniordesign/parrot/out/Unix-base/build/libARUtils/Build/configure --prefix=/home/cswiggz/Documents/seniordesign/parrot/out/Unix-base/staging/usr --sysconfdir=/home/cswiggz/Documents/seniordesign/parrot/out/Unix-base/staging/etc ac_cv_prog_YACC= --disable-maintainer-mode --disable-nls --disable-gtk-doc --disable-gtk-doc-html --disable-doxygen-docs --disable-doc --disable-docs --disable-documentation --disable-option-checking --quiet --enable-silent-rules --with-libARSALInstallDir= --with-libCurlInstallDir= LIBS= -lm

## --------- ##
## Platform. ##
## --------- ##

hostname = bandit1
uname -m = x86_64
uname -r = 4.2.0-23-generic
uname -s = Linux
uname -v = #28-Ubuntu SMP Sun Dec 27 17:47:31 UTC 2015

/usr/bin/uname -p = unknown
/bin/uname -X     = unknown

/bin/arch              = unknown
/usr/bin/arch -k       = unknown
/usr/convex/getsysinfo = unknown
/usr/bin/hostinfo      = unknown
/bin/machine           = unknown
/usr/bin/oslevel       = unknown
/bin/universe          = unknown

PATH: /home/cswiggz/Documents/seniordesign/parrot/out/Unix-base/staging-host/bin
PATH: /home/cswiggz/Documents/seniordesign/parrot/out/Unix-base/staging-host/usr/bin
PATH: /usr/local/sbin
PATH: /usr/local/bin
PATH: /usr/sbin
PATH: /usr/bin
PATH: /sbin
PATH: /bin
PATH: /usr/games
PATH: /usr/local/games


## ----------- ##
## Core tests. ##
## ----------- ##

configure:2602: checking for a BSD-compatible install
configure:2670: result: /usr/bin/install -p
configure:2681: checking whether build environment is sane
configure:2736: result: yes
configure:2887: checking for a thread-safe mkdir -p
configure:2926: result: /bin/mkdir -p
configure:2933: checking for gawk
configure:2963: result: no
configure:2933: checking for mawk
configure:2949: found /usr/bin/mawk
configure:2960: result: mawk
configure:2971: checking whether make sets $(MAKE)
configure:2993: result: yes
configure:3022: checking whether make supports nested variables
configure:3039: result: yes
configure:3177: checking whether to build with debug information
configure:3186: result: no
configure:3213: checking whether to put version number in .so files
configure:3222: result: yes
configure:3250: checking for style of include used by make
configure:3278: result: GNU
configure:3349: checking for gcc
configure:3376: result:  gcc
configure:3605: checking for C compiler version
configure:3614:  gcc --version >&5
gcc (Ubuntu 5.2.1-22ubuntu2) 5.2.1 20151010
Copyright (C) 2015 Free Software Foundation, Inc.
This is free software; see the source for copying conditions.  There is NO
warranty; not even for MERCHANTABILITY or FITNESS FOR A PARTICULAR PURPOSE.

configure:3625: $? = 0
configure:3614:  gcc -v >&5
Using built-in specs.
COLLECT_GCC=gcc
COLLECT_LTO_WRAPPER=/usr/lib/gcc/x86_64-linux-gnu/5/lto-wrapper
Target: x86_64-linux-gnu
Configured with: ../src/configure -v --with-pkgversion='Ubuntu 5.2.1-22ubuntu2' --with-bugurl=file:///usr/share/doc/gcc-5/README.Bugs --enable-languages=c,ada,c++,java,go,d,fortran,objc,obj-c++ --prefix=/usr --program-suffix=-5 --enable-shared --enable-linker-build-id --libexecdir=/usr/lib --without-included-gettext --enable-threads=posix --libdir=/usr/lib --enable-nls --with-sysroot=/ --enable-clocale=gnu --enable-libstdcxx-debug --enable-libstdcxx-time=yes --with-default-libstdcxx-abi=new --enable-gnu-unique-object --disable-vtable-verify --enable-libmpx --enable-plugin --with-system-zlib --disable-browser-plugin --enable-java-awt=gtk --enable-gtk-cairo --with-java-home=/usr/lib/jvm/java-1.5.0-gcj-5-amd64/jre --enable-java-home --with-jvm-root-dir=/usr/lib/jvm/java-1.5.0-gcj-5-amd64 --with-jvm-jar-dir=/usr/lib/jvm-exports/java-1.5.0-gcj-5-amd64 --with-arch-directory=amd64 --with-ecj-jar=/usr/share/java/eclipse-ecj.jar --enable-objc-gc --enable-multiarch --disable-werror --with-arch-32=i686 --with-abi=m64 --with-multilib-list=m32,m64,mx32 --enable-multilib --with-tune=generic --enable-checking=release --build=x86_64-linux-gnu --host=x86_64-linux-gnu --target=x86_64-linux-gnu
Thread model: posix
gcc version 5.2.1 20151010 (Ubuntu 5.2.1-22ubuntu2) 
configure:3625: $? = 0
configure:3614:  gcc -V >&5
gcc: error: unrecognized command line option '-V'
gcc: fatal error: no input files
compilation terminated.
configure:3625: $? = 1
configure:3614:  gcc -qversion >&5
gcc: error: unrecognized command line option '-qversion'
gcc: fatal error: no input files
compilation terminated.
configure:3625: $? = 1
configure:3645: checking whether the C compiler works
configure:3667:  gcc -isystem/home/cswiggz/Documents/seniordesign/parrot/out/Unix-base/staging/usr/include -isystem/home/cswiggz/Documents/seniordesign/parrot/out/Unix-base/staging/usr/include/x86_64-linux-gnu  -pipe -g -O2 -ffunction-sections -fno-short-enums -m64 -fPIC -msse -msse2 -mssse3 -DALCHEMY_BUILD  -O3 -I/home/cswiggz/Documents/seniordesign/parrot/out/Unix-base/build/libARUtils/Build/../Includes -I/home/cswiggz/Documents/seniordesign/parrot/out/Unix-base/build/libARUtils/Build/../Sources -isystem/home/cswiggz/Documents/seniordesign/parrot/out/Unix-base/staging/usr/include -isystem/home/cswiggz/Documents/seniordesign/parrot/out/Unix-base/staging/usr/include/x86_64-linux-gnu -O3 -I/home/cswiggz/Documents/seniordesign/parrot/out/Unix-base/build/libARUtils/Build/../Includes -I/home/cswiggz/Documents/seniordesign/parrot/out/Unix-base/build/libARUtils/Build/../Sources  -m64 -L/home/cswiggz/Documents/seniordesign/parrot/out/Unix-base/staging/lib -L/home/cswiggz/Documents/seniordesign/parrot/out/Unix-base/staging/usr/lib -L/home/cswiggz/Documents/seniordesign/parrot/out/Unix-base/staging/lib/x86_64-linux-gnu -L/home/cswiggz/Documents/seniordesign/parrot/out/Unix-base/staging/usr/lib/x86_64-linux-gnu -L/home/cswiggz/Documents/seniordesign/parrot/out/Unix-base/staging/usr/lib -Wl,-rpath-link=/home/cswiggz/Documents/seniordesign/parrot/out/Unix-base/staging/lib -Wl,-rpath-link=/home/cswiggz/Documents/seniordesign/parrot/out/Unix-base/staging/usr/lib -Wl,-rpath-link=/home/cswiggz/Documents/seniordesign/parrot/out/Unix-base/staging/lib/x86_64-linux-gnu -Wl,-rpath-link=/home/cswiggz/Documents/seniordesign/parrot/out/Unix-base/staging/usr/lib/x86_64-linux-gnu -Wl,-rpath-link=/home/cswiggz/Documents/seniordesign/parrot/out/Unix-base/staging/usr/lib  -pthread -lrt  conftest.c  -lm >&5
configure:3671: $? = 0
configure:3719: result: yes
configure:3722: checking for C compiler default output file name
configure:3724: result: a.out
configure:3730: checking for suffix of executables
configure:3737:  gcc -o conftest -isystem/home/cswiggz/Documents/seniordesign/parrot/out/Unix-base/staging/usr/include -isystem/home/cswiggz/Documents/seniordesign/parrot/out/Unix-base/staging/usr/include/x86_64-linux-gnu  -pipe -g -O2 -ffunction-sections -fno-short-enums -m64 -fPIC -msse -msse2 -mssse3 -DALCHEMY_BUILD  -O3 -I/home/cswiggz/Documents/seniordesign/parrot/out/Unix-base/build/libARUtils/Build/../Includes -I/home/cswiggz/Documents/seniordesign/parrot/out/Unix-base/build/libARUtils/Build/../Sources -isystem/home/cswiggz/Documents/seniordesign/parrot/out/Unix-base/staging/usr/include -isystem/home/cswiggz/Documents/seniordesign/parrot/out/Unix-base/staging/usr/include/x86_64-linux-gnu -O3 -I/home/cswiggz/Documents/seniordesign/parrot/out/Unix-base/build/libARUtils/Build/../Includes -I/home/cswiggz/Documents/seniordesign/parrot/out/Unix-base/build/libARUtils/Build/../Sources  -m64 -L/home/cswiggz/Documents/seniordesign/parrot/out/Unix-base/staging/lib -L/home/cswiggz/Documents/seniordesign/parrot/out/Unix-base/staging/usr/lib -L/home/cswiggz/Documents/seniordesign/parrot/out/Unix-base/staging/lib/x86_64-linux-gnu -L/home/cswiggz/Documents/seniordesign/parrot/out/Unix-base/staging/usr/lib/x86_64-linux-gnu -L/home/cswiggz/Documents/seniordesign/parrot/out/Unix-base/staging/usr/lib -Wl,-rpath-link=/home/cswiggz/Documents/seniordesign/parrot/out/Unix-base/staging/lib -Wl,-rpath-link=/home/cswiggz/Documents/seniordesign/parrot/out/Unix-base/staging/usr/lib -Wl,-rpath-link=/home/cswiggz/Documents/seniordesign/parrot/out/Unix-base/staging/lib/x86_64-linux-gnu -Wl,-rpath-link=/home/cswiggz/Documents/seniordesign/parrot/out/Unix-base/staging/usr/lib/x86_64-linux-gnu -Wl,-rpath-link=/home/cswiggz/Documents/seniordesign/parrot/out/Unix-base/staging/usr/lib  -pthread -lrt  conftest.c  -lm >&5
configure:3741: $? = 0
configure:3763: result: 
configure:3785: checking whether we are cross compiling
configure:3793:  gcc -o conftest -isystem/home/cswiggz/Documents/seniordesign/parrot/out/Unix-base/staging/usr/include -isystem/home/cswiggz/Documents/seniordesign/parrot/out/Unix-base/staging/usr/include/x86_64-linux-gnu  -pipe -g -O2 -ffunction-sections -fno-short-enums -m64 -fPIC -msse -msse2 -mssse3 -DALCHEMY_BUILD  -O3 -I/home/cswiggz/Documents/seniordesign/parrot/out/Unix-base/build/libARUtils/Build/../Includes -I/home/cswiggz/Documents/seniordesign/parrot/out/Unix-base/build/libARUtils/Build/../Sources -isystem/home/cswiggz/Documents/seniordesign/parrot/out/Unix-base/staging/usr/include -isystem/home/cswiggz/Documents/seniordesign/parrot/out/Unix-base/staging/usr/include/x86_64-linux-gnu -O3 -I/home/cswiggz/Documents/seniordesign/parrot/out/Unix-base/build/libARUtils/Build/../Includes -I/home/cswiggz/Documents/seniordesign/parrot/out/Unix-base/build/libARUtils/Build/../Sources  -m64 -L/home/cswiggz/Documents/seniordesign/parrot/out/Unix-base/staging/lib -L/home/cswiggz/Documents/seniordesign/parrot/out/Unix-base/staging/usr/lib -L/home/cswiggz/Documents/seniordesign/parrot/out/Unix-base/staging/lib/x86_64-linux-gnu -L/home/cswiggz/Documents/seniordesign/parrot/out/Unix-base/staging/usr/lib/x86_64-linux-gnu -L/home/cswiggz/Documents/seniordesign/parrot/out/Unix-base/staging/usr/lib -Wl,-rpath-link=/home/cswiggz/Documents/seniordesign/parrot/out/Unix-base/staging/lib -Wl,-rpath-link=/home/cswiggz/Documents/seniordesign/parrot/out/Unix-base/staging/usr/lib -Wl,-rpath-link=/home/cswiggz/Documents/seniordesign/parrot/out/Unix-base/staging/lib/x86_64-linux-gnu -Wl,-rpath-link=/home/cswiggz/Documents/seniordesign/parrot/out/Unix-base/staging/usr/lib/x86_64-linux-gnu -Wl,-rpath-link=/home/cswiggz/Documents/seniordesign/parrot/out/Unix-base/staging/usr/lib  -pthread -lrt  conftest.c  -lm >&5
configure:3797: $? = 0
configure:3804: ./conftest
configure:3808: $? = 0
configure:3823: result: no
configure:3828: checking for suffix of object files
configure:3850:  gcc -c -isystem/home/cswiggz/Documents/seniordesign/parrot/out/Unix-base/staging/usr/include -isystem/home/cswiggz/Documents/seniordesign/parrot/out/Unix-base/staging/usr/include/x86_64-linux-gnu  -pipe -g -O2 -ffunction-sections -fno-short-enums -m64 -fPIC -msse -msse2 -mssse3 -DALCHEMY_BUILD  -O3 -I/home/cswiggz/Documents/seniordesign/parrot/out/Unix-base/build/libARUtils/Build/../Includes -I/home/cswiggz/Documents/seniordesign/parrot/out/Unix-base/build/libARUtils/Build/../Sources -isystem/home/cswiggz/Documents/seniordesign/parrot/out/Unix-base/staging/usr/include -isystem/home/cswiggz/Documents/seniordesign/parrot/out/Unix-base/staging/usr/include/x86_64-linux-gnu -O3 -I/home/cswiggz/Documents/seniordesign/parrot/out/Unix-base/build/libARUtils/Build/../Includes -I/home/cswiggz/Documents/seniordesign/parrot/out/Unix-base/build/libARUtils/Build/../Sources conftest.c >&5
configure:3854: $? = 0
configure:3875: result: o
configure:3879: checking whether we are using the GNU C compiler
configure:3898:  gcc -c -isystem/home/cswiggz/Documents/seniordesign/parrot/out/Unix-base/staging/usr/include -isystem/home/cswiggz/Documents/seniordesign/parrot/out/Unix-base/staging/usr/include/x86_64-linux-gnu  -pipe -g -O2 -ffunction-sections -fno-short-enums -m64 -fPIC -msse -msse2 -mssse3 -DALCHEMY_BUILD  -O3 -I/home/cswiggz/Documents/seniordesign/parrot/out/Unix-base/build/libARUtils/Build/../Includes -I/home/cswiggz/Documents/seniordesign/parrot/out/Unix-base/build/libARUtils/Build/../Sources -isystem/home/cswiggz/Documents/seniordesign/parrot/out/Unix-base/staging/usr/include -isystem/home/cswiggz/Documents/seniordesign/parrot/out/Unix-base/staging/usr/include/x86_64-linux-gnu -O3 -I/home/cswiggz/Documents/seniordesign/parrot/out/Unix-base/build/libARUtils/Build/../Includes -I/home/cswiggz/Documents/seniordesign/parrot/out/Unix-base/build/libARUtils/Build/../Sources conftest.c >&5
configure:3898: $? = 0
configure:3907: result: yes
configure:3916: checking whether  gcc accepts -g
configure:3936:  gcc -c -g -isystem/home/cswiggz/Documents/seniordesign/parrot/out/Unix-base/staging/usr/include -isystem/home/cswiggz/Documents/seniordesign/parrot/out/Unix-base/staging/usr/include/x86_64-linux-gnu -O3 -I/home/cswiggz/Documents/seniordesign/parrot/out/Unix-base/build/libARUtils/Build/../Includes -I/home/cswiggz/Documents/seniordesign/parrot/out/Unix-base/build/libARUtils/Build/../Sources conftest.c >&5
configure:3936: $? = 0
configure:3977: result: yes
configure:3994: checking for  gcc option to accept ISO C89
configure:4057:  gcc  -c -isystem/home/cswiggz/Documents/seniordesign/parrot/out/Unix-base/staging/usr/include -isystem/home/cswiggz/Documents/seniordesign/parrot/out/Unix-base/staging/usr/include/x86_64-linux-gnu  -pipe -g -O2 -ffunction-sections -fno-short-enums -m64 -fPIC -msse -msse2 -mssse3 -DALCHEMY_BUILD  -O3 -I/home/cswiggz/Documents/seniordesign/parrot/out/Unix-base/build/libARUtils/Build/../Includes -I/home/cswiggz/Documents/seniordesign/parrot/out/Unix-base/build/libARUtils/Build/../Sources -isystem/home/cswiggz/Documents/seniordesign/parrot/out/Unix-base/staging/usr/include -isystem/home/cswiggz/Documents/seniordesign/parrot/out/Unix-base/staging/usr/include/x86_64-linux-gnu -O3 -I/home/cswiggz/Documents/seniordesign/parrot/out/Unix-base/build/libARUtils/Build/../Includes -I/home/cswiggz/Documents/seniordesign/parrot/out/Unix-base/build/libARUtils/Build/../Sources conftest.c >&5
configure:4057: $? = 0
configure:4070: result: none needed
configure:4095: checking whether  gcc understands -c and -o together
configure:4117:  gcc -c conftest.c -o conftest2.o
configure:4120: $? = 0
configure:4117:  gcc -c conftest.c -o conftest2.o
configure:4120: $? = 0
configure:4132: result: yes
configure:4151: checking dependency style of  gcc
configure:4262: result: gcc3
configure:4283: checking how to run the C preprocessor
configure:4353: result: cpp
configure:4373: cpp -isystem/home/cswiggz/Documents/seniordesign/parrot/out/Unix-base/staging/usr/include -isystem/home/cswiggz/Documents/seniordesign/parrot/out/Unix-base/staging/usr/include/x86_64-linux-gnu -O3 -I/home/cswiggz/Documents/seniordesign/parrot/out/Unix-base/build/libARUtils/Build/../Includes -I/home/cswiggz/Documents/seniordesign/parrot/out/Unix-base/build/libARUtils/Build/../Sources conftest.c
configure:4373: $? = 0
configure:4387: cpp -isystem/home/cswiggz/Documents/seniordesign/parrot/out/Unix-base/staging/usr/include -isystem/home/cswiggz/Documents/seniordesign/parrot/out/Unix-base/staging/usr/include/x86_64-linux-gnu -O3 -I/home/cswiggz/Documents/seniordesign/parrot/out/Unix-base/build/libARUtils/Build/../Includes -I/home/cswiggz/Documents/seniordesign/parrot/out/Unix-base/build/libARUtils/Build/../Sources conftest.c
conftest.c:12:28: fatal error: ac_nonexistent.h: No such file or directory
compilation terminated.
configure:4387: $? = 1
configure: failed program was:
| /* confdefs.h */
| #define PACKAGE_NAME "libARUtils"
| #define PACKAGE_TARNAME "libarutils"
| #define PACKAGE_VERSION "3.1.0"
| #define PACKAGE_STRING "libARUtils 3.1.0"
| #define PACKAGE_BUGREPORT "ardrone@ardrone.org"
| #define PACKAGE_URL ""
| #define PACKAGE "libarutils"
| #define VERSION "3.1.0"
| #define NDEBUG /**/
| /* end confdefs.h.  */
| #include <ac_nonexistent.h>
configure:4416: checking for grep that handles long lines and -e
configure:4474: result: /bin/grep
configure:4479: checking for egrep
configure:4541: result: /bin/grep -E
configure:4546: checking for ANSI C header files
configure:4566:  gcc -c -isystem/home/cswiggz/Documents/seniordesign/parrot/out/Unix-base/staging/usr/include -isystem/home/cswiggz/Documents/seniordesign/parrot/out/Unix-base/staging/usr/include/x86_64-linux-gnu  -pipe -g -O2 -ffunction-sections -fno-short-enums -m64 -fPIC -msse -msse2 -mssse3 -DALCHEMY_BUILD  -O3 -I/home/cswiggz/Documents/seniordesign/parrot/out/Unix-base/build/libARUtils/Build/../Includes -I/home/cswiggz/Documents/seniordesign/parrot/out/Unix-base/build/libARUtils/Build/../Sources -isystem/home/cswiggz/Documents/seniordesign/parrot/out/Unix-base/staging/usr/include -isystem/home/cswiggz/Documents/seniordesign/parrot/out/Unix-base/staging/usr/include/x86_64-linux-gnu -O3 -I/home/cswiggz/Documents/seniordesign/parrot/out/Unix-base/build/libARUtils/Build/../Includes -I/home/cswiggz/Documents/seniordesign/parrot/out/Unix-base/build/libARUtils/Build/../Sources conftest.c >&5
configure:4566: $? = 0
configure:4639:  gcc -o conftest -isystem/home/cswiggz/Documents/seniordesign/parrot/out/Unix-base/staging/usr/include -isystem/home/cswiggz/Documents/seniordesign/parrot/out/Unix-base/staging/usr/include/x86_64-linux-gnu  -pipe -g -O2 -ffunction-sections -fno-short-enums -m64 -fPIC -msse -msse2 -mssse3 -DALCHEMY_BUILD  -O3 -I/home/cswiggz/Documents/seniordesign/parrot/out/Unix-base/build/libARUtils/Build/../Includes -I/home/cswiggz/Documents/seniordesign/parrot/out/Unix-base/build/libARUtils/Build/../Sources -isystem/home/cswiggz/Documents/seniordesign/parrot/out/Unix-base/staging/usr/include -isystem/home/cswiggz/Documents/seniordesign/parrot/out/Unix-base/staging/usr/include/x86_64-linux-gnu -O3 -I/home/cswiggz/Documents/seniordesign/parrot/out/Unix-base/build/libARUtils/Build/../Includes -I/home/cswiggz/Documents/seniordesign/parrot/out/Unix-base/build/libARUtils/Build/../Sources  -m64 -L/home/cswiggz/Documents/seniordesign/parrot/out/Unix-base/staging/lib -L/home/cswiggz/Documents/seniordesign/parrot/out/Unix-base/staging/usr/lib -L/home/cswiggz/Documents/seniordesign/parrot/out/Unix-base/staging/lib/x86_64-linux-gnu -L/home/cswiggz/Documents/seniordesign/parrot/out/Unix-base/staging/usr/lib/x86_64-linux-gnu -L/home/cswiggz/Documents/seniordesign/parrot/out/Unix-base/staging/usr/lib -Wl,-rpath-link=/home/cswiggz/Documents/seniordesign/parrot/out/Unix-base/staging/lib -Wl,-rpath-link=/home/cswiggz/Documents/seniordesign/parrot/out/Unix-base/staging/usr/lib -Wl,-rpath-link=/home/cswiggz/Documents/seniordesign/parrot/out/Unix-base/staging/lib/x86_64-linux-gnu -Wl,-rpath-link=/home/cswiggz/Documents/seniordesign/parrot/out/Unix-base/staging/usr/lib/x86_64-linux-gnu -Wl,-rpath-link=/home/cswiggz/Documents/seniordesign/parrot/out/Unix-base/staging/usr/lib  -pthread -lrt  conftest.c  -lm >&5
configure:4639: $? = 0
configure:4639: ./conftest
configure:4639: $? = 0
configure:4650: result: yes
configure:4663: checking for sys/types.h
configure:4663:  gcc -c -isystem/home/cswiggz/Documents/seniordesign/parrot/out/Unix-base/staging/usr/include -isystem/home/cswiggz/Documents/seniordesign/parrot/out/Unix-base/staging/usr/include/x86_64-linux-gnu  -pipe -g -O2 -ffunction-sections -fno-short-enums -m64 -fPIC -msse -msse2 -mssse3 -DALCHEMY_BUILD  -O3 -I/home/cswiggz/Documents/seniordesign/parrot/out/Unix-base/build/libARUtils/Build/../Includes -I/home/cswiggz/Documents/seniordesign/parrot/out/Unix-base/build/libARUtils/Build/../Sources -isystem/home/cswiggz/Documents/seniordesign/parrot/out/Unix-base/staging/usr/include -isystem/home/cswiggz/Documents/seniordesign/parrot/out/Unix-base/staging/usr/include/x86_64-linux-gnu -O3 -I/home/cswiggz/Documents/seniordesign/parrot/out/Unix-base/build/libARUtils/Build/../Includes -I/home/cswiggz/Documents/seniordesign/parrot/out/Unix-base/build/libARUtils/Build/../Sources conftest.c >&5
configure:4663: $? = 0
configure:4663: result: yes
configure:4663: checking for sys/stat.h
configure:4663:  gcc -c -isystem/home/cswiggz/Documents/seniordesign/parrot/out/Unix-base/staging/usr/include -isystem/home/cswiggz/Documents/seniordesign/parrot/out/Unix-base/staging/usr/include/x86_64-linux-gnu  -pipe -g -O2 -ffunction-sections -fno-short-enums -m64 -fPIC -msse -msse2 -mssse3 -DALCHEMY_BUILD  -O3 -I/home/cswiggz/Documents/seniordesign/parrot/out/Unix-base/build/libARUtils/Build/../Includes -I/home/cswiggz/Documents/seniordesign/parrot/out/Unix-base/build/libARUtils/Build/../Sources -isystem/home/cswiggz/Documents/seniordesign/parrot/out/Unix-base/staging/usr/include -isystem/home/cswiggz/Documents/seniordesign/parrot/out/Unix-base/staging/usr/include/x86_64-linux-gnu -O3 -I/home/cswiggz/Documents/seniordesign/parrot/out/Unix-base/build/libARUtils/Build/../Includes -I/home/cswiggz/Documents/seniordesign/parrot/out/Unix-base/build/libARUtils/Build/../Sources conftest.c >&5
configure:4663: $? = 0
configure:4663: result: yes
configure:4663: checking for stdlib.h
configure:4663:  gcc -c -isystem/home/cswiggz/Documents/seniordesign/parrot/out/Unix-base/staging/usr/include -isystem/home/cswiggz/Documents/seniordesign/parrot/out/Unix-base/staging/usr/include/x86_64-linux-gnu  -pipe -g -O2 -ffunction-sections -fno-short-enums -m64 -fPIC -msse -msse2 -mssse3 -DALCHEMY_BUILD  -O3 -I/home/cswiggz/Documents/seniordesign/parrot/out/Unix-base/build/libARUtils/Build/../Includes -I/home/cswiggz/Documents/seniordesign/parrot/out/Unix-base/build/libARUtils/Build/../Sources -isystem/home/cswiggz/Documents/seniordesign/parrot/out/Unix-base/staging/usr/include -isystem/home/cswiggz/Documents/seniordesign/parrot/out/Unix-base/staging/usr/include/x86_64-linux-gnu -O3 -I/home/cswiggz/Documents/seniordesign/parrot/out/Unix-base/build/libARUtils/Build/../Includes -I/home/cswiggz/Documents/seniordesign/parrot/out/Unix-base/build/libARUtils/Build/../Sources conftest.c >&5
configure:4663: $? = 0
configure:4663: result: yes
configure:4663: checking for string.h
configure:4663:  gcc -c -isystem/home/cswiggz/Documents/seniordesign/parrot/out/Unix-base/staging/usr/include -isystem/home/cswiggz/Documents/seniordesign/parrot/out/Unix-base/staging/usr/include/x86_64-linux-gnu  -pipe -g -O2 -ffunction-sections -fno-short-enums -m64 -fPIC -msse -msse2 -mssse3 -DALCHEMY_BUILD  -O3 -I/home/cswiggz/Documents/seniordesign/parrot/out/Unix-base/build/libARUtils/Build/../Includes -I/home/cswiggz/Documents/seniordesign/parrot/out/Unix-base/build/libARUtils/Build/../Sources -isystem/home/cswiggz/Documents/seniordesign/parrot/out/Unix-base/staging/usr/include -isystem/home/cswiggz/Documents/seniordesign/parrot/out/Unix-base/staging/usr/include/x86_64-linux-gnu -O3 -I/home/cswiggz/Documents/seniordesign/parrot/out/Unix-base/build/libARUtils/Build/../Includes -I/home/cswiggz/Documents/seniordesign/parrot/out/Unix-base/build/libARUtils/Build/../Sources conftest.c >&5
configure:4663: $? = 0
configure:4663: result: yes
configure:4663: checking for memory.h
configure:4663:  gcc -c -isystem/home/cswiggz/Documents/seniordesign/parrot/out/Unix-base/staging/usr/include -isystem/home/cswiggz/Documents/seniordesign/parrot/out/Unix-base/staging/usr/include/x86_64-linux-gnu  -pipe -g -O2 -ffunction-sections -fno-short-enums -m64 -fPIC -msse -msse2 -mssse3 -DALCHEMY_BUILD  -O3 -I/home/cswiggz/Documents/seniordesign/parrot/out/Unix-base/build/libARUtils/Build/../Includes -I/home/cswiggz/Documents/seniordesign/parrot/out/Unix-base/build/libARUtils/Build/../Sources -isystem/home/cswiggz/Documents/seniordesign/parrot/out/Unix-base/staging/usr/include -isystem/home/cswiggz/Documents/seniordesign/parrot/out/Unix-base/staging/usr/include/x86_64-linux-gnu -O3 -I/home/cswiggz/Documents/seniordesign/parrot/out/Unix-base/build/libARUtils/Build/../Includes -I/home/cswiggz/Documents/seniordesign/parrot/out/Unix-base/build/libARUtils/Build/../Sources conftest.c >&5
configure:4663: $? = 0
configure:4663: result: yes
configure:4663: checking for strings.h
configure:4663:  gcc -c -isystem/home/cswiggz/Documents/seniordesign/parrot/out/Unix-base/staging/usr/include -isystem/home/cswiggz/Documents/seniordesign/parrot/out/Unix-base/staging/usr/include/x86_64-linux-gnu  -pipe -g -O2 -ffunction-sections -fno-short-enums -m64 -fPIC -msse -msse2 -mssse3 -DALCHEMY_BUILD  -O3 -I/home/cswiggz/Documents/seniordesign/parrot/out/Unix-base/build/libARUtils/Build/../Includes -I/home/cswiggz/Documents/seniordesign/parrot/out/Unix-base/build/libARUtils/Build/../Sources -isystem/home/cswiggz/Documents/seniordesign/parrot/out/Unix-base/staging/usr/include -isystem/home/cswiggz/Documents/seniordesign/parrot/out/Unix-base/staging/usr/include/x86_64-linux-gnu -O3 -I/home/cswiggz/Documents/seniordesign/parrot/out/Unix-base/build/libARUtils/Build/../Includes -I/home/cswiggz/Documents/seniordesign/parrot/out/Unix-base/build/libARUtils/Build/../Sources conftest.c >&5
configure:4663: $? = 0
configure:4663: result: yes
configure:4663: checking for inttypes.h
configure:4663:  gcc -c -isystem/home/cswiggz/Documents/seniordesign/parrot/out/Unix-base/staging/usr/include -isystem/home/cswiggz/Documents/seniordesign/parrot/out/Unix-base/staging/usr/include/x86_64-linux-gnu  -pipe -g -O2 -ffunction-sections -fno-short-enums -m64 -fPIC -msse -msse2 -mssse3 -DALCHEMY_BUILD  -O3 -I/home/cswiggz/Documents/seniordesign/parrot/out/Unix-base/build/libARUtils/Build/../Includes -I/home/cswiggz/Documents/seniordesign/parrot/out/Unix-base/build/libARUtils/Build/../Sources -isystem/home/cswiggz/Documents/seniordesign/parrot/out/Unix-base/staging/usr/include -isystem/home/cswiggz/Documents/seniordesign/parrot/out/Unix-base/staging/usr/include/x86_64-linux-gnu -O3 -I/home/cswiggz/Documents/seniordesign/parrot/out/Unix-base/build/libARUtils/Build/../Includes -I/home/cswiggz/Documents/seniordesign/parrot/out/Unix-base/build/libARUtils/Build/../Sources conftest.c >&5
configure:4663: $? = 0
configure:4663: result: yes
configure:4663: checking for stdint.h
configure:4663:  gcc -c -isystem/home/cswiggz/Documents/seniordesign/parrot/out/Unix-base/staging/usr/include -isystem/home/cswiggz/Documents/seniordesign/parrot/out/Unix-base/staging/usr/include/x86_64-linux-gnu  -pipe -g -O2 -ffunction-sections -fno-short-enums -m64 -fPIC -msse -msse2 -mssse3 -DALCHEMY_BUILD  -O3 -I/home/cswiggz/Documents/seniordesign/parrot/out/Unix-base/build/libARUtils/Build/../Includes -I/home/cswiggz/Documents/seniordesign/parrot/out/Unix-base/build/libARUtils/Build/../Sources -isystem/home/cswiggz/Documents/seniordesign/parrot/out/Unix-base/staging/usr/include -isystem/home/cswiggz/Documents/seniordesign/parrot/out/Unix-base/staging/usr/include/x86_64-linux-gnu -O3 -I/home/cswiggz/Documents/seniordesign/parrot/out/Unix-base/build/libARUtils/Build/../Includes -I/home/cswiggz/Documents/seniordesign/parrot/out/Unix-base/build/libARUtils/Build/../Sources conftest.c >&5
configure:4663: $? = 0
configure:4663: result: yes
configure:4663: checking for unistd.h
configure:4663:  gcc -c -isystem/home/cswiggz/Documents/seniordesign/parrot/out/Unix-base/staging/usr/include -isystem/home/cswiggz/Documents/seniordesign/parrot/out/Unix-base/staging/usr/include/x86_64-linux-gnu  -pipe -g -O2 -ffunction-sections -fno-short-enums -m64 -fPIC -msse -msse2 -mssse3 -DALCHEMY_BUILD  -O3 -I/home/cswiggz/Documents/seniordesign/parrot/out/Unix-base/build/libARUtils/Build/../Includes -I/home/cswiggz/Documents/seniordesign/parrot/out/Unix-base/build/libARUtils/Build/../Sources -isystem/home/cswiggz/Documents/seniordesign/parrot/out/Unix-base/staging/usr/include -isystem/home/cswiggz/Documents/seniordesign/parrot/out/Unix-base/staging/usr/include/x86_64-linux-gnu -O3 -I/home/cswiggz/Documents/seniordesign/parrot/out/Unix-base/build/libARUtils/Build/../Includes -I/home/cswiggz/Documents/seniordesign/parrot/out/Unix-base/build/libARUtils/Build/../Sources conftest.c >&5
configure:4663: $? = 0
configure:4663: result: yes
configure:4745: checking libARSAL/ARSAL.h usability
configure:4745:  gcc -c -isystem/home/cswiggz/Documents/seniordesign/parrot/out/Unix-base/staging/usr/include -isystem/home/cswiggz/Documents/seniordesign/parrot/out/Unix-base/staging/usr/include/x86_64-linux-gnu  -pipe -g -O2 -ffunction-sections -fno-short-enums -m64 -fPIC -msse -msse2 -mssse3 -DALCHEMY_BUILD  -O3 -I/home/cswiggz/Documents/seniordesign/parrot/out/Unix-base/build/libARUtils/Build/../Includes -I/home/cswiggz/Documents/seniordesign/parrot/out/Unix-base/build/libARUtils/Build/../Sources -isystem/home/cswiggz/Documents/seniordesign/parrot/out/Unix-base/staging/usr/include -isystem/home/cswiggz/Documents/seniordesign/parrot/out/Unix-base/staging/usr/include/x86_64-linux-gnu -O3 -I/home/cswiggz/Documents/seniordesign/parrot/out/Unix-base/build/libARUtils/Build/../Includes -I/home/cswiggz/Documents/seniordesign/parrot/out/Unix-base/build/libARUtils/Build/../Sources conftest.c >&5
configure:4745: $? = 0
configure:4745: result: yes
configure:4745: checking libARSAL/ARSAL.h presence
configure:4745: cpp -isystem/home/cswiggz/Documents/seniordesign/parrot/out/Unix-base/staging/usr/include -isystem/home/cswiggz/Documents/seniordesign/parrot/out/Unix-base/staging/usr/include/x86_64-linux-gnu -O3 -I/home/cswiggz/Documents/seniordesign/parrot/out/Unix-base/build/libARUtils/Build/../Includes -I/home/cswiggz/Documents/seniordesign/parrot/out/Unix-base/build/libARUtils/Build/../Sources conftest.c
configure:4745: $? = 0
configure:4745: result: yes
configure:4745: checking for libARSAL/ARSAL.h
configure:4745: result: yes
configure:4876: checking curl/curl.h usability
configure:4876:  gcc -c -isystem/home/cswiggz/Documents/seniordesign/parrot/out/Unix-base/staging/usr/include -isystem/home/cswiggz/Documents/seniordesign/parrot/out/Unix-base/staging/usr/include/x86_64-linux-gnu  -pipe -g -O2 -ffunction-sections -fno-short-enums -m64 -fPIC -msse -msse2 -mssse3 -DALCHEMY_BUILD  -O3 -I/home/cswiggz/Documents/seniordesign/parrot/out/Unix-base/build/libARUtils/Build/../Includes -I/home/cswiggz/Documents/seniordesign/parrot/out/Unix-base/build/libARUtils/Build/../Sources -isystem/home/cswiggz/Documents/seniordesign/parrot/out/Unix-base/staging/usr/include -isystem/home/cswiggz/Documents/seniordesign/parrot/out/Unix-base/staging/usr/include/x86_64-linux-gnu -O3 -I/home/cswiggz/Documents/seniordesign/parrot/out/Unix-base/build/libARUtils/Build/../Includes -I/home/cswiggz/Documents/seniordesign/parrot/out/Unix-base/build/libARUtils/Build/../Sources conftest.c >&5
configure:4876: $? = 0
configure:4876: result: yes
configure:4876: checking curl/curl.h presence
configure:4876: cpp -isystem/home/cswiggz/Documents/seniordesign/parrot/out/Unix-base/staging/usr/include -isystem/home/cswiggz/Documents/seniordesign/parrot/out/Unix-base/staging/usr/include/x86_64-linux-gnu -O3 -I/home/cswiggz/Documents/seniordesign/parrot/out/Unix-base/build/libARUtils/Build/../Includes -I/home/cswiggz/Documents/seniordesign/parrot/out/Unix-base/build/libARUtils/Build/../Sources conftest.c
configure:4876: $? = 0
configure:4876: result: yes
configure:4876: checking for curl/curl.h
configure:4876: result: yes
configure:4876: checking curl/curlbuild.h usability
configure:4876:  gcc -c -isystem/home/cswiggz/Documents/seniordesign/parrot/out/Unix-base/staging/usr/include -isystem/home/cswiggz/Documents/seniordesign/parrot/out/Unix-base/staging/usr/include/x86_64-linux-gnu  -pipe -g -O2 -ffunction-sections -fno-short-enums -m64 -fPIC -msse -msse2 -mssse3 -DALCHEMY_BUILD  -O3 -I/home/cswiggz/Documents/seniordesign/parrot/out/Unix-base/build/libARUtils/Build/../Includes -I/home/cswiggz/Documents/seniordesign/parrot/out/Unix-base/build/libARUtils/Build/../Sources -isystem/home/cswiggz/Documents/seniordesign/parrot/out/Unix-base/staging/usr/include -isystem/home/cswiggz/Documents/seniordesign/parrot/out/Unix-base/staging/usr/include/x86_64-linux-gnu -O3 -I/home/cswiggz/Documents/seniordesign/parrot/out/Unix-base/build/libARUtils/Build/../Includes -I/home/cswiggz/Documents/seniordesign/parrot/out/Unix-base/build/libARUtils/Build/../Sources conftest.c >&5
configure:4876: $? = 0
configure:4876: result: yes
configure:4876: checking curl/curlbuild.h presence
configure:4876: cpp -isystem/home/cswiggz/Documents/seniordesign/parrot/out/Unix-base/staging/usr/include -isystem/home/cswiggz/Documents/seniordesign/parrot/out/Unix-base/staging/usr/include/x86_64-linux-gnu -O3 -I/home/cswiggz/Documents/seniordesign/parrot/out/Unix-base/build/libARUtils/Build/../Includes -I/home/cswiggz/Documents/seniordesign/parrot/out/Unix-base/build/libARUtils/Build/../Sources conftest.c
configure:4876: $? = 0
configure:4876: result: yes
configure:4876: checking for curl/curlbuild.h
configure:4876: result: yes
configure:4876: checking curl/curlver.h usability
configure:4876:  gcc -c -isystem/home/cswiggz/Documents/seniordesign/parrot/out/Unix-base/staging/usr/include -isystem/home/cswiggz/Documents/seniordesign/parrot/out/Unix-base/staging/usr/include/x86_64-linux-gnu  -pipe -g -O2 -ffunction-sections -fno-short-enums -m64 -fPIC -msse -msse2 -mssse3 -DALCHEMY_BUILD  -O3 -I/home/cswiggz/Documents/seniordesign/parrot/out/Unix-base/build/libARUtils/Build/../Includes -I/home/cswiggz/Documents/seniordesign/parrot/out/Unix-base/build/libARUtils/Build/../Sources -isystem/home/cswiggz/Documents/seniordesign/parrot/out/Unix-base/staging/usr/include -isystem/home/cswiggz/Documents/seniordesign/parrot/out/Unix-base/staging/usr/include/x86_64-linux-gnu -O3 -I/home/cswiggz/Documents/seniordesign/parrot/out/Unix-base/build/libARUtils/Build/../Includes -I/home/cswiggz/Documents/seniordesign/parrot/out/Unix-base/build/libARUtils/Build/../Sources conftest.c >&5
configure:4876: $? = 0
configure:4876: result: yes
configure:4876: checking curl/curlver.h presence
configure:4876: cpp -isystem/home/cswiggz/Documents/seniordesign/parrot/out/Unix-base/staging/usr/include -isystem/home/cswiggz/Documents/seniordesign/parrot/out/Unix-base/staging/usr/include/x86_64-linux-gnu -O3 -I/home/cswiggz/Documents/seniordesign/parrot/out/Unix-base/build/libARUtils/Build/../Includes -I/home/cswiggz/Documents/seniordesign/parrot/out/Unix-base/build/libARUtils/Build/../Sources conftest.c
configure:4876: $? = 0
configure:4876: result: yes
configure:4876: checking for curl/curlver.h
configure:4876: result: yes
configure:4988: checking for gcc
configure:5015: result:  gcc
configure:5244: checking for C compiler version
configure:5253:  gcc --version >&5
gcc (Ubuntu 5.2.1-22ubuntu2) 5.2.1 20151010
Copyright (C) 2015 Free Software Foundation, Inc.
This is free software; see the source for copying conditions.  There is NO
warranty; not even for MERCHANTABILITY or FITNESS FOR A PARTICULAR PURPOSE.

configure:5264: $? = 0
configure:5253:  gcc -v >&5
Using built-in specs.
COLLECT_GCC=gcc
COLLECT_LTO_WRAPPER=/usr/lib/gcc/x86_64-linux-gnu/5/lto-wrapper
Target: x86_64-linux-gnu
Configured with: ../src/configure -v --with-pkgversion='Ubuntu 5.2.1-22ubuntu2' --with-bugurl=file:///usr/share/doc/gcc-5/README.Bugs --enable-languages=c,ada,c++,java,go,d,fortran,objc,obj-c++ --prefix=/usr --program-suffix=-5 --enable-shared --enable-linker-build-id --libexecdir=/usr/lib --without-included-gettext --enable-threads=posix --libdir=/usr/lib --enable-nls --with-sysroot=/ --enable-clocale=gnu --enable-libstdcxx-debug --enable-libstdcxx-time=yes --with-default-libstdcxx-abi=new --enable-gnu-unique-object --disable-vtable-verify --enable-libmpx --enable-plugin --with-system-zlib --disable-browser-plugin --enable-java-awt=gtk --enable-gtk-cairo --with-java-home=/usr/lib/jvm/java-1.5.0-gcj-5-amd64/jre --enable-java-home --with-jvm-root-dir=/usr/lib/jvm/java-1.5.0-gcj-5-amd64 --with-jvm-jar-dir=/usr/lib/jvm-exports/java-1.5.0-gcj-5-amd64 --with-arch-directory=amd64 --with-ecj-jar=/usr/share/java/eclipse-ecj.jar --enable-objc-gc --enable-multiarch --disable-werror --with-arch-32=i686 --with-abi=m64 --with-multilib-list=m32,m64,mx32 --enable-multilib --with-tune=generic --enable-checking=release --build=x86_64-linux-gnu --host=x86_64-linux-gnu --target=x86_64-linux-gnu
Thread model: posix
gcc version 5.2.1 20151010 (Ubuntu 5.2.1-22ubuntu2) 
configure:5264: $? = 0
configure:5253:  gcc -V >&5
gcc: error: unrecognized command line option '-V'
gcc: fatal error: no input files
compilation terminated.
configure:5264: $? = 1
configure:5253:  gcc -qversion >&5
gcc: error: unrecognized command line option '-qversion'
gcc: fatal error: no input files
compilation terminated.
configure:5264: $? = 1
configure:5268: checking whether we are using the GNU C compiler
configure:5296: result: yes
configure:5305: checking whether  gcc accepts -g
configure:5366: result: yes
configure:5383: checking for  gcc option to accept ISO C89
configure:5459: result: none needed
configure:5484: checking whether  gcc understands -c and -o together
configure:5521: result: yes
configure:5540: checking dependency style of  gcc
configure:5651: result: gcc3
configure:5695: checking build system type
configure:5709: result: x86_64-unknown-linux-gnu
configure:5729: checking host system type
configure:5742: result: x86_64-unknown-linux-gnu
configure:5783: checking how to print strings
configure:5810: result: printf
configure:5831: checking for a sed that does not truncate output
configure:5895: result: /bin/sed
configure:5913: checking for fgrep
configure:5975: result: /bin/grep -F
configure:6010: checking for ld used by  gcc
configure:6077: result: ld
configure:6084: checking if the linker (ld) is GNU ld
configure:6099: result: yes
configure:6111: checking for BSD- or MS-compatible name lister (nm)
configure:6160: result: nm
configure:6290: checking the name lister (nm) interface
configure:6297:  gcc -c -isystem/home/cswiggz/Documents/seniordesign/parrot/out/Unix-base/staging/usr/include -isystem/home/cswiggz/Documents/seniordesign/parrot/out/Unix-base/staging/usr/include/x86_64-linux-gnu  -pipe -g -O2 -ffunction-sections -fno-short-enums -m64 -fPIC -msse -msse2 -mssse3 -DALCHEMY_BUILD  -O3 -I/home/cswiggz/Documents/seniordesign/parrot/out/Unix-base/build/libARUtils/Build/../Includes -I/home/cswiggz/Documents/seniordesign/parrot/out/Unix-base/build/libARUtils/Build/../Sources -isystem/home/cswiggz/Documents/seniordesign/parrot/out/Unix-base/staging/usr/include -isystem/home/cswiggz/Documents/seniordesign/parrot/out/Unix-base/staging/usr/include/x86_64-linux-gnu -O3 -I/home/cswiggz/Documents/seniordesign/parrot/out/Unix-base/build/libARUtils/Build/../Includes -I/home/cswiggz/Documents/seniordesign/parrot/out/Unix-base/build/libARUtils/Build/../Sources conftest.c >&5
configure:6300: nm "conftest.o"
configure:6303: output
0000000000000000 B some_variable
configure:6310: result: BSD nm
configure:6313: checking whether ln -s works
configure:6317: result: yes
configure:6325: checking the maximum length of command line arguments
configure:6456: result: 1572864
configure:6473: checking whether the shell understands some XSI constructs
configure:6483: result: yes
configure:6487: checking whether the shell understands "+="
configure:6493: result: yes
configure:6528: checking how to convert x86_64-unknown-linux-gnu file names to x86_64-unknown-linux-gnu format
configure:6568: result: func_convert_file_noop
configure:6575: checking how to convert x86_64-unknown-linux-gnu file names to toolchain format
configure:6595: result: func_convert_file_noop
configure:6602: checking for ld option to reload object files
configure:6609: result: -r
configure:6683: checking for objdump
configure:6710: result: objdump
configure:6742: checking how to recognize dependent libraries
configure:6940: result: pass_all
configure:7025: checking for dlltool
configure:7055: result: no
configure:7085: checking how to associate runtime and link libraries
configure:7112: result: printf %s\n
configure:7236: checking for archiver @FILE support
configure:7253:  gcc -c -isystem/home/cswiggz/Documents/seniordesign/parrot/out/Unix-base/staging/usr/include -isystem/home/cswiggz/Documents/seniordesign/parrot/out/Unix-base/staging/usr/include/x86_64-linux-gnu  -pipe -g -O2 -ffunction-sections -fno-short-enums -m64 -fPIC -msse -msse2 -mssse3 -DALCHEMY_BUILD  -O3 -I/home/cswiggz/Documents/seniordesign/parrot/out/Unix-base/build/libARUtils/Build/../Includes -I/home/cswiggz/Documents/seniordesign/parrot/out/Unix-base/build/libARUtils/Build/../Sources -isystem/home/cswiggz/Documents/seniordesign/parrot/out/Unix-base/staging/usr/include -isystem/home/cswiggz/Documents/seniordesign/parrot/out/Unix-base/staging/usr/include/x86_64-linux-gnu -O3 -I/home/cswiggz/Documents/seniordesign/parrot/out/Unix-base/build/libARUtils/Build/../Includes -I/home/cswiggz/Documents/seniordesign/parrot/out/Unix-base/build/libARUtils/Build/../Sources conftest.c >&5
configure:7253: $? = 0
configure:7256: ar cru libconftest.a @conftest.lst >&5
ar: `u' modifier ignored since `D' is the default (see `U')
configure:7259: $? = 0
configure:7264: ar cru libconftest.a @conftest.lst >&5
ar: `u' modifier ignored since `D' is the default (see `U')
ar: conftest.o: No such file or directory
configure:7267: $? = 1
configure:7279: result: @
configure:7337: checking for strip
configure:7364: result: strip
configure:7436: checking for ranlib
configure:7463: result: ranlib
configure:7565: checking command to parse nm output from  gcc object
configure:7685:  gcc -c -isystem/home/cswiggz/Documents/seniordesign/parrot/out/Unix-base/staging/usr/include -isystem/home/cswiggz/Documents/seniordesign/parrot/out/Unix-base/staging/usr/include/x86_64-linux-gnu  -pipe -g -O2 -ffunction-sections -fno-short-enums -m64 -fPIC -msse -msse2 -mssse3 -DALCHEMY_BUILD  -O3 -I/home/cswiggz/Documents/seniordesign/parrot/out/Unix-base/build/libARUtils/Build/../Includes -I/home/cswiggz/Documents/seniordesign/parrot/out/Unix-base/build/libARUtils/Build/../Sources -isystem/home/cswiggz/Documents/seniordesign/parrot/out/Unix-base/staging/usr/include -isystem/home/cswiggz/Documents/seniordesign/parrot/out/Unix-base/staging/usr/include/x86_64-linux-gnu -O3 -I/home/cswiggz/Documents/seniordesign/parrot/out/Unix-base/build/libARUtils/Build/../Includes -I/home/cswiggz/Documents/seniordesign/parrot/out/Unix-base/build/libARUtils/Build/../Sources conftest.c >&5
configure:7688: $? = 0
configure:7692: nm conftest.o \| sed -n -e 's/^.*[ ]\([ABCDGIRSTW][ABCDGIRSTW]*\)[ ][ ]*\([_A-Za-z][_A-Za-z0-9]*\)$/\1 \2 \2/p' | sed '/ __gnu_lto/d' \> conftest.nm
configure:7695: $? = 0
configure:7761:  gcc -o conftest -isystem/home/cswiggz/Documents/seniordesign/parrot/out/Unix-base/staging/usr/include -isystem/home/cswiggz/Documents/seniordesign/parrot/out/Unix-base/staging/usr/include/x86_64-linux-gnu  -pipe -g -O2 -ffunction-sections -fno-short-enums -m64 -fPIC -msse -msse2 -mssse3 -DALCHEMY_BUILD  -O3 -I/home/cswiggz/Documents/seniordesign/parrot/out/Unix-base/build/libARUtils/Build/../Includes -I/home/cswiggz/Documents/seniordesign/parrot/out/Unix-base/build/libARUtils/Build/../Sources -isystem/home/cswiggz/Documents/seniordesign/parrot/out/Unix-base/staging/usr/include -isystem/home/cswiggz/Documents/seniordesign/parrot/out/Unix-base/staging/usr/include/x86_64-linux-gnu -O3 -I/home/cswiggz/Documents/seniordesign/parrot/out/Unix-base/build/libARUtils/Build/../Includes -I/home/cswiggz/Documents/seniordesign/parrot/out/Unix-base/build/libARUtils/Build/../Sources  -m64 -L/home/cswiggz/Documents/seniordesign/parrot/out/Unix-base/staging/lib -L/home/cswiggz/Documents/seniordesign/parrot/out/Unix-base/staging/usr/lib -L/home/cswiggz/Documents/seniordesign/parrot/out/Unix-base/staging/lib/x86_64-linux-gnu -L/home/cswiggz/Documents/seniordesign/parrot/out/Unix-base/staging/usr/lib/x86_64-linux-gnu -L/home/cswiggz/Documents/seniordesign/parrot/out/Unix-base/staging/usr/lib -Wl,-rpath-link=/home/cswiggz/Documents/seniordesign/parrot/out/Unix-base/staging/lib -Wl,-rpath-link=/home/cswiggz/Documents/seniordesign/parrot/out/Unix-base/staging/usr/lib -Wl,-rpath-link=/home/cswiggz/Documents/seniordesign/parrot/out/Unix-base/staging/lib/x86_64-linux-gnu -Wl,-rpath-link=/home/cswiggz/Documents/seniordesign/parrot/out/Unix-base/staging/usr/lib/x86_64-linux-gnu -Wl,-rpath-link=/home/cswiggz/Documents/seniordesign/parrot/out/Unix-base/staging/usr/lib  -pthread -lrt  -larsal -lcurl conftest.c conftstm.o >&5
configure:7764: $? = 0
configure:7802: result: ok
configure:7839: checking for sysroot
configure:7869: result: no
configure:7946:  gcc -c -isystem/home/cswiggz/Documents/seniordesign/parrot/out/Unix-base/staging/usr/include -isystem/home/cswiggz/Documents/seniordesign/parrot/out/Unix-base/staging/usr/include/x86_64-linux-gnu  -pipe -g -O2 -ffunction-sections -fno-short-enums -m64 -fPIC -msse -msse2 -mssse3 -DALCHEMY_BUILD  -O3 -I/home/cswiggz/Documents/seniordesign/parrot/out/Unix-base/build/libARUtils/Build/../Includes -I/home/cswiggz/Documents/seniordesign/parrot/out/Unix-base/build/libARUtils/Build/../Sources -isystem/home/cswiggz/Documents/seniordesign/parrot/out/Unix-base/staging/usr/include -isystem/home/cswiggz/Documents/seniordesign/parrot/out/Unix-base/staging/usr/include/x86_64-linux-gnu -O3 -I/home/cswiggz/Documents/seniordesign/parrot/out/Unix-base/build/libARUtils/Build/../Includes -I/home/cswiggz/Documents/seniordesign/parrot/out/Unix-base/build/libARUtils/Build/../Sources conftest.c >&5
configure:7949: $? = 0
configure:8138: checking for mt
configure:8165: result: :
configure:8188: checking if : is a manifest tool
configure:8194: : '-?'
configure:8202: result: no
configure:8841: checking for dlfcn.h
configure:8841:  gcc -c -isystem/home/cswiggz/Documents/seniordesign/parrot/out/Unix-base/staging/usr/include -isystem/home/cswiggz/Documents/seniordesign/parrot/out/Unix-base/staging/usr/include/x86_64-linux-gnu  -pipe -g -O2 -ffunction-sections -fno-short-enums -m64 -fPIC -msse -msse2 -mssse3 -DALCHEMY_BUILD  -O3 -I/home/cswiggz/Documents/seniordesign/parrot/out/Unix-base/build/libARUtils/Build/../Includes -I/home/cswiggz/Documents/seniordesign/parrot/out/Unix-base/build/libARUtils/Build/../Sources -isystem/home/cswiggz/Documents/seniordesign/parrot/out/Unix-base/staging/usr/include -isystem/home/cswiggz/Documents/seniordesign/parrot/out/Unix-base/staging/usr/include/x86_64-linux-gnu -O3 -I/home/cswiggz/Documents/seniordesign/parrot/out/Unix-base/build/libARUtils/Build/../Includes -I/home/cswiggz/Documents/seniordesign/parrot/out/Unix-base/build/libARUtils/Build/../Sources conftest.c >&5
configure:8841: $? = 0
configure:8841: result: yes
configure:9047: checking for objdir
configure:9062: result: .libs
configure:9333: checking if  gcc supports -fno-rtti -fno-exceptions
configure:9351:  gcc -c -isystem/home/cswiggz/Documents/seniordesign/parrot/out/Unix-base/staging/usr/include -isystem/home/cswiggz/Documents/seniordesign/parrot/out/Unix-base/staging/usr/include/x86_64-linux-gnu  -pipe -g -O2 -ffunction-sections -fno-short-enums -m64 -fPIC -msse -msse2 -mssse3 -DALCHEMY_BUILD  -O3 -I/home/cswiggz/Documents/seniordesign/parrot/out/Unix-base/build/libARUtils/Build/../Includes -I/home/cswiggz/Documents/seniordesign/parrot/out/Unix-base/build/libARUtils/Build/../Sources -isystem/home/cswiggz/Documents/seniordesign/parrot/out/Unix-base/staging/usr/include -isystem/home/cswiggz/Documents/seniordesign/parrot/out/Unix-base/staging/usr/include/x86_64-linux-gnu -O3 -I/home/cswiggz/Documents/seniordesign/parrot/out/Unix-base/build/libARUtils/Build/../Includes -I/home/cswiggz/Documents/seniordesign/parrot/out/Unix-base/build/libARUtils/Build/../Sources -fno-rtti -fno-exceptions conftest.c >&5
cc1: warning: command line option '-fno-rtti' is valid for C++/ObjC++ but not for C
configure:9355: $? = 0
configure:9368: result: no
configure:9695: checking for  gcc option to produce PIC
configure:9702: result: -fPIC -DPIC
configure:9710: checking if  gcc PIC flag -fPIC -DPIC works
configure:9728:  gcc -c -isystem/home/cswiggz/Documents/seniordesign/parrot/out/Unix-base/staging/usr/include -isystem/home/cswiggz/Documents/seniordesign/parrot/out/Unix-base/staging/usr/include/x86_64-linux-gnu  -pipe -g -O2 -ffunction-sections -fno-short-enums -m64 -fPIC -msse -msse2 -mssse3 -DALCHEMY_BUILD  -O3 -I/home/cswiggz/Documents/seniordesign/parrot/out/Unix-base/build/libARUtils/Build/../Includes -I/home/cswiggz/Documents/seniordesign/parrot/out/Unix-base/build/libARUtils/Build/../Sources -isystem/home/cswiggz/Documents/seniordesign/parrot/out/Unix-base/staging/usr/include -isystem/home/cswiggz/Documents/seniordesign/parrot/out/Unix-base/staging/usr/include/x86_64-linux-gnu -O3 -I/home/cswiggz/Documents/seniordesign/parrot/out/Unix-base/build/libARUtils/Build/../Includes -I/home/cswiggz/Documents/seniordesign/parrot/out/Unix-base/build/libARUtils/Build/../Sources -fPIC -DPIC -DPIC conftest.c >&5
configure:9732: $? = 0
configure:9745: result: yes
configure:9774: checking if  gcc static flag -static works
configure:9802: result: yes
configure:9817: checking if  gcc supports -c -o file.o
configure:9838:  gcc -c -isystem/home/cswiggz/Documents/seniordesign/parrot/out/Unix-base/staging/usr/include -isystem/home/cswiggz/Documents/seniordesign/parrot/out/Unix-base/staging/usr/include/x86_64-linux-gnu  -pipe -g -O2 -ffunction-sections -fno-short-enums -m64 -fPIC -msse -msse2 -mssse3 -DALCHEMY_BUILD  -O3 -I/home/cswiggz/Documents/seniordesign/parrot/out/Unix-base/build/libARUtils/Build/../Includes -I/home/cswiggz/Documents/seniordesign/parrot/out/Unix-base/build/libARUtils/Build/../Sources -isystem/home/cswiggz/Documents/seniordesign/parrot/out/Unix-base/staging/usr/include -isystem/home/cswiggz/Documents/seniordesign/parrot/out/Unix-base/staging/usr/include/x86_64-linux-gnu -O3 -I/home/cswiggz/Documents/seniordesign/parrot/out/Unix-base/build/libARUtils/Build/../Includes -I/home/cswiggz/Documents/seniordesign/parrot/out/Unix-base/build/libARUtils/Build/../Sources -o out/conftest2.o conftest.c >&5
configure:9842: $? = 0
configure:9864: result: yes
configure:9872: checking if  gcc supports -c -o file.o
configure:9919: result: yes
configure:9952: checking whether the  gcc linker (ld -m elf_x86_64) supports shared libraries
configure:11109: result: yes
configure:11146: checking whether -lc should be explicitly linked in
configure:11154:  gcc -c -isystem/home/cswiggz/Documents/seniordesign/parrot/out/Unix-base/staging/usr/include -isystem/home/cswiggz/Documents/seniordesign/parrot/out/Unix-base/staging/usr/include/x86_64-linux-gnu  -pipe -g -O2 -ffunction-sections -fno-short-enums -m64 -fPIC -msse -msse2 -mssse3 -DALCHEMY_BUILD  -O3 -I/home/cswiggz/Documents/seniordesign/parrot/out/Unix-base/build/libARUtils/Build/../Includes -I/home/cswiggz/Documents/seniordesign/parrot/out/Unix-base/build/libARUtils/Build/../Sources -isystem/home/cswiggz/Documents/seniordesign/parrot/out/Unix-base/staging/usr/include -isystem/home/cswiggz/Documents/seniordesign/parrot/out/Unix-base/staging/usr/include/x86_64-linux-gnu -O3 -I/home/cswiggz/Documents/seniordesign/parrot/out/Unix-base/build/libARUtils/Build/../Includes -I/home/cswiggz/Documents/seniordesign/parrot/out/Unix-base/build/libARUtils/Build/../Sources conftest.c >&5
configure:11157: $? = 0
configure:11172:  gcc -shared  -fPIC -DPIC conftest.o  -v -Wl,-soname -Wl,conftest -o conftest 2\>\&1 \| /bin/grep  -lc  \>/dev/null 2\>\&1
configure:11175: $? = 0
configure:11189: result: no
configure:11349: checking dynamic linker characteristics
configure:11849:  gcc -o conftest -isystem/home/cswiggz/Documents/seniordesign/parrot/out/Unix-base/staging/usr/include -isystem/home/cswiggz/Documents/seniordesign/parrot/out/Unix-base/staging/usr/include/x86_64-linux-gnu  -pipe -g -O2 -ffunction-sections -fno-short-enums -m64 -fPIC -msse -msse2 -mssse3 -DALCHEMY_BUILD  -O3 -I/home/cswiggz/Documents/seniordesign/parrot/out/Unix-base/build/libARUtils/Build/../Includes -I/home/cswiggz/Documents/seniordesign/parrot/out/Unix-base/build/libARUtils/Build/../Sources -isystem/home/cswiggz/Documents/seniordesign/parrot/out/Unix-base/staging/usr/include -isystem/home/cswiggz/Documents/seniordesign/parrot/out/Unix-base/staging/usr/include/x86_64-linux-gnu -O3 -I/home/cswiggz/Documents/seniordesign/parrot/out/Unix-base/build/libARUtils/Build/../Includes -I/home/cswiggz/Documents/seniordesign/parrot/out/Unix-base/build/libARUtils/Build/../Sources  -m64 -L/home/cswiggz/Documents/seniordesign/parrot/out/Unix-base/staging/lib -L/home/cswiggz/Documents/seniordesign/parrot/out/Unix-base/staging/usr/lib -L/home/cswiggz/Documents/seniordesign/parrot/out/Unix-base/staging/lib/x86_64-linux-gnu -L/home/cswiggz/Documents/seniordesign/parrot/out/Unix-base/staging/usr/lib/x86_64-linux-gnu -L/home/cswiggz/Documents/seniordesign/parrot/out/Unix-base/staging/usr/lib -Wl,-rpath-link=/home/cswiggz/Documents/seniordesign/parrot/out/Unix-base/staging/lib -Wl,-rpath-link=/home/cswiggz/Documents/seniordesign/parrot/out/Unix-base/staging/usr/lib -Wl,-rpath-link=/home/cswiggz/Documents/seniordesign/parrot/out/Unix-base/staging/lib/x86_64-linux-gnu -Wl,-rpath-link=/home/cswiggz/Documents/seniordesign/parrot/out/Unix-base/staging/usr/lib/x86_64-linux-gnu -Wl,-rpath-link=/home/cswiggz/Documents/seniordesign/parrot/out/Unix-base/staging/usr/lib  -pthread -lrt  -larsal -lcurl -Wl,-rpath -Wl,/foo conftest.c  -lm >&5
configure:11849: $? = 0
configure:12083: result: GNU/Linux ld.so
configure:12190: checking how to hardcode library paths into programs
configure:12215: result: immediate
configure:12755: checking whether stripping libraries is possible
configure:12760: result: yes
configure:12795: checking if libtool supports shared libraries
configure:12797: result: yes
configure:12800: checking whether to build shared libraries
configure:12821: result: yes
configure:12824: checking whether to build static libraries
configure:12828: result: yes
configure:12919: checking for gcc
configure:12935: found /usr/bin/gcc
configure:12946: result: gcc
configure:12971: checking for Objective C compiler version
configure:12980: gcc --version >&5
gcc (Ubuntu 5.2.1-22ubuntu2) 5.2.1 20151010
Copyright (C) 2015 Free Software Foundation, Inc.
This is free software; see the source for copying conditions.  There is NO
warranty; not even for MERCHANTABILITY or FITNESS FOR A PARTICULAR PURPOSE.

configure:12991: $? = 0
configure:12980: gcc -v >&5
Using built-in specs.
COLLECT_GCC=gcc
COLLECT_LTO_WRAPPER=/usr/lib/gcc/x86_64-linux-gnu/5/lto-wrapper
Target: x86_64-linux-gnu
Configured with: ../src/configure -v --with-pkgversion='Ubuntu 5.2.1-22ubuntu2' --with-bugurl=file:///usr/share/doc/gcc-5/README.Bugs --enable-languages=c,ada,c++,java,go,d,fortran,objc,obj-c++ --prefix=/usr --program-suffix=-5 --enable-shared --enable-linker-build-id --libexecdir=/usr/lib --without-included-gettext --enable-threads=posix --libdir=/usr/lib --enable-nls --with-sysroot=/ --enable-clocale=gnu --enable-libstdcxx-debug --enable-libstdcxx-time=yes --with-default-libstdcxx-abi=new --enable-gnu-unique-object --disable-vtable-verify --enable-libmpx --enable-plugin --with-system-zlib --disable-browser-plugin --enable-java-awt=gtk --enable-gtk-cairo --with-java-home=/usr/lib/jvm/java-1.5.0-gcj-5-amd64/jre --enable-java-home --with-jvm-root-dir=/usr/lib/jvm/java-1.5.0-gcj-5-amd64 --with-jvm-jar-dir=/usr/lib/jvm-exports/java-1.5.0-gcj-5-amd64 --with-arch-directory=amd64 --with-ecj-jar=/usr/share/java/eclipse-ecj.jar --enable-objc-gc --enable-multiarch --disable-werror --with-arch-32=i686 --with-abi=m64 --with-multilib-list=m32,m64,mx32 --enable-multilib --with-tune=generic --enable-checking=release --build=x86_64-linux-gnu --host=x86_64-linux-gnu --target=x86_64-linux-gnu
Thread model: posix
gcc version 5.2.1 20151010 (Ubuntu 5.2.1-22ubuntu2) 
configure:12991: $? = 0
configure:12980: gcc -V >&5
gcc: error: unrecognized command line option '-V'
gcc: fatal error: no input files
compilation terminated.
configure:12991: $? = 1
configure:12980: gcc -qversion >&5
gcc: error: unrecognized command line option '-qversion'
gcc: fatal error: no input files
compilation terminated.
configure:12991: $? = 1
configure:12995: checking whether we are using the GNU Objective C compiler
configure:13014: gcc -c  -O3 -I/home/cswiggz/Documents/seniordesign/parrot/out/Unix-base/build/libARUtils/Build/../Includes -I/home/cswiggz/Documents/seniordesign/parrot/out/Unix-base/build/libARUtils/Build/../Sources -isystem/home/cswiggz/Documents/seniordesign/parrot/out/Unix-base/staging/usr/include -isystem/home/cswiggz/Documents/seniordesign/parrot/out/Unix-base/staging/usr/include/x86_64-linux-gnu -O3 -I/home/cswiggz/Documents/seniordesign/parrot/out/Unix-base/build/libARUtils/Build/../Includes -I/home/cswiggz/Documents/seniordesign/parrot/out/Unix-base/build/libARUtils/Build/../Sources conftest.m >&5
gcc: error trying to exec 'cc1obj': execvp: No such file or directory
configure:13014: $? = 1
configure: failed program was:
| /* confdefs.h */
| #define PACKAGE_NAME "libARUtils"
| #define PACKAGE_TARNAME "libarutils"
| #define PACKAGE_VERSION "3.1.0"
| #define PACKAGE_STRING "libARUtils 3.1.0"
| #define PACKAGE_BUGREPORT "ardrone@ardrone.org"
| #define PACKAGE_URL ""
| #define PACKAGE "libarutils"
| #define VERSION "3.1.0"
| #define NDEBUG /**/
| #define STDC_HEADERS 1
| #define HAVE_SYS_TYPES_H 1
| #define HAVE_SYS_STAT_H 1
| #define HAVE_STDLIB_H 1
| #define HAVE_STRING_H 1
| #define HAVE_MEMORY_H 1
| #define HAVE_STRINGS_H 1
| #define HAVE_INTTYPES_H 1
| #define HAVE_STDINT_H 1
| #define HAVE_UNISTD_H 1
| #define HAVE_LIBARSAL_ARSAL_H 1
| #define HAVE_LIBARSAL 1
| #define HAVE_CURL_CURL_H 1
| #define HAVE_CURL_CURLBUILD_H 1
| #define HAVE_CURL_CURLVER_H 1
| #define HAVE_LIBCURL 1
| #define HAVE_DLFCN_H 1
| #define LT_OBJDIR ".libs/"
| /* end confdefs.h.  */
| 
| int
| main ()
| {
| #ifndef __GNUC__
|        choke me
| #endif
| 
|   ;
|   return 0;
| }
configure:13023: result: no
configure:13032: checking whether gcc accepts -g
configure:13052: gcc -c -g -isystem/home/cswiggz/Documents/seniordesign/parrot/out/Unix-base/staging/usr/include -isystem/home/cswiggz/Documents/seniordesign/parrot/out/Unix-base/staging/usr/include/x86_64-linux-gnu -O3 -I/home/cswiggz/Documents/seniordesign/parrot/out/Unix-base/build/libARUtils/Build/../Includes -I/home/cswiggz/Documents/seniordesign/parrot/out/Unix-base/build/libARUtils/Build/../Sources conftest.m >&5
gcc: error trying to exec 'cc1obj': execvp: No such file or directory
configure:13052: $? = 1
configure: failed program was:
| /* confdefs.h */
| #define PACKAGE_NAME "libARUtils"
| #define PACKAGE_TARNAME "libarutils"
| #define PACKAGE_VERSION "3.1.0"
| #define PACKAGE_STRING "libARUtils 3.1.0"
| #define PACKAGE_BUGREPORT "ardrone@ardrone.org"
| #define PACKAGE_URL ""
| #define PACKAGE "libarutils"
| #define VERSION "3.1.0"
| #define NDEBUG /**/
| #define STDC_HEADERS 1
| #define HAVE_SYS_TYPES_H 1
| #define HAVE_SYS_STAT_H 1
| #define HAVE_STDLIB_H 1
| #define HAVE_STRING_H 1
| #define HAVE_MEMORY_H 1
| #define HAVE_STRINGS_H 1
| #define HAVE_INTTYPES_H 1
| #define HAVE_STDINT_H 1
| #define HAVE_UNISTD_H 1
| #define HAVE_LIBARSAL_ARSAL_H 1
| #define HAVE_LIBARSAL 1
| #define HAVE_CURL_CURL_H 1
| #define HAVE_CURL_CURLBUILD_H 1
| #define HAVE_CURL_CURLVER_H 1
| #define HAVE_LIBCURL 1
| #define HAVE_DLFCN_H 1
| #define LT_OBJDIR ".libs/"
| /* end confdefs.h.  */
| 
| int
| main ()
| {
| 
|   ;
|   return 0;
| }
configure:13067: gcc -c  -isystem/home/cswiggz/Documents/seniordesign/parrot/out/Unix-base/staging/usr/include -isystem/home/cswiggz/Documents/seniordesign/parrot/out/Unix-base/staging/usr/include/x86_64-linux-gnu -O3 -I/home/cswiggz/Documents/seniordesign/parrot/out/Unix-base/build/libARUtils/Build/../Includes -I/home/cswiggz/Documents/seniordesign/parrot/out/Unix-base/build/libARUtils/Build/../Sources conftest.m >&5
gcc: error trying to exec 'cc1obj': execvp: No such file or directory
configure:13067: $? = 1
configure: failed program was:
| /* confdefs.h */
| #define PACKAGE_NAME "libARUtils"
| #define PACKAGE_TARNAME "libarutils"
| #define PACKAGE_VERSION "3.1.0"
| #define PACKAGE_STRING "libARUtils 3.1.0"
| #define PACKAGE_BUGREPORT "ardrone@ardrone.org"
| #define PACKAGE_URL ""
| #define PACKAGE "libarutils"
| #define VERSION "3.1.0"
| #define NDEBUG /**/
| #define STDC_HEADERS 1
| #define HAVE_SYS_TYPES_H 1
| #define HAVE_SYS_STAT_H 1
| #define HAVE_STDLIB_H 1
| #define HAVE_STRING_H 1
| #define HAVE_MEMORY_H 1
| #define HAVE_STRINGS_H 1
| #define HAVE_INTTYPES_H 1
| #define HAVE_STDINT_H 1
| #define HAVE_UNISTD_H 1
| #define HAVE_LIBARSAL_ARSAL_H 1
| #define HAVE_LIBARSAL 1
| #define HAVE_CURL_CURL_H 1
| #define HAVE_CURL_CURLBUILD_H 1
| #define HAVE_CURL_CURLVER_H 1
| #define HAVE_LIBCURL 1
| #define HAVE_DLFCN_H 1
| #define LT_OBJDIR ".libs/"
| /* end confdefs.h.  */
| 
| int
| main ()
| {
| 
|   ;
|   return 0;
| }
configure:13083: gcc -c -g -isystem/home/cswiggz/Documents/seniordesign/parrot/out/Unix-base/staging/usr/include -isystem/home/cswiggz/Documents/seniordesign/parrot/out/Unix-base/staging/usr/include/x86_64-linux-gnu -O3 -I/home/cswiggz/Documents/seniordesign/parrot/out/Unix-base/build/libARUtils/Build/../Includes -I/home/cswiggz/Documents/seniordesign/parrot/out/Unix-base/build/libARUtils/Build/../Sources conftest.m >&5
gcc: error trying to exec 'cc1obj': execvp: No such file or directory
configure:13083: $? = 1
configure: failed program was:
| /* confdefs.h */
| #define PACKAGE_NAME "libARUtils"
| #define PACKAGE_TARNAME "libarutils"
| #define PACKAGE_VERSION "3.1.0"
| #define PACKAGE_STRING "libARUtils 3.1.0"
| #define PACKAGE_BUGREPORT "ardrone@ardrone.org"
| #define PACKAGE_URL ""
| #define PACKAGE "libarutils"
| #define VERSION "3.1.0"
| #define NDEBUG /**/
| #define STDC_HEADERS 1
| #define HAVE_SYS_TYPES_H 1
| #define HAVE_SYS_STAT_H 1
| #define HAVE_STDLIB_H 1
| #define HAVE_STRING_H 1
| #define HAVE_MEMORY_H 1
| #define HAVE_STRINGS_H 1
| #define HAVE_INTTYPES_H 1
| #define HAVE_STDINT_H 1
| #define HAVE_UNISTD_H 1
| #define HAVE_LIBARSAL_ARSAL_H 1
| #define HAVE_LIBARSAL 1
| #define HAVE_CURL_CURL_H 1
| #define HAVE_CURL_CURLBUILD_H 1
| #define HAVE_CURL_CURLVER_H 1
| #define HAVE_LIBCURL 1
| #define HAVE_DLFCN_H 1
| #define LT_OBJDIR ".libs/"
| /* end confdefs.h.  */
| 
| int
| main ()
| {
| 
|   ;
|   return 0;
| }
configure:13093: result: no
configure:13118: checking dependency style of gcc
configure:13227: result: gcc3
configure:13247: checking for doxygen
configure:13277: result: no
configure:13483: checking for doxygen
configure:13516: result: no
configure:13536: WARNING: doxygen not found - will not generate any doxygen documentation
configure:13589: checking for perl
configure:13607: found /usr/bin/perl
configure:13619: result: /usr/bin/perl
configure:15311: checking for ANSI C header files
configure:15415: result: yes
configure:15632: checking for inttypes.h
configure:15632: result: yes
configure:15646: checking for stdlib.h
configure:15646: result: yes
configure:15663: checking sys/statfs.h usability
configure:15663:  gcc -c -isystem/home/cswiggz/Documents/seniordesign/parrot/out/Unix-base/staging/usr/include -isystem/home/cswiggz/Documents/seniordesign/parrot/out/Unix-base/staging/usr/include/x86_64-linux-gnu  -pipe -g -O2 -ffunction-sections -fno-short-enums -m64 -fPIC -msse -msse2 -mssse3 -DALCHEMY_BUILD  -O3 -I/home/cswiggz/Documents/seniordesign/parrot/out/Unix-base/build/libARUtils/Build/../Includes -I/home/cswiggz/Documents/seniordesign/parrot/out/Unix-base/build/libARUtils/Build/../Sources -isystem/home/cswiggz/Documents/seniordesign/parrot/out/Unix-base/staging/usr/include -isystem/home/cswiggz/Documents/seniordesign/parrot/out/Unix-base/staging/usr/include/x86_64-linux-gnu -O3 -I/home/cswiggz/Documents/seniordesign/parrot/out/Unix-base/build/libARUtils/Build/../Includes -I/home/cswiggz/Documents/seniordesign/parrot/out/Unix-base/build/libARUtils/Build/../Sources conftest.c >&5
configure:15663: $? = 0
configure:15663: result: yes
configure:15663: checking sys/statfs.h presence
configure:15663: cpp -isystem/home/cswiggz/Documents/seniordesign/parrot/out/Unix-base/staging/usr/include -isystem/home/cswiggz/Documents/seniordesign/parrot/out/Unix-base/staging/usr/include/x86_64-linux-gnu -O3 -I/home/cswiggz/Documents/seniordesign/parrot/out/Unix-base/build/libARUtils/Build/../Includes -I/home/cswiggz/Documents/seniordesign/parrot/out/Unix-base/build/libARUtils/Build/../Sources conftest.c
configure:15663: $? = 0
configure:15663: result: yes
configure:15663: checking for sys/statfs.h
configure:15663: result: yes
configure:15663: checking sys/mount.h usability
configure:15663:  gcc -c -isystem/home/cswiggz/Documents/seniordesign/parrot/out/Unix-base/staging/usr/include -isystem/home/cswiggz/Documents/seniordesign/parrot/out/Unix-base/staging/usr/include/x86_64-linux-gnu  -pipe -g -O2 -ffunction-sections -fno-short-enums -m64 -fPIC -msse -msse2 -mssse3 -DALCHEMY_BUILD  -O3 -I/home/cswiggz/Documents/seniordesign/parrot/out/Unix-base/build/libARUtils/Build/../Includes -I/home/cswiggz/Documents/seniordesign/parrot/out/Unix-base/build/libARUtils/Build/../Sources -isystem/home/cswiggz/Documents/seniordesign/parrot/out/Unix-base/staging/usr/include -isystem/home/cswiggz/Documents/seniordesign/parrot/out/Unix-base/staging/usr/include/x86_64-linux-gnu -O3 -I/home/cswiggz/Documents/seniordesign/parrot/out/Unix-base/build/libARUtils/Build/../Includes -I/home/cswiggz/Documents/seniordesign/parrot/out/Unix-base/build/libARUtils/Build/../Sources conftest.c >&5
configure:15663: $? = 0
configure:15663: result: yes
configure:15663: checking sys/mount.h presence
configure:15663: cpp -isystem/home/cswiggz/Documents/seniordesign/parrot/out/Unix-base/staging/usr/include -isystem/home/cswiggz/Documents/seniordesign/parrot/out/Unix-base/staging/usr/include/x86_64-linux-gnu -O3 -I/home/cswiggz/Documents/seniordesign/parrot/out/Unix-base/build/libARUtils/Build/../Includes -I/home/cswiggz/Documents/seniordesign/parrot/out/Unix-base/build/libARUtils/Build/../Sources conftest.c
configure:15663: $? = 0
configure:15663: result: yes
configure:15663: checking for sys/mount.h
configure:15663: result: yes
configure:15663: checking ftw.h usability
configure:15663:  gcc -c -isystem/home/cswiggz/Documents/seniordesign/parrot/out/Unix-base/staging/usr/include -isystem/home/cswiggz/Documents/seniordesign/parrot/out/Unix-base/staging/usr/include/x86_64-linux-gnu  -pipe -g -O2 -ffunction-sections -fno-short-enums -m64 -fPIC -msse -msse2 -mssse3 -DALCHEMY_BUILD  -O3 -I/home/cswiggz/Documents/seniordesign/parrot/out/Unix-base/build/libARUtils/Build/../Includes -I/home/cswiggz/Documents/seniordesign/parrot/out/Unix-base/build/libARUtils/Build/../Sources -isystem/home/cswiggz/Documents/seniordesign/parrot/out/Unix-base/staging/usr/include -isystem/home/cswiggz/Documents/seniordesign/parrot/out/Unix-base/staging/usr/include/x86_64-linux-gnu -O3 -I/home/cswiggz/Documents/seniordesign/parrot/out/Unix-base/build/libARUtils/Build/../Includes -I/home/cswiggz/Documents/seniordesign/parrot/out/Unix-base/build/libARUtils/Build/../Sources conftest.c >&5
configure:15663: $? = 0
configure:15663: result: yes
configure:15663: checking ftw.h presence
configure:15663: cpp -isystem/home/cswiggz/Documents/seniordesign/parrot/out/Unix-base/staging/usr/include -isystem/home/cswiggz/Documents/seniordesign/parrot/out/Unix-base/staging/usr/include/x86_64-linux-gnu -O3 -I/home/cswiggz/Documents/seniordesign/parrot/out/Unix-base/build/libARUtils/Build/../Includes -I/home/cswiggz/Documents/seniordesign/parrot/out/Unix-base/build/libARUtils/Build/../Sources conftest.c
configure:15663: $? = 0
configure:15663: result: yes
configure:15663: checking for ftw.h
configure:15663: result: yes
configure:15675: checking for size_t
configure:15675:  gcc -c -isystem/home/cswiggz/Documents/seniordesign/parrot/out/Unix-base/staging/usr/include -isystem/home/cswiggz/Documents/seniordesign/parrot/out/Unix-base/staging/usr/include/x86_64-linux-gnu  -pipe -g -O2 -ffunction-sections -fno-short-enums -m64 -fPIC -msse -msse2 -mssse3 -DALCHEMY_BUILD  -O3 -I/home/cswiggz/Documents/seniordesign/parrot/out/Unix-base/build/libARUtils/Build/../Includes -I/home/cswiggz/Documents/seniordesign/parrot/out/Unix-base/build/libARUtils/Build/../Sources -isystem/home/cswiggz/Documents/seniordesign/parrot/out/Unix-base/staging/usr/include -isystem/home/cswiggz/Documents/seniordesign/parrot/out/Unix-base/staging/usr/include/x86_64-linux-gnu -O3 -I/home/cswiggz/Documents/seniordesign/parrot/out/Unix-base/build/libARUtils/Build/../Includes -I/home/cswiggz/Documents/seniordesign/parrot/out/Unix-base/build/libARUtils/Build/../Sources conftest.c >&5
configure:15675: $? = 0
configure:15675:  gcc -c -isystem/home/cswiggz/Documents/seniordesign/parrot/out/Unix-base/staging/usr/include -isystem/home/cswiggz/Documents/seniordesign/parrot/out/Unix-base/staging/usr/include/x86_64-linux-gnu  -pipe -g -O2 -ffunction-sections -fno-short-enums -m64 -fPIC -msse -msse2 -mssse3 -DALCHEMY_BUILD  -O3 -I/home/cswiggz/Documents/seniordesign/parrot/out/Unix-base/build/libARUtils/Build/../Includes -I/home/cswiggz/Documents/seniordesign/parrot/out/Unix-base/build/libARUtils/Build/../Sources -isystem/home/cswiggz/Documents/seniordesign/parrot/out/Unix-base/staging/usr/include -isystem/home/cswiggz/Documents/seniordesign/parrot/out/Unix-base/staging/usr/include/x86_64-linux-gnu -O3 -I/home/cswiggz/Documents/seniordesign/parrot/out/Unix-base/build/libARUtils/Build/../Includes -I/home/cswiggz/Documents/seniordesign/parrot/out/Unix-base/build/libARUtils/Build/../Sources conftest.c >&5
conftest.c: In function 'main':
conftest.c:72:21: error: expected expression before ')' token
 if (sizeof ((size_t)))
                     ^
configure:15675: $? = 1
configure: failed program was:
| /* confdefs.h */
| #define PACKAGE_NAME "libARUtils"
| #define PACKAGE_TARNAME "libarutils"
| #define PACKAGE_VERSION "3.1.0"
| #define PACKAGE_STRING "libARUtils 3.1.0"
| #define PACKAGE_BUGREPORT "ardrone@ardrone.org"
| #define PACKAGE_URL ""
| #define PACKAGE "libarutils"
| #define VERSION "3.1.0"
| #define NDEBUG /**/
| #define STDC_HEADERS 1
| #define HAVE_SYS_TYPES_H 1
| #define HAVE_SYS_STAT_H 1
| #define HAVE_STDLIB_H 1
| #define HAVE_STRING_H 1
| #define HAVE_MEMORY_H 1
| #define HAVE_STRINGS_H 1
| #define HAVE_INTTYPES_H 1
| #define HAVE_STDINT_H 1
| #define HAVE_UNISTD_H 1
| #define HAVE_LIBARSAL_ARSAL_H 1
| #define HAVE_LIBARSAL 1
| #define HAVE_CURL_CURL_H 1
| #define HAVE_CURL_CURLBUILD_H 1
| #define HAVE_CURL_CURLVER_H 1
| #define HAVE_LIBCURL 1
| #define HAVE_DLFCN_H 1
| #define LT_OBJDIR ".libs/"
| #define STDC_HEADERS 1
| #define HAVE_INTTYPES_H 1
| #define HAVE_STDLIB_H 1
| #define HAVE_SYS_STATFS_H 1
| #define HAVE_SYS_MOUNT_H 1
| #define HAVE_FTW_H 1
| /* end confdefs.h.  */
| #include <stdio.h>
| #ifdef HAVE_SYS_TYPES_H
| # include <sys/types.h>
| #endif
| #ifdef HAVE_SYS_STAT_H
| # include <sys/stat.h>
| #endif
| #ifdef STDC_HEADERS
| # include <stdlib.h>
| # include <stddef.h>
| #else
| # ifdef HAVE_STDLIB_H
| #  include <stdlib.h>
| # endif
| #endif
| #ifdef HAVE_STRING_H
| # if !defined STDC_HEADERS && defined HAVE_MEMORY_H
| #  include <memory.h>
| # endif
| # include <string.h>
| #endif
| #ifdef HAVE_STRINGS_H
| # include <strings.h>
| #endif
| #ifdef HAVE_INTTYPES_H
| # include <inttypes.h>
| #endif
| #ifdef HAVE_STDINT_H
| # include <stdint.h>
| #endif
| #ifdef HAVE_UNISTD_H
| # include <unistd.h>
| #endif
| int
| main ()
| {
| if (sizeof ((size_t)))
| 	    return 0;
|   ;
|   return 0;
| }
configure:15675: result: yes
configure:15815: checking that generated files are newer than configure
configure:15821: result: done
configure:15964: creating ./config.status

## ---------------------- ##
## Running config.status. ##
## ---------------------- ##

This file was extended by libARUtils config.status 3.1.0, which was
generated by GNU Autoconf 2.69.  Invocation command line was

  CONFIG_FILES    = 
  CONFIG_HEADERS  = 
  CONFIG_LINKS    = 
  CONFIG_COMMANDS = 
  $ ./config.status --quiet

on bandit1

config.status:1173: creating Makefile
config.status:1173: creating config.h
config.status:1387: executing depfiles commands
config.status:1387: executing libtool commands

## ---------------- ##
## Cache variables. ##
## ---------------- ##

ac_cv_build=x86_64-unknown-linux-gnu
ac_cv_c_compiler_gnu=yes
ac_cv_env_CC_set=set
ac_cv_env_CC_value=' gcc'
ac_cv_env_CFLAGS_set=set
ac_cv_env_CFLAGS_value='-isystem/home/cswiggz/Documents/seniordesign/parrot/out/Unix-base/staging/usr/include -isystem/home/cswiggz/Documents/seniordesign/parrot/out/Unix-base/staging/usr/include/x86_64-linux-gnu  -pipe -g -O2 -ffunction-sections -fno-short-enums -m64 -fPIC -msse -msse2 -mssse3 -DALCHEMY_BUILD '
ac_cv_env_CPPFLAGS_set=set
ac_cv_env_CPPFLAGS_value='-isystem/home/cswiggz/Documents/seniordesign/parrot/out/Unix-base/staging/usr/include -isystem/home/cswiggz/Documents/seniordesign/parrot/out/Unix-base/staging/usr/include/x86_64-linux-gnu'
ac_cv_env_CPP_set=set
ac_cv_env_CPP_value=cpp
ac_cv_env_DOXYGEN_PAPER_SIZE_set=
ac_cv_env_DOXYGEN_PAPER_SIZE_value=
ac_cv_env_LDFLAGS_set=set
ac_cv_env_LDFLAGS_value=' -m64 -L/home/cswiggz/Documents/seniordesign/parrot/out/Unix-base/staging/lib -L/home/cswiggz/Documents/seniordesign/parrot/out/Unix-base/staging/usr/lib -L/home/cswiggz/Documents/seniordesign/parrot/out/Unix-base/staging/lib/x86_64-linux-gnu -L/home/cswiggz/Documents/seniordesign/parrot/out/Unix-base/staging/usr/lib/x86_64-linux-gnu -L/home/cswiggz/Documents/seniordesign/parrot/out/Unix-base/staging/usr/lib -Wl,-rpath-link=/home/cswiggz/Documents/seniordesign/parrot/out/Unix-base/staging/lib -Wl,-rpath-link=/home/cswiggz/Documents/seniordesign/parrot/out/Unix-base/staging/usr/lib -Wl,-rpath-link=/home/cswiggz/Documents/seniordesign/parrot/out/Unix-base/staging/lib/x86_64-linux-gnu -Wl,-rpath-link=/home/cswiggz/Documents/seniordesign/parrot/out/Unix-base/staging/usr/lib/x86_64-linux-gnu -Wl,-rpath-link=/home/cswiggz/Documents/seniordesign/parrot/out/Unix-base/staging/usr/lib  -pthread -lrt '
ac_cv_env_LIBS_set=set
ac_cv_env_LIBS_value=' -lm'
ac_cv_env_OBJCFLAGS_set=
ac_cv_env_OBJCFLAGS_value=
ac_cv_env_OBJCPP_set=
ac_cv_env_OBJCPP_value=
ac_cv_env_OBJC_set=
ac_cv_env_OBJC_value=
ac_cv_env_build_alias_set=
ac_cv_env_build_alias_value=
ac_cv_env_host_alias_set=
ac_cv_env_host_alias_value=
ac_cv_env_target_alias_set=
ac_cv_env_target_alias_value=
ac_cv_header_curl_curl_h=yes
ac_cv_header_curl_curlbuild_h=yes
ac_cv_header_curl_curlver_h=yes
ac_cv_header_dlfcn_h=yes
ac_cv_header_ftw_h=yes
ac_cv_header_inttypes_h=yes
ac_cv_header_libARSAL_ARSAL_h=yes
ac_cv_header_memory_h=yes
ac_cv_header_stdc=yes
ac_cv_header_stdint_h=yes
ac_cv_header_stdlib_h=yes
ac_cv_header_string_h=yes
ac_cv_header_strings_h=yes
ac_cv_header_sys_mount_h=yes
ac_cv_header_sys_stat_h=yes
ac_cv_header_sys_statfs_h=yes
ac_cv_header_sys_types_h=yes
ac_cv_header_unistd_h=yes
ac_cv_host=x86_64-unknown-linux-gnu
ac_cv_objc_compiler_gnu=no
ac_cv_objext=o
ac_cv_path_EGREP='/bin/grep -E'
ac_cv_path_FGREP='/bin/grep -F'
ac_cv_path_GREP=/bin/grep
ac_cv_path_SED=/bin/sed
ac_cv_path_ac_pt_DX_PERL=/usr/bin/perl
ac_cv_path_mkdir=/bin/mkdir
ac_cv_prog_AWK=mawk
ac_cv_prog_CPP=cpp
ac_cv_prog_YACC=
ac_cv_prog_ac_ct_CC=' gcc'
ac_cv_prog_ac_ct_MANIFEST_TOOL=:
ac_cv_prog_ac_ct_OBJC=gcc
ac_cv_prog_ac_ct_OBJDUMP=objdump
ac_cv_prog_ac_ct_RANLIB=ranlib
ac_cv_prog_ac_ct_STRIP=strip
ac_cv_prog_cc_c89=
ac_cv_prog_cc_g=yes
ac_cv_prog_make_make_set=yes
ac_cv_prog_objc_g=no
ac_cv_type_size_t=yes
am_cv_CC_dependencies_compiler_type=gcc3
am_cv_OBJC_dependencies_compiler_type=gcc3
am_cv_make_support_nested_variables=yes
am_cv_prog_cc_c_o=yes
lt_cv_ar_at_file=@
lt_cv_archive_cmds_need_lc=no
lt_cv_deplibs_check_method=pass_all
lt_cv_file_magic_cmd='$MAGIC_CMD'
lt_cv_file_magic_test_file=
lt_cv_ld_reload_flag=-r
lt_cv_nm_interface='BSD nm'
lt_cv_objdir=.libs
lt_cv_path_LD=ld
lt_cv_path_NM=nm
lt_cv_path_mainfest_tool=no
lt_cv_prog_compiler_c_o=yes
lt_cv_prog_compiler_pic='-fPIC -DPIC'
lt_cv_prog_compiler_pic_works=yes
lt_cv_prog_compiler_rtti_exceptions=no
lt_cv_prog_compiler_static_works=yes
lt_cv_prog_gnu_ld=yes
lt_cv_sharedlib_from_linklib_cmd='printf %s\n'
lt_cv_shlibpath_overrides_runpath=no
lt_cv_sys_global_symbol_pipe='sed -n -e '\''s/^.*[	 ]\([ABCDGIRSTW][ABCDGIRSTW]*\)[	 ][	 ]*\([_A-Za-z][_A-Za-z0-9]*\)$/\1 \2 \2/p'\'' | sed '\''/ __gnu_lto/d'\'''
lt_cv_sys_global_symbol_to_c_name_address='sed -n -e '\''s/^: \([^ ]*\)[ ]*$/  {\"\1\", (void *) 0},/p'\'' -e '\''s/^[ABCDGIRSTW]* \([^ ]*\) \([^ ]*\)$/  {"\2", (void *) \&\2},/p'\'''
lt_cv_sys_global_symbol_to_c_name_address_lib_prefix='sed -n -e '\''s/^: \([^ ]*\)[ ]*$/  {\"\1\", (void *) 0},/p'\'' -e '\''s/^[ABCDGIRSTW]* \([^ ]*\) \(lib[^ ]*\)$/  {"\2", (void *) \&\2},/p'\'' -e '\''s/^[ABCDGIRSTW]* \([^ ]*\) \([^ ]*\)$/  {"lib\2", (void *) \&\2},/p'\'''
lt_cv_sys_global_symbol_to_cdecl='sed -n -e '\''s/^T .* \(.*\)$/extern int \1();/p'\'' -e '\''s/^[ABCDGIRSTW]* .* \(.*\)$/extern char \1;/p'\'''
lt_cv_sys_max_cmd_len=1572864
lt_cv_to_host_file_cmd=func_convert_file_noop
lt_cv_to_tool_file_cmd=func_convert_file_noop

## ----------------- ##
## Output variables. ##
## ----------------- ##

ACLOCAL='${SHELL} /home/cswiggz/Documents/seniordesign/parrot/out/Unix-base/build/libARUtils/Build/config/missing aclocal-1.15'
AMDEPBACKSLASH='\'
AMDEP_FALSE='#'
AMDEP_TRUE=''
AMTAR='$${TAR-tar}'
AM_BACKSLASH='\'
AM_DEFAULT_V='$(AM_DEFAULT_VERBOSITY)'
AM_DEFAULT_VERBOSITY='0'
AM_V='$(V)'
AR='ar'
AUTOCONF='${SHELL} /home/cswiggz/Documents/seniordesign/parrot/out/Unix-base/build/libARUtils/Build/config/missing autoconf'
AUTOHEADER='${SHELL} /home/cswiggz/Documents/seniordesign/parrot/out/Unix-base/build/libARUtils/Build/config/missing autoheader'
AUTOMAKE='${SHELL} /home/cswiggz/Documents/seniordesign/parrot/out/Unix-base/build/libARUtils/Build/config/missing automake-1.15'
AWK='mawk'
CC=' gcc'
CCDEPMODE='depmode=gcc3'
CFLAGS='-isystem/home/cswiggz/Documents/seniordesign/parrot/out/Unix-base/staging/usr/include -isystem/home/cswiggz/Documents/seniordesign/parrot/out/Unix-base/staging/usr/include/x86_64-linux-gnu  -pipe -g -O2 -ffunction-sections -fno-short-enums -m64 -fPIC -msse -msse2 -mssse3 -DALCHEMY_BUILD  -O3 -I/home/cswiggz/Documents/seniordesign/parrot/out/Unix-base/build/libARUtils/Build/../Includes -I/home/cswiggz/Documents/seniordesign/parrot/out/Unix-base/build/libARUtils/Build/../Sources'
CPP='cpp'
CPPFLAGS='-isystem/home/cswiggz/Documents/seniordesign/parrot/out/Unix-base/staging/usr/include -isystem/home/cswiggz/Documents/seniordesign/parrot/out/Unix-base/staging/usr/include/x86_64-linux-gnu -O3 -I/home/cswiggz/Documents/seniordesign/parrot/out/Unix-base/build/libARUtils/Build/../Includes -I/home/cswiggz/Documents/seniordesign/parrot/out/Unix-base/build/libARUtils/Build/../Sources'
CYGPATH_W='echo'
DEBUG_MODE_FALSE=''
DEBUG_MODE_TRUE='#'
DEFS='-DHAVE_CONFIG_H'
DEPDIR='.deps'
DLLTOOL='false'
DOXYGEN=''
DOXYGEN_PAPER_SIZE=''
DSYMUTIL=''
DUMPBIN=''
DX_COND_chi_FALSE=''
DX_COND_chi_TRUE='#'
DX_COND_chm_FALSE=''
DX_COND_chm_TRUE='#'
DX_COND_doc_FALSE=''
DX_COND_doc_TRUE='#'
DX_COND_dot_FALSE=''
DX_COND_dot_TRUE='#'
DX_COND_html_FALSE=''
DX_COND_html_TRUE='#'
DX_COND_latex_FALSE=''
DX_COND_latex_TRUE='#'
DX_COND_man_FALSE=''
DX_COND_man_TRUE='#'
DX_COND_pdf_FALSE=''
DX_COND_pdf_TRUE='#'
DX_COND_ps_FALSE=''
DX_COND_ps_TRUE='#'
DX_COND_rtf_FALSE=''
DX_COND_rtf_TRUE='#'
DX_COND_xml_FALSE=''
DX_COND_xml_TRUE='#'
DX_CONFIG='doxygen.cfg'
DX_DOCDIR='/home/cswiggz/Documents/seniordesign/parrot/out/Unix-base/build/libARUtils/Build/../Doc'
DX_DOT=''
DX_DOXYGEN=''
DX_DVIPS=''
DX_EGREP=''
DX_ENV=' SRCDIR='\''/home/cswiggz/Documents/seniordesign/parrot/out/Unix-base/build/libARUtils/Build'\'' PROJECT='\''libARUtils'\'' DOCDIR='\''/home/cswiggz/Documents/seniordesign/parrot/out/Unix-base/build/libARUtils/Build/../Doc'\'' VERSION='\''3.1.0'\'' HAVE_DOT='\''NO'\'' GENERATE_MAN='\''NO'\'' GENERATE_RTF='\''NO'\'' GENERATE_XML='\''NO'\'' GENERATE_HTMLHELP='\''NO'\'' GENERATE_CHI='\''NO'\'' GENERATE_HTML='\''NO'\'' GENERATE_LATEX='\''NO'\'''
DX_FLAG_chi='0'
DX_FLAG_chm='0'
DX_FLAG_doc='0'
DX_FLAG_dot='0'
DX_FLAG_html='0'
DX_FLAG_man='0'
DX_FLAG_pdf='0'
DX_FLAG_ps='0'
DX_FLAG_rtf='0'
DX_FLAG_xml='0'
DX_HHC=''
DX_LATEX=''
DX_MAKEINDEX=''
DX_PDFLATEX=''
DX_PERL='/usr/bin/perl'
DX_PROJECT='libARUtils'
ECHO_C=''
ECHO_N='-n'
ECHO_T=''
EGREP='/bin/grep -E'
EXEEXT=''
FGREP='/bin/grep -F'
GREP='/bin/grep'
HAVE_COREBLUETOOTH_FALSE=''
HAVE_COREBLUETOOTH_TRUE='#'
HAVE_DOXYGEN_FALSE=''
HAVE_DOXYGEN_TRUE='#'
HAVE_LIBARSAL_FALSE='#'
HAVE_LIBARSAL_TRUE=''
HAVE_LIBCURL_FALSE='#'
HAVE_LIBCURL_TRUE=''
HAVE_UIKITH_FALSE=''
HAVE_UIKITH_TRUE='#'
INSTALL_DATA='${INSTALL} -m 644'
INSTALL_PROGRAM='${INSTALL}'
INSTALL_SCRIPT='${INSTALL}'
INSTALL_STRIP_PROGRAM='$(install_sh) -c -s'
LD='ld -m elf_x86_64'
LDFLAGS=' -m64 -L/home/cswiggz/Documents/seniordesign/parrot/out/Unix-base/staging/lib -L/home/cswiggz/Documents/seniordesign/parrot/out/Unix-base/staging/usr/lib -L/home/cswiggz/Documents/seniordesign/parrot/out/Unix-base/staging/lib/x86_64-linux-gnu -L/home/cswiggz/Documents/seniordesign/parrot/out/Unix-base/staging/usr/lib/x86_64-linux-gnu -L/home/cswiggz/Documents/seniordesign/parrot/out/Unix-base/staging/usr/lib -Wl,-rpath-link=/home/cswiggz/Documents/seniordesign/parrot/out/Unix-base/staging/lib -Wl,-rpath-link=/home/cswiggz/Documents/seniordesign/parrot/out/Unix-base/staging/usr/lib -Wl,-rpath-link=/home/cswiggz/Documents/seniordesign/parrot/out/Unix-base/staging/lib/x86_64-linux-gnu -Wl,-rpath-link=/home/cswiggz/Documents/seniordesign/parrot/out/Unix-base/staging/usr/lib/x86_64-linux-gnu -Wl,-rpath-link=/home/cswiggz/Documents/seniordesign/parrot/out/Unix-base/staging/usr/lib  -pthread -lrt  -larsal -lcurl -release 3.1.0'
LIBOBJS=''
LIBS=' -lm'
LIBTOOL='$(SHELL) $(top_builddir)/libtool'
LIPO=''
LN_S='ln -s'
LTLIBOBJS=''
MAKEINFO='${SHELL} /home/cswiggz/Documents/seniordesign/parrot/out/Unix-base/build/libARUtils/Build/config/missing makeinfo'
MANIFEST_TOOL=':'
MKDIR_P='/bin/mkdir -p'
NM='nm'
NMEDIT=''
OBJC='gcc'
OBJCDEPMODE='depmode=gcc3'
OBJCFLAGS=' -O3 -I/home/cswiggz/Documents/seniordesign/parrot/out/Unix-base/build/libARUtils/Build/../Includes -I/home/cswiggz/Documents/seniordesign/parrot/out/Unix-base/build/libARUtils/Build/../Sources'
OBJCPP=''
OBJDUMP='objdump'
OBJEXT='o'
OTOOL64=''
OTOOL=''
PACKAGE='libarutils'
PACKAGE_BUGREPORT='ardrone@ardrone.org'
PACKAGE_NAME='libARUtils'
PACKAGE_STRING='libARUtils 3.1.0'
PACKAGE_TARNAME='libarutils'
PACKAGE_URL=''
PACKAGE_VERSION='3.1.0'
PATH_SEPARATOR=':'
RANLIB='ranlib'
SED='/bin/sed'
SET_MAKE=''
SHELL='/bin/bash'
STRIP='strip'
VERSION='3.1.0'
ac_ct_AR=''
ac_ct_CC=' gcc'
ac_ct_DUMPBIN=''
ac_ct_OBJC='gcc'
am__EXEEXT_FALSE=''
am__EXEEXT_TRUE='#'
am__fastdepCC_FALSE='#'
am__fastdepCC_TRUE=''
am__fastdepOBJC_FALSE='#'
am__fastdepOBJC_TRUE=''
am__include='include'
am__isrc=' -I$(srcdir)'
am__leading_dot='.'
am__nodep='_no'
am__quote=''
am__tar='$${TAR-tar} chof - "$$tardir"'
am__untar='$${TAR-tar} xf -'
bindir='${exec_prefix}/bin'
build='x86_64-unknown-linux-gnu'
build_alias=''
build_cpu='x86_64'
build_os='linux-gnu'
build_vendor='unknown'
datadir='${datarootdir}'
datarootdir='${prefix}/share'
docdir='${datarootdir}/doc/${PACKAGE_TARNAME}'
dvidir='${docdir}'
exec_prefix='${prefix}'
host='x86_64-unknown-linux-gnu'
host_alias=''
host_cpu='x86_64'
host_os='linux-gnu'
host_vendor='unknown'
htmldir='${docdir}'
includedir='${prefix}/include'
infodir='${datarootdir}/info'
install_sh='${SHELL} /home/cswiggz/Documents/seniordesign/parrot/out/Unix-base/build/libARUtils/Build/config/install-sh'
libdir='${exec_prefix}/lib'
libexecdir='${exec_prefix}/libexec'
localedir='${datarootdir}/locale'
localstatedir='${prefix}/var'
mandir='${datarootdir}/man'
mkdir_p='$(MKDIR_P)'
oldincludedir='/usr/include'
pdfdir='${docdir}'
prefix='/home/cswiggz/Documents/seniordesign/parrot/out/Unix-base/staging/usr'
program_transform_name='s,x,x,'
psdir='${docdir}'
sbindir='${exec_prefix}/sbin'
sharedstatedir='${prefix}/com'
sysconfdir='/home/cswiggz/Documents/seniordesign/parrot/out/Unix-base/staging/etc'
target_alias=''

## ----------- ##
## confdefs.h. ##
## ----------- ##

/* confdefs.h */
#define PACKAGE_NAME "libARUtils"
#define PACKAGE_TARNAME "libarutils"
#define PACKAGE_VERSION "3.1.0"
#define PACKAGE_STRING "libARUtils 3.1.0"
#define PACKAGE_BUGREPORT "ardrone@ardrone.org"
#define PACKAGE_URL ""
#define PACKAGE "libarutils"
#define VERSION "3.1.0"
#define NDEBUG /**/
#define STDC_HEADERS 1
#define HAVE_SYS_TYPES_H 1
#define HAVE_SYS_STAT_H 1
#define HAVE_STDLIB_H 1
#define HAVE_STRING_H 1
#define HAVE_MEMORY_H 1
#define HAVE_STRINGS_H 1
#define HAVE_INTTYPES_H 1
#define HAVE_STDINT_H 1
#define HAVE_UNISTD_H 1
#define HAVE_LIBARSAL_ARSAL_H 1
#define HAVE_LIBARSAL 1
#define HAVE_CURL_CURL_H 1
#define HAVE_CURL_CURLBUILD_H 1
#define HAVE_CURL_CURLVER_H 1
#define HAVE_LIBCURL 1
#define HAVE_DLFCN_H 1
#define LT_OBJDIR ".libs/"
#define STDC_HEADERS 1
#define HAVE_INTTYPES_H 1
#define HAVE_STDLIB_H 1
#define HAVE_SYS_STATFS_H 1
#define HAVE_SYS_MOUNT_H 1
#define HAVE_FTW_H 1

configure: exit 0
