This file contains any messages produced by compilers while
running configure, to aid debugging if configure makes a mistake.

It was created by libARUpdater configure 3.1.0, which was
generated by GNU Autoconf 2.69.  Invocation command line was

  $ /home/cswiggz/Documents/seniordesign/parrot/out/Unix-base/build/libARUpdater/Build/configure --prefix=/home/cswiggz/Documents/seniordesign/parrot/out/Unix-base/staging/usr --sysconfdir=/home/cswiggz/Documents/seniordesign/parrot/out/Unix-base/staging/etc ac_cv_prog_YACC= --disable-maintainer-mode --disable-nls --disable-gtk-doc --disable-gtk-doc-html --disable-doxygen-docs --disable-doc --disable-docs --disable-documentation --disable-option-checking --quiet --enable-silent-rules --with-libARUtilsInstallDir= --with-libARSALInstallDir= --with-libARDataTransferInstallDir= --with-libARDiscoveryInstallDir= --with-libCurlInstallDir= --with-jsonInstallDir=

## --------- ##
## Platform. ##
## --------- ##

hostname = bandit1
uname -m = x86_64
uname -r = 4.2.0-23-generic
uname -s = Linux
uname -v = #28-Ubuntu SMP Sun Dec 27 17:47:31 UTC 2015

/usr/bin/uname -p = unknown
/bin/uname -X     = unknown

/bin/arch              = unknown
/usr/bin/arch -k       = unknown
/usr/convex/getsysinfo = unknown
/usr/bin/hostinfo      = unknown
/bin/machine           = unknown
/usr/bin/oslevel       = unknown
/bin/universe          = unknown

PATH: /home/cswiggz/Documents/seniordesign/parrot/out/Unix-base/staging-host/bin
PATH: /home/cswiggz/Documents/seniordesign/parrot/out/Unix-base/staging-host/usr/bin
PATH: /usr/local/sbin
PATH: /usr/local/bin
PATH: /usr/sbin
PATH: /usr/bin
PATH: /sbin
PATH: /bin
PATH: /usr/games
PATH: /usr/local/games


## ----------- ##
## Core tests. ##
## ----------- ##

configure:2654: checking for a BSD-compatible install
configure:2722: result: /usr/bin/install -p
configure:2733: checking whether build environment is sane
configure:2788: result: yes
configure:2939: checking for a thread-safe mkdir -p
configure:2978: result: /bin/mkdir -p
configure:2985: checking for gawk
configure:3015: result: no
configure:2985: checking for mawk
configure:3001: found /usr/bin/mawk
configure:3012: result: mawk
configure:3023: checking whether make sets $(MAKE)
configure:3045: result: yes
configure:3074: checking whether make supports nested variables
configure:3091: result: yes
configure:3229: checking whether to build with debug information
configure:3238: result: no
configure:3264: checking whether to put version number in .so files
configure:3273: result: yes
configure:3301: checking for style of include used by make
configure:3329: result: GNU
configure:3400: checking for gcc
configure:3427: result:  gcc
configure:3656: checking for C compiler version
configure:3665:  gcc --version >&5
gcc (Ubuntu 5.2.1-22ubuntu2) 5.2.1 20151010
Copyright (C) 2015 Free Software Foundation, Inc.
This is free software; see the source for copying conditions.  There is NO
warranty; not even for MERCHANTABILITY or FITNESS FOR A PARTICULAR PURPOSE.

configure:3676: $? = 0
configure:3665:  gcc -v >&5
Using built-in specs.
COLLECT_GCC=gcc
COLLECT_LTO_WRAPPER=/usr/lib/gcc/x86_64-linux-gnu/5/lto-wrapper
Target: x86_64-linux-gnu
Configured with: ../src/configure -v --with-pkgversion='Ubuntu 5.2.1-22ubuntu2' --with-bugurl=file:///usr/share/doc/gcc-5/README.Bugs --enable-languages=c,ada,c++,java,go,d,fortran,objc,obj-c++ --prefix=/usr --program-suffix=-5 --enable-shared --enable-linker-build-id --libexecdir=/usr/lib --without-included-gettext --enable-threads=posix --libdir=/usr/lib --enable-nls --with-sysroot=/ --enable-clocale=gnu --enable-libstdcxx-debug --enable-libstdcxx-time=yes --with-default-libstdcxx-abi=new --enable-gnu-unique-object --disable-vtable-verify --enable-libmpx --enable-plugin --with-system-zlib --disable-browser-plugin --enable-java-awt=gtk --enable-gtk-cairo --with-java-home=/usr/lib/jvm/java-1.5.0-gcj-5-amd64/jre --enable-java-home --with-jvm-root-dir=/usr/lib/jvm/java-1.5.0-gcj-5-amd64 --with-jvm-jar-dir=/usr/lib/jvm-exports/java-1.5.0-gcj-5-amd64 --with-arch-directory=amd64 --with-ecj-jar=/usr/share/java/eclipse-ecj.jar --enable-objc-gc --enable-multiarch --disable-werror --with-arch-32=i686 --with-abi=m64 --with-multilib-list=m32,m64,mx32 --enable-multilib --with-tune=generic --enable-checking=release --build=x86_64-linux-gnu --host=x86_64-linux-gnu --target=x86_64-linux-gnu
Thread model: posix
gcc version 5.2.1 20151010 (Ubuntu 5.2.1-22ubuntu2) 
configure:3676: $? = 0
configure:3665:  gcc -V >&5
gcc: error: unrecognized command line option '-V'
gcc: fatal error: no input files
compilation terminated.
configure:3676: $? = 1
configure:3665:  gcc -qversion >&5
gcc: error: unrecognized command line option '-qversion'
gcc: fatal error: no input files
compilation terminated.
configure:3676: $? = 1
configure:3696: checking whether the C compiler works
configure:3718:  gcc -isystem/home/cswiggz/Documents/seniordesign/parrot/out/Unix-base/staging/usr/include -isystem/home/cswiggz/Documents/seniordesign/parrot/out/Unix-base/staging/usr/include/x86_64-linux-gnu  -pipe -g -O2 -ffunction-sections -fno-short-enums -m64 -fPIC -msse -msse2 -mssse3 -DALCHEMY_BUILD  -O3 -I/home/cswiggz/Documents/seniordesign/parrot/out/Unix-base/build/libARUpdater/Build/../Includes -I/home/cswiggz/Documents/seniordesign/parrot/out/Unix-base/build/libARUpdater/Build/../Sources -isystem/home/cswiggz/Documents/seniordesign/parrot/out/Unix-base/staging/usr/include -isystem/home/cswiggz/Documents/seniordesign/parrot/out/Unix-base/staging/usr/include/x86_64-linux-gnu -O3 -I/home/cswiggz/Documents/seniordesign/parrot/out/Unix-base/build/libARUpdater/Build/../Includes -I/home/cswiggz/Documents/seniordesign/parrot/out/Unix-base/build/libARUpdater/Build/../Sources  -m64 -L/home/cswiggz/Documents/seniordesign/parrot/out/Unix-base/staging/lib -L/home/cswiggz/Documents/seniordesign/parrot/out/Unix-base/staging/usr/lib -L/home/cswiggz/Documents/seniordesign/parrot/out/Unix-base/staging/lib/x86_64-linux-gnu -L/home/cswiggz/Documents/seniordesign/parrot/out/Unix-base/staging/usr/lib/x86_64-linux-gnu -L/home/cswiggz/Documents/seniordesign/parrot/out/Unix-base/staging/usr/lib -Wl,-rpath-link=/home/cswiggz/Documents/seniordesign/parrot/out/Unix-base/staging/lib -Wl,-rpath-link=/home/cswiggz/Documents/seniordesign/parrot/out/Unix-base/staging/usr/lib -Wl,-rpath-link=/home/cswiggz/Documents/seniordesign/parrot/out/Unix-base/staging/lib/x86_64-linux-gnu -Wl,-rpath-link=/home/cswiggz/Documents/seniordesign/parrot/out/Unix-base/staging/usr/lib/x86_64-linux-gnu -Wl,-rpath-link=/home/cswiggz/Documents/seniordesign/parrot/out/Unix-base/staging/usr/lib  -pthread -lrt  conftest.c  >&5
configure:3722: $? = 0
configure:3770: result: yes
configure:3773: checking for C compiler default output file name
configure:3775: result: a.out
configure:3781: checking for suffix of executables
configure:3788:  gcc -o conftest -isystem/home/cswiggz/Documents/seniordesign/parrot/out/Unix-base/staging/usr/include -isystem/home/cswiggz/Documents/seniordesign/parrot/out/Unix-base/staging/usr/include/x86_64-linux-gnu  -pipe -g -O2 -ffunction-sections -fno-short-enums -m64 -fPIC -msse -msse2 -mssse3 -DALCHEMY_BUILD  -O3 -I/home/cswiggz/Documents/seniordesign/parrot/out/Unix-base/build/libARUpdater/Build/../Includes -I/home/cswiggz/Documents/seniordesign/parrot/out/Unix-base/build/libARUpdater/Build/../Sources -isystem/home/cswiggz/Documents/seniordesign/parrot/out/Unix-base/staging/usr/include -isystem/home/cswiggz/Documents/seniordesign/parrot/out/Unix-base/staging/usr/include/x86_64-linux-gnu -O3 -I/home/cswiggz/Documents/seniordesign/parrot/out/Unix-base/build/libARUpdater/Build/../Includes -I/home/cswiggz/Documents/seniordesign/parrot/out/Unix-base/build/libARUpdater/Build/../Sources  -m64 -L/home/cswiggz/Documents/seniordesign/parrot/out/Unix-base/staging/lib -L/home/cswiggz/Documents/seniordesign/parrot/out/Unix-base/staging/usr/lib -L/home/cswiggz/Documents/seniordesign/parrot/out/Unix-base/staging/lib/x86_64-linux-gnu -L/home/cswiggz/Documents/seniordesign/parrot/out/Unix-base/staging/usr/lib/x86_64-linux-gnu -L/home/cswiggz/Documents/seniordesign/parrot/out/Unix-base/staging/usr/lib -Wl,-rpath-link=/home/cswiggz/Documents/seniordesign/parrot/out/Unix-base/staging/lib -Wl,-rpath-link=/home/cswiggz/Documents/seniordesign/parrot/out/Unix-base/staging/usr/lib -Wl,-rpath-link=/home/cswiggz/Documents/seniordesign/parrot/out/Unix-base/staging/lib/x86_64-linux-gnu -Wl,-rpath-link=/home/cswiggz/Documents/seniordesign/parrot/out/Unix-base/staging/usr/lib/x86_64-linux-gnu -Wl,-rpath-link=/home/cswiggz/Documents/seniordesign/parrot/out/Unix-base/staging/usr/lib  -pthread -lrt  conftest.c  >&5
configure:3792: $? = 0
configure:3814: result: 
configure:3836: checking whether we are cross compiling
configure:3844:  gcc -o conftest -isystem/home/cswiggz/Documents/seniordesign/parrot/out/Unix-base/staging/usr/include -isystem/home/cswiggz/Documents/seniordesign/parrot/out/Unix-base/staging/usr/include/x86_64-linux-gnu  -pipe -g -O2 -ffunction-sections -fno-short-enums -m64 -fPIC -msse -msse2 -mssse3 -DALCHEMY_BUILD  -O3 -I/home/cswiggz/Documents/seniordesign/parrot/out/Unix-base/build/libARUpdater/Build/../Includes -I/home/cswiggz/Documents/seniordesign/parrot/out/Unix-base/build/libARUpdater/Build/../Sources -isystem/home/cswiggz/Documents/seniordesign/parrot/out/Unix-base/staging/usr/include -isystem/home/cswiggz/Documents/seniordesign/parrot/out/Unix-base/staging/usr/include/x86_64-linux-gnu -O3 -I/home/cswiggz/Documents/seniordesign/parrot/out/Unix-base/build/libARUpdater/Build/../Includes -I/home/cswiggz/Documents/seniordesign/parrot/out/Unix-base/build/libARUpdater/Build/../Sources  -m64 -L/home/cswiggz/Documents/seniordesign/parrot/out/Unix-base/staging/lib -L/home/cswiggz/Documents/seniordesign/parrot/out/Unix-base/staging/usr/lib -L/home/cswiggz/Documents/seniordesign/parrot/out/Unix-base/staging/lib/x86_64-linux-gnu -L/home/cswiggz/Documents/seniordesign/parrot/out/Unix-base/staging/usr/lib/x86_64-linux-gnu -L/home/cswiggz/Documents/seniordesign/parrot/out/Unix-base/staging/usr/lib -Wl,-rpath-link=/home/cswiggz/Documents/seniordesign/parrot/out/Unix-base/staging/lib -Wl,-rpath-link=/home/cswiggz/Documents/seniordesign/parrot/out/Unix-base/staging/usr/lib -Wl,-rpath-link=/home/cswiggz/Documents/seniordesign/parrot/out/Unix-base/staging/lib/x86_64-linux-gnu -Wl,-rpath-link=/home/cswiggz/Documents/seniordesign/parrot/out/Unix-base/staging/usr/lib/x86_64-linux-gnu -Wl,-rpath-link=/home/cswiggz/Documents/seniordesign/parrot/out/Unix-base/staging/usr/lib  -pthread -lrt  conftest.c  >&5
configure:3848: $? = 0
configure:3855: ./conftest
configure:3859: $? = 0
configure:3874: result: no
configure:3879: checking for suffix of object files
configure:3901:  gcc -c -isystem/home/cswiggz/Documents/seniordesign/parrot/out/Unix-base/staging/usr/include -isystem/home/cswiggz/Documents/seniordesign/parrot/out/Unix-base/staging/usr/include/x86_64-linux-gnu  -pipe -g -O2 -ffunction-sections -fno-short-enums -m64 -fPIC -msse -msse2 -mssse3 -DALCHEMY_BUILD  -O3 -I/home/cswiggz/Documents/seniordesign/parrot/out/Unix-base/build/libARUpdater/Build/../Includes -I/home/cswiggz/Documents/seniordesign/parrot/out/Unix-base/build/libARUpdater/Build/../Sources -isystem/home/cswiggz/Documents/seniordesign/parrot/out/Unix-base/staging/usr/include -isystem/home/cswiggz/Documents/seniordesign/parrot/out/Unix-base/staging/usr/include/x86_64-linux-gnu -O3 -I/home/cswiggz/Documents/seniordesign/parrot/out/Unix-base/build/libARUpdater/Build/../Includes -I/home/cswiggz/Documents/seniordesign/parrot/out/Unix-base/build/libARUpdater/Build/../Sources conftest.c >&5
configure:3905: $? = 0
configure:3926: result: o
configure:3930: checking whether we are using the GNU C compiler
configure:3949:  gcc -c -isystem/home/cswiggz/Documents/seniordesign/parrot/out/Unix-base/staging/usr/include -isystem/home/cswiggz/Documents/seniordesign/parrot/out/Unix-base/staging/usr/include/x86_64-linux-gnu  -pipe -g -O2 -ffunction-sections -fno-short-enums -m64 -fPIC -msse -msse2 -mssse3 -DALCHEMY_BUILD  -O3 -I/home/cswiggz/Documents/seniordesign/parrot/out/Unix-base/build/libARUpdater/Build/../Includes -I/home/cswiggz/Documents/seniordesign/parrot/out/Unix-base/build/libARUpdater/Build/../Sources -isystem/home/cswiggz/Documents/seniordesign/parrot/out/Unix-base/staging/usr/include -isystem/home/cswiggz/Documents/seniordesign/parrot/out/Unix-base/staging/usr/include/x86_64-linux-gnu -O3 -I/home/cswiggz/Documents/seniordesign/parrot/out/Unix-base/build/libARUpdater/Build/../Includes -I/home/cswiggz/Documents/seniordesign/parrot/out/Unix-base/build/libARUpdater/Build/../Sources conftest.c >&5
configure:3949: $? = 0
configure:3958: result: yes
configure:3967: checking whether  gcc accepts -g
configure:3987:  gcc -c -g -isystem/home/cswiggz/Documents/seniordesign/parrot/out/Unix-base/staging/usr/include -isystem/home/cswiggz/Documents/seniordesign/parrot/out/Unix-base/staging/usr/include/x86_64-linux-gnu -O3 -I/home/cswiggz/Documents/seniordesign/parrot/out/Unix-base/build/libARUpdater/Build/../Includes -I/home/cswiggz/Documents/seniordesign/parrot/out/Unix-base/build/libARUpdater/Build/../Sources conftest.c >&5
configure:3987: $? = 0
configure:4028: result: yes
configure:4045: checking for  gcc option to accept ISO C89
configure:4108:  gcc  -c -isystem/home/cswiggz/Documents/seniordesign/parrot/out/Unix-base/staging/usr/include -isystem/home/cswiggz/Documents/seniordesign/parrot/out/Unix-base/staging/usr/include/x86_64-linux-gnu  -pipe -g -O2 -ffunction-sections -fno-short-enums -m64 -fPIC -msse -msse2 -mssse3 -DALCHEMY_BUILD  -O3 -I/home/cswiggz/Documents/seniordesign/parrot/out/Unix-base/build/libARUpdater/Build/../Includes -I/home/cswiggz/Documents/seniordesign/parrot/out/Unix-base/build/libARUpdater/Build/../Sources -isystem/home/cswiggz/Documents/seniordesign/parrot/out/Unix-base/staging/usr/include -isystem/home/cswiggz/Documents/seniordesign/parrot/out/Unix-base/staging/usr/include/x86_64-linux-gnu -O3 -I/home/cswiggz/Documents/seniordesign/parrot/out/Unix-base/build/libARUpdater/Build/../Includes -I/home/cswiggz/Documents/seniordesign/parrot/out/Unix-base/build/libARUpdater/Build/../Sources conftest.c >&5
configure:4108: $? = 0
configure:4121: result: none needed
configure:4146: checking whether  gcc understands -c and -o together
configure:4168:  gcc -c conftest.c -o conftest2.o
configure:4171: $? = 0
configure:4168:  gcc -c conftest.c -o conftest2.o
configure:4171: $? = 0
configure:4183: result: yes
configure:4202: checking dependency style of  gcc
configure:4313: result: gcc3
configure:4334: checking how to run the C preprocessor
configure:4404: result: cpp
configure:4424: cpp -isystem/home/cswiggz/Documents/seniordesign/parrot/out/Unix-base/staging/usr/include -isystem/home/cswiggz/Documents/seniordesign/parrot/out/Unix-base/staging/usr/include/x86_64-linux-gnu -O3 -I/home/cswiggz/Documents/seniordesign/parrot/out/Unix-base/build/libARUpdater/Build/../Includes -I/home/cswiggz/Documents/seniordesign/parrot/out/Unix-base/build/libARUpdater/Build/../Sources conftest.c
configure:4424: $? = 0
configure:4438: cpp -isystem/home/cswiggz/Documents/seniordesign/parrot/out/Unix-base/staging/usr/include -isystem/home/cswiggz/Documents/seniordesign/parrot/out/Unix-base/staging/usr/include/x86_64-linux-gnu -O3 -I/home/cswiggz/Documents/seniordesign/parrot/out/Unix-base/build/libARUpdater/Build/../Includes -I/home/cswiggz/Documents/seniordesign/parrot/out/Unix-base/build/libARUpdater/Build/../Sources conftest.c
conftest.c:12:28: fatal error: ac_nonexistent.h: No such file or directory
compilation terminated.
configure:4438: $? = 1
configure: failed program was:
| /* confdefs.h */
| #define PACKAGE_NAME "libARUpdater"
| #define PACKAGE_TARNAME "libarupdater"
| #define PACKAGE_VERSION "3.1.0"
| #define PACKAGE_STRING "libARUpdater 3.1.0"
| #define PACKAGE_BUGREPORT "ardrone@ardrone.org"
| #define PACKAGE_URL ""
| #define PACKAGE "libarupdater"
| #define VERSION "3.1.0"
| #define NDEBUG /**/
| /* end confdefs.h.  */
| #include <ac_nonexistent.h>
configure:4467: checking for grep that handles long lines and -e
configure:4525: result: /bin/grep
configure:4530: checking for egrep
configure:4592: result: /bin/grep -E
configure:4597: checking for ANSI C header files
configure:4617:  gcc -c -isystem/home/cswiggz/Documents/seniordesign/parrot/out/Unix-base/staging/usr/include -isystem/home/cswiggz/Documents/seniordesign/parrot/out/Unix-base/staging/usr/include/x86_64-linux-gnu  -pipe -g -O2 -ffunction-sections -fno-short-enums -m64 -fPIC -msse -msse2 -mssse3 -DALCHEMY_BUILD  -O3 -I/home/cswiggz/Documents/seniordesign/parrot/out/Unix-base/build/libARUpdater/Build/../Includes -I/home/cswiggz/Documents/seniordesign/parrot/out/Unix-base/build/libARUpdater/Build/../Sources -isystem/home/cswiggz/Documents/seniordesign/parrot/out/Unix-base/staging/usr/include -isystem/home/cswiggz/Documents/seniordesign/parrot/out/Unix-base/staging/usr/include/x86_64-linux-gnu -O3 -I/home/cswiggz/Documents/seniordesign/parrot/out/Unix-base/build/libARUpdater/Build/../Includes -I/home/cswiggz/Documents/seniordesign/parrot/out/Unix-base/build/libARUpdater/Build/../Sources conftest.c >&5
configure:4617: $? = 0
configure:4690:  gcc -o conftest -isystem/home/cswiggz/Documents/seniordesign/parrot/out/Unix-base/staging/usr/include -isystem/home/cswiggz/Documents/seniordesign/parrot/out/Unix-base/staging/usr/include/x86_64-linux-gnu  -pipe -g -O2 -ffunction-sections -fno-short-enums -m64 -fPIC -msse -msse2 -mssse3 -DALCHEMY_BUILD  -O3 -I/home/cswiggz/Documents/seniordesign/parrot/out/Unix-base/build/libARUpdater/Build/../Includes -I/home/cswiggz/Documents/seniordesign/parrot/out/Unix-base/build/libARUpdater/Build/../Sources -isystem/home/cswiggz/Documents/seniordesign/parrot/out/Unix-base/staging/usr/include -isystem/home/cswiggz/Documents/seniordesign/parrot/out/Unix-base/staging/usr/include/x86_64-linux-gnu -O3 -I/home/cswiggz/Documents/seniordesign/parrot/out/Unix-base/build/libARUpdater/Build/../Includes -I/home/cswiggz/Documents/seniordesign/parrot/out/Unix-base/build/libARUpdater/Build/../Sources  -m64 -L/home/cswiggz/Documents/seniordesign/parrot/out/Unix-base/staging/lib -L/home/cswiggz/Documents/seniordesign/parrot/out/Unix-base/staging/usr/lib -L/home/cswiggz/Documents/seniordesign/parrot/out/Unix-base/staging/lib/x86_64-linux-gnu -L/home/cswiggz/Documents/seniordesign/parrot/out/Unix-base/staging/usr/lib/x86_64-linux-gnu -L/home/cswiggz/Documents/seniordesign/parrot/out/Unix-base/staging/usr/lib -Wl,-rpath-link=/home/cswiggz/Documents/seniordesign/parrot/out/Unix-base/staging/lib -Wl,-rpath-link=/home/cswiggz/Documents/seniordesign/parrot/out/Unix-base/staging/usr/lib -Wl,-rpath-link=/home/cswiggz/Documents/seniordesign/parrot/out/Unix-base/staging/lib/x86_64-linux-gnu -Wl,-rpath-link=/home/cswiggz/Documents/seniordesign/parrot/out/Unix-base/staging/usr/lib/x86_64-linux-gnu -Wl,-rpath-link=/home/cswiggz/Documents/seniordesign/parrot/out/Unix-base/staging/usr/lib  -pthread -lrt  conftest.c  >&5
configure:4690: $? = 0
configure:4690: ./conftest
configure:4690: $? = 0
configure:4701: result: yes
configure:4714: checking for sys/types.h
configure:4714:  gcc -c -isystem/home/cswiggz/Documents/seniordesign/parrot/out/Unix-base/staging/usr/include -isystem/home/cswiggz/Documents/seniordesign/parrot/out/Unix-base/staging/usr/include/x86_64-linux-gnu  -pipe -g -O2 -ffunction-sections -fno-short-enums -m64 -fPIC -msse -msse2 -mssse3 -DALCHEMY_BUILD  -O3 -I/home/cswiggz/Documents/seniordesign/parrot/out/Unix-base/build/libARUpdater/Build/../Includes -I/home/cswiggz/Documents/seniordesign/parrot/out/Unix-base/build/libARUpdater/Build/../Sources -isystem/home/cswiggz/Documents/seniordesign/parrot/out/Unix-base/staging/usr/include -isystem/home/cswiggz/Documents/seniordesign/parrot/out/Unix-base/staging/usr/include/x86_64-linux-gnu -O3 -I/home/cswiggz/Documents/seniordesign/parrot/out/Unix-base/build/libARUpdater/Build/../Includes -I/home/cswiggz/Documents/seniordesign/parrot/out/Unix-base/build/libARUpdater/Build/../Sources conftest.c >&5
configure:4714: $? = 0
configure:4714: result: yes
configure:4714: checking for sys/stat.h
configure:4714:  gcc -c -isystem/home/cswiggz/Documents/seniordesign/parrot/out/Unix-base/staging/usr/include -isystem/home/cswiggz/Documents/seniordesign/parrot/out/Unix-base/staging/usr/include/x86_64-linux-gnu  -pipe -g -O2 -ffunction-sections -fno-short-enums -m64 -fPIC -msse -msse2 -mssse3 -DALCHEMY_BUILD  -O3 -I/home/cswiggz/Documents/seniordesign/parrot/out/Unix-base/build/libARUpdater/Build/../Includes -I/home/cswiggz/Documents/seniordesign/parrot/out/Unix-base/build/libARUpdater/Build/../Sources -isystem/home/cswiggz/Documents/seniordesign/parrot/out/Unix-base/staging/usr/include -isystem/home/cswiggz/Documents/seniordesign/parrot/out/Unix-base/staging/usr/include/x86_64-linux-gnu -O3 -I/home/cswiggz/Documents/seniordesign/parrot/out/Unix-base/build/libARUpdater/Build/../Includes -I/home/cswiggz/Documents/seniordesign/parrot/out/Unix-base/build/libARUpdater/Build/../Sources conftest.c >&5
configure:4714: $? = 0
configure:4714: result: yes
configure:4714: checking for stdlib.h
configure:4714:  gcc -c -isystem/home/cswiggz/Documents/seniordesign/parrot/out/Unix-base/staging/usr/include -isystem/home/cswiggz/Documents/seniordesign/parrot/out/Unix-base/staging/usr/include/x86_64-linux-gnu  -pipe -g -O2 -ffunction-sections -fno-short-enums -m64 -fPIC -msse -msse2 -mssse3 -DALCHEMY_BUILD  -O3 -I/home/cswiggz/Documents/seniordesign/parrot/out/Unix-base/build/libARUpdater/Build/../Includes -I/home/cswiggz/Documents/seniordesign/parrot/out/Unix-base/build/libARUpdater/Build/../Sources -isystem/home/cswiggz/Documents/seniordesign/parrot/out/Unix-base/staging/usr/include -isystem/home/cswiggz/Documents/seniordesign/parrot/out/Unix-base/staging/usr/include/x86_64-linux-gnu -O3 -I/home/cswiggz/Documents/seniordesign/parrot/out/Unix-base/build/libARUpdater/Build/../Includes -I/home/cswiggz/Documents/seniordesign/parrot/out/Unix-base/build/libARUpdater/Build/../Sources conftest.c >&5
configure:4714: $? = 0
configure:4714: result: yes
configure:4714: checking for string.h
configure:4714:  gcc -c -isystem/home/cswiggz/Documents/seniordesign/parrot/out/Unix-base/staging/usr/include -isystem/home/cswiggz/Documents/seniordesign/parrot/out/Unix-base/staging/usr/include/x86_64-linux-gnu  -pipe -g -O2 -ffunction-sections -fno-short-enums -m64 -fPIC -msse -msse2 -mssse3 -DALCHEMY_BUILD  -O3 -I/home/cswiggz/Documents/seniordesign/parrot/out/Unix-base/build/libARUpdater/Build/../Includes -I/home/cswiggz/Documents/seniordesign/parrot/out/Unix-base/build/libARUpdater/Build/../Sources -isystem/home/cswiggz/Documents/seniordesign/parrot/out/Unix-base/staging/usr/include -isystem/home/cswiggz/Documents/seniordesign/parrot/out/Unix-base/staging/usr/include/x86_64-linux-gnu -O3 -I/home/cswiggz/Documents/seniordesign/parrot/out/Unix-base/build/libARUpdater/Build/../Includes -I/home/cswiggz/Documents/seniordesign/parrot/out/Unix-base/build/libARUpdater/Build/../Sources conftest.c >&5
configure:4714: $? = 0
configure:4714: result: yes
configure:4714: checking for memory.h
configure:4714:  gcc -c -isystem/home/cswiggz/Documents/seniordesign/parrot/out/Unix-base/staging/usr/include -isystem/home/cswiggz/Documents/seniordesign/parrot/out/Unix-base/staging/usr/include/x86_64-linux-gnu  -pipe -g -O2 -ffunction-sections -fno-short-enums -m64 -fPIC -msse -msse2 -mssse3 -DALCHEMY_BUILD  -O3 -I/home/cswiggz/Documents/seniordesign/parrot/out/Unix-base/build/libARUpdater/Build/../Includes -I/home/cswiggz/Documents/seniordesign/parrot/out/Unix-base/build/libARUpdater/Build/../Sources -isystem/home/cswiggz/Documents/seniordesign/parrot/out/Unix-base/staging/usr/include -isystem/home/cswiggz/Documents/seniordesign/parrot/out/Unix-base/staging/usr/include/x86_64-linux-gnu -O3 -I/home/cswiggz/Documents/seniordesign/parrot/out/Unix-base/build/libARUpdater/Build/../Includes -I/home/cswiggz/Documents/seniordesign/parrot/out/Unix-base/build/libARUpdater/Build/../Sources conftest.c >&5
configure:4714: $? = 0
configure:4714: result: yes
configure:4714: checking for strings.h
configure:4714:  gcc -c -isystem/home/cswiggz/Documents/seniordesign/parrot/out/Unix-base/staging/usr/include -isystem/home/cswiggz/Documents/seniordesign/parrot/out/Unix-base/staging/usr/include/x86_64-linux-gnu  -pipe -g -O2 -ffunction-sections -fno-short-enums -m64 -fPIC -msse -msse2 -mssse3 -DALCHEMY_BUILD  -O3 -I/home/cswiggz/Documents/seniordesign/parrot/out/Unix-base/build/libARUpdater/Build/../Includes -I/home/cswiggz/Documents/seniordesign/parrot/out/Unix-base/build/libARUpdater/Build/../Sources -isystem/home/cswiggz/Documents/seniordesign/parrot/out/Unix-base/staging/usr/include -isystem/home/cswiggz/Documents/seniordesign/parrot/out/Unix-base/staging/usr/include/x86_64-linux-gnu -O3 -I/home/cswiggz/Documents/seniordesign/parrot/out/Unix-base/build/libARUpdater/Build/../Includes -I/home/cswiggz/Documents/seniordesign/parrot/out/Unix-base/build/libARUpdater/Build/../Sources conftest.c >&5
configure:4714: $? = 0
configure:4714: result: yes
configure:4714: checking for inttypes.h
configure:4714:  gcc -c -isystem/home/cswiggz/Documents/seniordesign/parrot/out/Unix-base/staging/usr/include -isystem/home/cswiggz/Documents/seniordesign/parrot/out/Unix-base/staging/usr/include/x86_64-linux-gnu  -pipe -g -O2 -ffunction-sections -fno-short-enums -m64 -fPIC -msse -msse2 -mssse3 -DALCHEMY_BUILD  -O3 -I/home/cswiggz/Documents/seniordesign/parrot/out/Unix-base/build/libARUpdater/Build/../Includes -I/home/cswiggz/Documents/seniordesign/parrot/out/Unix-base/build/libARUpdater/Build/../Sources -isystem/home/cswiggz/Documents/seniordesign/parrot/out/Unix-base/staging/usr/include -isystem/home/cswiggz/Documents/seniordesign/parrot/out/Unix-base/staging/usr/include/x86_64-linux-gnu -O3 -I/home/cswiggz/Documents/seniordesign/parrot/out/Unix-base/build/libARUpdater/Build/../Includes -I/home/cswiggz/Documents/seniordesign/parrot/out/Unix-base/build/libARUpdater/Build/../Sources conftest.c >&5
configure:4714: $? = 0
configure:4714: result: yes
configure:4714: checking for stdint.h
configure:4714:  gcc -c -isystem/home/cswiggz/Documents/seniordesign/parrot/out/Unix-base/staging/usr/include -isystem/home/cswiggz/Documents/seniordesign/parrot/out/Unix-base/staging/usr/include/x86_64-linux-gnu  -pipe -g -O2 -ffunction-sections -fno-short-enums -m64 -fPIC -msse -msse2 -mssse3 -DALCHEMY_BUILD  -O3 -I/home/cswiggz/Documents/seniordesign/parrot/out/Unix-base/build/libARUpdater/Build/../Includes -I/home/cswiggz/Documents/seniordesign/parrot/out/Unix-base/build/libARUpdater/Build/../Sources -isystem/home/cswiggz/Documents/seniordesign/parrot/out/Unix-base/staging/usr/include -isystem/home/cswiggz/Documents/seniordesign/parrot/out/Unix-base/staging/usr/include/x86_64-linux-gnu -O3 -I/home/cswiggz/Documents/seniordesign/parrot/out/Unix-base/build/libARUpdater/Build/../Includes -I/home/cswiggz/Documents/seniordesign/parrot/out/Unix-base/build/libARUpdater/Build/../Sources conftest.c >&5
configure:4714: $? = 0
configure:4714: result: yes
configure:4714: checking for unistd.h
configure:4714:  gcc -c -isystem/home/cswiggz/Documents/seniordesign/parrot/out/Unix-base/staging/usr/include -isystem/home/cswiggz/Documents/seniordesign/parrot/out/Unix-base/staging/usr/include/x86_64-linux-gnu  -pipe -g -O2 -ffunction-sections -fno-short-enums -m64 -fPIC -msse -msse2 -mssse3 -DALCHEMY_BUILD  -O3 -I/home/cswiggz/Documents/seniordesign/parrot/out/Unix-base/build/libARUpdater/Build/../Includes -I/home/cswiggz/Documents/seniordesign/parrot/out/Unix-base/build/libARUpdater/Build/../Sources -isystem/home/cswiggz/Documents/seniordesign/parrot/out/Unix-base/staging/usr/include -isystem/home/cswiggz/Documents/seniordesign/parrot/out/Unix-base/staging/usr/include/x86_64-linux-gnu -O3 -I/home/cswiggz/Documents/seniordesign/parrot/out/Unix-base/build/libARUpdater/Build/../Includes -I/home/cswiggz/Documents/seniordesign/parrot/out/Unix-base/build/libARUpdater/Build/../Sources conftest.c >&5
configure:4714: $? = 0
configure:4714: result: yes
configure:4796: checking libARUtils/ARUtils.h usability
configure:4796:  gcc -c -isystem/home/cswiggz/Documents/seniordesign/parrot/out/Unix-base/staging/usr/include -isystem/home/cswiggz/Documents/seniordesign/parrot/out/Unix-base/staging/usr/include/x86_64-linux-gnu  -pipe -g -O2 -ffunction-sections -fno-short-enums -m64 -fPIC -msse -msse2 -mssse3 -DALCHEMY_BUILD  -O3 -I/home/cswiggz/Documents/seniordesign/parrot/out/Unix-base/build/libARUpdater/Build/../Includes -I/home/cswiggz/Documents/seniordesign/parrot/out/Unix-base/build/libARUpdater/Build/../Sources -isystem/home/cswiggz/Documents/seniordesign/parrot/out/Unix-base/staging/usr/include -isystem/home/cswiggz/Documents/seniordesign/parrot/out/Unix-base/staging/usr/include/x86_64-linux-gnu -O3 -I/home/cswiggz/Documents/seniordesign/parrot/out/Unix-base/build/libARUpdater/Build/../Includes -I/home/cswiggz/Documents/seniordesign/parrot/out/Unix-base/build/libARUpdater/Build/../Sources conftest.c >&5
configure:4796: $? = 0
configure:4796: result: yes
configure:4796: checking libARUtils/ARUtils.h presence
configure:4796: cpp -isystem/home/cswiggz/Documents/seniordesign/parrot/out/Unix-base/staging/usr/include -isystem/home/cswiggz/Documents/seniordesign/parrot/out/Unix-base/staging/usr/include/x86_64-linux-gnu -O3 -I/home/cswiggz/Documents/seniordesign/parrot/out/Unix-base/build/libARUpdater/Build/../Includes -I/home/cswiggz/Documents/seniordesign/parrot/out/Unix-base/build/libARUpdater/Build/../Sources conftest.c
configure:4796: $? = 0
configure:4796: result: yes
configure:4796: checking for libARUtils/ARUtils.h
configure:4796: result: yes
configure:4926: checking libARSAL/ARSAL.h usability
configure:4926:  gcc -c -isystem/home/cswiggz/Documents/seniordesign/parrot/out/Unix-base/staging/usr/include -isystem/home/cswiggz/Documents/seniordesign/parrot/out/Unix-base/staging/usr/include/x86_64-linux-gnu  -pipe -g -O2 -ffunction-sections -fno-short-enums -m64 -fPIC -msse -msse2 -mssse3 -DALCHEMY_BUILD  -O3 -I/home/cswiggz/Documents/seniordesign/parrot/out/Unix-base/build/libARUpdater/Build/../Includes -I/home/cswiggz/Documents/seniordesign/parrot/out/Unix-base/build/libARUpdater/Build/../Sources -isystem/home/cswiggz/Documents/seniordesign/parrot/out/Unix-base/staging/usr/include -isystem/home/cswiggz/Documents/seniordesign/parrot/out/Unix-base/staging/usr/include/x86_64-linux-gnu -O3 -I/home/cswiggz/Documents/seniordesign/parrot/out/Unix-base/build/libARUpdater/Build/../Includes -I/home/cswiggz/Documents/seniordesign/parrot/out/Unix-base/build/libARUpdater/Build/../Sources conftest.c >&5
configure:4926: $? = 0
configure:4926: result: yes
configure:4926: checking libARSAL/ARSAL.h presence
configure:4926: cpp -isystem/home/cswiggz/Documents/seniordesign/parrot/out/Unix-base/staging/usr/include -isystem/home/cswiggz/Documents/seniordesign/parrot/out/Unix-base/staging/usr/include/x86_64-linux-gnu -O3 -I/home/cswiggz/Documents/seniordesign/parrot/out/Unix-base/build/libARUpdater/Build/../Includes -I/home/cswiggz/Documents/seniordesign/parrot/out/Unix-base/build/libARUpdater/Build/../Sources conftest.c
configure:4926: $? = 0
configure:4926: result: yes
configure:4926: checking for libARSAL/ARSAL.h
configure:4926: result: yes
configure:5056: checking libARDataTransfer/ARDataTransfer.h usability
configure:5056:  gcc -c -isystem/home/cswiggz/Documents/seniordesign/parrot/out/Unix-base/staging/usr/include -isystem/home/cswiggz/Documents/seniordesign/parrot/out/Unix-base/staging/usr/include/x86_64-linux-gnu  -pipe -g -O2 -ffunction-sections -fno-short-enums -m64 -fPIC -msse -msse2 -mssse3 -DALCHEMY_BUILD  -O3 -I/home/cswiggz/Documents/seniordesign/parrot/out/Unix-base/build/libARUpdater/Build/../Includes -I/home/cswiggz/Documents/seniordesign/parrot/out/Unix-base/build/libARUpdater/Build/../Sources -isystem/home/cswiggz/Documents/seniordesign/parrot/out/Unix-base/staging/usr/include -isystem/home/cswiggz/Documents/seniordesign/parrot/out/Unix-base/staging/usr/include/x86_64-linux-gnu -O3 -I/home/cswiggz/Documents/seniordesign/parrot/out/Unix-base/build/libARUpdater/Build/../Includes -I/home/cswiggz/Documents/seniordesign/parrot/out/Unix-base/build/libARUpdater/Build/../Sources conftest.c >&5
configure:5056: $? = 0
configure:5056: result: yes
configure:5056: checking libARDataTransfer/ARDataTransfer.h presence
configure:5056: cpp -isystem/home/cswiggz/Documents/seniordesign/parrot/out/Unix-base/staging/usr/include -isystem/home/cswiggz/Documents/seniordesign/parrot/out/Unix-base/staging/usr/include/x86_64-linux-gnu -O3 -I/home/cswiggz/Documents/seniordesign/parrot/out/Unix-base/build/libARUpdater/Build/../Includes -I/home/cswiggz/Documents/seniordesign/parrot/out/Unix-base/build/libARUpdater/Build/../Sources conftest.c
configure:5056: $? = 0
configure:5056: result: yes
configure:5056: checking for libARDataTransfer/ARDataTransfer.h
configure:5056: result: yes
configure:5186: checking libARDiscovery/ARDiscovery.h usability
configure:5186:  gcc -c -isystem/home/cswiggz/Documents/seniordesign/parrot/out/Unix-base/staging/usr/include -isystem/home/cswiggz/Documents/seniordesign/parrot/out/Unix-base/staging/usr/include/x86_64-linux-gnu  -pipe -g -O2 -ffunction-sections -fno-short-enums -m64 -fPIC -msse -msse2 -mssse3 -DALCHEMY_BUILD  -O3 -I/home/cswiggz/Documents/seniordesign/parrot/out/Unix-base/build/libARUpdater/Build/../Includes -I/home/cswiggz/Documents/seniordesign/parrot/out/Unix-base/build/libARUpdater/Build/../Sources -isystem/home/cswiggz/Documents/seniordesign/parrot/out/Unix-base/staging/usr/include -isystem/home/cswiggz/Documents/seniordesign/parrot/out/Unix-base/staging/usr/include/x86_64-linux-gnu -O3 -I/home/cswiggz/Documents/seniordesign/parrot/out/Unix-base/build/libARUpdater/Build/../Includes -I/home/cswiggz/Documents/seniordesign/parrot/out/Unix-base/build/libARUpdater/Build/../Sources conftest.c >&5
configure:5186: $? = 0
configure:5186: result: yes
configure:5186: checking libARDiscovery/ARDiscovery.h presence
configure:5186: cpp -isystem/home/cswiggz/Documents/seniordesign/parrot/out/Unix-base/staging/usr/include -isystem/home/cswiggz/Documents/seniordesign/parrot/out/Unix-base/staging/usr/include/x86_64-linux-gnu -O3 -I/home/cswiggz/Documents/seniordesign/parrot/out/Unix-base/build/libARUpdater/Build/../Includes -I/home/cswiggz/Documents/seniordesign/parrot/out/Unix-base/build/libARUpdater/Build/../Sources conftest.c
configure:5186: $? = 0
configure:5186: result: yes
configure:5186: checking for libARDiscovery/ARDiscovery.h
configure:5186: result: yes
configure:5317: checking curl/curl.h usability
configure:5317:  gcc -c -isystem/home/cswiggz/Documents/seniordesign/parrot/out/Unix-base/staging/usr/include -isystem/home/cswiggz/Documents/seniordesign/parrot/out/Unix-base/staging/usr/include/x86_64-linux-gnu  -pipe -g -O2 -ffunction-sections -fno-short-enums -m64 -fPIC -msse -msse2 -mssse3 -DALCHEMY_BUILD  -O3 -I/home/cswiggz/Documents/seniordesign/parrot/out/Unix-base/build/libARUpdater/Build/../Includes -I/home/cswiggz/Documents/seniordesign/parrot/out/Unix-base/build/libARUpdater/Build/../Sources -isystem/home/cswiggz/Documents/seniordesign/parrot/out/Unix-base/staging/usr/include -isystem/home/cswiggz/Documents/seniordesign/parrot/out/Unix-base/staging/usr/include/x86_64-linux-gnu -O3 -I/home/cswiggz/Documents/seniordesign/parrot/out/Unix-base/build/libARUpdater/Build/../Includes -I/home/cswiggz/Documents/seniordesign/parrot/out/Unix-base/build/libARUpdater/Build/../Sources conftest.c >&5
configure:5317: $? = 0
configure:5317: result: yes
configure:5317: checking curl/curl.h presence
configure:5317: cpp -isystem/home/cswiggz/Documents/seniordesign/parrot/out/Unix-base/staging/usr/include -isystem/home/cswiggz/Documents/seniordesign/parrot/out/Unix-base/staging/usr/include/x86_64-linux-gnu -O3 -I/home/cswiggz/Documents/seniordesign/parrot/out/Unix-base/build/libARUpdater/Build/../Includes -I/home/cswiggz/Documents/seniordesign/parrot/out/Unix-base/build/libARUpdater/Build/../Sources conftest.c
configure:5317: $? = 0
configure:5317: result: yes
configure:5317: checking for curl/curl.h
configure:5317: result: yes
configure:5317: checking curl/curlbuild.h usability
configure:5317:  gcc -c -isystem/home/cswiggz/Documents/seniordesign/parrot/out/Unix-base/staging/usr/include -isystem/home/cswiggz/Documents/seniordesign/parrot/out/Unix-base/staging/usr/include/x86_64-linux-gnu  -pipe -g -O2 -ffunction-sections -fno-short-enums -m64 -fPIC -msse -msse2 -mssse3 -DALCHEMY_BUILD  -O3 -I/home/cswiggz/Documents/seniordesign/parrot/out/Unix-base/build/libARUpdater/Build/../Includes -I/home/cswiggz/Documents/seniordesign/parrot/out/Unix-base/build/libARUpdater/Build/../Sources -isystem/home/cswiggz/Documents/seniordesign/parrot/out/Unix-base/staging/usr/include -isystem/home/cswiggz/Documents/seniordesign/parrot/out/Unix-base/staging/usr/include/x86_64-linux-gnu -O3 -I/home/cswiggz/Documents/seniordesign/parrot/out/Unix-base/build/libARUpdater/Build/../Includes -I/home/cswiggz/Documents/seniordesign/parrot/out/Unix-base/build/libARUpdater/Build/../Sources conftest.c >&5
configure:5317: $? = 0
configure:5317: result: yes
configure:5317: checking curl/curlbuild.h presence
configure:5317: cpp -isystem/home/cswiggz/Documents/seniordesign/parrot/out/Unix-base/staging/usr/include -isystem/home/cswiggz/Documents/seniordesign/parrot/out/Unix-base/staging/usr/include/x86_64-linux-gnu -O3 -I/home/cswiggz/Documents/seniordesign/parrot/out/Unix-base/build/libARUpdater/Build/../Includes -I/home/cswiggz/Documents/seniordesign/parrot/out/Unix-base/build/libARUpdater/Build/../Sources conftest.c
configure:5317: $? = 0
configure:5317: result: yes
configure:5317: checking for curl/curlbuild.h
configure:5317: result: yes
configure:5317: checking curl/curlver.h usability
configure:5317:  gcc -c -isystem/home/cswiggz/Documents/seniordesign/parrot/out/Unix-base/staging/usr/include -isystem/home/cswiggz/Documents/seniordesign/parrot/out/Unix-base/staging/usr/include/x86_64-linux-gnu  -pipe -g -O2 -ffunction-sections -fno-short-enums -m64 -fPIC -msse -msse2 -mssse3 -DALCHEMY_BUILD  -O3 -I/home/cswiggz/Documents/seniordesign/parrot/out/Unix-base/build/libARUpdater/Build/../Includes -I/home/cswiggz/Documents/seniordesign/parrot/out/Unix-base/build/libARUpdater/Build/../Sources -isystem/home/cswiggz/Documents/seniordesign/parrot/out/Unix-base/staging/usr/include -isystem/home/cswiggz/Documents/seniordesign/parrot/out/Unix-base/staging/usr/include/x86_64-linux-gnu -O3 -I/home/cswiggz/Documents/seniordesign/parrot/out/Unix-base/build/libARUpdater/Build/../Includes -I/home/cswiggz/Documents/seniordesign/parrot/out/Unix-base/build/libARUpdater/Build/../Sources conftest.c >&5
configure:5317: $? = 0
configure:5317: result: yes
configure:5317: checking curl/curlver.h presence
configure:5317: cpp -isystem/home/cswiggz/Documents/seniordesign/parrot/out/Unix-base/staging/usr/include -isystem/home/cswiggz/Documents/seniordesign/parrot/out/Unix-base/staging/usr/include/x86_64-linux-gnu -O3 -I/home/cswiggz/Documents/seniordesign/parrot/out/Unix-base/build/libARUpdater/Build/../Includes -I/home/cswiggz/Documents/seniordesign/parrot/out/Unix-base/build/libARUpdater/Build/../Sources conftest.c
configure:5317: $? = 0
configure:5317: result: yes
configure:5317: checking for curl/curlver.h
configure:5317: result: yes
configure:5464: checking json/json.h usability
configure:5464:  gcc -c -isystem/home/cswiggz/Documents/seniordesign/parrot/out/Unix-base/staging/usr/include -isystem/home/cswiggz/Documents/seniordesign/parrot/out/Unix-base/staging/usr/include/x86_64-linux-gnu  -pipe -g -O2 -ffunction-sections -fno-short-enums -m64 -fPIC -msse -msse2 -mssse3 -DALCHEMY_BUILD  -O3 -I/home/cswiggz/Documents/seniordesign/parrot/out/Unix-base/build/libARUpdater/Build/../Includes -I/home/cswiggz/Documents/seniordesign/parrot/out/Unix-base/build/libARUpdater/Build/../Sources -isystem/home/cswiggz/Documents/seniordesign/parrot/out/Unix-base/staging/usr/include -isystem/home/cswiggz/Documents/seniordesign/parrot/out/Unix-base/staging/usr/include/x86_64-linux-gnu -O3 -I/home/cswiggz/Documents/seniordesign/parrot/out/Unix-base/build/libARUpdater/Build/../Includes -I/home/cswiggz/Documents/seniordesign/parrot/out/Unix-base/build/libARUpdater/Build/../Sources conftest.c >&5
configure:5464: $? = 0
configure:5464: result: yes
configure:5464: checking json/json.h presence
configure:5464: cpp -isystem/home/cswiggz/Documents/seniordesign/parrot/out/Unix-base/staging/usr/include -isystem/home/cswiggz/Documents/seniordesign/parrot/out/Unix-base/staging/usr/include/x86_64-linux-gnu -O3 -I/home/cswiggz/Documents/seniordesign/parrot/out/Unix-base/build/libARUpdater/Build/../Includes -I/home/cswiggz/Documents/seniordesign/parrot/out/Unix-base/build/libARUpdater/Build/../Sources conftest.c
configure:5464: $? = 0
configure:5464: result: yes
configure:5464: checking for json/json.h
configure:5464: result: yes
configure:5559: checking for gcc
configure:5586: result:  gcc
configure:5815: checking for C compiler version
configure:5824:  gcc --version >&5
gcc (Ubuntu 5.2.1-22ubuntu2) 5.2.1 20151010
Copyright (C) 2015 Free Software Foundation, Inc.
This is free software; see the source for copying conditions.  There is NO
warranty; not even for MERCHANTABILITY or FITNESS FOR A PARTICULAR PURPOSE.

configure:5835: $? = 0
configure:5824:  gcc -v >&5
Using built-in specs.
COLLECT_GCC=gcc
COLLECT_LTO_WRAPPER=/usr/lib/gcc/x86_64-linux-gnu/5/lto-wrapper
Target: x86_64-linux-gnu
Configured with: ../src/configure -v --with-pkgversion='Ubuntu 5.2.1-22ubuntu2' --with-bugurl=file:///usr/share/doc/gcc-5/README.Bugs --enable-languages=c,ada,c++,java,go,d,fortran,objc,obj-c++ --prefix=/usr --program-suffix=-5 --enable-shared --enable-linker-build-id --libexecdir=/usr/lib --without-included-gettext --enable-threads=posix --libdir=/usr/lib --enable-nls --with-sysroot=/ --enable-clocale=gnu --enable-libstdcxx-debug --enable-libstdcxx-time=yes --with-default-libstdcxx-abi=new --enable-gnu-unique-object --disable-vtable-verify --enable-libmpx --enable-plugin --with-system-zlib --disable-browser-plugin --enable-java-awt=gtk --enable-gtk-cairo --with-java-home=/usr/lib/jvm/java-1.5.0-gcj-5-amd64/jre --enable-java-home --with-jvm-root-dir=/usr/lib/jvm/java-1.5.0-gcj-5-amd64 --with-jvm-jar-dir=/usr/lib/jvm-exports/java-1.5.0-gcj-5-amd64 --with-arch-directory=amd64 --with-ecj-jar=/usr/share/java/eclipse-ecj.jar --enable-objc-gc --enable-multiarch --disable-werror --with-arch-32=i686 --with-abi=m64 --with-multilib-list=m32,m64,mx32 --enable-multilib --with-tune=generic --enable-checking=release --build=x86_64-linux-gnu --host=x86_64-linux-gnu --target=x86_64-linux-gnu
Thread model: posix
gcc version 5.2.1 20151010 (Ubuntu 5.2.1-22ubuntu2) 
configure:5835: $? = 0
configure:5824:  gcc -V >&5
gcc: error: unrecognized command line option '-V'
gcc: fatal error: no input files
compilation terminated.
configure:5835: $? = 1
configure:5824:  gcc -qversion >&5
gcc: error: unrecognized command line option '-qversion'
gcc: fatal error: no input files
compilation terminated.
configure:5835: $? = 1
configure:5839: checking whether we are using the GNU C compiler
configure:5867: result: yes
configure:5876: checking whether  gcc accepts -g
configure:5937: result: yes
configure:5954: checking for  gcc option to accept ISO C89
configure:6030: result: none needed
configure:6055: checking whether  gcc understands -c and -o together
configure:6092: result: yes
configure:6111: checking dependency style of  gcc
configure:6222: result: gcc3
configure:6266: checking build system type
configure:6280: result: x86_64-unknown-linux-gnu
configure:6300: checking host system type
configure:6313: result: x86_64-unknown-linux-gnu
configure:6354: checking how to print strings
configure:6381: result: printf
configure:6402: checking for a sed that does not truncate output
configure:6466: result: /bin/sed
configure:6484: checking for fgrep
configure:6546: result: /bin/grep -F
configure:6581: checking for ld used by  gcc
configure:6648: result: ld
configure:6655: checking if the linker (ld) is GNU ld
configure:6670: result: yes
configure:6682: checking for BSD- or MS-compatible name lister (nm)
configure:6731: result: nm
configure:6861: checking the name lister (nm) interface
configure:6868:  gcc -c -isystem/home/cswiggz/Documents/seniordesign/parrot/out/Unix-base/staging/usr/include -isystem/home/cswiggz/Documents/seniordesign/parrot/out/Unix-base/staging/usr/include/x86_64-linux-gnu  -pipe -g -O2 -ffunction-sections -fno-short-enums -m64 -fPIC -msse -msse2 -mssse3 -DALCHEMY_BUILD  -O3 -I/home/cswiggz/Documents/seniordesign/parrot/out/Unix-base/build/libARUpdater/Build/../Includes -I/home/cswiggz/Documents/seniordesign/parrot/out/Unix-base/build/libARUpdater/Build/../Sources -isystem/home/cswiggz/Documents/seniordesign/parrot/out/Unix-base/staging/usr/include -isystem/home/cswiggz/Documents/seniordesign/parrot/out/Unix-base/staging/usr/include/x86_64-linux-gnu -O3 -I/home/cswiggz/Documents/seniordesign/parrot/out/Unix-base/build/libARUpdater/Build/../Includes -I/home/cswiggz/Documents/seniordesign/parrot/out/Unix-base/build/libARUpdater/Build/../Sources conftest.c >&5
configure:6871: nm "conftest.o"
configure:6874: output
0000000000000000 B some_variable
configure:6881: result: BSD nm
configure:6884: checking whether ln -s works
configure:6888: result: yes
configure:6896: checking the maximum length of command line arguments
configure:7027: result: 1572864
configure:7044: checking whether the shell understands some XSI constructs
configure:7054: result: yes
configure:7058: checking whether the shell understands "+="
configure:7064: result: yes
configure:7099: checking how to convert x86_64-unknown-linux-gnu file names to x86_64-unknown-linux-gnu format
configure:7139: result: func_convert_file_noop
configure:7146: checking how to convert x86_64-unknown-linux-gnu file names to toolchain format
configure:7166: result: func_convert_file_noop
configure:7173: checking for ld option to reload object files
configure:7180: result: -r
configure:7254: checking for objdump
configure:7281: result: objdump
configure:7313: checking how to recognize dependent libraries
configure:7511: result: pass_all
configure:7596: checking for dlltool
configure:7626: result: no
configure:7656: checking how to associate runtime and link libraries
configure:7683: result: printf %s\n
configure:7807: checking for archiver @FILE support
configure:7824:  gcc -c -isystem/home/cswiggz/Documents/seniordesign/parrot/out/Unix-base/staging/usr/include -isystem/home/cswiggz/Documents/seniordesign/parrot/out/Unix-base/staging/usr/include/x86_64-linux-gnu  -pipe -g -O2 -ffunction-sections -fno-short-enums -m64 -fPIC -msse -msse2 -mssse3 -DALCHEMY_BUILD  -O3 -I/home/cswiggz/Documents/seniordesign/parrot/out/Unix-base/build/libARUpdater/Build/../Includes -I/home/cswiggz/Documents/seniordesign/parrot/out/Unix-base/build/libARUpdater/Build/../Sources -isystem/home/cswiggz/Documents/seniordesign/parrot/out/Unix-base/staging/usr/include -isystem/home/cswiggz/Documents/seniordesign/parrot/out/Unix-base/staging/usr/include/x86_64-linux-gnu -O3 -I/home/cswiggz/Documents/seniordesign/parrot/out/Unix-base/build/libARUpdater/Build/../Includes -I/home/cswiggz/Documents/seniordesign/parrot/out/Unix-base/build/libARUpdater/Build/../Sources conftest.c >&5
configure:7824: $? = 0
configure:7827: ar cru libconftest.a @conftest.lst >&5
ar: `u' modifier ignored since `D' is the default (see `U')
configure:7830: $? = 0
configure:7835: ar cru libconftest.a @conftest.lst >&5
ar: `u' modifier ignored since `D' is the default (see `U')
ar: conftest.o: No such file or directory
configure:7838: $? = 1
configure:7850: result: @
configure:7908: checking for strip
configure:7935: result: strip
configure:8007: checking for ranlib
configure:8034: result: ranlib
configure:8136: checking command to parse nm output from  gcc object
configure:8256:  gcc -c -isystem/home/cswiggz/Documents/seniordesign/parrot/out/Unix-base/staging/usr/include -isystem/home/cswiggz/Documents/seniordesign/parrot/out/Unix-base/staging/usr/include/x86_64-linux-gnu  -pipe -g -O2 -ffunction-sections -fno-short-enums -m64 -fPIC -msse -msse2 -mssse3 -DALCHEMY_BUILD  -O3 -I/home/cswiggz/Documents/seniordesign/parrot/out/Unix-base/build/libARUpdater/Build/../Includes -I/home/cswiggz/Documents/seniordesign/parrot/out/Unix-base/build/libARUpdater/Build/../Sources -isystem/home/cswiggz/Documents/seniordesign/parrot/out/Unix-base/staging/usr/include -isystem/home/cswiggz/Documents/seniordesign/parrot/out/Unix-base/staging/usr/include/x86_64-linux-gnu -O3 -I/home/cswiggz/Documents/seniordesign/parrot/out/Unix-base/build/libARUpdater/Build/../Includes -I/home/cswiggz/Documents/seniordesign/parrot/out/Unix-base/build/libARUpdater/Build/../Sources conftest.c >&5
configure:8259: $? = 0
configure:8263: nm conftest.o \| sed -n -e 's/^.*[ ]\([ABCDGIRSTW][ABCDGIRSTW]*\)[ ][ ]*\([_A-Za-z][_A-Za-z0-9]*\)$/\1 \2 \2/p' | sed '/ __gnu_lto/d' \> conftest.nm
configure:8266: $? = 0
configure:8332:  gcc -o conftest -isystem/home/cswiggz/Documents/seniordesign/parrot/out/Unix-base/staging/usr/include -isystem/home/cswiggz/Documents/seniordesign/parrot/out/Unix-base/staging/usr/include/x86_64-linux-gnu  -pipe -g -O2 -ffunction-sections -fno-short-enums -m64 -fPIC -msse -msse2 -mssse3 -DALCHEMY_BUILD  -O3 -I/home/cswiggz/Documents/seniordesign/parrot/out/Unix-base/build/libARUpdater/Build/../Includes -I/home/cswiggz/Documents/seniordesign/parrot/out/Unix-base/build/libARUpdater/Build/../Sources -isystem/home/cswiggz/Documents/seniordesign/parrot/out/Unix-base/staging/usr/include -isystem/home/cswiggz/Documents/seniordesign/parrot/out/Unix-base/staging/usr/include/x86_64-linux-gnu -O3 -I/home/cswiggz/Documents/seniordesign/parrot/out/Unix-base/build/libARUpdater/Build/../Includes -I/home/cswiggz/Documents/seniordesign/parrot/out/Unix-base/build/libARUpdater/Build/../Sources  -m64 -L/home/cswiggz/Documents/seniordesign/parrot/out/Unix-base/staging/lib -L/home/cswiggz/Documents/seniordesign/parrot/out/Unix-base/staging/usr/lib -L/home/cswiggz/Documents/seniordesign/parrot/out/Unix-base/staging/lib/x86_64-linux-gnu -L/home/cswiggz/Documents/seniordesign/parrot/out/Unix-base/staging/usr/lib/x86_64-linux-gnu -L/home/cswiggz/Documents/seniordesign/parrot/out/Unix-base/staging/usr/lib -Wl,-rpath-link=/home/cswiggz/Documents/seniordesign/parrot/out/Unix-base/staging/lib -Wl,-rpath-link=/home/cswiggz/Documents/seniordesign/parrot/out/Unix-base/staging/usr/lib -Wl,-rpath-link=/home/cswiggz/Documents/seniordesign/parrot/out/Unix-base/staging/lib/x86_64-linux-gnu -Wl,-rpath-link=/home/cswiggz/Documents/seniordesign/parrot/out/Unix-base/staging/usr/lib/x86_64-linux-gnu -Wl,-rpath-link=/home/cswiggz/Documents/seniordesign/parrot/out/Unix-base/staging/usr/lib  -pthread -lrt  -larutils -larsal -lardatatransfer -lardiscovery -lcurl -ljson conftest.c conftstm.o >&5
configure:8335: $? = 0
configure:8373: result: ok
configure:8410: checking for sysroot
configure:8440: result: no
configure:8517:  gcc -c -isystem/home/cswiggz/Documents/seniordesign/parrot/out/Unix-base/staging/usr/include -isystem/home/cswiggz/Documents/seniordesign/parrot/out/Unix-base/staging/usr/include/x86_64-linux-gnu  -pipe -g -O2 -ffunction-sections -fno-short-enums -m64 -fPIC -msse -msse2 -mssse3 -DALCHEMY_BUILD  -O3 -I/home/cswiggz/Documents/seniordesign/parrot/out/Unix-base/build/libARUpdater/Build/../Includes -I/home/cswiggz/Documents/seniordesign/parrot/out/Unix-base/build/libARUpdater/Build/../Sources -isystem/home/cswiggz/Documents/seniordesign/parrot/out/Unix-base/staging/usr/include -isystem/home/cswiggz/Documents/seniordesign/parrot/out/Unix-base/staging/usr/include/x86_64-linux-gnu -O3 -I/home/cswiggz/Documents/seniordesign/parrot/out/Unix-base/build/libARUpdater/Build/../Includes -I/home/cswiggz/Documents/seniordesign/parrot/out/Unix-base/build/libARUpdater/Build/../Sources conftest.c >&5
configure:8520: $? = 0
configure:8709: checking for mt
configure:8736: result: :
configure:8759: checking if : is a manifest tool
configure:8765: : '-?'
configure:8773: result: no
configure:9412: checking for dlfcn.h
configure:9412:  gcc -c -isystem/home/cswiggz/Documents/seniordesign/parrot/out/Unix-base/staging/usr/include -isystem/home/cswiggz/Documents/seniordesign/parrot/out/Unix-base/staging/usr/include/x86_64-linux-gnu  -pipe -g -O2 -ffunction-sections -fno-short-enums -m64 -fPIC -msse -msse2 -mssse3 -DALCHEMY_BUILD  -O3 -I/home/cswiggz/Documents/seniordesign/parrot/out/Unix-base/build/libARUpdater/Build/../Includes -I/home/cswiggz/Documents/seniordesign/parrot/out/Unix-base/build/libARUpdater/Build/../Sources -isystem/home/cswiggz/Documents/seniordesign/parrot/out/Unix-base/staging/usr/include -isystem/home/cswiggz/Documents/seniordesign/parrot/out/Unix-base/staging/usr/include/x86_64-linux-gnu -O3 -I/home/cswiggz/Documents/seniordesign/parrot/out/Unix-base/build/libARUpdater/Build/../Includes -I/home/cswiggz/Documents/seniordesign/parrot/out/Unix-base/build/libARUpdater/Build/../Sources conftest.c >&5
configure:9412: $? = 0
configure:9412: result: yes
configure:9618: checking for objdir
configure:9633: result: .libs
configure:9904: checking if  gcc supports -fno-rtti -fno-exceptions
configure:9922:  gcc -c -isystem/home/cswiggz/Documents/seniordesign/parrot/out/Unix-base/staging/usr/include -isystem/home/cswiggz/Documents/seniordesign/parrot/out/Unix-base/staging/usr/include/x86_64-linux-gnu  -pipe -g -O2 -ffunction-sections -fno-short-enums -m64 -fPIC -msse -msse2 -mssse3 -DALCHEMY_BUILD  -O3 -I/home/cswiggz/Documents/seniordesign/parrot/out/Unix-base/build/libARUpdater/Build/../Includes -I/home/cswiggz/Documents/seniordesign/parrot/out/Unix-base/build/libARUpdater/Build/../Sources -isystem/home/cswiggz/Documents/seniordesign/parrot/out/Unix-base/staging/usr/include -isystem/home/cswiggz/Documents/seniordesign/parrot/out/Unix-base/staging/usr/include/x86_64-linux-gnu -O3 -I/home/cswiggz/Documents/seniordesign/parrot/out/Unix-base/build/libARUpdater/Build/../Includes -I/home/cswiggz/Documents/seniordesign/parrot/out/Unix-base/build/libARUpdater/Build/../Sources -fno-rtti -fno-exceptions conftest.c >&5
cc1: warning: command line option '-fno-rtti' is valid for C++/ObjC++ but not for C
configure:9926: $? = 0
configure:9939: result: no
configure:10266: checking for  gcc option to produce PIC
configure:10273: result: -fPIC -DPIC
configure:10281: checking if  gcc PIC flag -fPIC -DPIC works
configure:10299:  gcc -c -isystem/home/cswiggz/Documents/seniordesign/parrot/out/Unix-base/staging/usr/include -isystem/home/cswiggz/Documents/seniordesign/parrot/out/Unix-base/staging/usr/include/x86_64-linux-gnu  -pipe -g -O2 -ffunction-sections -fno-short-enums -m64 -fPIC -msse -msse2 -mssse3 -DALCHEMY_BUILD  -O3 -I/home/cswiggz/Documents/seniordesign/parrot/out/Unix-base/build/libARUpdater/Build/../Includes -I/home/cswiggz/Documents/seniordesign/parrot/out/Unix-base/build/libARUpdater/Build/../Sources -isystem/home/cswiggz/Documents/seniordesign/parrot/out/Unix-base/staging/usr/include -isystem/home/cswiggz/Documents/seniordesign/parrot/out/Unix-base/staging/usr/include/x86_64-linux-gnu -O3 -I/home/cswiggz/Documents/seniordesign/parrot/out/Unix-base/build/libARUpdater/Build/../Includes -I/home/cswiggz/Documents/seniordesign/parrot/out/Unix-base/build/libARUpdater/Build/../Sources -fPIC -DPIC -DPIC conftest.c >&5
configure:10303: $? = 0
configure:10316: result: yes
configure:10345: checking if  gcc static flag -static works
configure:10373: result: yes
configure:10388: checking if  gcc supports -c -o file.o
configure:10409:  gcc -c -isystem/home/cswiggz/Documents/seniordesign/parrot/out/Unix-base/staging/usr/include -isystem/home/cswiggz/Documents/seniordesign/parrot/out/Unix-base/staging/usr/include/x86_64-linux-gnu  -pipe -g -O2 -ffunction-sections -fno-short-enums -m64 -fPIC -msse -msse2 -mssse3 -DALCHEMY_BUILD  -O3 -I/home/cswiggz/Documents/seniordesign/parrot/out/Unix-base/build/libARUpdater/Build/../Includes -I/home/cswiggz/Documents/seniordesign/parrot/out/Unix-base/build/libARUpdater/Build/../Sources -isystem/home/cswiggz/Documents/seniordesign/parrot/out/Unix-base/staging/usr/include -isystem/home/cswiggz/Documents/seniordesign/parrot/out/Unix-base/staging/usr/include/x86_64-linux-gnu -O3 -I/home/cswiggz/Documents/seniordesign/parrot/out/Unix-base/build/libARUpdater/Build/../Includes -I/home/cswiggz/Documents/seniordesign/parrot/out/Unix-base/build/libARUpdater/Build/../Sources -o out/conftest2.o conftest.c >&5
configure:10413: $? = 0
configure:10435: result: yes
configure:10443: checking if  gcc supports -c -o file.o
configure:10490: result: yes
configure:10523: checking whether the  gcc linker (ld -m elf_x86_64) supports shared libraries
configure:11680: result: yes
configure:11717: checking whether -lc should be explicitly linked in
configure:11725:  gcc -c -isystem/home/cswiggz/Documents/seniordesign/parrot/out/Unix-base/staging/usr/include -isystem/home/cswiggz/Documents/seniordesign/parrot/out/Unix-base/staging/usr/include/x86_64-linux-gnu  -pipe -g -O2 -ffunction-sections -fno-short-enums -m64 -fPIC -msse -msse2 -mssse3 -DALCHEMY_BUILD  -O3 -I/home/cswiggz/Documents/seniordesign/parrot/out/Unix-base/build/libARUpdater/Build/../Includes -I/home/cswiggz/Documents/seniordesign/parrot/out/Unix-base/build/libARUpdater/Build/../Sources -isystem/home/cswiggz/Documents/seniordesign/parrot/out/Unix-base/staging/usr/include -isystem/home/cswiggz/Documents/seniordesign/parrot/out/Unix-base/staging/usr/include/x86_64-linux-gnu -O3 -I/home/cswiggz/Documents/seniordesign/parrot/out/Unix-base/build/libARUpdater/Build/../Includes -I/home/cswiggz/Documents/seniordesign/parrot/out/Unix-base/build/libARUpdater/Build/../Sources conftest.c >&5
configure:11728: $? = 0
configure:11743:  gcc -shared  -fPIC -DPIC conftest.o  -v -Wl,-soname -Wl,conftest -o conftest 2\>\&1 \| /bin/grep  -lc  \>/dev/null 2\>\&1
configure:11746: $? = 0
configure:11760: result: no
configure:11920: checking dynamic linker characteristics
configure:12420:  gcc -o conftest -isystem/home/cswiggz/Documents/seniordesign/parrot/out/Unix-base/staging/usr/include -isystem/home/cswiggz/Documents/seniordesign/parrot/out/Unix-base/staging/usr/include/x86_64-linux-gnu  -pipe -g -O2 -ffunction-sections -fno-short-enums -m64 -fPIC -msse -msse2 -mssse3 -DALCHEMY_BUILD  -O3 -I/home/cswiggz/Documents/seniordesign/parrot/out/Unix-base/build/libARUpdater/Build/../Includes -I/home/cswiggz/Documents/seniordesign/parrot/out/Unix-base/build/libARUpdater/Build/../Sources -isystem/home/cswiggz/Documents/seniordesign/parrot/out/Unix-base/staging/usr/include -isystem/home/cswiggz/Documents/seniordesign/parrot/out/Unix-base/staging/usr/include/x86_64-linux-gnu -O3 -I/home/cswiggz/Documents/seniordesign/parrot/out/Unix-base/build/libARUpdater/Build/../Includes -I/home/cswiggz/Documents/seniordesign/parrot/out/Unix-base/build/libARUpdater/Build/../Sources  -m64 -L/home/cswiggz/Documents/seniordesign/parrot/out/Unix-base/staging/lib -L/home/cswiggz/Documents/seniordesign/parrot/out/Unix-base/staging/usr/lib -L/home/cswiggz/Documents/seniordesign/parrot/out/Unix-base/staging/lib/x86_64-linux-gnu -L/home/cswiggz/Documents/seniordesign/parrot/out/Unix-base/staging/usr/lib/x86_64-linux-gnu -L/home/cswiggz/Documents/seniordesign/parrot/out/Unix-base/staging/usr/lib -Wl,-rpath-link=/home/cswiggz/Documents/seniordesign/parrot/out/Unix-base/staging/lib -Wl,-rpath-link=/home/cswiggz/Documents/seniordesign/parrot/out/Unix-base/staging/usr/lib -Wl,-rpath-link=/home/cswiggz/Documents/seniordesign/parrot/out/Unix-base/staging/lib/x86_64-linux-gnu -Wl,-rpath-link=/home/cswiggz/Documents/seniordesign/parrot/out/Unix-base/staging/usr/lib/x86_64-linux-gnu -Wl,-rpath-link=/home/cswiggz/Documents/seniordesign/parrot/out/Unix-base/staging/usr/lib  -pthread -lrt  -larutils -larsal -lardatatransfer -lardiscovery -lcurl -ljson -Wl,-rpath -Wl,/foo conftest.c  >&5
configure:12420: $? = 0
configure:12654: result: GNU/Linux ld.so
configure:12761: checking how to hardcode library paths into programs
configure:12786: result: immediate
configure:13326: checking whether stripping libraries is possible
configure:13331: result: yes
configure:13366: checking if libtool supports shared libraries
configure:13368: result: yes
configure:13371: checking whether to build shared libraries
configure:13392: result: yes
configure:13395: checking whether to build static libraries
configure:13399: result: yes
configure:13490: checking for gcc
configure:13506: found /usr/bin/gcc
configure:13517: result: gcc
configure:13542: checking for Objective C compiler version
configure:13551: gcc --version >&5
gcc (Ubuntu 5.2.1-22ubuntu2) 5.2.1 20151010
Copyright (C) 2015 Free Software Foundation, Inc.
This is free software; see the source for copying conditions.  There is NO
warranty; not even for MERCHANTABILITY or FITNESS FOR A PARTICULAR PURPOSE.

configure:13562: $? = 0
configure:13551: gcc -v >&5
Using built-in specs.
COLLECT_GCC=gcc
COLLECT_LTO_WRAPPER=/usr/lib/gcc/x86_64-linux-gnu/5/lto-wrapper
Target: x86_64-linux-gnu
Configured with: ../src/configure -v --with-pkgversion='Ubuntu 5.2.1-22ubuntu2' --with-bugurl=file:///usr/share/doc/gcc-5/README.Bugs --enable-languages=c,ada,c++,java,go,d,fortran,objc,obj-c++ --prefix=/usr --program-suffix=-5 --enable-shared --enable-linker-build-id --libexecdir=/usr/lib --without-included-gettext --enable-threads=posix --libdir=/usr/lib --enable-nls --with-sysroot=/ --enable-clocale=gnu --enable-libstdcxx-debug --enable-libstdcxx-time=yes --with-default-libstdcxx-abi=new --enable-gnu-unique-object --disable-vtable-verify --enable-libmpx --enable-plugin --with-system-zlib --disable-browser-plugin --enable-java-awt=gtk --enable-gtk-cairo --with-java-home=/usr/lib/jvm/java-1.5.0-gcj-5-amd64/jre --enable-java-home --with-jvm-root-dir=/usr/lib/jvm/java-1.5.0-gcj-5-amd64 --with-jvm-jar-dir=/usr/lib/jvm-exports/java-1.5.0-gcj-5-amd64 --with-arch-directory=amd64 --with-ecj-jar=/usr/share/java/eclipse-ecj.jar --enable-objc-gc --enable-multiarch --disable-werror --with-arch-32=i686 --with-abi=m64 --with-multilib-list=m32,m64,mx32 --enable-multilib --with-tune=generic --enable-checking=release --build=x86_64-linux-gnu --host=x86_64-linux-gnu --target=x86_64-linux-gnu
Thread model: posix
gcc version 5.2.1 20151010 (Ubuntu 5.2.1-22ubuntu2) 
configure:13562: $? = 0
configure:13551: gcc -V >&5
gcc: error: unrecognized command line option '-V'
gcc: fatal error: no input files
compilation terminated.
configure:13562: $? = 1
configure:13551: gcc -qversion >&5
gcc: error: unrecognized command line option '-qversion'
gcc: fatal error: no input files
compilation terminated.
configure:13562: $? = 1
configure:13566: checking whether we are using the GNU Objective C compiler
configure:13585: gcc -c  -O3 -I/home/cswiggz/Documents/seniordesign/parrot/out/Unix-base/build/libARUpdater/Build/../Includes -I/home/cswiggz/Documents/seniordesign/parrot/out/Unix-base/build/libARUpdater/Build/../Sources -isystem/home/cswiggz/Documents/seniordesign/parrot/out/Unix-base/staging/usr/include -isystem/home/cswiggz/Documents/seniordesign/parrot/out/Unix-base/staging/usr/include/x86_64-linux-gnu -O3 -I/home/cswiggz/Documents/seniordesign/parrot/out/Unix-base/build/libARUpdater/Build/../Includes -I/home/cswiggz/Documents/seniordesign/parrot/out/Unix-base/build/libARUpdater/Build/../Sources conftest.m >&5
gcc: error trying to exec 'cc1obj': execvp: No such file or directory
configure:13585: $? = 1
configure: failed program was:
| /* confdefs.h */
| #define PACKAGE_NAME "libARUpdater"
| #define PACKAGE_TARNAME "libarupdater"
| #define PACKAGE_VERSION "3.1.0"
| #define PACKAGE_STRING "libARUpdater 3.1.0"
| #define PACKAGE_BUGREPORT "ardrone@ardrone.org"
| #define PACKAGE_URL ""
| #define PACKAGE "libarupdater"
| #define VERSION "3.1.0"
| #define NDEBUG /**/
| #define STDC_HEADERS 1
| #define HAVE_SYS_TYPES_H 1
| #define HAVE_SYS_STAT_H 1
| #define HAVE_STDLIB_H 1
| #define HAVE_STRING_H 1
| #define HAVE_MEMORY_H 1
| #define HAVE_STRINGS_H 1
| #define HAVE_INTTYPES_H 1
| #define HAVE_STDINT_H 1
| #define HAVE_UNISTD_H 1
| #define HAVE_LIBARUTILS_ARUTILS_H 1
| #define HAVE_LIBARUTILS 1
| #define HAVE_LIBARSAL_ARSAL_H 1
| #define HAVE_LIBARSAL 1
| #define HAVE_LIBARDATATRANSFER_ARDATATRANSFER_H 1
| #define HAVE_LIBARDATATRANSFER 1
| #define HAVE_LIBARDISCOVERY_ARDISCOVERY_H 1
| #define HAVE_LIBARDISCOVERY 1
| #define HAVE_CURL_CURL_H 1
| #define HAVE_CURL_CURLBUILD_H 1
| #define HAVE_CURL_CURLVER_H 1
| #define HAVE_LIBCURL 1
| #define HAVE_JSON_JSON_H 1
| #define HAVE_JSON 1
| #define HAVE_DLFCN_H 1
| #define LT_OBJDIR ".libs/"
| /* end confdefs.h.  */
| 
| int
| main ()
| {
| #ifndef __GNUC__
|        choke me
| #endif
| 
|   ;
|   return 0;
| }
configure:13594: result: no
configure:13603: checking whether gcc accepts -g
configure:13623: gcc -c -g -isystem/home/cswiggz/Documents/seniordesign/parrot/out/Unix-base/staging/usr/include -isystem/home/cswiggz/Documents/seniordesign/parrot/out/Unix-base/staging/usr/include/x86_64-linux-gnu -O3 -I/home/cswiggz/Documents/seniordesign/parrot/out/Unix-base/build/libARUpdater/Build/../Includes -I/home/cswiggz/Documents/seniordesign/parrot/out/Unix-base/build/libARUpdater/Build/../Sources conftest.m >&5
gcc: error trying to exec 'cc1obj': execvp: No such file or directory
configure:13623: $? = 1
configure: failed program was:
| /* confdefs.h */
| #define PACKAGE_NAME "libARUpdater"
| #define PACKAGE_TARNAME "libarupdater"
| #define PACKAGE_VERSION "3.1.0"
| #define PACKAGE_STRING "libARUpdater 3.1.0"
| #define PACKAGE_BUGREPORT "ardrone@ardrone.org"
| #define PACKAGE_URL ""
| #define PACKAGE "libarupdater"
| #define VERSION "3.1.0"
| #define NDEBUG /**/
| #define STDC_HEADERS 1
| #define HAVE_SYS_TYPES_H 1
| #define HAVE_SYS_STAT_H 1
| #define HAVE_STDLIB_H 1
| #define HAVE_STRING_H 1
| #define HAVE_MEMORY_H 1
| #define HAVE_STRINGS_H 1
| #define HAVE_INTTYPES_H 1
| #define HAVE_STDINT_H 1
| #define HAVE_UNISTD_H 1
| #define HAVE_LIBARUTILS_ARUTILS_H 1
| #define HAVE_LIBARUTILS 1
| #define HAVE_LIBARSAL_ARSAL_H 1
| #define HAVE_LIBARSAL 1
| #define HAVE_LIBARDATATRANSFER_ARDATATRANSFER_H 1
| #define HAVE_LIBARDATATRANSFER 1
| #define HAVE_LIBARDISCOVERY_ARDISCOVERY_H 1
| #define HAVE_LIBARDISCOVERY 1
| #define HAVE_CURL_CURL_H 1
| #define HAVE_CURL_CURLBUILD_H 1
| #define HAVE_CURL_CURLVER_H 1
| #define HAVE_LIBCURL 1
| #define HAVE_JSON_JSON_H 1
| #define HAVE_JSON 1
| #define HAVE_DLFCN_H 1
| #define LT_OBJDIR ".libs/"
| /* end confdefs.h.  */
| 
| int
| main ()
| {
| 
|   ;
|   return 0;
| }
configure:13638: gcc -c  -isystem/home/cswiggz/Documents/seniordesign/parrot/out/Unix-base/staging/usr/include -isystem/home/cswiggz/Documents/seniordesign/parrot/out/Unix-base/staging/usr/include/x86_64-linux-gnu -O3 -I/home/cswiggz/Documents/seniordesign/parrot/out/Unix-base/build/libARUpdater/Build/../Includes -I/home/cswiggz/Documents/seniordesign/parrot/out/Unix-base/build/libARUpdater/Build/../Sources conftest.m >&5
gcc: error trying to exec 'cc1obj': execvp: No such file or directory
configure:13638: $? = 1
configure: failed program was:
| /* confdefs.h */
| #define PACKAGE_NAME "libARUpdater"
| #define PACKAGE_TARNAME "libarupdater"
| #define PACKAGE_VERSION "3.1.0"
| #define PACKAGE_STRING "libARUpdater 3.1.0"
| #define PACKAGE_BUGREPORT "ardrone@ardrone.org"
| #define PACKAGE_URL ""
| #define PACKAGE "libarupdater"
| #define VERSION "3.1.0"
| #define NDEBUG /**/
| #define STDC_HEADERS 1
| #define HAVE_SYS_TYPES_H 1
| #define HAVE_SYS_STAT_H 1
| #define HAVE_STDLIB_H 1
| #define HAVE_STRING_H 1
| #define HAVE_MEMORY_H 1
| #define HAVE_STRINGS_H 1
| #define HAVE_INTTYPES_H 1
| #define HAVE_STDINT_H 1
| #define HAVE_UNISTD_H 1
| #define HAVE_LIBARUTILS_ARUTILS_H 1
| #define HAVE_LIBARUTILS 1
| #define HAVE_LIBARSAL_ARSAL_H 1
| #define HAVE_LIBARSAL 1
| #define HAVE_LIBARDATATRANSFER_ARDATATRANSFER_H 1
| #define HAVE_LIBARDATATRANSFER 1
| #define HAVE_LIBARDISCOVERY_ARDISCOVERY_H 1
| #define HAVE_LIBARDISCOVERY 1
| #define HAVE_CURL_CURL_H 1
| #define HAVE_CURL_CURLBUILD_H 1
| #define HAVE_CURL_CURLVER_H 1
| #define HAVE_LIBCURL 1
| #define HAVE_JSON_JSON_H 1
| #define HAVE_JSON 1
| #define HAVE_DLFCN_H 1
| #define LT_OBJDIR ".libs/"
| /* end confdefs.h.  */
| 
| int
| main ()
| {
| 
|   ;
|   return 0;
| }
configure:13654: gcc -c -g -isystem/home/cswiggz/Documents/seniordesign/parrot/out/Unix-base/staging/usr/include -isystem/home/cswiggz/Documents/seniordesign/parrot/out/Unix-base/staging/usr/include/x86_64-linux-gnu -O3 -I/home/cswiggz/Documents/seniordesign/parrot/out/Unix-base/build/libARUpdater/Build/../Includes -I/home/cswiggz/Documents/seniordesign/parrot/out/Unix-base/build/libARUpdater/Build/../Sources conftest.m >&5
gcc: error trying to exec 'cc1obj': execvp: No such file or directory
configure:13654: $? = 1
configure: failed program was:
| /* confdefs.h */
| #define PACKAGE_NAME "libARUpdater"
| #define PACKAGE_TARNAME "libarupdater"
| #define PACKAGE_VERSION "3.1.0"
| #define PACKAGE_STRING "libARUpdater 3.1.0"
| #define PACKAGE_BUGREPORT "ardrone@ardrone.org"
| #define PACKAGE_URL ""
| #define PACKAGE "libarupdater"
| #define VERSION "3.1.0"
| #define NDEBUG /**/
| #define STDC_HEADERS 1
| #define HAVE_SYS_TYPES_H 1
| #define HAVE_SYS_STAT_H 1
| #define HAVE_STDLIB_H 1
| #define HAVE_STRING_H 1
| #define HAVE_MEMORY_H 1
| #define HAVE_STRINGS_H 1
| #define HAVE_INTTYPES_H 1
| #define HAVE_STDINT_H 1
| #define HAVE_UNISTD_H 1
| #define HAVE_LIBARUTILS_ARUTILS_H 1
| #define HAVE_LIBARUTILS 1
| #define HAVE_LIBARSAL_ARSAL_H 1
| #define HAVE_LIBARSAL 1
| #define HAVE_LIBARDATATRANSFER_ARDATATRANSFER_H 1
| #define HAVE_LIBARDATATRANSFER 1
| #define HAVE_LIBARDISCOVERY_ARDISCOVERY_H 1
| #define HAVE_LIBARDISCOVERY 1
| #define HAVE_CURL_CURL_H 1
| #define HAVE_CURL_CURLBUILD_H 1
| #define HAVE_CURL_CURLVER_H 1
| #define HAVE_LIBCURL 1
| #define HAVE_JSON_JSON_H 1
| #define HAVE_JSON 1
| #define HAVE_DLFCN_H 1
| #define LT_OBJDIR ".libs/"
| /* end confdefs.h.  */
| 
| int
| main ()
| {
| 
|   ;
|   return 0;
| }
configure:13664: result: no
configure:13689: checking dependency style of gcc
configure:13798: result: gcc3
configure:13818: checking for doxygen
configure:13848: result: no
configure:14054: checking for doxygen
configure:14087: result: no
configure:14107: WARNING: doxygen not found - will not generate any doxygen documentation
configure:14160: checking for perl
configure:14178: found /usr/bin/perl
configure:14190: result: /usr/bin/perl
configure:15882: checking for ANSI C header files
configure:15986: result: yes
configure:16001: checking for json/json.h
configure:16001: result: yes
configure:16190: checking for inttypes.h
configure:16190: result: yes
configure:16204: checking for stdlib.h
configure:16204: result: yes
configure:16221: checking for size_t
configure:16221:  gcc -c -isystem/home/cswiggz/Documents/seniordesign/parrot/out/Unix-base/staging/usr/include -isystem/home/cswiggz/Documents/seniordesign/parrot/out/Unix-base/staging/usr/include/x86_64-linux-gnu  -pipe -g -O2 -ffunction-sections -fno-short-enums -m64 -fPIC -msse -msse2 -mssse3 -DALCHEMY_BUILD  -O3 -I/home/cswiggz/Documents/seniordesign/parrot/out/Unix-base/build/libARUpdater/Build/../Includes -I/home/cswiggz/Documents/seniordesign/parrot/out/Unix-base/build/libARUpdater/Build/../Sources -isystem/home/cswiggz/Documents/seniordesign/parrot/out/Unix-base/staging/usr/include -isystem/home/cswiggz/Documents/seniordesign/parrot/out/Unix-base/staging/usr/include/x86_64-linux-gnu -O3 -I/home/cswiggz/Documents/seniordesign/parrot/out/Unix-base/build/libARUpdater/Build/../Includes -I/home/cswiggz/Documents/seniordesign/parrot/out/Unix-base/build/libARUpdater/Build/../Sources conftest.c >&5
configure:16221: $? = 0
configure:16221:  gcc -c -isystem/home/cswiggz/Documents/seniordesign/parrot/out/Unix-base/staging/usr/include -isystem/home/cswiggz/Documents/seniordesign/parrot/out/Unix-base/staging/usr/include/x86_64-linux-gnu  -pipe -g -O2 -ffunction-sections -fno-short-enums -m64 -fPIC -msse -msse2 -mssse3 -DALCHEMY_BUILD  -O3 -I/home/cswiggz/Documents/seniordesign/parrot/out/Unix-base/build/libARUpdater/Build/../Includes -I/home/cswiggz/Documents/seniordesign/parrot/out/Unix-base/build/libARUpdater/Build/../Sources -isystem/home/cswiggz/Documents/seniordesign/parrot/out/Unix-base/staging/usr/include -isystem/home/cswiggz/Documents/seniordesign/parrot/out/Unix-base/staging/usr/include/x86_64-linux-gnu -O3 -I/home/cswiggz/Documents/seniordesign/parrot/out/Unix-base/build/libARUpdater/Build/../Includes -I/home/cswiggz/Documents/seniordesign/parrot/out/Unix-base/build/libARUpdater/Build/../Sources conftest.c >&5
conftest.c: In function 'main':
conftest.c:78:21: error: expected expression before ')' token
 if (sizeof ((size_t)))
                     ^
configure:16221: $? = 1
configure: failed program was:
| /* confdefs.h */
| #define PACKAGE_NAME "libARUpdater"
| #define PACKAGE_TARNAME "libarupdater"
| #define PACKAGE_VERSION "3.1.0"
| #define PACKAGE_STRING "libARUpdater 3.1.0"
| #define PACKAGE_BUGREPORT "ardrone@ardrone.org"
| #define PACKAGE_URL ""
| #define PACKAGE "libarupdater"
| #define VERSION "3.1.0"
| #define NDEBUG /**/
| #define STDC_HEADERS 1
| #define HAVE_SYS_TYPES_H 1
| #define HAVE_SYS_STAT_H 1
| #define HAVE_STDLIB_H 1
| #define HAVE_STRING_H 1
| #define HAVE_MEMORY_H 1
| #define HAVE_STRINGS_H 1
| #define HAVE_INTTYPES_H 1
| #define HAVE_STDINT_H 1
| #define HAVE_UNISTD_H 1
| #define HAVE_LIBARUTILS_ARUTILS_H 1
| #define HAVE_LIBARUTILS 1
| #define HAVE_LIBARSAL_ARSAL_H 1
| #define HAVE_LIBARSAL 1
| #define HAVE_LIBARDATATRANSFER_ARDATATRANSFER_H 1
| #define HAVE_LIBARDATATRANSFER 1
| #define HAVE_LIBARDISCOVERY_ARDISCOVERY_H 1
| #define HAVE_LIBARDISCOVERY 1
| #define HAVE_CURL_CURL_H 1
| #define HAVE_CURL_CURLBUILD_H 1
| #define HAVE_CURL_CURLVER_H 1
| #define HAVE_LIBCURL 1
| #define HAVE_JSON_JSON_H 1
| #define HAVE_JSON 1
| #define HAVE_DLFCN_H 1
| #define LT_OBJDIR ".libs/"
| #define STDC_HEADERS 1
| #define HAVE_JSON_JSON_H 1
| #define HAVE_INTTYPES_H 1
| #define HAVE_STDLIB_H 1
| /* end confdefs.h.  */
| #include <stdio.h>
| #ifdef HAVE_SYS_TYPES_H
| # include <sys/types.h>
| #endif
| #ifdef HAVE_SYS_STAT_H
| # include <sys/stat.h>
| #endif
| #ifdef STDC_HEADERS
| # include <stdlib.h>
| # include <stddef.h>
| #else
| # ifdef HAVE_STDLIB_H
| #  include <stdlib.h>
| # endif
| #endif
| #ifdef HAVE_STRING_H
| # if !defined STDC_HEADERS && defined HAVE_MEMORY_H
| #  include <memory.h>
| # endif
| # include <string.h>
| #endif
| #ifdef HAVE_STRINGS_H
| # include <strings.h>
| #endif
| #ifdef HAVE_INTTYPES_H
| # include <inttypes.h>
| #endif
| #ifdef HAVE_STDINT_H
| # include <stdint.h>
| #endif
| #ifdef HAVE_UNISTD_H
| # include <unistd.h>
| #endif
| int
| main ()
| {
| if (sizeof ((size_t)))
| 	    return 0;
|   ;
|   return 0;
| }
configure:16221: result: yes
configure:16361: checking that generated files are newer than configure
configure:16367: result: done
configure:16522: creating ./config.status

## ---------------------- ##
## Running config.status. ##
## ---------------------- ##

This file was extended by libARUpdater config.status 3.1.0, which was
generated by GNU Autoconf 2.69.  Invocation command line was

  CONFIG_FILES    = 
  CONFIG_HEADERS  = 
  CONFIG_LINKS    = 
  CONFIG_COMMANDS = 
  $ ./config.status --quiet

on bandit1

config.status:1185: creating Makefile
config.status:1185: creating config.h
config.status:1399: executing depfiles commands
config.status:1399: executing libtool commands

## ---------------- ##
## Cache variables. ##
## ---------------- ##

ac_cv_build=x86_64-unknown-linux-gnu
ac_cv_c_compiler_gnu=yes
ac_cv_env_CC_set=set
ac_cv_env_CC_value=' gcc'
ac_cv_env_CFLAGS_set=set
ac_cv_env_CFLAGS_value='-isystem/home/cswiggz/Documents/seniordesign/parrot/out/Unix-base/staging/usr/include -isystem/home/cswiggz/Documents/seniordesign/parrot/out/Unix-base/staging/usr/include/x86_64-linux-gnu  -pipe -g -O2 -ffunction-sections -fno-short-enums -m64 -fPIC -msse -msse2 -mssse3 -DALCHEMY_BUILD '
ac_cv_env_CPPFLAGS_set=set
ac_cv_env_CPPFLAGS_value='-isystem/home/cswiggz/Documents/seniordesign/parrot/out/Unix-base/staging/usr/include -isystem/home/cswiggz/Documents/seniordesign/parrot/out/Unix-base/staging/usr/include/x86_64-linux-gnu'
ac_cv_env_CPP_set=set
ac_cv_env_CPP_value=cpp
ac_cv_env_DOXYGEN_PAPER_SIZE_set=
ac_cv_env_DOXYGEN_PAPER_SIZE_value=
ac_cv_env_LDFLAGS_set=set
ac_cv_env_LDFLAGS_value=' -m64 -L/home/cswiggz/Documents/seniordesign/parrot/out/Unix-base/staging/lib -L/home/cswiggz/Documents/seniordesign/parrot/out/Unix-base/staging/usr/lib -L/home/cswiggz/Documents/seniordesign/parrot/out/Unix-base/staging/lib/x86_64-linux-gnu -L/home/cswiggz/Documents/seniordesign/parrot/out/Unix-base/staging/usr/lib/x86_64-linux-gnu -L/home/cswiggz/Documents/seniordesign/parrot/out/Unix-base/staging/usr/lib -Wl,-rpath-link=/home/cswiggz/Documents/seniordesign/parrot/out/Unix-base/staging/lib -Wl,-rpath-link=/home/cswiggz/Documents/seniordesign/parrot/out/Unix-base/staging/usr/lib -Wl,-rpath-link=/home/cswiggz/Documents/seniordesign/parrot/out/Unix-base/staging/lib/x86_64-linux-gnu -Wl,-rpath-link=/home/cswiggz/Documents/seniordesign/parrot/out/Unix-base/staging/usr/lib/x86_64-linux-gnu -Wl,-rpath-link=/home/cswiggz/Documents/seniordesign/parrot/out/Unix-base/staging/usr/lib  -pthread -lrt '
ac_cv_env_LIBS_set=
ac_cv_env_LIBS_value=
ac_cv_env_OBJCFLAGS_set=
ac_cv_env_OBJCFLAGS_value=
ac_cv_env_OBJCPP_set=
ac_cv_env_OBJCPP_value=
ac_cv_env_OBJC_set=
ac_cv_env_OBJC_value=
ac_cv_env_build_alias_set=
ac_cv_env_build_alias_value=
ac_cv_env_host_alias_set=
ac_cv_env_host_alias_value=
ac_cv_env_target_alias_set=
ac_cv_env_target_alias_value=
ac_cv_header_curl_curl_h=yes
ac_cv_header_curl_curlbuild_h=yes
ac_cv_header_curl_curlver_h=yes
ac_cv_header_dlfcn_h=yes
ac_cv_header_inttypes_h=yes
ac_cv_header_json_json_h=yes
ac_cv_header_libARDataTransfer_ARDataTransfer_h=yes
ac_cv_header_libARDiscovery_ARDiscovery_h=yes
ac_cv_header_libARSAL_ARSAL_h=yes
ac_cv_header_libARUtils_ARUtils_h=yes
ac_cv_header_memory_h=yes
ac_cv_header_stdc=yes
ac_cv_header_stdint_h=yes
ac_cv_header_stdlib_h=yes
ac_cv_header_string_h=yes
ac_cv_header_strings_h=yes
ac_cv_header_sys_stat_h=yes
ac_cv_header_sys_types_h=yes
ac_cv_header_unistd_h=yes
ac_cv_host=x86_64-unknown-linux-gnu
ac_cv_objc_compiler_gnu=no
ac_cv_objext=o
ac_cv_path_EGREP='/bin/grep -E'
ac_cv_path_FGREP='/bin/grep -F'
ac_cv_path_GREP=/bin/grep
ac_cv_path_SED=/bin/sed
ac_cv_path_ac_pt_DX_PERL=/usr/bin/perl
ac_cv_path_mkdir=/bin/mkdir
ac_cv_prog_AWK=mawk
ac_cv_prog_CPP=cpp
ac_cv_prog_YACC=
ac_cv_prog_ac_ct_CC=' gcc'
ac_cv_prog_ac_ct_MANIFEST_TOOL=:
ac_cv_prog_ac_ct_OBJC=gcc
ac_cv_prog_ac_ct_OBJDUMP=objdump
ac_cv_prog_ac_ct_RANLIB=ranlib
ac_cv_prog_ac_ct_STRIP=strip
ac_cv_prog_cc_c89=
ac_cv_prog_cc_g=yes
ac_cv_prog_make_make_set=yes
ac_cv_prog_objc_g=no
ac_cv_type_size_t=yes
am_cv_CC_dependencies_compiler_type=gcc3
am_cv_OBJC_dependencies_compiler_type=gcc3
am_cv_make_support_nested_variables=yes
am_cv_prog_cc_c_o=yes
lt_cv_ar_at_file=@
lt_cv_archive_cmds_need_lc=no
lt_cv_deplibs_check_method=pass_all
lt_cv_file_magic_cmd='$MAGIC_CMD'
lt_cv_file_magic_test_file=
lt_cv_ld_reload_flag=-r
lt_cv_nm_interface='BSD nm'
lt_cv_objdir=.libs
lt_cv_path_LD=ld
lt_cv_path_NM=nm
lt_cv_path_mainfest_tool=no
lt_cv_prog_compiler_c_o=yes
lt_cv_prog_compiler_pic='-fPIC -DPIC'
lt_cv_prog_compiler_pic_works=yes
lt_cv_prog_compiler_rtti_exceptions=no
lt_cv_prog_compiler_static_works=yes
lt_cv_prog_gnu_ld=yes
lt_cv_sharedlib_from_linklib_cmd='printf %s\n'
lt_cv_shlibpath_overrides_runpath=no
lt_cv_sys_global_symbol_pipe='sed -n -e '\''s/^.*[	 ]\([ABCDGIRSTW][ABCDGIRSTW]*\)[	 ][	 ]*\([_A-Za-z][_A-Za-z0-9]*\)$/\1 \2 \2/p'\'' | sed '\''/ __gnu_lto/d'\'''
lt_cv_sys_global_symbol_to_c_name_address='sed -n -e '\''s/^: \([^ ]*\)[ ]*$/  {\"\1\", (void *) 0},/p'\'' -e '\''s/^[ABCDGIRSTW]* \([^ ]*\) \([^ ]*\)$/  {"\2", (void *) \&\2},/p'\'''
lt_cv_sys_global_symbol_to_c_name_address_lib_prefix='sed -n -e '\''s/^: \([^ ]*\)[ ]*$/  {\"\1\", (void *) 0},/p'\'' -e '\''s/^[ABCDGIRSTW]* \([^ ]*\) \(lib[^ ]*\)$/  {"\2", (void *) \&\2},/p'\'' -e '\''s/^[ABCDGIRSTW]* \([^ ]*\) \([^ ]*\)$/  {"lib\2", (void *) \&\2},/p'\'''
lt_cv_sys_global_symbol_to_cdecl='sed -n -e '\''s/^T .* \(.*\)$/extern int \1();/p'\'' -e '\''s/^[ABCDGIRSTW]* .* \(.*\)$/extern char \1;/p'\'''
lt_cv_sys_max_cmd_len=1572864
lt_cv_to_host_file_cmd=func_convert_file_noop
lt_cv_to_tool_file_cmd=func_convert_file_noop

## ----------------- ##
## Output variables. ##
## ----------------- ##

ACLOCAL='${SHELL} /home/cswiggz/Documents/seniordesign/parrot/out/Unix-base/build/libARUpdater/Build/config/missing aclocal-1.15'
AMDEPBACKSLASH='\'
AMDEP_FALSE='#'
AMDEP_TRUE=''
AMTAR='$${TAR-tar}'
AM_BACKSLASH='\'
AM_DEFAULT_V='$(AM_DEFAULT_VERBOSITY)'
AM_DEFAULT_VERBOSITY='0'
AM_V='$(V)'
AR='ar'
AUTOCONF='${SHELL} /home/cswiggz/Documents/seniordesign/parrot/out/Unix-base/build/libARUpdater/Build/config/missing autoconf'
AUTOHEADER='${SHELL} /home/cswiggz/Documents/seniordesign/parrot/out/Unix-base/build/libARUpdater/Build/config/missing autoheader'
AUTOMAKE='${SHELL} /home/cswiggz/Documents/seniordesign/parrot/out/Unix-base/build/libARUpdater/Build/config/missing automake-1.15'
AWK='mawk'
CC=' gcc'
CCDEPMODE='depmode=gcc3'
CFLAGS='-isystem/home/cswiggz/Documents/seniordesign/parrot/out/Unix-base/staging/usr/include -isystem/home/cswiggz/Documents/seniordesign/parrot/out/Unix-base/staging/usr/include/x86_64-linux-gnu  -pipe -g -O2 -ffunction-sections -fno-short-enums -m64 -fPIC -msse -msse2 -mssse3 -DALCHEMY_BUILD  -O3 -I/home/cswiggz/Documents/seniordesign/parrot/out/Unix-base/build/libARUpdater/Build/../Includes -I/home/cswiggz/Documents/seniordesign/parrot/out/Unix-base/build/libARUpdater/Build/../Sources'
CPP='cpp'
CPPFLAGS='-isystem/home/cswiggz/Documents/seniordesign/parrot/out/Unix-base/staging/usr/include -isystem/home/cswiggz/Documents/seniordesign/parrot/out/Unix-base/staging/usr/include/x86_64-linux-gnu -O3 -I/home/cswiggz/Documents/seniordesign/parrot/out/Unix-base/build/libARUpdater/Build/../Includes -I/home/cswiggz/Documents/seniordesign/parrot/out/Unix-base/build/libARUpdater/Build/../Sources'
CYGPATH_W='echo'
DEBUG_MODE_FALSE=''
DEBUG_MODE_TRUE='#'
DEFS='-DHAVE_CONFIG_H'
DEPDIR='.deps'
DLLTOOL='false'
DOXYGEN=''
DOXYGEN_PAPER_SIZE=''
DSYMUTIL=''
DUMPBIN=''
DX_COND_chi_FALSE=''
DX_COND_chi_TRUE='#'
DX_COND_chm_FALSE=''
DX_COND_chm_TRUE='#'
DX_COND_doc_FALSE=''
DX_COND_doc_TRUE='#'
DX_COND_dot_FALSE=''
DX_COND_dot_TRUE='#'
DX_COND_html_FALSE=''
DX_COND_html_TRUE='#'
DX_COND_latex_FALSE=''
DX_COND_latex_TRUE='#'
DX_COND_man_FALSE=''
DX_COND_man_TRUE='#'
DX_COND_pdf_FALSE=''
DX_COND_pdf_TRUE='#'
DX_COND_ps_FALSE=''
DX_COND_ps_TRUE='#'
DX_COND_rtf_FALSE=''
DX_COND_rtf_TRUE='#'
DX_COND_xml_FALSE=''
DX_COND_xml_TRUE='#'
DX_CONFIG='doxygen.cfg'
DX_DOCDIR='/home/cswiggz/Documents/seniordesign/parrot/out/Unix-base/build/libARUpdater/Build/../Doc'
DX_DOT=''
DX_DOXYGEN=''
DX_DVIPS=''
DX_EGREP=''
DX_ENV=' SRCDIR='\''/home/cswiggz/Documents/seniordesign/parrot/out/Unix-base/build/libARUpdater/Build'\'' PROJECT='\''libARUpdater'\'' DOCDIR='\''/home/cswiggz/Documents/seniordesign/parrot/out/Unix-base/build/libARUpdater/Build/../Doc'\'' VERSION='\''3.1.0'\'' HAVE_DOT='\''NO'\'' GENERATE_MAN='\''NO'\'' GENERATE_RTF='\''NO'\'' GENERATE_XML='\''NO'\'' GENERATE_HTMLHELP='\''NO'\'' GENERATE_CHI='\''NO'\'' GENERATE_HTML='\''NO'\'' GENERATE_LATEX='\''NO'\'''
DX_FLAG_chi='0'
DX_FLAG_chm='0'
DX_FLAG_doc='0'
DX_FLAG_dot='0'
DX_FLAG_html='0'
DX_FLAG_man='0'
DX_FLAG_pdf='0'
DX_FLAG_ps='0'
DX_FLAG_rtf='0'
DX_FLAG_xml='0'
DX_HHC=''
DX_LATEX=''
DX_MAKEINDEX=''
DX_PDFLATEX=''
DX_PERL='/usr/bin/perl'
DX_PROJECT='libARUpdater'
ECHO_C=''
ECHO_N='-n'
ECHO_T=''
EGREP='/bin/grep -E'
EXEEXT=''
FGREP='/bin/grep -F'
GREP='/bin/grep'
HAVE_DOXYGEN_FALSE=''
HAVE_DOXYGEN_TRUE='#'
HAVE_JSON_FALSE='#'
HAVE_JSON_TRUE=''
HAVE_LIBARDATATRANSFER_FALSE='#'
HAVE_LIBARDATATRANSFER_TRUE=''
HAVE_LIBARDISCOVERY_FALSE='#'
HAVE_LIBARDISCOVERY_TRUE=''
HAVE_LIBARSAL_FALSE='#'
HAVE_LIBARSAL_TRUE=''
HAVE_LIBARUTILS_FALSE='#'
HAVE_LIBARUTILS_TRUE=''
HAVE_LIBCURL_FALSE='#'
HAVE_LIBCURL_TRUE=''
HAVE_OBJECTIVE_C_FALSE=''
HAVE_OBJECTIVE_C_TRUE='#'
INSTALL_DATA='${INSTALL} -m 644'
INSTALL_PROGRAM='${INSTALL}'
INSTALL_SCRIPT='${INSTALL}'
INSTALL_STRIP_PROGRAM='$(install_sh) -c -s'
LD='ld -m elf_x86_64'
LDFLAGS=' -m64 -L/home/cswiggz/Documents/seniordesign/parrot/out/Unix-base/staging/lib -L/home/cswiggz/Documents/seniordesign/parrot/out/Unix-base/staging/usr/lib -L/home/cswiggz/Documents/seniordesign/parrot/out/Unix-base/staging/lib/x86_64-linux-gnu -L/home/cswiggz/Documents/seniordesign/parrot/out/Unix-base/staging/usr/lib/x86_64-linux-gnu -L/home/cswiggz/Documents/seniordesign/parrot/out/Unix-base/staging/usr/lib -Wl,-rpath-link=/home/cswiggz/Documents/seniordesign/parrot/out/Unix-base/staging/lib -Wl,-rpath-link=/home/cswiggz/Documents/seniordesign/parrot/out/Unix-base/staging/usr/lib -Wl,-rpath-link=/home/cswiggz/Documents/seniordesign/parrot/out/Unix-base/staging/lib/x86_64-linux-gnu -Wl,-rpath-link=/home/cswiggz/Documents/seniordesign/parrot/out/Unix-base/staging/usr/lib/x86_64-linux-gnu -Wl,-rpath-link=/home/cswiggz/Documents/seniordesign/parrot/out/Unix-base/staging/usr/lib  -pthread -lrt  -larutils -larsal -lardatatransfer -lardiscovery -lcurl -ljson -release 3.1.0'
LIBOBJS=''
LIBS=''
LIBTOOL='$(SHELL) $(top_builddir)/libtool'
LIPO=''
LN_S='ln -s'
LTLIBOBJS=''
MAKEINFO='${SHELL} /home/cswiggz/Documents/seniordesign/parrot/out/Unix-base/build/libARUpdater/Build/config/missing makeinfo'
MANIFEST_TOOL=':'
MKDIR_P='/bin/mkdir -p'
NM='nm'
NMEDIT=''
OBJC='gcc'
OBJCDEPMODE='depmode=gcc3'
OBJCFLAGS=' -O3 -I/home/cswiggz/Documents/seniordesign/parrot/out/Unix-base/build/libARUpdater/Build/../Includes -I/home/cswiggz/Documents/seniordesign/parrot/out/Unix-base/build/libARUpdater/Build/../Sources'
OBJCPP=''
OBJDUMP='objdump'
OBJEXT='o'
OTOOL64=''
OTOOL=''
PACKAGE='libarupdater'
PACKAGE_BUGREPORT='ardrone@ardrone.org'
PACKAGE_NAME='libARUpdater'
PACKAGE_STRING='libARUpdater 3.1.0'
PACKAGE_TARNAME='libarupdater'
PACKAGE_URL=''
PACKAGE_VERSION='3.1.0'
PATH_SEPARATOR=':'
RANLIB='ranlib'
SED='/bin/sed'
SET_MAKE=''
SHELL='/bin/bash'
STRIP='strip'
VERSION='3.1.0'
ac_ct_AR=''
ac_ct_CC=' gcc'
ac_ct_DUMPBIN=''
ac_ct_OBJC='gcc'
am__EXEEXT_FALSE=''
am__EXEEXT_TRUE='#'
am__fastdepCC_FALSE='#'
am__fastdepCC_TRUE=''
am__fastdepOBJC_FALSE='#'
am__fastdepOBJC_TRUE=''
am__include='include'
am__isrc=' -I$(srcdir)'
am__leading_dot='.'
am__nodep='_no'
am__quote=''
am__tar='$${TAR-tar} chof - "$$tardir"'
am__untar='$${TAR-tar} xf -'
bindir='${exec_prefix}/bin'
build='x86_64-unknown-linux-gnu'
build_alias=''
build_cpu='x86_64'
build_os='linux-gnu'
build_vendor='unknown'
datadir='${datarootdir}'
datarootdir='${prefix}/share'
docdir='${datarootdir}/doc/${PACKAGE_TARNAME}'
dvidir='${docdir}'
exec_prefix='${prefix}'
host='x86_64-unknown-linux-gnu'
host_alias=''
host_cpu='x86_64'
host_os='linux-gnu'
host_vendor='unknown'
htmldir='${docdir}'
includedir='${prefix}/include'
infodir='${datarootdir}/info'
install_sh='${SHELL} /home/cswiggz/Documents/seniordesign/parrot/out/Unix-base/build/libARUpdater/Build/config/install-sh'
libdir='${exec_prefix}/lib'
libexecdir='${exec_prefix}/libexec'
localedir='${datarootdir}/locale'
localstatedir='${prefix}/var'
mandir='${datarootdir}/man'
mkdir_p='$(MKDIR_P)'
oldincludedir='/usr/include'
pdfdir='${docdir}'
prefix='/home/cswiggz/Documents/seniordesign/parrot/out/Unix-base/staging/usr'
program_transform_name='s,x,x,'
psdir='${docdir}'
sbindir='${exec_prefix}/sbin'
sharedstatedir='${prefix}/com'
sysconfdir='/home/cswiggz/Documents/seniordesign/parrot/out/Unix-base/staging/etc'
target_alias=''

## ----------- ##
## confdefs.h. ##
## ----------- ##

/* confdefs.h */
#define PACKAGE_NAME "libARUpdater"
#define PACKAGE_TARNAME "libarupdater"
#define PACKAGE_VERSION "3.1.0"
#define PACKAGE_STRING "libARUpdater 3.1.0"
#define PACKAGE_BUGREPORT "ardrone@ardrone.org"
#define PACKAGE_URL ""
#define PACKAGE "libarupdater"
#define VERSION "3.1.0"
#define NDEBUG /**/
#define STDC_HEADERS 1
#define HAVE_SYS_TYPES_H 1
#define HAVE_SYS_STAT_H 1
#define HAVE_STDLIB_H 1
#define HAVE_STRING_H 1
#define HAVE_MEMORY_H 1
#define HAVE_STRINGS_H 1
#define HAVE_INTTYPES_H 1
#define HAVE_STDINT_H 1
#define HAVE_UNISTD_H 1
#define HAVE_LIBARUTILS_ARUTILS_H 1
#define HAVE_LIBARUTILS 1
#define HAVE_LIBARSAL_ARSAL_H 1
#define HAVE_LIBARSAL 1
#define HAVE_LIBARDATATRANSFER_ARDATATRANSFER_H 1
#define HAVE_LIBARDATATRANSFER 1
#define HAVE_LIBARDISCOVERY_ARDISCOVERY_H 1
#define HAVE_LIBARDISCOVERY 1
#define HAVE_CURL_CURL_H 1
#define HAVE_CURL_CURLBUILD_H 1
#define HAVE_CURL_CURLVER_H 1
#define HAVE_LIBCURL 1
#define HAVE_JSON_JSON_H 1
#define HAVE_JSON 1
#define HAVE_DLFCN_H 1
#define LT_OBJDIR ".libs/"
#define STDC_HEADERS 1
#define HAVE_JSON_JSON_H 1
#define HAVE_INTTYPES_H 1
#define HAVE_STDLIB_H 1

configure: exit 0
