This file contains any messages produced by compilers while
running configure, to aid debugging if configure makes a mistake.

It was created by json-c configure 0.9, which was
generated by GNU Autoconf 2.69.  Invocation command line was

  $ /home/jake/Documents/parrot/out/Unix-base/build/json/json-c-0.9/configure --prefix=/home/jake/Documents/parrot/out/Unix-base/staging/usr --sysconfdir=/home/jake/Documents/parrot/out/Unix-base/staging/etc ac_cv_prog_YACC= --disable-maintainer-mode --disable-nls --disable-gtk-doc --disable-gtk-doc-html --disable-doxygen-docs --disable-doc --disable-docs --disable-documentation --disable-option-checking --quiet --enable-silent-rules INSTALL=/usr/bin/install -C

## --------- ##
## Platform. ##
## --------- ##

hostname = Jake-Ubuntu
uname -m = x86_64
uname -r = 4.2.0-25-generic
uname -s = Linux
uname -v = #30-Ubuntu SMP Mon Jan 18 12:31:50 UTC 2016

/usr/bin/uname -p = unknown
/bin/uname -X     = unknown

/bin/arch              = unknown
/usr/bin/arch -k       = unknown
/usr/convex/getsysinfo = unknown
/usr/bin/hostinfo      = unknown
/bin/machine           = unknown
/usr/bin/oslevel       = unknown
/bin/universe          = unknown

PATH: /home/jake/Documents/parrot/out/Unix-base/staging-host/bin
PATH: /home/jake/Documents/parrot/out/Unix-base/staging-host/usr/bin
PATH: /usr/local/sbin
PATH: /usr/local/bin
PATH: /usr/sbin
PATH: /usr/bin
PATH: /sbin
PATH: /bin
PATH: /usr/games
PATH: /usr/local/games


## ----------- ##
## Core tests. ##
## ----------- ##

configure:2304: checking for a BSD-compatible install
configure:2372: result: /usr/bin/install -C
configure:2383: checking whether build environment is sane
configure:2438: result: yes
configure:2589: checking for a thread-safe mkdir -p
configure:2628: result: /bin/mkdir -p
configure:2635: checking for gawk
configure:2665: result: no
configure:2635: checking for mawk
configure:2651: found /usr/bin/mawk
configure:2662: result: mawk
configure:2673: checking whether make sets $(MAKE)
configure:2695: result: yes
configure:2724: checking whether make supports nested variables
configure:2741: result: yes
configure:2888: checking for style of include used by make
configure:2916: result: GNU
configure:2987: checking for gcc
configure:3014: result:  gcc
configure:3243: checking for C compiler version
configure:3252:  gcc --version >&5
gcc (Ubuntu 5.2.1-22ubuntu2) 5.2.1 20151010
Copyright (C) 2015 Free Software Foundation, Inc.
This is free software; see the source for copying conditions.  There is NO
warranty; not even for MERCHANTABILITY or FITNESS FOR A PARTICULAR PURPOSE.

configure:3263: $? = 0
configure:3252:  gcc -v >&5
Using built-in specs.
COLLECT_GCC=gcc
COLLECT_LTO_WRAPPER=/usr/lib/gcc/x86_64-linux-gnu/5/lto-wrapper
Target: x86_64-linux-gnu
Configured with: ../src/configure -v --with-pkgversion='Ubuntu 5.2.1-22ubuntu2' --with-bugurl=file:///usr/share/doc/gcc-5/README.Bugs --enable-languages=c,ada,c++,java,go,d,fortran,objc,obj-c++ --prefix=/usr --program-suffix=-5 --enable-shared --enable-linker-build-id --libexecdir=/usr/lib --without-included-gettext --enable-threads=posix --libdir=/usr/lib --enable-nls --with-sysroot=/ --enable-clocale=gnu --enable-libstdcxx-debug --enable-libstdcxx-time=yes --with-default-libstdcxx-abi=new --enable-gnu-unique-object --disable-vtable-verify --enable-libmpx --enable-plugin --with-system-zlib --disable-browser-plugin --enable-java-awt=gtk --enable-gtk-cairo --with-java-home=/usr/lib/jvm/java-1.5.0-gcj-5-amd64/jre --enable-java-home --with-jvm-root-dir=/usr/lib/jvm/java-1.5.0-gcj-5-amd64 --with-jvm-jar-dir=/usr/lib/jvm-exports/java-1.5.0-gcj-5-amd64 --with-arch-directory=amd64 --with-ecj-jar=/usr/share/java/eclipse-ecj.jar --enable-objc-gc --enable-multiarch --disable-werror --with-arch-32=i686 --with-abi=m64 --with-multilib-list=m32,m64,mx32 --enable-multilib --with-tune=generic --enable-checking=release --build=x86_64-linux-gnu --host=x86_64-linux-gnu --target=x86_64-linux-gnu
Thread model: posix
gcc version 5.2.1 20151010 (Ubuntu 5.2.1-22ubuntu2) 
configure:3263: $? = 0
configure:3252:  gcc -V >&5
gcc: error: unrecognized command line option '-V'
gcc: fatal error: no input files
compilation terminated.
configure:3263: $? = 1
configure:3252:  gcc -qversion >&5
gcc: error: unrecognized command line option '-qversion'
gcc: fatal error: no input files
compilation terminated.
configure:3263: $? = 1
configure:3283: checking whether the C compiler works
configure:3305:  gcc -isystem/home/jake/Documents/parrot/out/Unix-base/staging/usr/include -isystem/home/jake/Documents/parrot/out/Unix-base/staging/usr/include/x86_64-linux-gnu  -pipe -g -O2 -ffunction-sections -fno-short-enums -m64 -fPIC -msse -msse2 -mssse3 -DALCHEMY_BUILD  -isystem/home/jake/Documents/parrot/out/Unix-base/staging/usr/include -isystem/home/jake/Documents/parrot/out/Unix-base/staging/usr/include/x86_64-linux-gnu  -m64 -L/home/jake/Documents/parrot/out/Unix-base/staging/lib -L/home/jake/Documents/parrot/out/Unix-base/staging/usr/lib -L/home/jake/Documents/parrot/out/Unix-base/staging/lib/x86_64-linux-gnu -L/home/jake/Documents/parrot/out/Unix-base/staging/usr/lib/x86_64-linux-gnu -L/home/jake/Documents/parrot/out/Unix-base/staging/usr/lib -Wl,-rpath-link=/home/jake/Documents/parrot/out/Unix-base/staging/lib -Wl,-rpath-link=/home/jake/Documents/parrot/out/Unix-base/staging/usr/lib -Wl,-rpath-link=/home/jake/Documents/parrot/out/Unix-base/staging/lib/x86_64-linux-gnu -Wl,-rpath-link=/home/jake/Documents/parrot/out/Unix-base/staging/usr/lib/x86_64-linux-gnu -Wl,-rpath-link=/home/jake/Documents/parrot/out/Unix-base/staging/usr/lib  -pthread -lrt  conftest.c  >&5
configure:3309: $? = 0
configure:3357: result: yes
configure:3360: checking for C compiler default output file name
configure:3362: result: a.out
configure:3368: checking for suffix of executables
configure:3375:  gcc -o conftest -isystem/home/jake/Documents/parrot/out/Unix-base/staging/usr/include -isystem/home/jake/Documents/parrot/out/Unix-base/staging/usr/include/x86_64-linux-gnu  -pipe -g -O2 -ffunction-sections -fno-short-enums -m64 -fPIC -msse -msse2 -mssse3 -DALCHEMY_BUILD  -isystem/home/jake/Documents/parrot/out/Unix-base/staging/usr/include -isystem/home/jake/Documents/parrot/out/Unix-base/staging/usr/include/x86_64-linux-gnu  -m64 -L/home/jake/Documents/parrot/out/Unix-base/staging/lib -L/home/jake/Documents/parrot/out/Unix-base/staging/usr/lib -L/home/jake/Documents/parrot/out/Unix-base/staging/lib/x86_64-linux-gnu -L/home/jake/Documents/parrot/out/Unix-base/staging/usr/lib/x86_64-linux-gnu -L/home/jake/Documents/parrot/out/Unix-base/staging/usr/lib -Wl,-rpath-link=/home/jake/Documents/parrot/out/Unix-base/staging/lib -Wl,-rpath-link=/home/jake/Documents/parrot/out/Unix-base/staging/usr/lib -Wl,-rpath-link=/home/jake/Documents/parrot/out/Unix-base/staging/lib/x86_64-linux-gnu -Wl,-rpath-link=/home/jake/Documents/parrot/out/Unix-base/staging/usr/lib/x86_64-linux-gnu -Wl,-rpath-link=/home/jake/Documents/parrot/out/Unix-base/staging/usr/lib  -pthread -lrt  conftest.c  >&5
configure:3379: $? = 0
configure:3401: result: 
configure:3423: checking whether we are cross compiling
configure:3431:  gcc -o conftest -isystem/home/jake/Documents/parrot/out/Unix-base/staging/usr/include -isystem/home/jake/Documents/parrot/out/Unix-base/staging/usr/include/x86_64-linux-gnu  -pipe -g -O2 -ffunction-sections -fno-short-enums -m64 -fPIC -msse -msse2 -mssse3 -DALCHEMY_BUILD  -isystem/home/jake/Documents/parrot/out/Unix-base/staging/usr/include -isystem/home/jake/Documents/parrot/out/Unix-base/staging/usr/include/x86_64-linux-gnu  -m64 -L/home/jake/Documents/parrot/out/Unix-base/staging/lib -L/home/jake/Documents/parrot/out/Unix-base/staging/usr/lib -L/home/jake/Documents/parrot/out/Unix-base/staging/lib/x86_64-linux-gnu -L/home/jake/Documents/parrot/out/Unix-base/staging/usr/lib/x86_64-linux-gnu -L/home/jake/Documents/parrot/out/Unix-base/staging/usr/lib -Wl,-rpath-link=/home/jake/Documents/parrot/out/Unix-base/staging/lib -Wl,-rpath-link=/home/jake/Documents/parrot/out/Unix-base/staging/usr/lib -Wl,-rpath-link=/home/jake/Documents/parrot/out/Unix-base/staging/lib/x86_64-linux-gnu -Wl,-rpath-link=/home/jake/Documents/parrot/out/Unix-base/staging/usr/lib/x86_64-linux-gnu -Wl,-rpath-link=/home/jake/Documents/parrot/out/Unix-base/staging/usr/lib  -pthread -lrt  conftest.c  >&5
configure:3435: $? = 0
configure:3442: ./conftest
configure:3446: $? = 0
configure:3461: result: no
configure:3466: checking for suffix of object files
configure:3488:  gcc -c -isystem/home/jake/Documents/parrot/out/Unix-base/staging/usr/include -isystem/home/jake/Documents/parrot/out/Unix-base/staging/usr/include/x86_64-linux-gnu  -pipe -g -O2 -ffunction-sections -fno-short-enums -m64 -fPIC -msse -msse2 -mssse3 -DALCHEMY_BUILD  -isystem/home/jake/Documents/parrot/out/Unix-base/staging/usr/include -isystem/home/jake/Documents/parrot/out/Unix-base/staging/usr/include/x86_64-linux-gnu conftest.c >&5
configure:3492: $? = 0
configure:3513: result: o
configure:3517: checking whether we are using the GNU C compiler
configure:3536:  gcc -c -isystem/home/jake/Documents/parrot/out/Unix-base/staging/usr/include -isystem/home/jake/Documents/parrot/out/Unix-base/staging/usr/include/x86_64-linux-gnu  -pipe -g -O2 -ffunction-sections -fno-short-enums -m64 -fPIC -msse -msse2 -mssse3 -DALCHEMY_BUILD  -isystem/home/jake/Documents/parrot/out/Unix-base/staging/usr/include -isystem/home/jake/Documents/parrot/out/Unix-base/staging/usr/include/x86_64-linux-gnu conftest.c >&5
configure:3536: $? = 0
configure:3545: result: yes
configure:3554: checking whether  gcc accepts -g
configure:3574:  gcc -c -g -isystem/home/jake/Documents/parrot/out/Unix-base/staging/usr/include -isystem/home/jake/Documents/parrot/out/Unix-base/staging/usr/include/x86_64-linux-gnu conftest.c >&5
configure:3574: $? = 0
configure:3615: result: yes
configure:3632: checking for  gcc option to accept ISO C89
configure:3695:  gcc  -c -isystem/home/jake/Documents/parrot/out/Unix-base/staging/usr/include -isystem/home/jake/Documents/parrot/out/Unix-base/staging/usr/include/x86_64-linux-gnu  -pipe -g -O2 -ffunction-sections -fno-short-enums -m64 -fPIC -msse -msse2 -mssse3 -DALCHEMY_BUILD  -isystem/home/jake/Documents/parrot/out/Unix-base/staging/usr/include -isystem/home/jake/Documents/parrot/out/Unix-base/staging/usr/include/x86_64-linux-gnu conftest.c >&5
configure:3695: $? = 0
configure:3708: result: none needed
configure:3733: checking whether  gcc understands -c and -o together
configure:3755:  gcc -c conftest.c -o conftest2.o
configure:3758: $? = 0
configure:3755:  gcc -c conftest.c -o conftest2.o
configure:3758: $? = 0
configure:3770: result: yes
configure:3789: checking dependency style of  gcc
configure:3900: result: gcc3
configure:3921: checking how to run the C preprocessor
configure:3991: result: cpp
configure:4011: cpp -isystem/home/jake/Documents/parrot/out/Unix-base/staging/usr/include -isystem/home/jake/Documents/parrot/out/Unix-base/staging/usr/include/x86_64-linux-gnu conftest.c
configure:4011: $? = 0
configure:4025: cpp -isystem/home/jake/Documents/parrot/out/Unix-base/staging/usr/include -isystem/home/jake/Documents/parrot/out/Unix-base/staging/usr/include/x86_64-linux-gnu conftest.c
conftest.c:11:28: fatal error: ac_nonexistent.h: No such file or directory
compilation terminated.
configure:4025: $? = 1
configure: failed program was:
| /* confdefs.h */
| #define PACKAGE_NAME "json-c"
| #define PACKAGE_TARNAME "json-c"
| #define PACKAGE_VERSION "0.9"
| #define PACKAGE_STRING "json-c 0.9"
| #define PACKAGE_BUGREPORT "michael@metaparadigm.com"
| #define PACKAGE_URL ""
| #define PACKAGE "json-c"
| #define VERSION "0.9"
| /* end confdefs.h.  */
| #include <ac_nonexistent.h>
configure:4054: checking for grep that handles long lines and -e
configure:4112: result: /bin/grep
configure:4117: checking for egrep
configure:4179: result: /bin/grep -E
configure:4184: checking for ANSI C header files
configure:4204:  gcc -c -isystem/home/jake/Documents/parrot/out/Unix-base/staging/usr/include -isystem/home/jake/Documents/parrot/out/Unix-base/staging/usr/include/x86_64-linux-gnu  -pipe -g -O2 -ffunction-sections -fno-short-enums -m64 -fPIC -msse -msse2 -mssse3 -DALCHEMY_BUILD  -isystem/home/jake/Documents/parrot/out/Unix-base/staging/usr/include -isystem/home/jake/Documents/parrot/out/Unix-base/staging/usr/include/x86_64-linux-gnu conftest.c >&5
configure:4204: $? = 0
configure:4277:  gcc -o conftest -isystem/home/jake/Documents/parrot/out/Unix-base/staging/usr/include -isystem/home/jake/Documents/parrot/out/Unix-base/staging/usr/include/x86_64-linux-gnu  -pipe -g -O2 -ffunction-sections -fno-short-enums -m64 -fPIC -msse -msse2 -mssse3 -DALCHEMY_BUILD  -isystem/home/jake/Documents/parrot/out/Unix-base/staging/usr/include -isystem/home/jake/Documents/parrot/out/Unix-base/staging/usr/include/x86_64-linux-gnu  -m64 -L/home/jake/Documents/parrot/out/Unix-base/staging/lib -L/home/jake/Documents/parrot/out/Unix-base/staging/usr/lib -L/home/jake/Documents/parrot/out/Unix-base/staging/lib/x86_64-linux-gnu -L/home/jake/Documents/parrot/out/Unix-base/staging/usr/lib/x86_64-linux-gnu -L/home/jake/Documents/parrot/out/Unix-base/staging/usr/lib -Wl,-rpath-link=/home/jake/Documents/parrot/out/Unix-base/staging/lib -Wl,-rpath-link=/home/jake/Documents/parrot/out/Unix-base/staging/usr/lib -Wl,-rpath-link=/home/jake/Documents/parrot/out/Unix-base/staging/lib/x86_64-linux-gnu -Wl,-rpath-link=/home/jake/Documents/parrot/out/Unix-base/staging/usr/lib/x86_64-linux-gnu -Wl,-rpath-link=/home/jake/Documents/parrot/out/Unix-base/staging/usr/lib  -pthread -lrt  conftest.c  >&5
configure:4277: $? = 0
configure:4277: ./conftest
configure:4277: $? = 0
configure:4288: result: yes
configure:4301: checking for sys/types.h
configure:4301:  gcc -c -isystem/home/jake/Documents/parrot/out/Unix-base/staging/usr/include -isystem/home/jake/Documents/parrot/out/Unix-base/staging/usr/include/x86_64-linux-gnu  -pipe -g -O2 -ffunction-sections -fno-short-enums -m64 -fPIC -msse -msse2 -mssse3 -DALCHEMY_BUILD  -isystem/home/jake/Documents/parrot/out/Unix-base/staging/usr/include -isystem/home/jake/Documents/parrot/out/Unix-base/staging/usr/include/x86_64-linux-gnu conftest.c >&5
configure:4301: $? = 0
configure:4301: result: yes
configure:4301: checking for sys/stat.h
configure:4301:  gcc -c -isystem/home/jake/Documents/parrot/out/Unix-base/staging/usr/include -isystem/home/jake/Documents/parrot/out/Unix-base/staging/usr/include/x86_64-linux-gnu  -pipe -g -O2 -ffunction-sections -fno-short-enums -m64 -fPIC -msse -msse2 -mssse3 -DALCHEMY_BUILD  -isystem/home/jake/Documents/parrot/out/Unix-base/staging/usr/include -isystem/home/jake/Documents/parrot/out/Unix-base/staging/usr/include/x86_64-linux-gnu conftest.c >&5
configure:4301: $? = 0
configure:4301: result: yes
configure:4301: checking for stdlib.h
configure:4301:  gcc -c -isystem/home/jake/Documents/parrot/out/Unix-base/staging/usr/include -isystem/home/jake/Documents/parrot/out/Unix-base/staging/usr/include/x86_64-linux-gnu  -pipe -g -O2 -ffunction-sections -fno-short-enums -m64 -fPIC -msse -msse2 -mssse3 -DALCHEMY_BUILD  -isystem/home/jake/Documents/parrot/out/Unix-base/staging/usr/include -isystem/home/jake/Documents/parrot/out/Unix-base/staging/usr/include/x86_64-linux-gnu conftest.c >&5
configure:4301: $? = 0
configure:4301: result: yes
configure:4301: checking for string.h
configure:4301:  gcc -c -isystem/home/jake/Documents/parrot/out/Unix-base/staging/usr/include -isystem/home/jake/Documents/parrot/out/Unix-base/staging/usr/include/x86_64-linux-gnu  -pipe -g -O2 -ffunction-sections -fno-short-enums -m64 -fPIC -msse -msse2 -mssse3 -DALCHEMY_BUILD  -isystem/home/jake/Documents/parrot/out/Unix-base/staging/usr/include -isystem/home/jake/Documents/parrot/out/Unix-base/staging/usr/include/x86_64-linux-gnu conftest.c >&5
configure:4301: $? = 0
configure:4301: result: yes
configure:4301: checking for memory.h
configure:4301:  gcc -c -isystem/home/jake/Documents/parrot/out/Unix-base/staging/usr/include -isystem/home/jake/Documents/parrot/out/Unix-base/staging/usr/include/x86_64-linux-gnu  -pipe -g -O2 -ffunction-sections -fno-short-enums -m64 -fPIC -msse -msse2 -mssse3 -DALCHEMY_BUILD  -isystem/home/jake/Documents/parrot/out/Unix-base/staging/usr/include -isystem/home/jake/Documents/parrot/out/Unix-base/staging/usr/include/x86_64-linux-gnu conftest.c >&5
configure:4301: $? = 0
configure:4301: result: yes
configure:4301: checking for strings.h
configure:4301:  gcc -c -isystem/home/jake/Documents/parrot/out/Unix-base/staging/usr/include -isystem/home/jake/Documents/parrot/out/Unix-base/staging/usr/include/x86_64-linux-gnu  -pipe -g -O2 -ffunction-sections -fno-short-enums -m64 -fPIC -msse -msse2 -mssse3 -DALCHEMY_BUILD  -isystem/home/jake/Documents/parrot/out/Unix-base/staging/usr/include -isystem/home/jake/Documents/parrot/out/Unix-base/staging/usr/include/x86_64-linux-gnu conftest.c >&5
configure:4301: $? = 0
configure:4301: result: yes
configure:4301: checking for inttypes.h
configure:4301:  gcc -c -isystem/home/jake/Documents/parrot/out/Unix-base/staging/usr/include -isystem/home/jake/Documents/parrot/out/Unix-base/staging/usr/include/x86_64-linux-gnu  -pipe -g -O2 -ffunction-sections -fno-short-enums -m64 -fPIC -msse -msse2 -mssse3 -DALCHEMY_BUILD  -isystem/home/jake/Documents/parrot/out/Unix-base/staging/usr/include -isystem/home/jake/Documents/parrot/out/Unix-base/staging/usr/include/x86_64-linux-gnu conftest.c >&5
configure:4301: $? = 0
configure:4301: result: yes
configure:4301: checking for stdint.h
configure:4301:  gcc -c -isystem/home/jake/Documents/parrot/out/Unix-base/staging/usr/include -isystem/home/jake/Documents/parrot/out/Unix-base/staging/usr/include/x86_64-linux-gnu  -pipe -g -O2 -ffunction-sections -fno-short-enums -m64 -fPIC -msse -msse2 -mssse3 -DALCHEMY_BUILD  -isystem/home/jake/Documents/parrot/out/Unix-base/staging/usr/include -isystem/home/jake/Documents/parrot/out/Unix-base/staging/usr/include/x86_64-linux-gnu conftest.c >&5
configure:4301: $? = 0
configure:4301: result: yes
configure:4301: checking for unistd.h
configure:4301:  gcc -c -isystem/home/jake/Documents/parrot/out/Unix-base/staging/usr/include -isystem/home/jake/Documents/parrot/out/Unix-base/staging/usr/include/x86_64-linux-gnu  -pipe -g -O2 -ffunction-sections -fno-short-enums -m64 -fPIC -msse -msse2 -mssse3 -DALCHEMY_BUILD  -isystem/home/jake/Documents/parrot/out/Unix-base/staging/usr/include -isystem/home/jake/Documents/parrot/out/Unix-base/staging/usr/include/x86_64-linux-gnu conftest.c >&5
configure:4301: $? = 0
configure:4301: result: yes
configure:4316: checking fcntl.h usability
configure:4316:  gcc -c -isystem/home/jake/Documents/parrot/out/Unix-base/staging/usr/include -isystem/home/jake/Documents/parrot/out/Unix-base/staging/usr/include/x86_64-linux-gnu  -pipe -g -O2 -ffunction-sections -fno-short-enums -m64 -fPIC -msse -msse2 -mssse3 -DALCHEMY_BUILD  -isystem/home/jake/Documents/parrot/out/Unix-base/staging/usr/include -isystem/home/jake/Documents/parrot/out/Unix-base/staging/usr/include/x86_64-linux-gnu conftest.c >&5
configure:4316: $? = 0
configure:4316: result: yes
configure:4316: checking fcntl.h presence
configure:4316: cpp -isystem/home/jake/Documents/parrot/out/Unix-base/staging/usr/include -isystem/home/jake/Documents/parrot/out/Unix-base/staging/usr/include/x86_64-linux-gnu conftest.c
configure:4316: $? = 0
configure:4316: result: yes
configure:4316: checking for fcntl.h
configure:4316: result: yes
configure:4316: checking limits.h usability
configure:4316:  gcc -c -isystem/home/jake/Documents/parrot/out/Unix-base/staging/usr/include -isystem/home/jake/Documents/parrot/out/Unix-base/staging/usr/include/x86_64-linux-gnu  -pipe -g -O2 -ffunction-sections -fno-short-enums -m64 -fPIC -msse -msse2 -mssse3 -DALCHEMY_BUILD  -isystem/home/jake/Documents/parrot/out/Unix-base/staging/usr/include -isystem/home/jake/Documents/parrot/out/Unix-base/staging/usr/include/x86_64-linux-gnu conftest.c >&5
configure:4316: $? = 0
configure:4316: result: yes
configure:4316: checking limits.h presence
configure:4316: cpp -isystem/home/jake/Documents/parrot/out/Unix-base/staging/usr/include -isystem/home/jake/Documents/parrot/out/Unix-base/staging/usr/include/x86_64-linux-gnu conftest.c
configure:4316: $? = 0
configure:4316: result: yes
configure:4316: checking for limits.h
configure:4316: result: yes
configure:4316: checking for strings.h
configure:4316: result: yes
configure:4316: checking syslog.h usability
configure:4316:  gcc -c -isystem/home/jake/Documents/parrot/out/Unix-base/staging/usr/include -isystem/home/jake/Documents/parrot/out/Unix-base/staging/usr/include/x86_64-linux-gnu  -pipe -g -O2 -ffunction-sections -fno-short-enums -m64 -fPIC -msse -msse2 -mssse3 -DALCHEMY_BUILD  -isystem/home/jake/Documents/parrot/out/Unix-base/staging/usr/include -isystem/home/jake/Documents/parrot/out/Unix-base/staging/usr/include/x86_64-linux-gnu conftest.c >&5
configure:4316: $? = 0
configure:4316: result: yes
configure:4316: checking syslog.h presence
configure:4316: cpp -isystem/home/jake/Documents/parrot/out/Unix-base/staging/usr/include -isystem/home/jake/Documents/parrot/out/Unix-base/staging/usr/include/x86_64-linux-gnu conftest.c
configure:4316: $? = 0
configure:4316: result: yes
configure:4316: checking for syslog.h
configure:4316: result: yes
configure:4316: checking for unistd.h
configure:4316: result: yes
configure:4316: checking sys/param.h usability
configure:4316:  gcc -c -isystem/home/jake/Documents/parrot/out/Unix-base/staging/usr/include -isystem/home/jake/Documents/parrot/out/Unix-base/staging/usr/include/x86_64-linux-gnu  -pipe -g -O2 -ffunction-sections -fno-short-enums -m64 -fPIC -msse -msse2 -mssse3 -DALCHEMY_BUILD  -isystem/home/jake/Documents/parrot/out/Unix-base/staging/usr/include -isystem/home/jake/Documents/parrot/out/Unix-base/staging/usr/include/x86_64-linux-gnu conftest.c >&5
configure:4316: $? = 0
configure:4316: result: yes
configure:4316: checking sys/param.h presence
configure:4316: cpp -isystem/home/jake/Documents/parrot/out/Unix-base/staging/usr/include -isystem/home/jake/Documents/parrot/out/Unix-base/staging/usr/include/x86_64-linux-gnu conftest.c
configure:4316: $? = 0
configure:4316: result: yes
configure:4316: checking for sys/param.h
configure:4316: result: yes
configure:4316: checking stdarg.h usability
configure:4316:  gcc -c -isystem/home/jake/Documents/parrot/out/Unix-base/staging/usr/include -isystem/home/jake/Documents/parrot/out/Unix-base/staging/usr/include/x86_64-linux-gnu  -pipe -g -O2 -ffunction-sections -fno-short-enums -m64 -fPIC -msse -msse2 -mssse3 -DALCHEMY_BUILD  -isystem/home/jake/Documents/parrot/out/Unix-base/staging/usr/include -isystem/home/jake/Documents/parrot/out/Unix-base/staging/usr/include/x86_64-linux-gnu conftest.c >&5
configure:4316: $? = 0
configure:4316: result: yes
configure:4316: checking stdarg.h presence
configure:4316: cpp -isystem/home/jake/Documents/parrot/out/Unix-base/staging/usr/include -isystem/home/jake/Documents/parrot/out/Unix-base/staging/usr/include/x86_64-linux-gnu conftest.c
configure:4316: $? = 0
configure:4316: result: yes
configure:4316: checking for stdarg.h
configure:4316: result: yes
configure:4328: checking for an ANSI C-conforming const
configure:4394:  gcc -c -isystem/home/jake/Documents/parrot/out/Unix-base/staging/usr/include -isystem/home/jake/Documents/parrot/out/Unix-base/staging/usr/include/x86_64-linux-gnu  -pipe -g -O2 -ffunction-sections -fno-short-enums -m64 -fPIC -msse -msse2 -mssse3 -DALCHEMY_BUILD  -isystem/home/jake/Documents/parrot/out/Unix-base/staging/usr/include -isystem/home/jake/Documents/parrot/out/Unix-base/staging/usr/include/x86_64-linux-gnu conftest.c >&5
configure:4394: $? = 0
configure:4401: result: yes
configure:4409: checking for size_t
configure:4409:  gcc -c -isystem/home/jake/Documents/parrot/out/Unix-base/staging/usr/include -isystem/home/jake/Documents/parrot/out/Unix-base/staging/usr/include/x86_64-linux-gnu  -pipe -g -O2 -ffunction-sections -fno-short-enums -m64 -fPIC -msse -msse2 -mssse3 -DALCHEMY_BUILD  -isystem/home/jake/Documents/parrot/out/Unix-base/staging/usr/include -isystem/home/jake/Documents/parrot/out/Unix-base/staging/usr/include/x86_64-linux-gnu conftest.c >&5
configure:4409: $? = 0
configure:4409:  gcc -c -isystem/home/jake/Documents/parrot/out/Unix-base/staging/usr/include -isystem/home/jake/Documents/parrot/out/Unix-base/staging/usr/include/x86_64-linux-gnu  -pipe -g -O2 -ffunction-sections -fno-short-enums -m64 -fPIC -msse -msse2 -mssse3 -DALCHEMY_BUILD  -isystem/home/jake/Documents/parrot/out/Unix-base/staging/usr/include -isystem/home/jake/Documents/parrot/out/Unix-base/staging/usr/include/x86_64-linux-gnu conftest.c >&5
conftest.c: In function 'main':
conftest.c:64:21: error: expected expression before ')' token
 if (sizeof ((size_t)))
                     ^
configure:4409: $? = 1
configure: failed program was:
| /* confdefs.h */
| #define PACKAGE_NAME "json-c"
| #define PACKAGE_TARNAME "json-c"
| #define PACKAGE_VERSION "0.9"
| #define PACKAGE_STRING "json-c 0.9"
| #define PACKAGE_BUGREPORT "michael@metaparadigm.com"
| #define PACKAGE_URL ""
| #define PACKAGE "json-c"
| #define VERSION "0.9"
| #define STDC_HEADERS 1
| #define HAVE_SYS_TYPES_H 1
| #define HAVE_SYS_STAT_H 1
| #define HAVE_STDLIB_H 1
| #define HAVE_STRING_H 1
| #define HAVE_MEMORY_H 1
| #define HAVE_STRINGS_H 1
| #define HAVE_INTTYPES_H 1
| #define HAVE_STDINT_H 1
| #define HAVE_UNISTD_H 1
| #define HAVE_FCNTL_H 1
| #define HAVE_LIMITS_H 1
| #define HAVE_STRINGS_H 1
| #define HAVE_SYSLOG_H 1
| #define HAVE_UNISTD_H 1
| #define HAVE_SYS_PARAM_H 1
| #define HAVE_STDARG_H 1
| /* end confdefs.h.  */
| #include <stdio.h>
| #ifdef HAVE_SYS_TYPES_H
| # include <sys/types.h>
| #endif
| #ifdef HAVE_SYS_STAT_H
| # include <sys/stat.h>
| #endif
| #ifdef STDC_HEADERS
| # include <stdlib.h>
| # include <stddef.h>
| #else
| # ifdef HAVE_STDLIB_H
| #  include <stdlib.h>
| # endif
| #endif
| #ifdef HAVE_STRING_H
| # if !defined STDC_HEADERS && defined HAVE_MEMORY_H
| #  include <memory.h>
| # endif
| # include <string.h>
| #endif
| #ifdef HAVE_STRINGS_H
| # include <strings.h>
| #endif
| #ifdef HAVE_INTTYPES_H
| # include <inttypes.h>
| #endif
| #ifdef HAVE_STDINT_H
| # include <stdint.h>
| #endif
| #ifdef HAVE_UNISTD_H
| # include <unistd.h>
| #endif
| int
| main ()
| {
| if (sizeof ((size_t)))
| 	    return 0;
|   ;
|   return 0;
| }
configure:4409: result: yes
configure:4424: checking for vprintf
configure:4424:  gcc -o conftest -isystem/home/jake/Documents/parrot/out/Unix-base/staging/usr/include -isystem/home/jake/Documents/parrot/out/Unix-base/staging/usr/include/x86_64-linux-gnu  -pipe -g -O2 -ffunction-sections -fno-short-enums -m64 -fPIC -msse -msse2 -mssse3 -DALCHEMY_BUILD  -isystem/home/jake/Documents/parrot/out/Unix-base/staging/usr/include -isystem/home/jake/Documents/parrot/out/Unix-base/staging/usr/include/x86_64-linux-gnu  -m64 -L/home/jake/Documents/parrot/out/Unix-base/staging/lib -L/home/jake/Documents/parrot/out/Unix-base/staging/usr/lib -L/home/jake/Documents/parrot/out/Unix-base/staging/lib/x86_64-linux-gnu -L/home/jake/Documents/parrot/out/Unix-base/staging/usr/lib/x86_64-linux-gnu -L/home/jake/Documents/parrot/out/Unix-base/staging/usr/lib -Wl,-rpath-link=/home/jake/Documents/parrot/out/Unix-base/staging/lib -Wl,-rpath-link=/home/jake/Documents/parrot/out/Unix-base/staging/usr/lib -Wl,-rpath-link=/home/jake/Documents/parrot/out/Unix-base/staging/lib/x86_64-linux-gnu -Wl,-rpath-link=/home/jake/Documents/parrot/out/Unix-base/staging/usr/lib/x86_64-linux-gnu -Wl,-rpath-link=/home/jake/Documents/parrot/out/Unix-base/staging/usr/lib  -pthread -lrt  conftest.c  >&5
conftest.c:51:6: warning: conflicting types for built-in function 'vprintf'
 char vprintf ();
      ^
configure:4424: $? = 0
configure:4424: result: yes
configure:4430: checking for _doprnt
configure:4430:  gcc -o conftest -isystem/home/jake/Documents/parrot/out/Unix-base/staging/usr/include -isystem/home/jake/Documents/parrot/out/Unix-base/staging/usr/include/x86_64-linux-gnu  -pipe -g -O2 -ffunction-sections -fno-short-enums -m64 -fPIC -msse -msse2 -mssse3 -DALCHEMY_BUILD  -isystem/home/jake/Documents/parrot/out/Unix-base/staging/usr/include -isystem/home/jake/Documents/parrot/out/Unix-base/staging/usr/include/x86_64-linux-gnu  -m64 -L/home/jake/Documents/parrot/out/Unix-base/staging/lib -L/home/jake/Documents/parrot/out/Unix-base/staging/usr/lib -L/home/jake/Documents/parrot/out/Unix-base/staging/lib/x86_64-linux-gnu -L/home/jake/Documents/parrot/out/Unix-base/staging/usr/lib/x86_64-linux-gnu -L/home/jake/Documents/parrot/out/Unix-base/staging/usr/lib -Wl,-rpath-link=/home/jake/Documents/parrot/out/Unix-base/staging/lib -Wl,-rpath-link=/home/jake/Documents/parrot/out/Unix-base/staging/usr/lib -Wl,-rpath-link=/home/jake/Documents/parrot/out/Unix-base/staging/lib/x86_64-linux-gnu -Wl,-rpath-link=/home/jake/Documents/parrot/out/Unix-base/staging/usr/lib/x86_64-linux-gnu -Wl,-rpath-link=/home/jake/Documents/parrot/out/Unix-base/staging/usr/lib  -pthread -lrt  conftest.c  >&5
/tmp/ccBFqcZD.o: In function `main':
/home/jake/Documents/parrot/out/Unix-base/build/json/json-c-0.9/conftest.c:63: undefined reference to `_doprnt'
collect2: error: ld returned 1 exit status
configure:4430: $? = 1
configure: failed program was:
| /* confdefs.h */
| #define PACKAGE_NAME "json-c"
| #define PACKAGE_TARNAME "json-c"
| #define PACKAGE_VERSION "0.9"
| #define PACKAGE_STRING "json-c 0.9"
| #define PACKAGE_BUGREPORT "michael@metaparadigm.com"
| #define PACKAGE_URL ""
| #define PACKAGE "json-c"
| #define VERSION "0.9"
| #define STDC_HEADERS 1
| #define HAVE_SYS_TYPES_H 1
| #define HAVE_SYS_STAT_H 1
| #define HAVE_STDLIB_H 1
| #define HAVE_STRING_H 1
| #define HAVE_MEMORY_H 1
| #define HAVE_STRINGS_H 1
| #define HAVE_INTTYPES_H 1
| #define HAVE_STDINT_H 1
| #define HAVE_UNISTD_H 1
| #define HAVE_FCNTL_H 1
| #define HAVE_LIMITS_H 1
| #define HAVE_STRINGS_H 1
| #define HAVE_SYSLOG_H 1
| #define HAVE_UNISTD_H 1
| #define HAVE_SYS_PARAM_H 1
| #define HAVE_STDARG_H 1
| #define HAVE_VPRINTF 1
| /* end confdefs.h.  */
| /* Define _doprnt to an innocuous variant, in case <limits.h> declares _doprnt.
|    For example, HP-UX 11i <limits.h> declares gettimeofday.  */
| #define _doprnt innocuous__doprnt
| 
| /* System header to define __stub macros and hopefully few prototypes,
|     which can conflict with char _doprnt (); below.
|     Prefer <limits.h> to <assert.h> if __STDC__ is defined, since
|     <limits.h> exists even on freestanding compilers.  */
| 
| #ifdef __STDC__
| # include <limits.h>
| #else
| # include <assert.h>
| #endif
| 
| #undef _doprnt
| 
| /* Override any GCC internal prototype to avoid an error.
|    Use char because int might match the return type of a GCC
|    builtin and then its argument prototype would still apply.  */
| #ifdef __cplusplus
| extern "C"
| #endif
| char _doprnt ();
| /* The GNU C library defines this for functions which it implements
|     to always fail with ENOSYS.  Some functions are actually named
|     something starting with __ and the normal name is an alias.  */
| #if defined __stub__doprnt || defined __stub____doprnt
| choke me
| #endif
| 
| int
| main ()
| {
| return _doprnt ();
|   ;
|   return 0;
| }
configure:4430: result: no
configure:4441: checking for working memcmp
configure:4484:  gcc -o conftest -isystem/home/jake/Documents/parrot/out/Unix-base/staging/usr/include -isystem/home/jake/Documents/parrot/out/Unix-base/staging/usr/include/x86_64-linux-gnu  -pipe -g -O2 -ffunction-sections -fno-short-enums -m64 -fPIC -msse -msse2 -mssse3 -DALCHEMY_BUILD  -isystem/home/jake/Documents/parrot/out/Unix-base/staging/usr/include -isystem/home/jake/Documents/parrot/out/Unix-base/staging/usr/include/x86_64-linux-gnu  -m64 -L/home/jake/Documents/parrot/out/Unix-base/staging/lib -L/home/jake/Documents/parrot/out/Unix-base/staging/usr/lib -L/home/jake/Documents/parrot/out/Unix-base/staging/lib/x86_64-linux-gnu -L/home/jake/Documents/parrot/out/Unix-base/staging/usr/lib/x86_64-linux-gnu -L/home/jake/Documents/parrot/out/Unix-base/staging/usr/lib -Wl,-rpath-link=/home/jake/Documents/parrot/out/Unix-base/staging/lib -Wl,-rpath-link=/home/jake/Documents/parrot/out/Unix-base/staging/usr/lib -Wl,-rpath-link=/home/jake/Documents/parrot/out/Unix-base/staging/lib/x86_64-linux-gnu -Wl,-rpath-link=/home/jake/Documents/parrot/out/Unix-base/staging/usr/lib/x86_64-linux-gnu -Wl,-rpath-link=/home/jake/Documents/parrot/out/Unix-base/staging/usr/lib  -pthread -lrt  conftest.c  >&5
configure:4484: $? = 0
configure:4484: ./conftest
configure:4484: $? = 0
configure:4494: result: yes
configure:4505: checking for stdlib.h
configure:4505: result: yes
configure:4515: checking for GNU libc compatible malloc
configure:4549: result: yes
configure:4572: checking for stdlib.h
configure:4572: result: yes
configure:4582: checking for GNU libc compatible realloc
configure:4616: result: yes
configure:4640: checking for strndup
configure:4640:  gcc -o conftest -isystem/home/jake/Documents/parrot/out/Unix-base/staging/usr/include -isystem/home/jake/Documents/parrot/out/Unix-base/staging/usr/include/x86_64-linux-gnu  -pipe -g -O2 -ffunction-sections -fno-short-enums -m64 -fPIC -msse -msse2 -mssse3 -DALCHEMY_BUILD  -isystem/home/jake/Documents/parrot/out/Unix-base/staging/usr/include -isystem/home/jake/Documents/parrot/out/Unix-base/staging/usr/include/x86_64-linux-gnu  -m64 -L/home/jake/Documents/parrot/out/Unix-base/staging/lib -L/home/jake/Documents/parrot/out/Unix-base/staging/usr/lib -L/home/jake/Documents/parrot/out/Unix-base/staging/lib/x86_64-linux-gnu -L/home/jake/Documents/parrot/out/Unix-base/staging/usr/lib/x86_64-linux-gnu -L/home/jake/Documents/parrot/out/Unix-base/staging/usr/lib -Wl,-rpath-link=/home/jake/Documents/parrot/out/Unix-base/staging/lib -Wl,-rpath-link=/home/jake/Documents/parrot/out/Unix-base/staging/usr/lib -Wl,-rpath-link=/home/jake/Documents/parrot/out/Unix-base/staging/lib/x86_64-linux-gnu -Wl,-rpath-link=/home/jake/Documents/parrot/out/Unix-base/staging/usr/lib/x86_64-linux-gnu -Wl,-rpath-link=/home/jake/Documents/parrot/out/Unix-base/staging/usr/lib  -pthread -lrt  conftest.c  >&5
conftest.c:56:6: warning: conflicting types for built-in function 'strndup'
 char strndup ();
      ^
configure:4640: $? = 0
configure:4640: result: yes
configure:4640: checking for strerror
configure:4640:  gcc -o conftest -isystem/home/jake/Documents/parrot/out/Unix-base/staging/usr/include -isystem/home/jake/Documents/parrot/out/Unix-base/staging/usr/include/x86_64-linux-gnu  -pipe -g -O2 -ffunction-sections -fno-short-enums -m64 -fPIC -msse -msse2 -mssse3 -DALCHEMY_BUILD  -isystem/home/jake/Documents/parrot/out/Unix-base/staging/usr/include -isystem/home/jake/Documents/parrot/out/Unix-base/staging/usr/include/x86_64-linux-gnu  -m64 -L/home/jake/Documents/parrot/out/Unix-base/staging/lib -L/home/jake/Documents/parrot/out/Unix-base/staging/usr/lib -L/home/jake/Documents/parrot/out/Unix-base/staging/lib/x86_64-linux-gnu -L/home/jake/Documents/parrot/out/Unix-base/staging/usr/lib/x86_64-linux-gnu -L/home/jake/Documents/parrot/out/Unix-base/staging/usr/lib -Wl,-rpath-link=/home/jake/Documents/parrot/out/Unix-base/staging/lib -Wl,-rpath-link=/home/jake/Documents/parrot/out/Unix-base/staging/usr/lib -Wl,-rpath-link=/home/jake/Documents/parrot/out/Unix-base/staging/lib/x86_64-linux-gnu -Wl,-rpath-link=/home/jake/Documents/parrot/out/Unix-base/staging/usr/lib/x86_64-linux-gnu -Wl,-rpath-link=/home/jake/Documents/parrot/out/Unix-base/staging/usr/lib  -pthread -lrt  conftest.c  >&5
configure:4640: $? = 0
configure:4640: result: yes
configure:4640: checking for vsnprintf
configure:4640:  gcc -o conftest -isystem/home/jake/Documents/parrot/out/Unix-base/staging/usr/include -isystem/home/jake/Documents/parrot/out/Unix-base/staging/usr/include/x86_64-linux-gnu  -pipe -g -O2 -ffunction-sections -fno-short-enums -m64 -fPIC -msse -msse2 -mssse3 -DALCHEMY_BUILD  -isystem/home/jake/Documents/parrot/out/Unix-base/staging/usr/include -isystem/home/jake/Documents/parrot/out/Unix-base/staging/usr/include/x86_64-linux-gnu  -m64 -L/home/jake/Documents/parrot/out/Unix-base/staging/lib -L/home/jake/Documents/parrot/out/Unix-base/staging/usr/lib -L/home/jake/Documents/parrot/out/Unix-base/staging/lib/x86_64-linux-gnu -L/home/jake/Documents/parrot/out/Unix-base/staging/usr/lib/x86_64-linux-gnu -L/home/jake/Documents/parrot/out/Unix-base/staging/usr/lib -Wl,-rpath-link=/home/jake/Documents/parrot/out/Unix-base/staging/lib -Wl,-rpath-link=/home/jake/Documents/parrot/out/Unix-base/staging/usr/lib -Wl,-rpath-link=/home/jake/Documents/parrot/out/Unix-base/staging/lib/x86_64-linux-gnu -Wl,-rpath-link=/home/jake/Documents/parrot/out/Unix-base/staging/usr/lib/x86_64-linux-gnu -Wl,-rpath-link=/home/jake/Documents/parrot/out/Unix-base/staging/usr/lib  -pthread -lrt  conftest.c  >&5
conftest.c:58:6: warning: conflicting types for built-in function 'vsnprintf'
 char vsnprintf ();
      ^
configure:4640: $? = 0
configure:4640: result: yes
configure:4640: checking for vasprintf
configure:4640:  gcc -o conftest -isystem/home/jake/Documents/parrot/out/Unix-base/staging/usr/include -isystem/home/jake/Documents/parrot/out/Unix-base/staging/usr/include/x86_64-linux-gnu  -pipe -g -O2 -ffunction-sections -fno-short-enums -m64 -fPIC -msse -msse2 -mssse3 -DALCHEMY_BUILD  -isystem/home/jake/Documents/parrot/out/Unix-base/staging/usr/include -isystem/home/jake/Documents/parrot/out/Unix-base/staging/usr/include/x86_64-linux-gnu  -m64 -L/home/jake/Documents/parrot/out/Unix-base/staging/lib -L/home/jake/Documents/parrot/out/Unix-base/staging/usr/lib -L/home/jake/Documents/parrot/out/Unix-base/staging/lib/x86_64-linux-gnu -L/home/jake/Documents/parrot/out/Unix-base/staging/usr/lib/x86_64-linux-gnu -L/home/jake/Documents/parrot/out/Unix-base/staging/usr/lib -Wl,-rpath-link=/home/jake/Documents/parrot/out/Unix-base/staging/lib -Wl,-rpath-link=/home/jake/Documents/parrot/out/Unix-base/staging/usr/lib -Wl,-rpath-link=/home/jake/Documents/parrot/out/Unix-base/staging/lib/x86_64-linux-gnu -Wl,-rpath-link=/home/jake/Documents/parrot/out/Unix-base/staging/usr/lib/x86_64-linux-gnu -Wl,-rpath-link=/home/jake/Documents/parrot/out/Unix-base/staging/usr/lib  -pthread -lrt  conftest.c  >&5
configure:4640: $? = 0
configure:4640: result: yes
configure:4640: checking for open
configure:4640:  gcc -o conftest -isystem/home/jake/Documents/parrot/out/Unix-base/staging/usr/include -isystem/home/jake/Documents/parrot/out/Unix-base/staging/usr/include/x86_64-linux-gnu  -pipe -g -O2 -ffunction-sections -fno-short-enums -m64 -fPIC -msse -msse2 -mssse3 -DALCHEMY_BUILD  -isystem/home/jake/Documents/parrot/out/Unix-base/staging/usr/include -isystem/home/jake/Documents/parrot/out/Unix-base/staging/usr/include/x86_64-linux-gnu  -m64 -L/home/jake/Documents/parrot/out/Unix-base/staging/lib -L/home/jake/Documents/parrot/out/Unix-base/staging/usr/lib -L/home/jake/Documents/parrot/out/Unix-base/staging/lib/x86_64-linux-gnu -L/home/jake/Documents/parrot/out/Unix-base/staging/usr/lib/x86_64-linux-gnu -L/home/jake/Documents/parrot/out/Unix-base/staging/usr/lib -Wl,-rpath-link=/home/jake/Documents/parrot/out/Unix-base/staging/lib -Wl,-rpath-link=/home/jake/Documents/parrot/out/Unix-base/staging/usr/lib -Wl,-rpath-link=/home/jake/Documents/parrot/out/Unix-base/staging/lib/x86_64-linux-gnu -Wl,-rpath-link=/home/jake/Documents/parrot/out/Unix-base/staging/usr/lib/x86_64-linux-gnu -Wl,-rpath-link=/home/jake/Documents/parrot/out/Unix-base/staging/usr/lib  -pthread -lrt  conftest.c  >&5
configure:4640: $? = 0
configure:4640: result: yes
configure:4640: checking for vsyslog
configure:4640:  gcc -o conftest -isystem/home/jake/Documents/parrot/out/Unix-base/staging/usr/include -isystem/home/jake/Documents/parrot/out/Unix-base/staging/usr/include/x86_64-linux-gnu  -pipe -g -O2 -ffunction-sections -fno-short-enums -m64 -fPIC -msse -msse2 -mssse3 -DALCHEMY_BUILD  -isystem/home/jake/Documents/parrot/out/Unix-base/staging/usr/include -isystem/home/jake/Documents/parrot/out/Unix-base/staging/usr/include/x86_64-linux-gnu  -m64 -L/home/jake/Documents/parrot/out/Unix-base/staging/lib -L/home/jake/Documents/parrot/out/Unix-base/staging/usr/lib -L/home/jake/Documents/parrot/out/Unix-base/staging/lib/x86_64-linux-gnu -L/home/jake/Documents/parrot/out/Unix-base/staging/usr/lib/x86_64-linux-gnu -L/home/jake/Documents/parrot/out/Unix-base/staging/usr/lib -Wl,-rpath-link=/home/jake/Documents/parrot/out/Unix-base/staging/lib -Wl,-rpath-link=/home/jake/Documents/parrot/out/Unix-base/staging/usr/lib -Wl,-rpath-link=/home/jake/Documents/parrot/out/Unix-base/staging/lib/x86_64-linux-gnu -Wl,-rpath-link=/home/jake/Documents/parrot/out/Unix-base/staging/usr/lib/x86_64-linux-gnu -Wl,-rpath-link=/home/jake/Documents/parrot/out/Unix-base/staging/usr/lib  -pthread -lrt  conftest.c  >&5
configure:4640: $? = 0
configure:4640: result: yes
configure:4640: checking for strncasecmp
configure:4640:  gcc -o conftest -isystem/home/jake/Documents/parrot/out/Unix-base/staging/usr/include -isystem/home/jake/Documents/parrot/out/Unix-base/staging/usr/include/x86_64-linux-gnu  -pipe -g -O2 -ffunction-sections -fno-short-enums -m64 -fPIC -msse -msse2 -mssse3 -DALCHEMY_BUILD  -isystem/home/jake/Documents/parrot/out/Unix-base/staging/usr/include -isystem/home/jake/Documents/parrot/out/Unix-base/staging/usr/include/x86_64-linux-gnu  -m64 -L/home/jake/Documents/parrot/out/Unix-base/staging/lib -L/home/jake/Documents/parrot/out/Unix-base/staging/usr/lib -L/home/jake/Documents/parrot/out/Unix-base/staging/lib/x86_64-linux-gnu -L/home/jake/Documents/parrot/out/Unix-base/staging/usr/lib/x86_64-linux-gnu -L/home/jake/Documents/parrot/out/Unix-base/staging/usr/lib -Wl,-rpath-link=/home/jake/Documents/parrot/out/Unix-base/staging/lib -Wl,-rpath-link=/home/jake/Documents/parrot/out/Unix-base/staging/usr/lib -Wl,-rpath-link=/home/jake/Documents/parrot/out/Unix-base/staging/lib/x86_64-linux-gnu -Wl,-rpath-link=/home/jake/Documents/parrot/out/Unix-base/staging/usr/lib/x86_64-linux-gnu -Wl,-rpath-link=/home/jake/Documents/parrot/out/Unix-base/staging/usr/lib  -pthread -lrt  conftest.c  >&5
conftest.c:62:6: warning: conflicting types for built-in function 'strncasecmp'
 char strncasecmp ();
      ^
configure:4640: $? = 0
configure:4640: result: yes
configure:4679: checking build system type
configure:4693: result: x86_64-unknown-linux-gnu
configure:4713: checking host system type
configure:4726: result: x86_64-unknown-linux-gnu
configure:4767: checking how to print strings
configure:4794: result: printf
configure:4815: checking for a sed that does not truncate output
configure:4879: result: /bin/sed
configure:4897: checking for fgrep
configure:4959: result: /bin/grep -F
configure:4994: checking for ld used by  gcc
configure:5061: result: ld
configure:5068: checking if the linker (ld) is GNU ld
configure:5083: result: yes
configure:5095: checking for BSD- or MS-compatible name lister (nm)
configure:5144: result: nm
configure:5274: checking the name lister (nm) interface
configure:5281:  gcc -c -isystem/home/jake/Documents/parrot/out/Unix-base/staging/usr/include -isystem/home/jake/Documents/parrot/out/Unix-base/staging/usr/include/x86_64-linux-gnu  -pipe -g -O2 -ffunction-sections -fno-short-enums -m64 -fPIC -msse -msse2 -mssse3 -DALCHEMY_BUILD  -isystem/home/jake/Documents/parrot/out/Unix-base/staging/usr/include -isystem/home/jake/Documents/parrot/out/Unix-base/staging/usr/include/x86_64-linux-gnu conftest.c >&5
configure:5284: nm "conftest.o"
configure:5287: output
0000000000000000 B some_variable
configure:5294: result: BSD nm
configure:5297: checking whether ln -s works
configure:5301: result: yes
configure:5309: checking the maximum length of command line arguments
configure:5440: result: 1572864
configure:5457: checking whether the shell understands some XSI constructs
configure:5467: result: yes
configure:5471: checking whether the shell understands "+="
configure:5477: result: yes
configure:5512: checking how to convert x86_64-unknown-linux-gnu file names to x86_64-unknown-linux-gnu format
configure:5552: result: func_convert_file_noop
configure:5559: checking how to convert x86_64-unknown-linux-gnu file names to toolchain format
configure:5579: result: func_convert_file_noop
configure:5586: checking for ld option to reload object files
configure:5593: result: -r
configure:5667: checking for objdump
configure:5694: result: objdump
configure:5726: checking how to recognize dependent libraries
configure:5924: result: pass_all
configure:6009: checking for dlltool
configure:6039: result: no
configure:6069: checking how to associate runtime and link libraries
configure:6096: result: printf %s\n
configure:6220: checking for archiver @FILE support
configure:6237:  gcc -c -isystem/home/jake/Documents/parrot/out/Unix-base/staging/usr/include -isystem/home/jake/Documents/parrot/out/Unix-base/staging/usr/include/x86_64-linux-gnu  -pipe -g -O2 -ffunction-sections -fno-short-enums -m64 -fPIC -msse -msse2 -mssse3 -DALCHEMY_BUILD  -isystem/home/jake/Documents/parrot/out/Unix-base/staging/usr/include -isystem/home/jake/Documents/parrot/out/Unix-base/staging/usr/include/x86_64-linux-gnu conftest.c >&5
configure:6237: $? = 0
configure:6240: ar cru libconftest.a @conftest.lst >&5
ar: `u' modifier ignored since `D' is the default (see `U')
configure:6243: $? = 0
configure:6248: ar cru libconftest.a @conftest.lst >&5
ar: `u' modifier ignored since `D' is the default (see `U')
ar: conftest.o: No such file or directory
configure:6251: $? = 1
configure:6263: result: @
configure:6321: checking for strip
configure:6348: result: strip
configure:6420: checking for ranlib
configure:6447: result: ranlib
configure:6549: checking command to parse nm output from  gcc object
configure:6669:  gcc -c -isystem/home/jake/Documents/parrot/out/Unix-base/staging/usr/include -isystem/home/jake/Documents/parrot/out/Unix-base/staging/usr/include/x86_64-linux-gnu  -pipe -g -O2 -ffunction-sections -fno-short-enums -m64 -fPIC -msse -msse2 -mssse3 -DALCHEMY_BUILD  -isystem/home/jake/Documents/parrot/out/Unix-base/staging/usr/include -isystem/home/jake/Documents/parrot/out/Unix-base/staging/usr/include/x86_64-linux-gnu conftest.c >&5
configure:6672: $? = 0
configure:6676: nm conftest.o \| sed -n -e 's/^.*[ ]\([ABCDGIRSTW][ABCDGIRSTW]*\)[ ][ ]*\([_A-Za-z][_A-Za-z0-9]*\)$/\1 \2 \2/p' | sed '/ __gnu_lto/d' \> conftest.nm
configure:6679: $? = 0
configure:6745:  gcc -o conftest -isystem/home/jake/Documents/parrot/out/Unix-base/staging/usr/include -isystem/home/jake/Documents/parrot/out/Unix-base/staging/usr/include/x86_64-linux-gnu  -pipe -g -O2 -ffunction-sections -fno-short-enums -m64 -fPIC -msse -msse2 -mssse3 -DALCHEMY_BUILD  -isystem/home/jake/Documents/parrot/out/Unix-base/staging/usr/include -isystem/home/jake/Documents/parrot/out/Unix-base/staging/usr/include/x86_64-linux-gnu  -m64 -L/home/jake/Documents/parrot/out/Unix-base/staging/lib -L/home/jake/Documents/parrot/out/Unix-base/staging/usr/lib -L/home/jake/Documents/parrot/out/Unix-base/staging/lib/x86_64-linux-gnu -L/home/jake/Documents/parrot/out/Unix-base/staging/usr/lib/x86_64-linux-gnu -L/home/jake/Documents/parrot/out/Unix-base/staging/usr/lib -Wl,-rpath-link=/home/jake/Documents/parrot/out/Unix-base/staging/lib -Wl,-rpath-link=/home/jake/Documents/parrot/out/Unix-base/staging/usr/lib -Wl,-rpath-link=/home/jake/Documents/parrot/out/Unix-base/staging/lib/x86_64-linux-gnu -Wl,-rpath-link=/home/jake/Documents/parrot/out/Unix-base/staging/usr/lib/x86_64-linux-gnu -Wl,-rpath-link=/home/jake/Documents/parrot/out/Unix-base/staging/usr/lib  -pthread -lrt  conftest.c conftstm.o >&5
configure:6748: $? = 0
configure:6786: result: ok
configure:6823: checking for sysroot
configure:6853: result: no
configure:6930:  gcc -c -isystem/home/jake/Documents/parrot/out/Unix-base/staging/usr/include -isystem/home/jake/Documents/parrot/out/Unix-base/staging/usr/include/x86_64-linux-gnu  -pipe -g -O2 -ffunction-sections -fno-short-enums -m64 -fPIC -msse -msse2 -mssse3 -DALCHEMY_BUILD  -isystem/home/jake/Documents/parrot/out/Unix-base/staging/usr/include -isystem/home/jake/Documents/parrot/out/Unix-base/staging/usr/include/x86_64-linux-gnu conftest.c >&5
configure:6933: $? = 0
configure:7122: checking for mt
configure:7149: result: :
configure:7172: checking if : is a manifest tool
configure:7178: : '-?'
configure:7186: result: no
configure:7825: checking for dlfcn.h
configure:7825:  gcc -c -isystem/home/jake/Documents/parrot/out/Unix-base/staging/usr/include -isystem/home/jake/Documents/parrot/out/Unix-base/staging/usr/include/x86_64-linux-gnu  -pipe -g -O2 -ffunction-sections -fno-short-enums -m64 -fPIC -msse -msse2 -mssse3 -DALCHEMY_BUILD  -isystem/home/jake/Documents/parrot/out/Unix-base/staging/usr/include -isystem/home/jake/Documents/parrot/out/Unix-base/staging/usr/include/x86_64-linux-gnu conftest.c >&5
configure:7825: $? = 0
configure:7825: result: yes
configure:8031: checking for objdir
configure:8046: result: .libs
configure:8313: checking if  gcc supports -fno-rtti -fno-exceptions
configure:8331:  gcc -c -isystem/home/jake/Documents/parrot/out/Unix-base/staging/usr/include -isystem/home/jake/Documents/parrot/out/Unix-base/staging/usr/include/x86_64-linux-gnu  -pipe -g -O2 -ffunction-sections -fno-short-enums -m64 -fPIC -msse -msse2 -mssse3 -DALCHEMY_BUILD  -isystem/home/jake/Documents/parrot/out/Unix-base/staging/usr/include -isystem/home/jake/Documents/parrot/out/Unix-base/staging/usr/include/x86_64-linux-gnu -fno-rtti -fno-exceptions conftest.c >&5
cc1: warning: command line option '-fno-rtti' is valid for C++/ObjC++ but not for C
configure:8335: $? = 0
configure:8348: result: no
configure:8675: checking for  gcc option to produce PIC
configure:8682: result: -fPIC -DPIC
configure:8690: checking if  gcc PIC flag -fPIC -DPIC works
configure:8708:  gcc -c -isystem/home/jake/Documents/parrot/out/Unix-base/staging/usr/include -isystem/home/jake/Documents/parrot/out/Unix-base/staging/usr/include/x86_64-linux-gnu  -pipe -g -O2 -ffunction-sections -fno-short-enums -m64 -fPIC -msse -msse2 -mssse3 -DALCHEMY_BUILD  -isystem/home/jake/Documents/parrot/out/Unix-base/staging/usr/include -isystem/home/jake/Documents/parrot/out/Unix-base/staging/usr/include/x86_64-linux-gnu -fPIC -DPIC -DPIC conftest.c >&5
configure:8712: $? = 0
configure:8725: result: yes
configure:8754: checking if  gcc static flag -static works
configure:8782: result: yes
configure:8797: checking if  gcc supports -c -o file.o
configure:8818:  gcc -c -isystem/home/jake/Documents/parrot/out/Unix-base/staging/usr/include -isystem/home/jake/Documents/parrot/out/Unix-base/staging/usr/include/x86_64-linux-gnu  -pipe -g -O2 -ffunction-sections -fno-short-enums -m64 -fPIC -msse -msse2 -mssse3 -DALCHEMY_BUILD  -isystem/home/jake/Documents/parrot/out/Unix-base/staging/usr/include -isystem/home/jake/Documents/parrot/out/Unix-base/staging/usr/include/x86_64-linux-gnu -o out/conftest2.o conftest.c >&5
configure:8822: $? = 0
configure:8844: result: yes
configure:8852: checking if  gcc supports -c -o file.o
configure:8899: result: yes
configure:8932: checking whether the  gcc linker (ld -m elf_x86_64) supports shared libraries
configure:10089: result: yes
configure:10126: checking whether -lc should be explicitly linked in
configure:10134:  gcc -c -isystem/home/jake/Documents/parrot/out/Unix-base/staging/usr/include -isystem/home/jake/Documents/parrot/out/Unix-base/staging/usr/include/x86_64-linux-gnu  -pipe -g -O2 -ffunction-sections -fno-short-enums -m64 -fPIC -msse -msse2 -mssse3 -DALCHEMY_BUILD  -isystem/home/jake/Documents/parrot/out/Unix-base/staging/usr/include -isystem/home/jake/Documents/parrot/out/Unix-base/staging/usr/include/x86_64-linux-gnu conftest.c >&5
configure:10137: $? = 0
configure:10152:  gcc -shared  -fPIC -DPIC conftest.o  -v -Wl,-soname -Wl,conftest -o conftest 2\>\&1 \| /bin/grep  -lc  \>/dev/null 2\>\&1
configure:10155: $? = 0
configure:10169: result: no
configure:10329: checking dynamic linker characteristics
configure:10829:  gcc -o conftest -isystem/home/jake/Documents/parrot/out/Unix-base/staging/usr/include -isystem/home/jake/Documents/parrot/out/Unix-base/staging/usr/include/x86_64-linux-gnu  -pipe -g -O2 -ffunction-sections -fno-short-enums -m64 -fPIC -msse -msse2 -mssse3 -DALCHEMY_BUILD  -isystem/home/jake/Documents/parrot/out/Unix-base/staging/usr/include -isystem/home/jake/Documents/parrot/out/Unix-base/staging/usr/include/x86_64-linux-gnu  -m64 -L/home/jake/Documents/parrot/out/Unix-base/staging/lib -L/home/jake/Documents/parrot/out/Unix-base/staging/usr/lib -L/home/jake/Documents/parrot/out/Unix-base/staging/lib/x86_64-linux-gnu -L/home/jake/Documents/parrot/out/Unix-base/staging/usr/lib/x86_64-linux-gnu -L/home/jake/Documents/parrot/out/Unix-base/staging/usr/lib -Wl,-rpath-link=/home/jake/Documents/parrot/out/Unix-base/staging/lib -Wl,-rpath-link=/home/jake/Documents/parrot/out/Unix-base/staging/usr/lib -Wl,-rpath-link=/home/jake/Documents/parrot/out/Unix-base/staging/lib/x86_64-linux-gnu -Wl,-rpath-link=/home/jake/Documents/parrot/out/Unix-base/staging/usr/lib/x86_64-linux-gnu -Wl,-rpath-link=/home/jake/Documents/parrot/out/Unix-base/staging/usr/lib  -pthread -lrt  -Wl,-rpath -Wl,/foo conftest.c  >&5
configure:10829: $? = 0
configure:11063: result: GNU/Linux ld.so
configure:11170: checking how to hardcode library paths into programs
configure:11195: result: immediate
configure:11735: checking whether stripping libraries is possible
configure:11740: result: yes
configure:11775: checking if libtool supports shared libraries
configure:11777: result: yes
configure:11780: checking whether to build shared libraries
configure:11801: result: yes
configure:11804: checking whether to build static libraries
configure:11808: result: yes
configure:11956: checking that generated files are newer than configure
configure:11962: result: done
configure:11985: creating ./config.status

## ---------------------- ##
## Running config.status. ##
## ---------------------- ##

This file was extended by json-c config.status 0.9, which was
generated by GNU Autoconf 2.69.  Invocation command line was

  CONFIG_FILES    = 
  CONFIG_HEADERS  = 
  CONFIG_LINKS    = 
  CONFIG_COMMANDS = 
  $ ./config.status --quiet

on Jake-Ubuntu

config.status:1107: creating Makefile
config.status:1107: creating json.pc
config.status:1107: creating config.h
config.status:1336: executing depfiles commands
config.status:1336: executing libtool commands

## ---------------- ##
## Cache variables. ##
## ---------------- ##

ac_cv_build=x86_64-unknown-linux-gnu
ac_cv_c_compiler_gnu=yes
ac_cv_c_const=yes
ac_cv_env_CC_set=set
ac_cv_env_CC_value=' gcc'
ac_cv_env_CFLAGS_set=set
ac_cv_env_CFLAGS_value='-isystem/home/jake/Documents/parrot/out/Unix-base/staging/usr/include -isystem/home/jake/Documents/parrot/out/Unix-base/staging/usr/include/x86_64-linux-gnu  -pipe -g -O2 -ffunction-sections -fno-short-enums -m64 -fPIC -msse -msse2 -mssse3 -DALCHEMY_BUILD '
ac_cv_env_CPPFLAGS_set=set
ac_cv_env_CPPFLAGS_value='-isystem/home/jake/Documents/parrot/out/Unix-base/staging/usr/include -isystem/home/jake/Documents/parrot/out/Unix-base/staging/usr/include/x86_64-linux-gnu'
ac_cv_env_CPP_set=set
ac_cv_env_CPP_value=cpp
ac_cv_env_LDFLAGS_set=set
ac_cv_env_LDFLAGS_value=' -m64 -L/home/jake/Documents/parrot/out/Unix-base/staging/lib -L/home/jake/Documents/parrot/out/Unix-base/staging/usr/lib -L/home/jake/Documents/parrot/out/Unix-base/staging/lib/x86_64-linux-gnu -L/home/jake/Documents/parrot/out/Unix-base/staging/usr/lib/x86_64-linux-gnu -L/home/jake/Documents/parrot/out/Unix-base/staging/usr/lib -Wl,-rpath-link=/home/jake/Documents/parrot/out/Unix-base/staging/lib -Wl,-rpath-link=/home/jake/Documents/parrot/out/Unix-base/staging/usr/lib -Wl,-rpath-link=/home/jake/Documents/parrot/out/Unix-base/staging/lib/x86_64-linux-gnu -Wl,-rpath-link=/home/jake/Documents/parrot/out/Unix-base/staging/usr/lib/x86_64-linux-gnu -Wl,-rpath-link=/home/jake/Documents/parrot/out/Unix-base/staging/usr/lib  -pthread -lrt '
ac_cv_env_LIBS_set=
ac_cv_env_LIBS_value=
ac_cv_env_build_alias_set=
ac_cv_env_build_alias_value=
ac_cv_env_host_alias_set=
ac_cv_env_host_alias_value=
ac_cv_env_target_alias_set=
ac_cv_env_target_alias_value=
ac_cv_func__doprnt=no
ac_cv_func_malloc_0_nonnull=yes
ac_cv_func_memcmp_working=yes
ac_cv_func_open=yes
ac_cv_func_realloc_0_nonnull=yes
ac_cv_func_strerror=yes
ac_cv_func_strncasecmp=yes
ac_cv_func_strndup=yes
ac_cv_func_vasprintf=yes
ac_cv_func_vprintf=yes
ac_cv_func_vsnprintf=yes
ac_cv_func_vsyslog=yes
ac_cv_header_dlfcn_h=yes
ac_cv_header_fcntl_h=yes
ac_cv_header_inttypes_h=yes
ac_cv_header_limits_h=yes
ac_cv_header_memory_h=yes
ac_cv_header_stdarg_h=yes
ac_cv_header_stdc=yes
ac_cv_header_stdint_h=yes
ac_cv_header_stdlib_h=yes
ac_cv_header_string_h=yes
ac_cv_header_strings_h=yes
ac_cv_header_sys_param_h=yes
ac_cv_header_sys_stat_h=yes
ac_cv_header_sys_types_h=yes
ac_cv_header_syslog_h=yes
ac_cv_header_unistd_h=yes
ac_cv_host=x86_64-unknown-linux-gnu
ac_cv_objext=o
ac_cv_path_EGREP='/bin/grep -E'
ac_cv_path_FGREP='/bin/grep -F'
ac_cv_path_GREP=/bin/grep
ac_cv_path_SED=/bin/sed
ac_cv_path_mkdir=/bin/mkdir
ac_cv_prog_AWK=mawk
ac_cv_prog_CPP=cpp
ac_cv_prog_YACC=
ac_cv_prog_ac_ct_CC=' gcc'
ac_cv_prog_ac_ct_MANIFEST_TOOL=:
ac_cv_prog_ac_ct_OBJDUMP=objdump
ac_cv_prog_ac_ct_RANLIB=ranlib
ac_cv_prog_ac_ct_STRIP=strip
ac_cv_prog_cc_c89=
ac_cv_prog_cc_g=yes
ac_cv_prog_make_make_set=yes
ac_cv_type_size_t=yes
am_cv_CC_dependencies_compiler_type=gcc3
am_cv_make_support_nested_variables=yes
am_cv_prog_cc_c_o=yes
lt_cv_ar_at_file=@
lt_cv_archive_cmds_need_lc=no
lt_cv_deplibs_check_method=pass_all
lt_cv_file_magic_cmd='$MAGIC_CMD'
lt_cv_file_magic_test_file=
lt_cv_ld_reload_flag=-r
lt_cv_nm_interface='BSD nm'
lt_cv_objdir=.libs
lt_cv_path_LD=ld
lt_cv_path_NM=nm
lt_cv_path_mainfest_tool=no
lt_cv_prog_compiler_c_o=yes
lt_cv_prog_compiler_pic='-fPIC -DPIC'
lt_cv_prog_compiler_pic_works=yes
lt_cv_prog_compiler_rtti_exceptions=no
lt_cv_prog_compiler_static_works=yes
lt_cv_prog_gnu_ld=yes
lt_cv_sharedlib_from_linklib_cmd='printf %s\n'
lt_cv_shlibpath_overrides_runpath=no
lt_cv_sys_global_symbol_pipe='sed -n -e '\''s/^.*[	 ]\([ABCDGIRSTW][ABCDGIRSTW]*\)[	 ][	 ]*\([_A-Za-z][_A-Za-z0-9]*\)$/\1 \2 \2/p'\'' | sed '\''/ __gnu_lto/d'\'''
lt_cv_sys_global_symbol_to_c_name_address='sed -n -e '\''s/^: \([^ ]*\)[ ]*$/  {\"\1\", (void *) 0},/p'\'' -e '\''s/^[ABCDGIRSTW]* \([^ ]*\) \([^ ]*\)$/  {"\2", (void *) \&\2},/p'\'''
lt_cv_sys_global_symbol_to_c_name_address_lib_prefix='sed -n -e '\''s/^: \([^ ]*\)[ ]*$/  {\"\1\", (void *) 0},/p'\'' -e '\''s/^[ABCDGIRSTW]* \([^ ]*\) \(lib[^ ]*\)$/  {"\2", (void *) \&\2},/p'\'' -e '\''s/^[ABCDGIRSTW]* \([^ ]*\) \([^ ]*\)$/  {"lib\2", (void *) \&\2},/p'\'''
lt_cv_sys_global_symbol_to_cdecl='sed -n -e '\''s/^T .* \(.*\)$/extern int \1();/p'\'' -e '\''s/^[ABCDGIRSTW]* .* \(.*\)$/extern char \1;/p'\'''
lt_cv_sys_max_cmd_len=1572864
lt_cv_to_host_file_cmd=func_convert_file_noop
lt_cv_to_tool_file_cmd=func_convert_file_noop

## ----------------- ##
## Output variables. ##
## ----------------- ##

ACLOCAL='${SHELL} /home/jake/Documents/parrot/out/Unix-base/build/json/json-c-0.9/missing aclocal-1.15'
AMDEPBACKSLASH='\'
AMDEP_FALSE='#'
AMDEP_TRUE=''
AMTAR='$${TAR-tar}'
AM_BACKSLASH='\'
AM_DEFAULT_V='$(AM_DEFAULT_VERBOSITY)'
AM_DEFAULT_VERBOSITY='0'
AM_V='$(V)'
AR='ar'
AUTOCONF='${SHELL} /home/jake/Documents/parrot/out/Unix-base/build/json/json-c-0.9/missing autoconf'
AUTOHEADER='${SHELL} /home/jake/Documents/parrot/out/Unix-base/build/json/json-c-0.9/missing autoheader'
AUTOMAKE='${SHELL} /home/jake/Documents/parrot/out/Unix-base/build/json/json-c-0.9/missing automake-1.15'
AWK='mawk'
CC=' gcc'
CCDEPMODE='depmode=gcc3'
CFLAGS='-isystem/home/jake/Documents/parrot/out/Unix-base/staging/usr/include -isystem/home/jake/Documents/parrot/out/Unix-base/staging/usr/include/x86_64-linux-gnu  -pipe -g -O2 -ffunction-sections -fno-short-enums -m64 -fPIC -msse -msse2 -mssse3 -DALCHEMY_BUILD '
CPP='cpp'
CPPFLAGS='-isystem/home/jake/Documents/parrot/out/Unix-base/staging/usr/include -isystem/home/jake/Documents/parrot/out/Unix-base/staging/usr/include/x86_64-linux-gnu'
CYGPATH_W='echo'
DEFS='-DHAVE_CONFIG_H'
DEPDIR='.deps'
DLLTOOL='false'
DSYMUTIL=''
DUMPBIN=''
ECHO_C=''
ECHO_N='-n'
ECHO_T=''
EGREP='/bin/grep -E'
EXEEXT=''
FGREP='/bin/grep -F'
GREP='/bin/grep'
INSTALL_DATA='${INSTALL} -m 644'
INSTALL_PROGRAM='${INSTALL}'
INSTALL_SCRIPT='${INSTALL}'
INSTALL_STRIP_PROGRAM='$(install_sh) -c -s'
LD='ld -m elf_x86_64'
LDFLAGS=' -m64 -L/home/jake/Documents/parrot/out/Unix-base/staging/lib -L/home/jake/Documents/parrot/out/Unix-base/staging/usr/lib -L/home/jake/Documents/parrot/out/Unix-base/staging/lib/x86_64-linux-gnu -L/home/jake/Documents/parrot/out/Unix-base/staging/usr/lib/x86_64-linux-gnu -L/home/jake/Documents/parrot/out/Unix-base/staging/usr/lib -Wl,-rpath-link=/home/jake/Documents/parrot/out/Unix-base/staging/lib -Wl,-rpath-link=/home/jake/Documents/parrot/out/Unix-base/staging/usr/lib -Wl,-rpath-link=/home/jake/Documents/parrot/out/Unix-base/staging/lib/x86_64-linux-gnu -Wl,-rpath-link=/home/jake/Documents/parrot/out/Unix-base/staging/usr/lib/x86_64-linux-gnu -Wl,-rpath-link=/home/jake/Documents/parrot/out/Unix-base/staging/usr/lib  -pthread -lrt '
LIBOBJS=''
LIBS=''
LIBTOOL='$(SHELL) $(top_builddir)/libtool'
LIPO=''
LN_S='ln -s'
LTLIBOBJS=''
MAKEINFO='${SHELL} /home/jake/Documents/parrot/out/Unix-base/build/json/json-c-0.9/missing makeinfo'
MANIFEST_TOOL=':'
MKDIR_P='/bin/mkdir -p'
NM='nm'
NMEDIT=''
OBJDUMP='objdump'
OBJEXT='o'
OTOOL64=''
OTOOL=''
PACKAGE='json-c'
PACKAGE_BUGREPORT='michael@metaparadigm.com'
PACKAGE_NAME='json-c'
PACKAGE_STRING='json-c 0.9'
PACKAGE_TARNAME='json-c'
PACKAGE_URL=''
PACKAGE_VERSION='0.9'
PATH_SEPARATOR=':'
RANLIB='ranlib'
SED='/bin/sed'
SET_MAKE=''
SHELL='/bin/bash'
STRIP='strip'
VERSION='0.9'
ac_ct_AR=''
ac_ct_CC=' gcc'
ac_ct_DUMPBIN=''
am__EXEEXT_FALSE=''
am__EXEEXT_TRUE='#'
am__fastdepCC_FALSE='#'
am__fastdepCC_TRUE=''
am__include='include'
am__isrc=''
am__leading_dot='.'
am__nodep='_no'
am__quote=''
am__tar='$${TAR-tar} chof - "$$tardir"'
am__untar='$${TAR-tar} xf -'
bindir='${exec_prefix}/bin'
build='x86_64-unknown-linux-gnu'
build_alias=''
build_cpu='x86_64'
build_os='linux-gnu'
build_vendor='unknown'
datadir='${datarootdir}'
datarootdir='${prefix}/share'
docdir='${datarootdir}/doc/${PACKAGE_TARNAME}'
dvidir='${docdir}'
exec_prefix='${prefix}'
host='x86_64-unknown-linux-gnu'
host_alias=''
host_cpu='x86_64'
host_os='linux-gnu'
host_vendor='unknown'
htmldir='${docdir}'
includedir='${prefix}/include'
infodir='${datarootdir}/info'
install_sh='${SHELL} /home/jake/Documents/parrot/out/Unix-base/build/json/json-c-0.9/install-sh'
libdir='${exec_prefix}/lib'
libexecdir='${exec_prefix}/libexec'
localedir='${datarootdir}/locale'
localstatedir='${prefix}/var'
mandir='${datarootdir}/man'
mkdir_p='$(MKDIR_P)'
oldincludedir='/usr/include'
pdfdir='${docdir}'
prefix='/home/jake/Documents/parrot/out/Unix-base/staging/usr'
program_transform_name='s,x,x,'
psdir='${docdir}'
sbindir='${exec_prefix}/sbin'
sharedstatedir='${prefix}/com'
sysconfdir='/home/jake/Documents/parrot/out/Unix-base/staging/etc'
target_alias=''

## ----------- ##
## confdefs.h. ##
## ----------- ##

/* confdefs.h */
#define PACKAGE_NAME "json-c"
#define PACKAGE_TARNAME "json-c"
#define PACKAGE_VERSION "0.9"
#define PACKAGE_STRING "json-c 0.9"
#define PACKAGE_BUGREPORT "michael@metaparadigm.com"
#define PACKAGE_URL ""
#define PACKAGE "json-c"
#define VERSION "0.9"
#define STDC_HEADERS 1
#define HAVE_SYS_TYPES_H 1
#define HAVE_SYS_STAT_H 1
#define HAVE_STDLIB_H 1
#define HAVE_STRING_H 1
#define HAVE_MEMORY_H 1
#define HAVE_STRINGS_H 1
#define HAVE_INTTYPES_H 1
#define HAVE_STDINT_H 1
#define HAVE_UNISTD_H 1
#define HAVE_FCNTL_H 1
#define HAVE_LIMITS_H 1
#define HAVE_STRINGS_H 1
#define HAVE_SYSLOG_H 1
#define HAVE_UNISTD_H 1
#define HAVE_SYS_PARAM_H 1
#define HAVE_STDARG_H 1
#define HAVE_VPRINTF 1
#define HAVE_STDLIB_H 1
#define HAVE_MALLOC 1
#define HAVE_STDLIB_H 1
#define HAVE_REALLOC 1
#define HAVE_STRNDUP 1
#define HAVE_STRERROR 1
#define HAVE_VSNPRINTF 1
#define HAVE_VASPRINTF 1
#define HAVE_OPEN 1
#define HAVE_VSYSLOG 1
#define HAVE_STRNCASECMP 1
#define HAVE_DLFCN_H 1
#define LT_OBJDIR ".libs/"

configure: exit 0
