This file contains any messages produced by compilers while
running configure, to aid debugging if configure makes a mistake.

It was created by libARStream2 configure 3.1.0, which was
generated by GNU Autoconf 2.69.  Invocation command line was

  $ /home/cswiggz/Documents/seniordesign/parrot/out/Unix-base/build/libARStream2/Build/configure --prefix=/home/cswiggz/Documents/seniordesign/parrot/out/Unix-base/staging/usr --sysconfdir=/home/cswiggz/Documents/seniordesign/parrot/out/Unix-base/staging/etc ac_cv_prog_YACC= --disable-maintainer-mode --disable-nls --disable-gtk-doc --disable-gtk-doc-html --disable-doxygen-docs --disable-doc --disable-docs --disable-documentation --disable-option-checking --quiet --enable-silent-rules --with-libARSALInstallDir=

## --------- ##
## Platform. ##
## --------- ##

hostname = bandit1
uname -m = x86_64
uname -r = 4.2.0-23-generic
uname -s = Linux
uname -v = #28-Ubuntu SMP Sun Dec 27 17:47:31 UTC 2015

/usr/bin/uname -p = unknown
/bin/uname -X     = unknown

/bin/arch              = unknown
/usr/bin/arch -k       = unknown
/usr/convex/getsysinfo = unknown
/usr/bin/hostinfo      = unknown
/bin/machine           = unknown
/usr/bin/oslevel       = unknown
/bin/universe          = unknown

PATH: /home/cswiggz/Documents/seniordesign/parrot/out/Unix-base/staging-host/bin
PATH: /home/cswiggz/Documents/seniordesign/parrot/out/Unix-base/staging-host/usr/bin
PATH: /usr/local/sbin
PATH: /usr/local/bin
PATH: /usr/sbin
PATH: /usr/bin
PATH: /sbin
PATH: /bin
PATH: /usr/games
PATH: /usr/local/games


## ----------- ##
## Core tests. ##
## ----------- ##

configure:2451: checking for a BSD-compatible install
configure:2519: result: /usr/bin/install -p
configure:2530: checking whether build environment is sane
configure:2585: result: yes
configure:2736: checking for a thread-safe mkdir -p
configure:2775: result: /bin/mkdir -p
configure:2782: checking for gawk
configure:2812: result: no
configure:2782: checking for mawk
configure:2798: found /usr/bin/mawk
configure:2809: result: mawk
configure:2820: checking whether make sets $(MAKE)
configure:2842: result: yes
configure:2871: checking whether make supports nested variables
configure:2888: result: yes
configure:3026: checking whether to build with debug information
configure:3035: result: no
configure:3061: checking whether to put version number in .so files
configure:3070: result: yes
configure:3099: checking for style of include used by make
configure:3127: result: GNU
configure:3198: checking for gcc
configure:3225: result:  gcc
configure:3454: checking for C compiler version
configure:3463:  gcc --version >&5
gcc (Ubuntu 5.2.1-22ubuntu2) 5.2.1 20151010
Copyright (C) 2015 Free Software Foundation, Inc.
This is free software; see the source for copying conditions.  There is NO
warranty; not even for MERCHANTABILITY or FITNESS FOR A PARTICULAR PURPOSE.

configure:3474: $? = 0
configure:3463:  gcc -v >&5
Using built-in specs.
COLLECT_GCC=gcc
COLLECT_LTO_WRAPPER=/usr/lib/gcc/x86_64-linux-gnu/5/lto-wrapper
Target: x86_64-linux-gnu
Configured with: ../src/configure -v --with-pkgversion='Ubuntu 5.2.1-22ubuntu2' --with-bugurl=file:///usr/share/doc/gcc-5/README.Bugs --enable-languages=c,ada,c++,java,go,d,fortran,objc,obj-c++ --prefix=/usr --program-suffix=-5 --enable-shared --enable-linker-build-id --libexecdir=/usr/lib --without-included-gettext --enable-threads=posix --libdir=/usr/lib --enable-nls --with-sysroot=/ --enable-clocale=gnu --enable-libstdcxx-debug --enable-libstdcxx-time=yes --with-default-libstdcxx-abi=new --enable-gnu-unique-object --disable-vtable-verify --enable-libmpx --enable-plugin --with-system-zlib --disable-browser-plugin --enable-java-awt=gtk --enable-gtk-cairo --with-java-home=/usr/lib/jvm/java-1.5.0-gcj-5-amd64/jre --enable-java-home --with-jvm-root-dir=/usr/lib/jvm/java-1.5.0-gcj-5-amd64 --with-jvm-jar-dir=/usr/lib/jvm-exports/java-1.5.0-gcj-5-amd64 --with-arch-directory=amd64 --with-ecj-jar=/usr/share/java/eclipse-ecj.jar --enable-objc-gc --enable-multiarch --disable-werror --with-arch-32=i686 --with-abi=m64 --with-multilib-list=m32,m64,mx32 --enable-multilib --with-tune=generic --enable-checking=release --build=x86_64-linux-gnu --host=x86_64-linux-gnu --target=x86_64-linux-gnu
Thread model: posix
gcc version 5.2.1 20151010 (Ubuntu 5.2.1-22ubuntu2) 
configure:3474: $? = 0
configure:3463:  gcc -V >&5
gcc: error: unrecognized command line option '-V'
gcc: fatal error: no input files
compilation terminated.
configure:3474: $? = 1
configure:3463:  gcc -qversion >&5
gcc: error: unrecognized command line option '-qversion'
gcc: fatal error: no input files
compilation terminated.
configure:3474: $? = 1
configure:3494: checking whether the C compiler works
configure:3516:  gcc -isystem/home/cswiggz/Documents/seniordesign/parrot/out/Unix-base/staging/usr/include -isystem/home/cswiggz/Documents/seniordesign/parrot/out/Unix-base/staging/usr/include/x86_64-linux-gnu  -pipe -g -O2 -ffunction-sections -fno-short-enums -m64 -fPIC -msse -msse2 -mssse3 -DALCHEMY_BUILD  -O3 -I/home/cswiggz/Documents/seniordesign/parrot/out/Unix-base/build/libARStream2/Build/../Includes -I/home/cswiggz/Documents/seniordesign/parrot/out/Unix-base/build/libARStream2/Build/../src -isystem/home/cswiggz/Documents/seniordesign/parrot/out/Unix-base/staging/usr/include -isystem/home/cswiggz/Documents/seniordesign/parrot/out/Unix-base/staging/usr/include/x86_64-linux-gnu -O3 -I/home/cswiggz/Documents/seniordesign/parrot/out/Unix-base/build/libARStream2/Build/../Includes -I/home/cswiggz/Documents/seniordesign/parrot/out/Unix-base/build/libARStream2/Build/../src  -m64 -L/home/cswiggz/Documents/seniordesign/parrot/out/Unix-base/staging/lib -L/home/cswiggz/Documents/seniordesign/parrot/out/Unix-base/staging/usr/lib -L/home/cswiggz/Documents/seniordesign/parrot/out/Unix-base/staging/lib/x86_64-linux-gnu -L/home/cswiggz/Documents/seniordesign/parrot/out/Unix-base/staging/usr/lib/x86_64-linux-gnu -L/home/cswiggz/Documents/seniordesign/parrot/out/Unix-base/staging/usr/lib -Wl,-rpath-link=/home/cswiggz/Documents/seniordesign/parrot/out/Unix-base/staging/lib -Wl,-rpath-link=/home/cswiggz/Documents/seniordesign/parrot/out/Unix-base/staging/usr/lib -Wl,-rpath-link=/home/cswiggz/Documents/seniordesign/parrot/out/Unix-base/staging/lib/x86_64-linux-gnu -Wl,-rpath-link=/home/cswiggz/Documents/seniordesign/parrot/out/Unix-base/staging/usr/lib/x86_64-linux-gnu -Wl,-rpath-link=/home/cswiggz/Documents/seniordesign/parrot/out/Unix-base/staging/usr/lib  -pthread -lrt  conftest.c  >&5
configure:3520: $? = 0
configure:3568: result: yes
configure:3571: checking for C compiler default output file name
configure:3573: result: a.out
configure:3579: checking for suffix of executables
configure:3586:  gcc -o conftest -isystem/home/cswiggz/Documents/seniordesign/parrot/out/Unix-base/staging/usr/include -isystem/home/cswiggz/Documents/seniordesign/parrot/out/Unix-base/staging/usr/include/x86_64-linux-gnu  -pipe -g -O2 -ffunction-sections -fno-short-enums -m64 -fPIC -msse -msse2 -mssse3 -DALCHEMY_BUILD  -O3 -I/home/cswiggz/Documents/seniordesign/parrot/out/Unix-base/build/libARStream2/Build/../Includes -I/home/cswiggz/Documents/seniordesign/parrot/out/Unix-base/build/libARStream2/Build/../src -isystem/home/cswiggz/Documents/seniordesign/parrot/out/Unix-base/staging/usr/include -isystem/home/cswiggz/Documents/seniordesign/parrot/out/Unix-base/staging/usr/include/x86_64-linux-gnu -O3 -I/home/cswiggz/Documents/seniordesign/parrot/out/Unix-base/build/libARStream2/Build/../Includes -I/home/cswiggz/Documents/seniordesign/parrot/out/Unix-base/build/libARStream2/Build/../src  -m64 -L/home/cswiggz/Documents/seniordesign/parrot/out/Unix-base/staging/lib -L/home/cswiggz/Documents/seniordesign/parrot/out/Unix-base/staging/usr/lib -L/home/cswiggz/Documents/seniordesign/parrot/out/Unix-base/staging/lib/x86_64-linux-gnu -L/home/cswiggz/Documents/seniordesign/parrot/out/Unix-base/staging/usr/lib/x86_64-linux-gnu -L/home/cswiggz/Documents/seniordesign/parrot/out/Unix-base/staging/usr/lib -Wl,-rpath-link=/home/cswiggz/Documents/seniordesign/parrot/out/Unix-base/staging/lib -Wl,-rpath-link=/home/cswiggz/Documents/seniordesign/parrot/out/Unix-base/staging/usr/lib -Wl,-rpath-link=/home/cswiggz/Documents/seniordesign/parrot/out/Unix-base/staging/lib/x86_64-linux-gnu -Wl,-rpath-link=/home/cswiggz/Documents/seniordesign/parrot/out/Unix-base/staging/usr/lib/x86_64-linux-gnu -Wl,-rpath-link=/home/cswiggz/Documents/seniordesign/parrot/out/Unix-base/staging/usr/lib  -pthread -lrt  conftest.c  >&5
configure:3590: $? = 0
configure:3612: result: 
configure:3634: checking whether we are cross compiling
configure:3642:  gcc -o conftest -isystem/home/cswiggz/Documents/seniordesign/parrot/out/Unix-base/staging/usr/include -isystem/home/cswiggz/Documents/seniordesign/parrot/out/Unix-base/staging/usr/include/x86_64-linux-gnu  -pipe -g -O2 -ffunction-sections -fno-short-enums -m64 -fPIC -msse -msse2 -mssse3 -DALCHEMY_BUILD  -O3 -I/home/cswiggz/Documents/seniordesign/parrot/out/Unix-base/build/libARStream2/Build/../Includes -I/home/cswiggz/Documents/seniordesign/parrot/out/Unix-base/build/libARStream2/Build/../src -isystem/home/cswiggz/Documents/seniordesign/parrot/out/Unix-base/staging/usr/include -isystem/home/cswiggz/Documents/seniordesign/parrot/out/Unix-base/staging/usr/include/x86_64-linux-gnu -O3 -I/home/cswiggz/Documents/seniordesign/parrot/out/Unix-base/build/libARStream2/Build/../Includes -I/home/cswiggz/Documents/seniordesign/parrot/out/Unix-base/build/libARStream2/Build/../src  -m64 -L/home/cswiggz/Documents/seniordesign/parrot/out/Unix-base/staging/lib -L/home/cswiggz/Documents/seniordesign/parrot/out/Unix-base/staging/usr/lib -L/home/cswiggz/Documents/seniordesign/parrot/out/Unix-base/staging/lib/x86_64-linux-gnu -L/home/cswiggz/Documents/seniordesign/parrot/out/Unix-base/staging/usr/lib/x86_64-linux-gnu -L/home/cswiggz/Documents/seniordesign/parrot/out/Unix-base/staging/usr/lib -Wl,-rpath-link=/home/cswiggz/Documents/seniordesign/parrot/out/Unix-base/staging/lib -Wl,-rpath-link=/home/cswiggz/Documents/seniordesign/parrot/out/Unix-base/staging/usr/lib -Wl,-rpath-link=/home/cswiggz/Documents/seniordesign/parrot/out/Unix-base/staging/lib/x86_64-linux-gnu -Wl,-rpath-link=/home/cswiggz/Documents/seniordesign/parrot/out/Unix-base/staging/usr/lib/x86_64-linux-gnu -Wl,-rpath-link=/home/cswiggz/Documents/seniordesign/parrot/out/Unix-base/staging/usr/lib  -pthread -lrt  conftest.c  >&5
configure:3646: $? = 0
configure:3653: ./conftest
configure:3657: $? = 0
configure:3672: result: no
configure:3677: checking for suffix of object files
configure:3699:  gcc -c -isystem/home/cswiggz/Documents/seniordesign/parrot/out/Unix-base/staging/usr/include -isystem/home/cswiggz/Documents/seniordesign/parrot/out/Unix-base/staging/usr/include/x86_64-linux-gnu  -pipe -g -O2 -ffunction-sections -fno-short-enums -m64 -fPIC -msse -msse2 -mssse3 -DALCHEMY_BUILD  -O3 -I/home/cswiggz/Documents/seniordesign/parrot/out/Unix-base/build/libARStream2/Build/../Includes -I/home/cswiggz/Documents/seniordesign/parrot/out/Unix-base/build/libARStream2/Build/../src -isystem/home/cswiggz/Documents/seniordesign/parrot/out/Unix-base/staging/usr/include -isystem/home/cswiggz/Documents/seniordesign/parrot/out/Unix-base/staging/usr/include/x86_64-linux-gnu -O3 -I/home/cswiggz/Documents/seniordesign/parrot/out/Unix-base/build/libARStream2/Build/../Includes -I/home/cswiggz/Documents/seniordesign/parrot/out/Unix-base/build/libARStream2/Build/../src conftest.c >&5
configure:3703: $? = 0
configure:3724: result: o
configure:3728: checking whether we are using the GNU C compiler
configure:3747:  gcc -c -isystem/home/cswiggz/Documents/seniordesign/parrot/out/Unix-base/staging/usr/include -isystem/home/cswiggz/Documents/seniordesign/parrot/out/Unix-base/staging/usr/include/x86_64-linux-gnu  -pipe -g -O2 -ffunction-sections -fno-short-enums -m64 -fPIC -msse -msse2 -mssse3 -DALCHEMY_BUILD  -O3 -I/home/cswiggz/Documents/seniordesign/parrot/out/Unix-base/build/libARStream2/Build/../Includes -I/home/cswiggz/Documents/seniordesign/parrot/out/Unix-base/build/libARStream2/Build/../src -isystem/home/cswiggz/Documents/seniordesign/parrot/out/Unix-base/staging/usr/include -isystem/home/cswiggz/Documents/seniordesign/parrot/out/Unix-base/staging/usr/include/x86_64-linux-gnu -O3 -I/home/cswiggz/Documents/seniordesign/parrot/out/Unix-base/build/libARStream2/Build/../Includes -I/home/cswiggz/Documents/seniordesign/parrot/out/Unix-base/build/libARStream2/Build/../src conftest.c >&5
configure:3747: $? = 0
configure:3756: result: yes
configure:3765: checking whether  gcc accepts -g
configure:3785:  gcc -c -g -isystem/home/cswiggz/Documents/seniordesign/parrot/out/Unix-base/staging/usr/include -isystem/home/cswiggz/Documents/seniordesign/parrot/out/Unix-base/staging/usr/include/x86_64-linux-gnu -O3 -I/home/cswiggz/Documents/seniordesign/parrot/out/Unix-base/build/libARStream2/Build/../Includes -I/home/cswiggz/Documents/seniordesign/parrot/out/Unix-base/build/libARStream2/Build/../src conftest.c >&5
configure:3785: $? = 0
configure:3826: result: yes
configure:3843: checking for  gcc option to accept ISO C89
configure:3906:  gcc  -c -isystem/home/cswiggz/Documents/seniordesign/parrot/out/Unix-base/staging/usr/include -isystem/home/cswiggz/Documents/seniordesign/parrot/out/Unix-base/staging/usr/include/x86_64-linux-gnu  -pipe -g -O2 -ffunction-sections -fno-short-enums -m64 -fPIC -msse -msse2 -mssse3 -DALCHEMY_BUILD  -O3 -I/home/cswiggz/Documents/seniordesign/parrot/out/Unix-base/build/libARStream2/Build/../Includes -I/home/cswiggz/Documents/seniordesign/parrot/out/Unix-base/build/libARStream2/Build/../src -isystem/home/cswiggz/Documents/seniordesign/parrot/out/Unix-base/staging/usr/include -isystem/home/cswiggz/Documents/seniordesign/parrot/out/Unix-base/staging/usr/include/x86_64-linux-gnu -O3 -I/home/cswiggz/Documents/seniordesign/parrot/out/Unix-base/build/libARStream2/Build/../Includes -I/home/cswiggz/Documents/seniordesign/parrot/out/Unix-base/build/libARStream2/Build/../src conftest.c >&5
configure:3906: $? = 0
configure:3919: result: none needed
configure:3944: checking whether  gcc understands -c and -o together
configure:3966:  gcc -c conftest.c -o conftest2.o
configure:3969: $? = 0
configure:3966:  gcc -c conftest.c -o conftest2.o
configure:3969: $? = 0
configure:3981: result: yes
configure:4000: checking dependency style of  gcc
configure:4111: result: gcc3
configure:4132: checking how to run the C preprocessor
configure:4202: result: cpp
configure:4222: cpp -isystem/home/cswiggz/Documents/seniordesign/parrot/out/Unix-base/staging/usr/include -isystem/home/cswiggz/Documents/seniordesign/parrot/out/Unix-base/staging/usr/include/x86_64-linux-gnu -O3 -I/home/cswiggz/Documents/seniordesign/parrot/out/Unix-base/build/libARStream2/Build/../Includes -I/home/cswiggz/Documents/seniordesign/parrot/out/Unix-base/build/libARStream2/Build/../src conftest.c
configure:4222: $? = 0
configure:4236: cpp -isystem/home/cswiggz/Documents/seniordesign/parrot/out/Unix-base/staging/usr/include -isystem/home/cswiggz/Documents/seniordesign/parrot/out/Unix-base/staging/usr/include/x86_64-linux-gnu -O3 -I/home/cswiggz/Documents/seniordesign/parrot/out/Unix-base/build/libARStream2/Build/../Includes -I/home/cswiggz/Documents/seniordesign/parrot/out/Unix-base/build/libARStream2/Build/../src conftest.c
conftest.c:12:28: fatal error: ac_nonexistent.h: No such file or directory
compilation terminated.
configure:4236: $? = 1
configure: failed program was:
| /* confdefs.h */
| #define PACKAGE_NAME "libARStream2"
| #define PACKAGE_TARNAME "libarstream2"
| #define PACKAGE_VERSION "3.1.0"
| #define PACKAGE_STRING "libARStream2 3.1.0"
| #define PACKAGE_BUGREPORT "ardrone@ardrone.org"
| #define PACKAGE_URL ""
| #define PACKAGE "libarstream2"
| #define VERSION "3.1.0"
| #define NDEBUG /**/
| /* end confdefs.h.  */
| #include <ac_nonexistent.h>
configure:4265: checking for grep that handles long lines and -e
configure:4323: result: /bin/grep
configure:4328: checking for egrep
configure:4390: result: /bin/grep -E
configure:4395: checking for ANSI C header files
configure:4415:  gcc -c -isystem/home/cswiggz/Documents/seniordesign/parrot/out/Unix-base/staging/usr/include -isystem/home/cswiggz/Documents/seniordesign/parrot/out/Unix-base/staging/usr/include/x86_64-linux-gnu  -pipe -g -O2 -ffunction-sections -fno-short-enums -m64 -fPIC -msse -msse2 -mssse3 -DALCHEMY_BUILD  -O3 -I/home/cswiggz/Documents/seniordesign/parrot/out/Unix-base/build/libARStream2/Build/../Includes -I/home/cswiggz/Documents/seniordesign/parrot/out/Unix-base/build/libARStream2/Build/../src -isystem/home/cswiggz/Documents/seniordesign/parrot/out/Unix-base/staging/usr/include -isystem/home/cswiggz/Documents/seniordesign/parrot/out/Unix-base/staging/usr/include/x86_64-linux-gnu -O3 -I/home/cswiggz/Documents/seniordesign/parrot/out/Unix-base/build/libARStream2/Build/../Includes -I/home/cswiggz/Documents/seniordesign/parrot/out/Unix-base/build/libARStream2/Build/../src conftest.c >&5
configure:4415: $? = 0
configure:4488:  gcc -o conftest -isystem/home/cswiggz/Documents/seniordesign/parrot/out/Unix-base/staging/usr/include -isystem/home/cswiggz/Documents/seniordesign/parrot/out/Unix-base/staging/usr/include/x86_64-linux-gnu  -pipe -g -O2 -ffunction-sections -fno-short-enums -m64 -fPIC -msse -msse2 -mssse3 -DALCHEMY_BUILD  -O3 -I/home/cswiggz/Documents/seniordesign/parrot/out/Unix-base/build/libARStream2/Build/../Includes -I/home/cswiggz/Documents/seniordesign/parrot/out/Unix-base/build/libARStream2/Build/../src -isystem/home/cswiggz/Documents/seniordesign/parrot/out/Unix-base/staging/usr/include -isystem/home/cswiggz/Documents/seniordesign/parrot/out/Unix-base/staging/usr/include/x86_64-linux-gnu -O3 -I/home/cswiggz/Documents/seniordesign/parrot/out/Unix-base/build/libARStream2/Build/../Includes -I/home/cswiggz/Documents/seniordesign/parrot/out/Unix-base/build/libARStream2/Build/../src  -m64 -L/home/cswiggz/Documents/seniordesign/parrot/out/Unix-base/staging/lib -L/home/cswiggz/Documents/seniordesign/parrot/out/Unix-base/staging/usr/lib -L/home/cswiggz/Documents/seniordesign/parrot/out/Unix-base/staging/lib/x86_64-linux-gnu -L/home/cswiggz/Documents/seniordesign/parrot/out/Unix-base/staging/usr/lib/x86_64-linux-gnu -L/home/cswiggz/Documents/seniordesign/parrot/out/Unix-base/staging/usr/lib -Wl,-rpath-link=/home/cswiggz/Documents/seniordesign/parrot/out/Unix-base/staging/lib -Wl,-rpath-link=/home/cswiggz/Documents/seniordesign/parrot/out/Unix-base/staging/usr/lib -Wl,-rpath-link=/home/cswiggz/Documents/seniordesign/parrot/out/Unix-base/staging/lib/x86_64-linux-gnu -Wl,-rpath-link=/home/cswiggz/Documents/seniordesign/parrot/out/Unix-base/staging/usr/lib/x86_64-linux-gnu -Wl,-rpath-link=/home/cswiggz/Documents/seniordesign/parrot/out/Unix-base/staging/usr/lib  -pthread -lrt  conftest.c  >&5
configure:4488: $? = 0
configure:4488: ./conftest
configure:4488: $? = 0
configure:4499: result: yes
configure:4512: checking for sys/types.h
configure:4512:  gcc -c -isystem/home/cswiggz/Documents/seniordesign/parrot/out/Unix-base/staging/usr/include -isystem/home/cswiggz/Documents/seniordesign/parrot/out/Unix-base/staging/usr/include/x86_64-linux-gnu  -pipe -g -O2 -ffunction-sections -fno-short-enums -m64 -fPIC -msse -msse2 -mssse3 -DALCHEMY_BUILD  -O3 -I/home/cswiggz/Documents/seniordesign/parrot/out/Unix-base/build/libARStream2/Build/../Includes -I/home/cswiggz/Documents/seniordesign/parrot/out/Unix-base/build/libARStream2/Build/../src -isystem/home/cswiggz/Documents/seniordesign/parrot/out/Unix-base/staging/usr/include -isystem/home/cswiggz/Documents/seniordesign/parrot/out/Unix-base/staging/usr/include/x86_64-linux-gnu -O3 -I/home/cswiggz/Documents/seniordesign/parrot/out/Unix-base/build/libARStream2/Build/../Includes -I/home/cswiggz/Documents/seniordesign/parrot/out/Unix-base/build/libARStream2/Build/../src conftest.c >&5
configure:4512: $? = 0
configure:4512: result: yes
configure:4512: checking for sys/stat.h
configure:4512:  gcc -c -isystem/home/cswiggz/Documents/seniordesign/parrot/out/Unix-base/staging/usr/include -isystem/home/cswiggz/Documents/seniordesign/parrot/out/Unix-base/staging/usr/include/x86_64-linux-gnu  -pipe -g -O2 -ffunction-sections -fno-short-enums -m64 -fPIC -msse -msse2 -mssse3 -DALCHEMY_BUILD  -O3 -I/home/cswiggz/Documents/seniordesign/parrot/out/Unix-base/build/libARStream2/Build/../Includes -I/home/cswiggz/Documents/seniordesign/parrot/out/Unix-base/build/libARStream2/Build/../src -isystem/home/cswiggz/Documents/seniordesign/parrot/out/Unix-base/staging/usr/include -isystem/home/cswiggz/Documents/seniordesign/parrot/out/Unix-base/staging/usr/include/x86_64-linux-gnu -O3 -I/home/cswiggz/Documents/seniordesign/parrot/out/Unix-base/build/libARStream2/Build/../Includes -I/home/cswiggz/Documents/seniordesign/parrot/out/Unix-base/build/libARStream2/Build/../src conftest.c >&5
configure:4512: $? = 0
configure:4512: result: yes
configure:4512: checking for stdlib.h
configure:4512:  gcc -c -isystem/home/cswiggz/Documents/seniordesign/parrot/out/Unix-base/staging/usr/include -isystem/home/cswiggz/Documents/seniordesign/parrot/out/Unix-base/staging/usr/include/x86_64-linux-gnu  -pipe -g -O2 -ffunction-sections -fno-short-enums -m64 -fPIC -msse -msse2 -mssse3 -DALCHEMY_BUILD  -O3 -I/home/cswiggz/Documents/seniordesign/parrot/out/Unix-base/build/libARStream2/Build/../Includes -I/home/cswiggz/Documents/seniordesign/parrot/out/Unix-base/build/libARStream2/Build/../src -isystem/home/cswiggz/Documents/seniordesign/parrot/out/Unix-base/staging/usr/include -isystem/home/cswiggz/Documents/seniordesign/parrot/out/Unix-base/staging/usr/include/x86_64-linux-gnu -O3 -I/home/cswiggz/Documents/seniordesign/parrot/out/Unix-base/build/libARStream2/Build/../Includes -I/home/cswiggz/Documents/seniordesign/parrot/out/Unix-base/build/libARStream2/Build/../src conftest.c >&5
configure:4512: $? = 0
configure:4512: result: yes
configure:4512: checking for string.h
configure:4512:  gcc -c -isystem/home/cswiggz/Documents/seniordesign/parrot/out/Unix-base/staging/usr/include -isystem/home/cswiggz/Documents/seniordesign/parrot/out/Unix-base/staging/usr/include/x86_64-linux-gnu  -pipe -g -O2 -ffunction-sections -fno-short-enums -m64 -fPIC -msse -msse2 -mssse3 -DALCHEMY_BUILD  -O3 -I/home/cswiggz/Documents/seniordesign/parrot/out/Unix-base/build/libARStream2/Build/../Includes -I/home/cswiggz/Documents/seniordesign/parrot/out/Unix-base/build/libARStream2/Build/../src -isystem/home/cswiggz/Documents/seniordesign/parrot/out/Unix-base/staging/usr/include -isystem/home/cswiggz/Documents/seniordesign/parrot/out/Unix-base/staging/usr/include/x86_64-linux-gnu -O3 -I/home/cswiggz/Documents/seniordesign/parrot/out/Unix-base/build/libARStream2/Build/../Includes -I/home/cswiggz/Documents/seniordesign/parrot/out/Unix-base/build/libARStream2/Build/../src conftest.c >&5
configure:4512: $? = 0
configure:4512: result: yes
configure:4512: checking for memory.h
configure:4512:  gcc -c -isystem/home/cswiggz/Documents/seniordesign/parrot/out/Unix-base/staging/usr/include -isystem/home/cswiggz/Documents/seniordesign/parrot/out/Unix-base/staging/usr/include/x86_64-linux-gnu  -pipe -g -O2 -ffunction-sections -fno-short-enums -m64 -fPIC -msse -msse2 -mssse3 -DALCHEMY_BUILD  -O3 -I/home/cswiggz/Documents/seniordesign/parrot/out/Unix-base/build/libARStream2/Build/../Includes -I/home/cswiggz/Documents/seniordesign/parrot/out/Unix-base/build/libARStream2/Build/../src -isystem/home/cswiggz/Documents/seniordesign/parrot/out/Unix-base/staging/usr/include -isystem/home/cswiggz/Documents/seniordesign/parrot/out/Unix-base/staging/usr/include/x86_64-linux-gnu -O3 -I/home/cswiggz/Documents/seniordesign/parrot/out/Unix-base/build/libARStream2/Build/../Includes -I/home/cswiggz/Documents/seniordesign/parrot/out/Unix-base/build/libARStream2/Build/../src conftest.c >&5
configure:4512: $? = 0
configure:4512: result: yes
configure:4512: checking for strings.h
configure:4512:  gcc -c -isystem/home/cswiggz/Documents/seniordesign/parrot/out/Unix-base/staging/usr/include -isystem/home/cswiggz/Documents/seniordesign/parrot/out/Unix-base/staging/usr/include/x86_64-linux-gnu  -pipe -g -O2 -ffunction-sections -fno-short-enums -m64 -fPIC -msse -msse2 -mssse3 -DALCHEMY_BUILD  -O3 -I/home/cswiggz/Documents/seniordesign/parrot/out/Unix-base/build/libARStream2/Build/../Includes -I/home/cswiggz/Documents/seniordesign/parrot/out/Unix-base/build/libARStream2/Build/../src -isystem/home/cswiggz/Documents/seniordesign/parrot/out/Unix-base/staging/usr/include -isystem/home/cswiggz/Documents/seniordesign/parrot/out/Unix-base/staging/usr/include/x86_64-linux-gnu -O3 -I/home/cswiggz/Documents/seniordesign/parrot/out/Unix-base/build/libARStream2/Build/../Includes -I/home/cswiggz/Documents/seniordesign/parrot/out/Unix-base/build/libARStream2/Build/../src conftest.c >&5
configure:4512: $? = 0
configure:4512: result: yes
configure:4512: checking for inttypes.h
configure:4512:  gcc -c -isystem/home/cswiggz/Documents/seniordesign/parrot/out/Unix-base/staging/usr/include -isystem/home/cswiggz/Documents/seniordesign/parrot/out/Unix-base/staging/usr/include/x86_64-linux-gnu  -pipe -g -O2 -ffunction-sections -fno-short-enums -m64 -fPIC -msse -msse2 -mssse3 -DALCHEMY_BUILD  -O3 -I/home/cswiggz/Documents/seniordesign/parrot/out/Unix-base/build/libARStream2/Build/../Includes -I/home/cswiggz/Documents/seniordesign/parrot/out/Unix-base/build/libARStream2/Build/../src -isystem/home/cswiggz/Documents/seniordesign/parrot/out/Unix-base/staging/usr/include -isystem/home/cswiggz/Documents/seniordesign/parrot/out/Unix-base/staging/usr/include/x86_64-linux-gnu -O3 -I/home/cswiggz/Documents/seniordesign/parrot/out/Unix-base/build/libARStream2/Build/../Includes -I/home/cswiggz/Documents/seniordesign/parrot/out/Unix-base/build/libARStream2/Build/../src conftest.c >&5
configure:4512: $? = 0
configure:4512: result: yes
configure:4512: checking for stdint.h
configure:4512:  gcc -c -isystem/home/cswiggz/Documents/seniordesign/parrot/out/Unix-base/staging/usr/include -isystem/home/cswiggz/Documents/seniordesign/parrot/out/Unix-base/staging/usr/include/x86_64-linux-gnu  -pipe -g -O2 -ffunction-sections -fno-short-enums -m64 -fPIC -msse -msse2 -mssse3 -DALCHEMY_BUILD  -O3 -I/home/cswiggz/Documents/seniordesign/parrot/out/Unix-base/build/libARStream2/Build/../Includes -I/home/cswiggz/Documents/seniordesign/parrot/out/Unix-base/build/libARStream2/Build/../src -isystem/home/cswiggz/Documents/seniordesign/parrot/out/Unix-base/staging/usr/include -isystem/home/cswiggz/Documents/seniordesign/parrot/out/Unix-base/staging/usr/include/x86_64-linux-gnu -O3 -I/home/cswiggz/Documents/seniordesign/parrot/out/Unix-base/build/libARStream2/Build/../Includes -I/home/cswiggz/Documents/seniordesign/parrot/out/Unix-base/build/libARStream2/Build/../src conftest.c >&5
configure:4512: $? = 0
configure:4512: result: yes
configure:4512: checking for unistd.h
configure:4512:  gcc -c -isystem/home/cswiggz/Documents/seniordesign/parrot/out/Unix-base/staging/usr/include -isystem/home/cswiggz/Documents/seniordesign/parrot/out/Unix-base/staging/usr/include/x86_64-linux-gnu  -pipe -g -O2 -ffunction-sections -fno-short-enums -m64 -fPIC -msse -msse2 -mssse3 -DALCHEMY_BUILD  -O3 -I/home/cswiggz/Documents/seniordesign/parrot/out/Unix-base/build/libARStream2/Build/../Includes -I/home/cswiggz/Documents/seniordesign/parrot/out/Unix-base/build/libARStream2/Build/../src -isystem/home/cswiggz/Documents/seniordesign/parrot/out/Unix-base/staging/usr/include -isystem/home/cswiggz/Documents/seniordesign/parrot/out/Unix-base/staging/usr/include/x86_64-linux-gnu -O3 -I/home/cswiggz/Documents/seniordesign/parrot/out/Unix-base/build/libARStream2/Build/../Includes -I/home/cswiggz/Documents/seniordesign/parrot/out/Unix-base/build/libARStream2/Build/../src conftest.c >&5
configure:4512: $? = 0
configure:4512: result: yes
configure:4594: checking libARSAL/ARSAL.h usability
configure:4594:  gcc -c -isystem/home/cswiggz/Documents/seniordesign/parrot/out/Unix-base/staging/usr/include -isystem/home/cswiggz/Documents/seniordesign/parrot/out/Unix-base/staging/usr/include/x86_64-linux-gnu  -pipe -g -O2 -ffunction-sections -fno-short-enums -m64 -fPIC -msse -msse2 -mssse3 -DALCHEMY_BUILD  -O3 -I/home/cswiggz/Documents/seniordesign/parrot/out/Unix-base/build/libARStream2/Build/../Includes -I/home/cswiggz/Documents/seniordesign/parrot/out/Unix-base/build/libARStream2/Build/../src -isystem/home/cswiggz/Documents/seniordesign/parrot/out/Unix-base/staging/usr/include -isystem/home/cswiggz/Documents/seniordesign/parrot/out/Unix-base/staging/usr/include/x86_64-linux-gnu -O3 -I/home/cswiggz/Documents/seniordesign/parrot/out/Unix-base/build/libARStream2/Build/../Includes -I/home/cswiggz/Documents/seniordesign/parrot/out/Unix-base/build/libARStream2/Build/../src conftest.c >&5
configure:4594: $? = 0
configure:4594: result: yes
configure:4594: checking libARSAL/ARSAL.h presence
configure:4594: cpp -isystem/home/cswiggz/Documents/seniordesign/parrot/out/Unix-base/staging/usr/include -isystem/home/cswiggz/Documents/seniordesign/parrot/out/Unix-base/staging/usr/include/x86_64-linux-gnu -O3 -I/home/cswiggz/Documents/seniordesign/parrot/out/Unix-base/build/libARStream2/Build/../Includes -I/home/cswiggz/Documents/seniordesign/parrot/out/Unix-base/build/libARStream2/Build/../src conftest.c
configure:4594: $? = 0
configure:4594: result: yes
configure:4594: checking for libARSAL/ARSAL.h
configure:4594: result: yes
configure:4660: checking whether SO_NOSIGPIPE is declared
configure:4660:  gcc -c -isystem/home/cswiggz/Documents/seniordesign/parrot/out/Unix-base/staging/usr/include -isystem/home/cswiggz/Documents/seniordesign/parrot/out/Unix-base/staging/usr/include/x86_64-linux-gnu  -pipe -g -O2 -ffunction-sections -fno-short-enums -m64 -fPIC -msse -msse2 -mssse3 -DALCHEMY_BUILD  -O3 -I/home/cswiggz/Documents/seniordesign/parrot/out/Unix-base/build/libARStream2/Build/../Includes -I/home/cswiggz/Documents/seniordesign/parrot/out/Unix-base/build/libARStream2/Build/../src -isystem/home/cswiggz/Documents/seniordesign/parrot/out/Unix-base/staging/usr/include -isystem/home/cswiggz/Documents/seniordesign/parrot/out/Unix-base/staging/usr/include/x86_64-linux-gnu -O3 -I/home/cswiggz/Documents/seniordesign/parrot/out/Unix-base/build/libARStream2/Build/../Includes -I/home/cswiggz/Documents/seniordesign/parrot/out/Unix-base/build/libARStream2/Build/../src conftest.c >&5
conftest.c: In function 'main':
conftest.c:33:10: error: 'SO_NOSIGPIPE' undeclared (first use in this function)
   (void) SO_NOSIGPIPE;
          ^
conftest.c:33:10: note: each undeclared identifier is reported only once for each function it appears in
configure:4660: $? = 1
configure: failed program was:
| /* confdefs.h */
| #define PACKAGE_NAME "libARStream2"
| #define PACKAGE_TARNAME "libarstream2"
| #define PACKAGE_VERSION "3.1.0"
| #define PACKAGE_STRING "libARStream2 3.1.0"
| #define PACKAGE_BUGREPORT "ardrone@ardrone.org"
| #define PACKAGE_URL ""
| #define PACKAGE "libarstream2"
| #define VERSION "3.1.0"
| #define NDEBUG /**/
| #define STDC_HEADERS 1
| #define HAVE_SYS_TYPES_H 1
| #define HAVE_SYS_STAT_H 1
| #define HAVE_STDLIB_H 1
| #define HAVE_STRING_H 1
| #define HAVE_MEMORY_H 1
| #define HAVE_STRINGS_H 1
| #define HAVE_INTTYPES_H 1
| #define HAVE_STDINT_H 1
| #define HAVE_UNISTD_H 1
| #define HAVE_LIBARSAL_ARSAL_H 1
| #define HAVE_LIBARSAL 1
| /* end confdefs.h.  */
| #include <sys/socket.h>
| 
| int
| main ()
| {
| #ifndef SO_NOSIGPIPE
| #ifdef __cplusplus
|   (void) SO_NOSIGPIPE;
| #else
|   (void) SO_NOSIGPIPE;
| #endif
| #endif
| 
|   ;
|   return 0;
| }
configure:4660: result: no
configure:4671: checking whether MSG_NOSIGNAL is declared
configure:4671:  gcc -c -isystem/home/cswiggz/Documents/seniordesign/parrot/out/Unix-base/staging/usr/include -isystem/home/cswiggz/Documents/seniordesign/parrot/out/Unix-base/staging/usr/include/x86_64-linux-gnu  -pipe -g -O2 -ffunction-sections -fno-short-enums -m64 -fPIC -msse -msse2 -mssse3 -DALCHEMY_BUILD  -O3 -I/home/cswiggz/Documents/seniordesign/parrot/out/Unix-base/build/libARStream2/Build/../Includes -I/home/cswiggz/Documents/seniordesign/parrot/out/Unix-base/build/libARStream2/Build/../src -isystem/home/cswiggz/Documents/seniordesign/parrot/out/Unix-base/staging/usr/include -isystem/home/cswiggz/Documents/seniordesign/parrot/out/Unix-base/staging/usr/include/x86_64-linux-gnu -O3 -I/home/cswiggz/Documents/seniordesign/parrot/out/Unix-base/build/libARStream2/Build/../Includes -I/home/cswiggz/Documents/seniordesign/parrot/out/Unix-base/build/libARStream2/Build/../src conftest.c >&5
configure:4671: $? = 0
configure:4671: result: yes
configure:4687: checking for inttypes.h
configure:4687: result: yes
configure:4701: checking for stdlib.h
configure:4701: result: yes
configure:4715: checking for unistd.h
configure:4715: result: yes
configure:4778: checking for gcc
configure:4805: result:  gcc
configure:5034: checking for C compiler version
configure:5043:  gcc --version >&5
gcc (Ubuntu 5.2.1-22ubuntu2) 5.2.1 20151010
Copyright (C) 2015 Free Software Foundation, Inc.
This is free software; see the source for copying conditions.  There is NO
warranty; not even for MERCHANTABILITY or FITNESS FOR A PARTICULAR PURPOSE.

configure:5054: $? = 0
configure:5043:  gcc -v >&5
Using built-in specs.
COLLECT_GCC=gcc
COLLECT_LTO_WRAPPER=/usr/lib/gcc/x86_64-linux-gnu/5/lto-wrapper
Target: x86_64-linux-gnu
Configured with: ../src/configure -v --with-pkgversion='Ubuntu 5.2.1-22ubuntu2' --with-bugurl=file:///usr/share/doc/gcc-5/README.Bugs --enable-languages=c,ada,c++,java,go,d,fortran,objc,obj-c++ --prefix=/usr --program-suffix=-5 --enable-shared --enable-linker-build-id --libexecdir=/usr/lib --without-included-gettext --enable-threads=posix --libdir=/usr/lib --enable-nls --with-sysroot=/ --enable-clocale=gnu --enable-libstdcxx-debug --enable-libstdcxx-time=yes --with-default-libstdcxx-abi=new --enable-gnu-unique-object --disable-vtable-verify --enable-libmpx --enable-plugin --with-system-zlib --disable-browser-plugin --enable-java-awt=gtk --enable-gtk-cairo --with-java-home=/usr/lib/jvm/java-1.5.0-gcj-5-amd64/jre --enable-java-home --with-jvm-root-dir=/usr/lib/jvm/java-1.5.0-gcj-5-amd64 --with-jvm-jar-dir=/usr/lib/jvm-exports/java-1.5.0-gcj-5-amd64 --with-arch-directory=amd64 --with-ecj-jar=/usr/share/java/eclipse-ecj.jar --enable-objc-gc --enable-multiarch --disable-werror --with-arch-32=i686 --with-abi=m64 --with-multilib-list=m32,m64,mx32 --enable-multilib --with-tune=generic --enable-checking=release --build=x86_64-linux-gnu --host=x86_64-linux-gnu --target=x86_64-linux-gnu
Thread model: posix
gcc version 5.2.1 20151010 (Ubuntu 5.2.1-22ubuntu2) 
configure:5054: $? = 0
configure:5043:  gcc -V >&5
gcc: error: unrecognized command line option '-V'
gcc: fatal error: no input files
compilation terminated.
configure:5054: $? = 1
configure:5043:  gcc -qversion >&5
gcc: error: unrecognized command line option '-qversion'
gcc: fatal error: no input files
compilation terminated.
configure:5054: $? = 1
configure:5058: checking whether we are using the GNU C compiler
configure:5086: result: yes
configure:5095: checking whether  gcc accepts -g
configure:5156: result: yes
configure:5173: checking for  gcc option to accept ISO C89
configure:5249: result: none needed
configure:5274: checking whether  gcc understands -c and -o together
configure:5311: result: yes
configure:5330: checking dependency style of  gcc
configure:5441: result: gcc3
configure:5485: checking build system type
configure:5499: result: x86_64-unknown-linux-gnu
configure:5519: checking host system type
configure:5532: result: x86_64-unknown-linux-gnu
configure:5573: checking how to print strings
configure:5600: result: printf
configure:5621: checking for a sed that does not truncate output
configure:5685: result: /bin/sed
configure:5703: checking for fgrep
configure:5765: result: /bin/grep -F
configure:5800: checking for ld used by  gcc
configure:5867: result: ld
configure:5874: checking if the linker (ld) is GNU ld
configure:5889: result: yes
configure:5901: checking for BSD- or MS-compatible name lister (nm)
configure:5950: result: nm
configure:6080: checking the name lister (nm) interface
configure:6087:  gcc -c -isystem/home/cswiggz/Documents/seniordesign/parrot/out/Unix-base/staging/usr/include -isystem/home/cswiggz/Documents/seniordesign/parrot/out/Unix-base/staging/usr/include/x86_64-linux-gnu  -pipe -g -O2 -ffunction-sections -fno-short-enums -m64 -fPIC -msse -msse2 -mssse3 -DALCHEMY_BUILD  -O3 -I/home/cswiggz/Documents/seniordesign/parrot/out/Unix-base/build/libARStream2/Build/../Includes -I/home/cswiggz/Documents/seniordesign/parrot/out/Unix-base/build/libARStream2/Build/../src -isystem/home/cswiggz/Documents/seniordesign/parrot/out/Unix-base/staging/usr/include -isystem/home/cswiggz/Documents/seniordesign/parrot/out/Unix-base/staging/usr/include/x86_64-linux-gnu -O3 -I/home/cswiggz/Documents/seniordesign/parrot/out/Unix-base/build/libARStream2/Build/../Includes -I/home/cswiggz/Documents/seniordesign/parrot/out/Unix-base/build/libARStream2/Build/../src conftest.c >&5
configure:6090: nm "conftest.o"
configure:6093: output
0000000000000000 B some_variable
configure:6100: result: BSD nm
configure:6103: checking whether ln -s works
configure:6107: result: yes
configure:6115: checking the maximum length of command line arguments
configure:6246: result: 1572864
configure:6263: checking whether the shell understands some XSI constructs
configure:6273: result: yes
configure:6277: checking whether the shell understands "+="
configure:6283: result: yes
configure:6318: checking how to convert x86_64-unknown-linux-gnu file names to x86_64-unknown-linux-gnu format
configure:6358: result: func_convert_file_noop
configure:6365: checking how to convert x86_64-unknown-linux-gnu file names to toolchain format
configure:6385: result: func_convert_file_noop
configure:6392: checking for ld option to reload object files
configure:6399: result: -r
configure:6473: checking for objdump
configure:6500: result: objdump
configure:6532: checking how to recognize dependent libraries
configure:6730: result: pass_all
configure:6815: checking for dlltool
configure:6845: result: no
configure:6875: checking how to associate runtime and link libraries
configure:6902: result: printf %s\n
configure:7026: checking for archiver @FILE support
configure:7043:  gcc -c -isystem/home/cswiggz/Documents/seniordesign/parrot/out/Unix-base/staging/usr/include -isystem/home/cswiggz/Documents/seniordesign/parrot/out/Unix-base/staging/usr/include/x86_64-linux-gnu  -pipe -g -O2 -ffunction-sections -fno-short-enums -m64 -fPIC -msse -msse2 -mssse3 -DALCHEMY_BUILD  -O3 -I/home/cswiggz/Documents/seniordesign/parrot/out/Unix-base/build/libARStream2/Build/../Includes -I/home/cswiggz/Documents/seniordesign/parrot/out/Unix-base/build/libARStream2/Build/../src -isystem/home/cswiggz/Documents/seniordesign/parrot/out/Unix-base/staging/usr/include -isystem/home/cswiggz/Documents/seniordesign/parrot/out/Unix-base/staging/usr/include/x86_64-linux-gnu -O3 -I/home/cswiggz/Documents/seniordesign/parrot/out/Unix-base/build/libARStream2/Build/../Includes -I/home/cswiggz/Documents/seniordesign/parrot/out/Unix-base/build/libARStream2/Build/../src conftest.c >&5
configure:7043: $? = 0
configure:7046: ar cru libconftest.a @conftest.lst >&5
ar: `u' modifier ignored since `D' is the default (see `U')
configure:7049: $? = 0
configure:7054: ar cru libconftest.a @conftest.lst >&5
ar: `u' modifier ignored since `D' is the default (see `U')
ar: conftest.o: No such file or directory
configure:7057: $? = 1
configure:7069: result: @
configure:7127: checking for strip
configure:7154: result: strip
configure:7226: checking for ranlib
configure:7253: result: ranlib
configure:7355: checking command to parse nm output from  gcc object
configure:7475:  gcc -c -isystem/home/cswiggz/Documents/seniordesign/parrot/out/Unix-base/staging/usr/include -isystem/home/cswiggz/Documents/seniordesign/parrot/out/Unix-base/staging/usr/include/x86_64-linux-gnu  -pipe -g -O2 -ffunction-sections -fno-short-enums -m64 -fPIC -msse -msse2 -mssse3 -DALCHEMY_BUILD  -O3 -I/home/cswiggz/Documents/seniordesign/parrot/out/Unix-base/build/libARStream2/Build/../Includes -I/home/cswiggz/Documents/seniordesign/parrot/out/Unix-base/build/libARStream2/Build/../src -isystem/home/cswiggz/Documents/seniordesign/parrot/out/Unix-base/staging/usr/include -isystem/home/cswiggz/Documents/seniordesign/parrot/out/Unix-base/staging/usr/include/x86_64-linux-gnu -O3 -I/home/cswiggz/Documents/seniordesign/parrot/out/Unix-base/build/libARStream2/Build/../Includes -I/home/cswiggz/Documents/seniordesign/parrot/out/Unix-base/build/libARStream2/Build/../src conftest.c >&5
configure:7478: $? = 0
configure:7482: nm conftest.o \| sed -n -e 's/^.*[ ]\([ABCDGIRSTW][ABCDGIRSTW]*\)[ ][ ]*\([_A-Za-z][_A-Za-z0-9]*\)$/\1 \2 \2/p' | sed '/ __gnu_lto/d' \> conftest.nm
configure:7485: $? = 0
configure:7551:  gcc -o conftest -isystem/home/cswiggz/Documents/seniordesign/parrot/out/Unix-base/staging/usr/include -isystem/home/cswiggz/Documents/seniordesign/parrot/out/Unix-base/staging/usr/include/x86_64-linux-gnu  -pipe -g -O2 -ffunction-sections -fno-short-enums -m64 -fPIC -msse -msse2 -mssse3 -DALCHEMY_BUILD  -O3 -I/home/cswiggz/Documents/seniordesign/parrot/out/Unix-base/build/libARStream2/Build/../Includes -I/home/cswiggz/Documents/seniordesign/parrot/out/Unix-base/build/libARStream2/Build/../src -isystem/home/cswiggz/Documents/seniordesign/parrot/out/Unix-base/staging/usr/include -isystem/home/cswiggz/Documents/seniordesign/parrot/out/Unix-base/staging/usr/include/x86_64-linux-gnu -O3 -I/home/cswiggz/Documents/seniordesign/parrot/out/Unix-base/build/libARStream2/Build/../Includes -I/home/cswiggz/Documents/seniordesign/parrot/out/Unix-base/build/libARStream2/Build/../src  -m64 -L/home/cswiggz/Documents/seniordesign/parrot/out/Unix-base/staging/lib -L/home/cswiggz/Documents/seniordesign/parrot/out/Unix-base/staging/usr/lib -L/home/cswiggz/Documents/seniordesign/parrot/out/Unix-base/staging/lib/x86_64-linux-gnu -L/home/cswiggz/Documents/seniordesign/parrot/out/Unix-base/staging/usr/lib/x86_64-linux-gnu -L/home/cswiggz/Documents/seniordesign/parrot/out/Unix-base/staging/usr/lib -Wl,-rpath-link=/home/cswiggz/Documents/seniordesign/parrot/out/Unix-base/staging/lib -Wl,-rpath-link=/home/cswiggz/Documents/seniordesign/parrot/out/Unix-base/staging/usr/lib -Wl,-rpath-link=/home/cswiggz/Documents/seniordesign/parrot/out/Unix-base/staging/lib/x86_64-linux-gnu -Wl,-rpath-link=/home/cswiggz/Documents/seniordesign/parrot/out/Unix-base/staging/usr/lib/x86_64-linux-gnu -Wl,-rpath-link=/home/cswiggz/Documents/seniordesign/parrot/out/Unix-base/staging/usr/lib  -pthread -lrt  -larsal conftest.c conftstm.o >&5
configure:7554: $? = 0
configure:7592: result: ok
configure:7629: checking for sysroot
configure:7659: result: no
configure:7736:  gcc -c -isystem/home/cswiggz/Documents/seniordesign/parrot/out/Unix-base/staging/usr/include -isystem/home/cswiggz/Documents/seniordesign/parrot/out/Unix-base/staging/usr/include/x86_64-linux-gnu  -pipe -g -O2 -ffunction-sections -fno-short-enums -m64 -fPIC -msse -msse2 -mssse3 -DALCHEMY_BUILD  -O3 -I/home/cswiggz/Documents/seniordesign/parrot/out/Unix-base/build/libARStream2/Build/../Includes -I/home/cswiggz/Documents/seniordesign/parrot/out/Unix-base/build/libARStream2/Build/../src -isystem/home/cswiggz/Documents/seniordesign/parrot/out/Unix-base/staging/usr/include -isystem/home/cswiggz/Documents/seniordesign/parrot/out/Unix-base/staging/usr/include/x86_64-linux-gnu -O3 -I/home/cswiggz/Documents/seniordesign/parrot/out/Unix-base/build/libARStream2/Build/../Includes -I/home/cswiggz/Documents/seniordesign/parrot/out/Unix-base/build/libARStream2/Build/../src conftest.c >&5
configure:7739: $? = 0
configure:7928: checking for mt
configure:7955: result: :
configure:7978: checking if : is a manifest tool
configure:7984: : '-?'
configure:7992: result: no
configure:8631: checking for dlfcn.h
configure:8631:  gcc -c -isystem/home/cswiggz/Documents/seniordesign/parrot/out/Unix-base/staging/usr/include -isystem/home/cswiggz/Documents/seniordesign/parrot/out/Unix-base/staging/usr/include/x86_64-linux-gnu  -pipe -g -O2 -ffunction-sections -fno-short-enums -m64 -fPIC -msse -msse2 -mssse3 -DALCHEMY_BUILD  -O3 -I/home/cswiggz/Documents/seniordesign/parrot/out/Unix-base/build/libARStream2/Build/../Includes -I/home/cswiggz/Documents/seniordesign/parrot/out/Unix-base/build/libARStream2/Build/../src -isystem/home/cswiggz/Documents/seniordesign/parrot/out/Unix-base/staging/usr/include -isystem/home/cswiggz/Documents/seniordesign/parrot/out/Unix-base/staging/usr/include/x86_64-linux-gnu -O3 -I/home/cswiggz/Documents/seniordesign/parrot/out/Unix-base/build/libARStream2/Build/../Includes -I/home/cswiggz/Documents/seniordesign/parrot/out/Unix-base/build/libARStream2/Build/../src conftest.c >&5
configure:8631: $? = 0
configure:8631: result: yes
configure:8837: checking for objdir
configure:8852: result: .libs
configure:9123: checking if  gcc supports -fno-rtti -fno-exceptions
configure:9141:  gcc -c -isystem/home/cswiggz/Documents/seniordesign/parrot/out/Unix-base/staging/usr/include -isystem/home/cswiggz/Documents/seniordesign/parrot/out/Unix-base/staging/usr/include/x86_64-linux-gnu  -pipe -g -O2 -ffunction-sections -fno-short-enums -m64 -fPIC -msse -msse2 -mssse3 -DALCHEMY_BUILD  -O3 -I/home/cswiggz/Documents/seniordesign/parrot/out/Unix-base/build/libARStream2/Build/../Includes -I/home/cswiggz/Documents/seniordesign/parrot/out/Unix-base/build/libARStream2/Build/../src -isystem/home/cswiggz/Documents/seniordesign/parrot/out/Unix-base/staging/usr/include -isystem/home/cswiggz/Documents/seniordesign/parrot/out/Unix-base/staging/usr/include/x86_64-linux-gnu -O3 -I/home/cswiggz/Documents/seniordesign/parrot/out/Unix-base/build/libARStream2/Build/../Includes -I/home/cswiggz/Documents/seniordesign/parrot/out/Unix-base/build/libARStream2/Build/../src -fno-rtti -fno-exceptions conftest.c >&5
cc1: warning: command line option '-fno-rtti' is valid for C++/ObjC++ but not for C
configure:9145: $? = 0
configure:9158: result: no
configure:9485: checking for  gcc option to produce PIC
configure:9492: result: -fPIC -DPIC
configure:9500: checking if  gcc PIC flag -fPIC -DPIC works
configure:9518:  gcc -c -isystem/home/cswiggz/Documents/seniordesign/parrot/out/Unix-base/staging/usr/include -isystem/home/cswiggz/Documents/seniordesign/parrot/out/Unix-base/staging/usr/include/x86_64-linux-gnu  -pipe -g -O2 -ffunction-sections -fno-short-enums -m64 -fPIC -msse -msse2 -mssse3 -DALCHEMY_BUILD  -O3 -I/home/cswiggz/Documents/seniordesign/parrot/out/Unix-base/build/libARStream2/Build/../Includes -I/home/cswiggz/Documents/seniordesign/parrot/out/Unix-base/build/libARStream2/Build/../src -isystem/home/cswiggz/Documents/seniordesign/parrot/out/Unix-base/staging/usr/include -isystem/home/cswiggz/Documents/seniordesign/parrot/out/Unix-base/staging/usr/include/x86_64-linux-gnu -O3 -I/home/cswiggz/Documents/seniordesign/parrot/out/Unix-base/build/libARStream2/Build/../Includes -I/home/cswiggz/Documents/seniordesign/parrot/out/Unix-base/build/libARStream2/Build/../src -fPIC -DPIC -DPIC conftest.c >&5
configure:9522: $? = 0
configure:9535: result: yes
configure:9564: checking if  gcc static flag -static works
configure:9592: result: yes
configure:9607: checking if  gcc supports -c -o file.o
configure:9628:  gcc -c -isystem/home/cswiggz/Documents/seniordesign/parrot/out/Unix-base/staging/usr/include -isystem/home/cswiggz/Documents/seniordesign/parrot/out/Unix-base/staging/usr/include/x86_64-linux-gnu  -pipe -g -O2 -ffunction-sections -fno-short-enums -m64 -fPIC -msse -msse2 -mssse3 -DALCHEMY_BUILD  -O3 -I/home/cswiggz/Documents/seniordesign/parrot/out/Unix-base/build/libARStream2/Build/../Includes -I/home/cswiggz/Documents/seniordesign/parrot/out/Unix-base/build/libARStream2/Build/../src -isystem/home/cswiggz/Documents/seniordesign/parrot/out/Unix-base/staging/usr/include -isystem/home/cswiggz/Documents/seniordesign/parrot/out/Unix-base/staging/usr/include/x86_64-linux-gnu -O3 -I/home/cswiggz/Documents/seniordesign/parrot/out/Unix-base/build/libARStream2/Build/../Includes -I/home/cswiggz/Documents/seniordesign/parrot/out/Unix-base/build/libARStream2/Build/../src -o out/conftest2.o conftest.c >&5
configure:9632: $? = 0
configure:9654: result: yes
configure:9662: checking if  gcc supports -c -o file.o
configure:9709: result: yes
configure:9742: checking whether the  gcc linker (ld -m elf_x86_64) supports shared libraries
configure:10899: result: yes
configure:10936: checking whether -lc should be explicitly linked in
configure:10944:  gcc -c -isystem/home/cswiggz/Documents/seniordesign/parrot/out/Unix-base/staging/usr/include -isystem/home/cswiggz/Documents/seniordesign/parrot/out/Unix-base/staging/usr/include/x86_64-linux-gnu  -pipe -g -O2 -ffunction-sections -fno-short-enums -m64 -fPIC -msse -msse2 -mssse3 -DALCHEMY_BUILD  -O3 -I/home/cswiggz/Documents/seniordesign/parrot/out/Unix-base/build/libARStream2/Build/../Includes -I/home/cswiggz/Documents/seniordesign/parrot/out/Unix-base/build/libARStream2/Build/../src -isystem/home/cswiggz/Documents/seniordesign/parrot/out/Unix-base/staging/usr/include -isystem/home/cswiggz/Documents/seniordesign/parrot/out/Unix-base/staging/usr/include/x86_64-linux-gnu -O3 -I/home/cswiggz/Documents/seniordesign/parrot/out/Unix-base/build/libARStream2/Build/../Includes -I/home/cswiggz/Documents/seniordesign/parrot/out/Unix-base/build/libARStream2/Build/../src conftest.c >&5
configure:10947: $? = 0
configure:10962:  gcc -shared  -fPIC -DPIC conftest.o  -v -Wl,-soname -Wl,conftest -o conftest 2\>\&1 \| /bin/grep  -lc  \>/dev/null 2\>\&1
configure:10965: $? = 0
configure:10979: result: no
configure:11139: checking dynamic linker characteristics
configure:11639:  gcc -o conftest -isystem/home/cswiggz/Documents/seniordesign/parrot/out/Unix-base/staging/usr/include -isystem/home/cswiggz/Documents/seniordesign/parrot/out/Unix-base/staging/usr/include/x86_64-linux-gnu  -pipe -g -O2 -ffunction-sections -fno-short-enums -m64 -fPIC -msse -msse2 -mssse3 -DALCHEMY_BUILD  -O3 -I/home/cswiggz/Documents/seniordesign/parrot/out/Unix-base/build/libARStream2/Build/../Includes -I/home/cswiggz/Documents/seniordesign/parrot/out/Unix-base/build/libARStream2/Build/../src -isystem/home/cswiggz/Documents/seniordesign/parrot/out/Unix-base/staging/usr/include -isystem/home/cswiggz/Documents/seniordesign/parrot/out/Unix-base/staging/usr/include/x86_64-linux-gnu -O3 -I/home/cswiggz/Documents/seniordesign/parrot/out/Unix-base/build/libARStream2/Build/../Includes -I/home/cswiggz/Documents/seniordesign/parrot/out/Unix-base/build/libARStream2/Build/../src  -m64 -L/home/cswiggz/Documents/seniordesign/parrot/out/Unix-base/staging/lib -L/home/cswiggz/Documents/seniordesign/parrot/out/Unix-base/staging/usr/lib -L/home/cswiggz/Documents/seniordesign/parrot/out/Unix-base/staging/lib/x86_64-linux-gnu -L/home/cswiggz/Documents/seniordesign/parrot/out/Unix-base/staging/usr/lib/x86_64-linux-gnu -L/home/cswiggz/Documents/seniordesign/parrot/out/Unix-base/staging/usr/lib -Wl,-rpath-link=/home/cswiggz/Documents/seniordesign/parrot/out/Unix-base/staging/lib -Wl,-rpath-link=/home/cswiggz/Documents/seniordesign/parrot/out/Unix-base/staging/usr/lib -Wl,-rpath-link=/home/cswiggz/Documents/seniordesign/parrot/out/Unix-base/staging/lib/x86_64-linux-gnu -Wl,-rpath-link=/home/cswiggz/Documents/seniordesign/parrot/out/Unix-base/staging/usr/lib/x86_64-linux-gnu -Wl,-rpath-link=/home/cswiggz/Documents/seniordesign/parrot/out/Unix-base/staging/usr/lib  -pthread -lrt  -larsal -Wl,-rpath -Wl,/foo conftest.c  >&5
configure:11639: $? = 0
configure:11873: result: GNU/Linux ld.so
configure:11980: checking how to hardcode library paths into programs
configure:12005: result: immediate
configure:12545: checking whether stripping libraries is possible
configure:12550: result: yes
configure:12585: checking if libtool supports shared libraries
configure:12587: result: yes
configure:12590: checking whether to build shared libraries
configure:12611: result: yes
configure:12614: checking whether to build static libraries
configure:12618: result: yes
configure:12660: checking for doxygen
configure:12690: result: no
configure:12896: checking for doxygen
configure:12929: result: no
configure:12949: WARNING: doxygen not found - will not generate any doxygen documentation
configure:13002: checking for perl
configure:13020: found /usr/bin/perl
configure:13032: result: /usr/bin/perl
configure:14724: checking for ANSI C header files
configure:14828: result: yes
configure:14838: checking for size_t
configure:14838:  gcc -c -isystem/home/cswiggz/Documents/seniordesign/parrot/out/Unix-base/staging/usr/include -isystem/home/cswiggz/Documents/seniordesign/parrot/out/Unix-base/staging/usr/include/x86_64-linux-gnu  -pipe -g -O2 -ffunction-sections -fno-short-enums -m64 -fPIC -msse -msse2 -mssse3 -DALCHEMY_BUILD  -O3 -I/home/cswiggz/Documents/seniordesign/parrot/out/Unix-base/build/libARStream2/Build/../Includes -I/home/cswiggz/Documents/seniordesign/parrot/out/Unix-base/build/libARStream2/Build/../src -isystem/home/cswiggz/Documents/seniordesign/parrot/out/Unix-base/staging/usr/include -isystem/home/cswiggz/Documents/seniordesign/parrot/out/Unix-base/staging/usr/include/x86_64-linux-gnu -O3 -I/home/cswiggz/Documents/seniordesign/parrot/out/Unix-base/build/libARStream2/Build/../Includes -I/home/cswiggz/Documents/seniordesign/parrot/out/Unix-base/build/libARStream2/Build/../src conftest.c >&5
configure:14838: $? = 0
configure:14838:  gcc -c -isystem/home/cswiggz/Documents/seniordesign/parrot/out/Unix-base/staging/usr/include -isystem/home/cswiggz/Documents/seniordesign/parrot/out/Unix-base/staging/usr/include/x86_64-linux-gnu  -pipe -g -O2 -ffunction-sections -fno-short-enums -m64 -fPIC -msse -msse2 -mssse3 -DALCHEMY_BUILD  -O3 -I/home/cswiggz/Documents/seniordesign/parrot/out/Unix-base/build/libARStream2/Build/../Includes -I/home/cswiggz/Documents/seniordesign/parrot/out/Unix-base/build/libARStream2/Build/../src -isystem/home/cswiggz/Documents/seniordesign/parrot/out/Unix-base/staging/usr/include -isystem/home/cswiggz/Documents/seniordesign/parrot/out/Unix-base/staging/usr/include/x86_64-linux-gnu -O3 -I/home/cswiggz/Documents/seniordesign/parrot/out/Unix-base/build/libARStream2/Build/../Includes -I/home/cswiggz/Documents/seniordesign/parrot/out/Unix-base/build/libARStream2/Build/../src conftest.c >&5
conftest.c: In function 'main':
conftest.c:68:21: error: expected expression before ')' token
 if (sizeof ((size_t)))
                     ^
configure:14838: $? = 1
configure: failed program was:
| /* confdefs.h */
| #define PACKAGE_NAME "libARStream2"
| #define PACKAGE_TARNAME "libarstream2"
| #define PACKAGE_VERSION "3.1.0"
| #define PACKAGE_STRING "libARStream2 3.1.0"
| #define PACKAGE_BUGREPORT "ardrone@ardrone.org"
| #define PACKAGE_URL ""
| #define PACKAGE "libarstream2"
| #define VERSION "3.1.0"
| #define NDEBUG /**/
| #define STDC_HEADERS 1
| #define HAVE_SYS_TYPES_H 1
| #define HAVE_SYS_STAT_H 1
| #define HAVE_STDLIB_H 1
| #define HAVE_STRING_H 1
| #define HAVE_MEMORY_H 1
| #define HAVE_STRINGS_H 1
| #define HAVE_INTTYPES_H 1
| #define HAVE_STDINT_H 1
| #define HAVE_UNISTD_H 1
| #define HAVE_LIBARSAL_ARSAL_H 1
| #define HAVE_LIBARSAL 1
| #define HAVE_DECL_SO_NOSIGPIPE 0
| #define HAVE_DECL_MSG_NOSIGNAL 1
| #define HAVE_INTTYPES_H 1
| #define HAVE_STDLIB_H 1
| #define HAVE_UNISTD_H 1
| #define HAVE_DLFCN_H 1
| #define LT_OBJDIR ".libs/"
| #define STDC_HEADERS 1
| /* end confdefs.h.  */
| #include <stdio.h>
| #ifdef HAVE_SYS_TYPES_H
| # include <sys/types.h>
| #endif
| #ifdef HAVE_SYS_STAT_H
| # include <sys/stat.h>
| #endif
| #ifdef STDC_HEADERS
| # include <stdlib.h>
| # include <stddef.h>
| #else
| # ifdef HAVE_STDLIB_H
| #  include <stdlib.h>
| # endif
| #endif
| #ifdef HAVE_STRING_H
| # if !defined STDC_HEADERS && defined HAVE_MEMORY_H
| #  include <memory.h>
| # endif
| # include <string.h>
| #endif
| #ifdef HAVE_STRINGS_H
| # include <strings.h>
| #endif
| #ifdef HAVE_INTTYPES_H
| # include <inttypes.h>
| #endif
| #ifdef HAVE_STDINT_H
| # include <stdint.h>
| #endif
| #ifdef HAVE_UNISTD_H
| # include <unistd.h>
| #endif
| int
| main ()
| {
| if (sizeof ((size_t)))
| 	    return 0;
|   ;
|   return 0;
| }
configure:14838: result: yes
configure:14851: checking for log in -lm
configure:14876:  gcc -o conftest -isystem/home/cswiggz/Documents/seniordesign/parrot/out/Unix-base/staging/usr/include -isystem/home/cswiggz/Documents/seniordesign/parrot/out/Unix-base/staging/usr/include/x86_64-linux-gnu  -pipe -g -O2 -ffunction-sections -fno-short-enums -m64 -fPIC -msse -msse2 -mssse3 -DALCHEMY_BUILD  -O3 -I/home/cswiggz/Documents/seniordesign/parrot/out/Unix-base/build/libARStream2/Build/../Includes -I/home/cswiggz/Documents/seniordesign/parrot/out/Unix-base/build/libARStream2/Build/../src -isystem/home/cswiggz/Documents/seniordesign/parrot/out/Unix-base/staging/usr/include -isystem/home/cswiggz/Documents/seniordesign/parrot/out/Unix-base/staging/usr/include/x86_64-linux-gnu -O3 -I/home/cswiggz/Documents/seniordesign/parrot/out/Unix-base/build/libARStream2/Build/../Includes -I/home/cswiggz/Documents/seniordesign/parrot/out/Unix-base/build/libARStream2/Build/../src  -m64 -L/home/cswiggz/Documents/seniordesign/parrot/out/Unix-base/staging/lib -L/home/cswiggz/Documents/seniordesign/parrot/out/Unix-base/staging/usr/lib -L/home/cswiggz/Documents/seniordesign/parrot/out/Unix-base/staging/lib/x86_64-linux-gnu -L/home/cswiggz/Documents/seniordesign/parrot/out/Unix-base/staging/usr/lib/x86_64-linux-gnu -L/home/cswiggz/Documents/seniordesign/parrot/out/Unix-base/staging/usr/lib -Wl,-rpath-link=/home/cswiggz/Documents/seniordesign/parrot/out/Unix-base/staging/lib -Wl,-rpath-link=/home/cswiggz/Documents/seniordesign/parrot/out/Unix-base/staging/usr/lib -Wl,-rpath-link=/home/cswiggz/Documents/seniordesign/parrot/out/Unix-base/staging/lib/x86_64-linux-gnu -Wl,-rpath-link=/home/cswiggz/Documents/seniordesign/parrot/out/Unix-base/staging/usr/lib/x86_64-linux-gnu -Wl,-rpath-link=/home/cswiggz/Documents/seniordesign/parrot/out/Unix-base/staging/usr/lib  -pthread -lrt  -larsal conftest.c -lm   >&5
conftest.c:39:6: warning: conflicting types for built-in function 'log'
 char log ();
      ^
configure:14876: $? = 0
configure:14885: result: yes
configure:14896: checking for sqrt in -lm
configure:14921:  gcc -o conftest -isystem/home/cswiggz/Documents/seniordesign/parrot/out/Unix-base/staging/usr/include -isystem/home/cswiggz/Documents/seniordesign/parrot/out/Unix-base/staging/usr/include/x86_64-linux-gnu  -pipe -g -O2 -ffunction-sections -fno-short-enums -m64 -fPIC -msse -msse2 -mssse3 -DALCHEMY_BUILD  -O3 -I/home/cswiggz/Documents/seniordesign/parrot/out/Unix-base/build/libARStream2/Build/../Includes -I/home/cswiggz/Documents/seniordesign/parrot/out/Unix-base/build/libARStream2/Build/../src -isystem/home/cswiggz/Documents/seniordesign/parrot/out/Unix-base/staging/usr/include -isystem/home/cswiggz/Documents/seniordesign/parrot/out/Unix-base/staging/usr/include/x86_64-linux-gnu -O3 -I/home/cswiggz/Documents/seniordesign/parrot/out/Unix-base/build/libARStream2/Build/../Includes -I/home/cswiggz/Documents/seniordesign/parrot/out/Unix-base/build/libARStream2/Build/../src  -m64 -L/home/cswiggz/Documents/seniordesign/parrot/out/Unix-base/staging/lib -L/home/cswiggz/Documents/seniordesign/parrot/out/Unix-base/staging/usr/lib -L/home/cswiggz/Documents/seniordesign/parrot/out/Unix-base/staging/lib/x86_64-linux-gnu -L/home/cswiggz/Documents/seniordesign/parrot/out/Unix-base/staging/usr/lib/x86_64-linux-gnu -L/home/cswiggz/Documents/seniordesign/parrot/out/Unix-base/staging/usr/lib -Wl,-rpath-link=/home/cswiggz/Documents/seniordesign/parrot/out/Unix-base/staging/lib -Wl,-rpath-link=/home/cswiggz/Documents/seniordesign/parrot/out/Unix-base/staging/usr/lib -Wl,-rpath-link=/home/cswiggz/Documents/seniordesign/parrot/out/Unix-base/staging/lib/x86_64-linux-gnu -Wl,-rpath-link=/home/cswiggz/Documents/seniordesign/parrot/out/Unix-base/staging/usr/lib/x86_64-linux-gnu -Wl,-rpath-link=/home/cswiggz/Documents/seniordesign/parrot/out/Unix-base/staging/usr/lib  -pthread -lrt  -larsal conftest.c -lm  -lm  >&5
conftest.c:40:6: warning: conflicting types for built-in function 'sqrt'
 char sqrt ();
      ^
configure:14921: $? = 0
configure:14930: result: yes
configure:15066: checking that generated files are newer than configure
configure:15072: result: done
configure:15199: creating ./config.status

## ---------------------- ##
## Running config.status. ##
## ---------------------- ##

This file was extended by libARStream2 config.status 3.1.0, which was
generated by GNU Autoconf 2.69.  Invocation command line was

  CONFIG_FILES    = 
  CONFIG_HEADERS  = 
  CONFIG_LINKS    = 
  CONFIG_COMMANDS = 
  $ ./config.status --quiet

on bandit1

config.status:1157: creating Makefile
config.status:1157: creating config.h
config.status:1371: executing depfiles commands
config.status:1371: executing libtool commands

## ---------------- ##
## Cache variables. ##
## ---------------- ##

ac_cv_build=x86_64-unknown-linux-gnu
ac_cv_c_compiler_gnu=yes
ac_cv_env_CC_set=set
ac_cv_env_CC_value=' gcc'
ac_cv_env_CFLAGS_set=set
ac_cv_env_CFLAGS_value='-isystem/home/cswiggz/Documents/seniordesign/parrot/out/Unix-base/staging/usr/include -isystem/home/cswiggz/Documents/seniordesign/parrot/out/Unix-base/staging/usr/include/x86_64-linux-gnu  -pipe -g -O2 -ffunction-sections -fno-short-enums -m64 -fPIC -msse -msse2 -mssse3 -DALCHEMY_BUILD '
ac_cv_env_CPPFLAGS_set=set
ac_cv_env_CPPFLAGS_value='-isystem/home/cswiggz/Documents/seniordesign/parrot/out/Unix-base/staging/usr/include -isystem/home/cswiggz/Documents/seniordesign/parrot/out/Unix-base/staging/usr/include/x86_64-linux-gnu'
ac_cv_env_CPP_set=set
ac_cv_env_CPP_value=cpp
ac_cv_env_DOXYGEN_PAPER_SIZE_set=
ac_cv_env_DOXYGEN_PAPER_SIZE_value=
ac_cv_env_LDFLAGS_set=set
ac_cv_env_LDFLAGS_value=' -m64 -L/home/cswiggz/Documents/seniordesign/parrot/out/Unix-base/staging/lib -L/home/cswiggz/Documents/seniordesign/parrot/out/Unix-base/staging/usr/lib -L/home/cswiggz/Documents/seniordesign/parrot/out/Unix-base/staging/lib/x86_64-linux-gnu -L/home/cswiggz/Documents/seniordesign/parrot/out/Unix-base/staging/usr/lib/x86_64-linux-gnu -L/home/cswiggz/Documents/seniordesign/parrot/out/Unix-base/staging/usr/lib -Wl,-rpath-link=/home/cswiggz/Documents/seniordesign/parrot/out/Unix-base/staging/lib -Wl,-rpath-link=/home/cswiggz/Documents/seniordesign/parrot/out/Unix-base/staging/usr/lib -Wl,-rpath-link=/home/cswiggz/Documents/seniordesign/parrot/out/Unix-base/staging/lib/x86_64-linux-gnu -Wl,-rpath-link=/home/cswiggz/Documents/seniordesign/parrot/out/Unix-base/staging/usr/lib/x86_64-linux-gnu -Wl,-rpath-link=/home/cswiggz/Documents/seniordesign/parrot/out/Unix-base/staging/usr/lib  -pthread -lrt '
ac_cv_env_LIBS_set=
ac_cv_env_LIBS_value=
ac_cv_env_build_alias_set=
ac_cv_env_build_alias_value=
ac_cv_env_host_alias_set=
ac_cv_env_host_alias_value=
ac_cv_env_target_alias_set=
ac_cv_env_target_alias_value=
ac_cv_have_decl_MSG_NOSIGNAL=yes
ac_cv_have_decl_SO_NOSIGPIPE=no
ac_cv_header_dlfcn_h=yes
ac_cv_header_inttypes_h=yes
ac_cv_header_libARSAL_ARSAL_h=yes
ac_cv_header_memory_h=yes
ac_cv_header_stdc=yes
ac_cv_header_stdint_h=yes
ac_cv_header_stdlib_h=yes
ac_cv_header_string_h=yes
ac_cv_header_strings_h=yes
ac_cv_header_sys_stat_h=yes
ac_cv_header_sys_types_h=yes
ac_cv_header_unistd_h=yes
ac_cv_host=x86_64-unknown-linux-gnu
ac_cv_lib_m_log=yes
ac_cv_lib_m_sqrt=yes
ac_cv_objext=o
ac_cv_path_EGREP='/bin/grep -E'
ac_cv_path_FGREP='/bin/grep -F'
ac_cv_path_GREP=/bin/grep
ac_cv_path_SED=/bin/sed
ac_cv_path_ac_pt_DX_PERL=/usr/bin/perl
ac_cv_path_mkdir=/bin/mkdir
ac_cv_prog_AWK=mawk
ac_cv_prog_CPP=cpp
ac_cv_prog_YACC=
ac_cv_prog_ac_ct_CC=' gcc'
ac_cv_prog_ac_ct_MANIFEST_TOOL=:
ac_cv_prog_ac_ct_OBJDUMP=objdump
ac_cv_prog_ac_ct_RANLIB=ranlib
ac_cv_prog_ac_ct_STRIP=strip
ac_cv_prog_cc_c89=
ac_cv_prog_cc_g=yes
ac_cv_prog_make_make_set=yes
ac_cv_type_size_t=yes
am_cv_CC_dependencies_compiler_type=gcc3
am_cv_make_support_nested_variables=yes
am_cv_prog_cc_c_o=yes
lt_cv_ar_at_file=@
lt_cv_archive_cmds_need_lc=no
lt_cv_deplibs_check_method=pass_all
lt_cv_file_magic_cmd='$MAGIC_CMD'
lt_cv_file_magic_test_file=
lt_cv_ld_reload_flag=-r
lt_cv_nm_interface='BSD nm'
lt_cv_objdir=.libs
lt_cv_path_LD=ld
lt_cv_path_NM=nm
lt_cv_path_mainfest_tool=no
lt_cv_prog_compiler_c_o=yes
lt_cv_prog_compiler_pic='-fPIC -DPIC'
lt_cv_prog_compiler_pic_works=yes
lt_cv_prog_compiler_rtti_exceptions=no
lt_cv_prog_compiler_static_works=yes
lt_cv_prog_gnu_ld=yes
lt_cv_sharedlib_from_linklib_cmd='printf %s\n'
lt_cv_shlibpath_overrides_runpath=no
lt_cv_sys_global_symbol_pipe='sed -n -e '\''s/^.*[	 ]\([ABCDGIRSTW][ABCDGIRSTW]*\)[	 ][	 ]*\([_A-Za-z][_A-Za-z0-9]*\)$/\1 \2 \2/p'\'' | sed '\''/ __gnu_lto/d'\'''
lt_cv_sys_global_symbol_to_c_name_address='sed -n -e '\''s/^: \([^ ]*\)[ ]*$/  {\"\1\", (void *) 0},/p'\'' -e '\''s/^[ABCDGIRSTW]* \([^ ]*\) \([^ ]*\)$/  {"\2", (void *) \&\2},/p'\'''
lt_cv_sys_global_symbol_to_c_name_address_lib_prefix='sed -n -e '\''s/^: \([^ ]*\)[ ]*$/  {\"\1\", (void *) 0},/p'\'' -e '\''s/^[ABCDGIRSTW]* \([^ ]*\) \(lib[^ ]*\)$/  {"\2", (void *) \&\2},/p'\'' -e '\''s/^[ABCDGIRSTW]* \([^ ]*\) \([^ ]*\)$/  {"lib\2", (void *) \&\2},/p'\'''
lt_cv_sys_global_symbol_to_cdecl='sed -n -e '\''s/^T .* \(.*\)$/extern int \1();/p'\'' -e '\''s/^[ABCDGIRSTW]* .* \(.*\)$/extern char \1;/p'\'''
lt_cv_sys_max_cmd_len=1572864
lt_cv_to_host_file_cmd=func_convert_file_noop
lt_cv_to_tool_file_cmd=func_convert_file_noop

## ----------------- ##
## Output variables. ##
## ----------------- ##

ACLOCAL='${SHELL} /home/cswiggz/Documents/seniordesign/parrot/out/Unix-base/build/libARStream2/Build/config/missing aclocal-1.15'
AMDEPBACKSLASH='\'
AMDEP_FALSE='#'
AMDEP_TRUE=''
AMTAR='$${TAR-tar}'
AM_BACKSLASH='\'
AM_DEFAULT_V='$(AM_DEFAULT_VERBOSITY)'
AM_DEFAULT_VERBOSITY='0'
AM_V='$(V)'
AR='ar'
AUTOCONF='${SHELL} /home/cswiggz/Documents/seniordesign/parrot/out/Unix-base/build/libARStream2/Build/config/missing autoconf'
AUTOHEADER='${SHELL} /home/cswiggz/Documents/seniordesign/parrot/out/Unix-base/build/libARStream2/Build/config/missing autoheader'
AUTOMAKE='${SHELL} /home/cswiggz/Documents/seniordesign/parrot/out/Unix-base/build/libARStream2/Build/config/missing automake-1.15'
AWK='mawk'
CC=' gcc'
CCDEPMODE='depmode=gcc3'
CFLAGS='-isystem/home/cswiggz/Documents/seniordesign/parrot/out/Unix-base/staging/usr/include -isystem/home/cswiggz/Documents/seniordesign/parrot/out/Unix-base/staging/usr/include/x86_64-linux-gnu  -pipe -g -O2 -ffunction-sections -fno-short-enums -m64 -fPIC -msse -msse2 -mssse3 -DALCHEMY_BUILD  -O3 -I/home/cswiggz/Documents/seniordesign/parrot/out/Unix-base/build/libARStream2/Build/../Includes -I/home/cswiggz/Documents/seniordesign/parrot/out/Unix-base/build/libARStream2/Build/../src'
CPP='cpp'
CPPFLAGS='-isystem/home/cswiggz/Documents/seniordesign/parrot/out/Unix-base/staging/usr/include -isystem/home/cswiggz/Documents/seniordesign/parrot/out/Unix-base/staging/usr/include/x86_64-linux-gnu -O3 -I/home/cswiggz/Documents/seniordesign/parrot/out/Unix-base/build/libARStream2/Build/../Includes -I/home/cswiggz/Documents/seniordesign/parrot/out/Unix-base/build/libARStream2/Build/../src'
CYGPATH_W='echo'
DEBUG_MODE_FALSE=''
DEBUG_MODE_TRUE='#'
DEFS='-DHAVE_CONFIG_H'
DEPDIR='.deps'
DLLTOOL='false'
DOXYGEN=''
DOXYGEN_PAPER_SIZE=''
DSYMUTIL=''
DUMPBIN=''
DX_COND_chi_FALSE=''
DX_COND_chi_TRUE='#'
DX_COND_chm_FALSE=''
DX_COND_chm_TRUE='#'
DX_COND_doc_FALSE=''
DX_COND_doc_TRUE='#'
DX_COND_dot_FALSE=''
DX_COND_dot_TRUE='#'
DX_COND_html_FALSE=''
DX_COND_html_TRUE='#'
DX_COND_latex_FALSE=''
DX_COND_latex_TRUE='#'
DX_COND_man_FALSE=''
DX_COND_man_TRUE='#'
DX_COND_pdf_FALSE=''
DX_COND_pdf_TRUE='#'
DX_COND_ps_FALSE=''
DX_COND_ps_TRUE='#'
DX_COND_rtf_FALSE=''
DX_COND_rtf_TRUE='#'
DX_COND_xml_FALSE=''
DX_COND_xml_TRUE='#'
DX_CONFIG='doxygen.cfg'
DX_DOCDIR='/home/cswiggz/Documents/seniordesign/parrot/out/Unix-base/build/libARStream2/Build/../Doc'
DX_DOT=''
DX_DOXYGEN=''
DX_DVIPS=''
DX_EGREP=''
DX_ENV=' SRCDIR='\''/home/cswiggz/Documents/seniordesign/parrot/out/Unix-base/build/libARStream2/Build'\'' PROJECT='\''libARStream2'\'' DOCDIR='\''/home/cswiggz/Documents/seniordesign/parrot/out/Unix-base/build/libARStream2/Build/../Doc'\'' VERSION='\''3.1.0'\'' HAVE_DOT='\''NO'\'' GENERATE_MAN='\''NO'\'' GENERATE_RTF='\''NO'\'' GENERATE_XML='\''NO'\'' GENERATE_HTMLHELP='\''NO'\'' GENERATE_CHI='\''NO'\'' GENERATE_HTML='\''NO'\'' GENERATE_LATEX='\''NO'\'''
DX_FLAG_chi='0'
DX_FLAG_chm='0'
DX_FLAG_doc='0'
DX_FLAG_dot='0'
DX_FLAG_html='0'
DX_FLAG_man='0'
DX_FLAG_pdf='0'
DX_FLAG_ps='0'
DX_FLAG_rtf='0'
DX_FLAG_xml='0'
DX_HHC=''
DX_LATEX=''
DX_MAKEINDEX=''
DX_PDFLATEX=''
DX_PERL='/usr/bin/perl'
DX_PROJECT='libARStream2'
ECHO_C=''
ECHO_N='-n'
ECHO_T=''
EGREP='/bin/grep -E'
EXEEXT=''
FGREP='/bin/grep -F'
GREP='/bin/grep'
HAVE_DOXYGEN_FALSE=''
HAVE_DOXYGEN_TRUE='#'
HAVE_LIBARSAL_FALSE='#'
HAVE_LIBARSAL_TRUE=''
INSTALL_DATA='${INSTALL} -m 644'
INSTALL_PROGRAM='${INSTALL}'
INSTALL_SCRIPT='${INSTALL}'
INSTALL_STRIP_PROGRAM='$(install_sh) -c -s'
LD='ld -m elf_x86_64'
LDFLAGS=' -m64 -L/home/cswiggz/Documents/seniordesign/parrot/out/Unix-base/staging/lib -L/home/cswiggz/Documents/seniordesign/parrot/out/Unix-base/staging/usr/lib -L/home/cswiggz/Documents/seniordesign/parrot/out/Unix-base/staging/lib/x86_64-linux-gnu -L/home/cswiggz/Documents/seniordesign/parrot/out/Unix-base/staging/usr/lib/x86_64-linux-gnu -L/home/cswiggz/Documents/seniordesign/parrot/out/Unix-base/staging/usr/lib -Wl,-rpath-link=/home/cswiggz/Documents/seniordesign/parrot/out/Unix-base/staging/lib -Wl,-rpath-link=/home/cswiggz/Documents/seniordesign/parrot/out/Unix-base/staging/usr/lib -Wl,-rpath-link=/home/cswiggz/Documents/seniordesign/parrot/out/Unix-base/staging/lib/x86_64-linux-gnu -Wl,-rpath-link=/home/cswiggz/Documents/seniordesign/parrot/out/Unix-base/staging/usr/lib/x86_64-linux-gnu -Wl,-rpath-link=/home/cswiggz/Documents/seniordesign/parrot/out/Unix-base/staging/usr/lib  -pthread -lrt  -larsal -release 3.1.0'
LIBOBJS=''
LIBS='-lm -lm '
LIBTOOL='$(SHELL) $(top_builddir)/libtool'
LIPO=''
LN_S='ln -s'
LTLIBOBJS=''
MAKEINFO='${SHELL} /home/cswiggz/Documents/seniordesign/parrot/out/Unix-base/build/libARStream2/Build/config/missing makeinfo'
MANIFEST_TOOL=':'
MKDIR_P='/bin/mkdir -p'
NM='nm'
NMEDIT=''
OBJDUMP='objdump'
OBJEXT='o'
OTOOL64=''
OTOOL=''
PACKAGE='libarstream2'
PACKAGE_BUGREPORT='ardrone@ardrone.org'
PACKAGE_NAME='libARStream2'
PACKAGE_STRING='libARStream2 3.1.0'
PACKAGE_TARNAME='libarstream2'
PACKAGE_URL=''
PACKAGE_VERSION='3.1.0'
PATH_SEPARATOR=':'
RANLIB='ranlib'
SED='/bin/sed'
SET_MAKE=''
SHELL='/bin/bash'
STRIP='strip'
VERSION='3.1.0'
ac_ct_AR=''
ac_ct_CC=' gcc'
ac_ct_DUMPBIN=''
am__EXEEXT_FALSE=''
am__EXEEXT_TRUE='#'
am__fastdepCC_FALSE='#'
am__fastdepCC_TRUE=''
am__include='include'
am__isrc=' -I$(srcdir)'
am__leading_dot='.'
am__nodep='_no'
am__quote=''
am__tar='$${TAR-tar} chof - "$$tardir"'
am__untar='$${TAR-tar} xf -'
bindir='${exec_prefix}/bin'
build='x86_64-unknown-linux-gnu'
build_alias=''
build_cpu='x86_64'
build_os='linux-gnu'
build_vendor='unknown'
datadir='${datarootdir}'
datarootdir='${prefix}/share'
docdir='${datarootdir}/doc/${PACKAGE_TARNAME}'
dvidir='${docdir}'
exec_prefix='${prefix}'
host='x86_64-unknown-linux-gnu'
host_alias=''
host_cpu='x86_64'
host_os='linux-gnu'
host_vendor='unknown'
htmldir='${docdir}'
includedir='${prefix}/include'
infodir='${datarootdir}/info'
install_sh='${SHELL} /home/cswiggz/Documents/seniordesign/parrot/out/Unix-base/build/libARStream2/Build/config/install-sh'
libdir='${exec_prefix}/lib'
libexecdir='${exec_prefix}/libexec'
localedir='${datarootdir}/locale'
localstatedir='${prefix}/var'
mandir='${datarootdir}/man'
mkdir_p='$(MKDIR_P)'
oldincludedir='/usr/include'
pdfdir='${docdir}'
prefix='/home/cswiggz/Documents/seniordesign/parrot/out/Unix-base/staging/usr'
program_transform_name='s,x,x,'
psdir='${docdir}'
sbindir='${exec_prefix}/sbin'
sharedstatedir='${prefix}/com'
sysconfdir='/home/cswiggz/Documents/seniordesign/parrot/out/Unix-base/staging/etc'
target_alias=''

## ----------- ##
## confdefs.h. ##
## ----------- ##

/* confdefs.h */
#define PACKAGE_NAME "libARStream2"
#define PACKAGE_TARNAME "libarstream2"
#define PACKAGE_VERSION "3.1.0"
#define PACKAGE_STRING "libARStream2 3.1.0"
#define PACKAGE_BUGREPORT "ardrone@ardrone.org"
#define PACKAGE_URL ""
#define PACKAGE "libarstream2"
#define VERSION "3.1.0"
#define NDEBUG /**/
#define STDC_HEADERS 1
#define HAVE_SYS_TYPES_H 1
#define HAVE_SYS_STAT_H 1
#define HAVE_STDLIB_H 1
#define HAVE_STRING_H 1
#define HAVE_MEMORY_H 1
#define HAVE_STRINGS_H 1
#define HAVE_INTTYPES_H 1
#define HAVE_STDINT_H 1
#define HAVE_UNISTD_H 1
#define HAVE_LIBARSAL_ARSAL_H 1
#define HAVE_LIBARSAL 1
#define HAVE_DECL_SO_NOSIGPIPE 0
#define HAVE_DECL_MSG_NOSIGNAL 1
#define HAVE_INTTYPES_H 1
#define HAVE_STDLIB_H 1
#define HAVE_UNISTD_H 1
#define HAVE_DLFCN_H 1
#define LT_OBJDIR ".libs/"
#define STDC_HEADERS 1
#define HAVE_LIBM 1
#define HAVE_LIBM 1

configure: exit 0
